<?xml version="1.0" encoding="UTF-8"?>
<testsuite name="org.springframework.security.samples.config.SecurityConfigTests" tests="1" skipped="0" failures="0" errors="0" timestamp="2017-10-31T13:23:29" hostname="DESKTOP-AB1JH69" time="0.0">
  <properties/>
  <testcase name="securityConfigurationLoads" classname="org.springframework.security.samples.config.SecurityConfigTests" time="0.0"/>
  <system-out><![CDATA[]]></system-out>
  <system-err><![CDATA[]]></system-err>
</testsuite>
