<?xml version="1.0" encoding="UTF-8"?>
<testsuite name="org.springframework.security.samples.HelloWorldJcTests" tests="3" skipped="0" failures="0" errors="0" timestamp="2017-10-31T13:24:16" hostname="DESKTOP-AB1JH69" time="5.251">
  <properties/>
  <testcase name="access home page with unauthenticated user sends to login page" classname="org.springframework.security.samples.HelloWorldJcTests" time="2.892"/>
  <testcase name="authenticated user is sent to original page" classname="org.springframework.security.samples.HelloWorldJcTests" time="2.299"/>
  <testcase name="authenticated user logs out" classname="org.springframework.security.samples.HelloWorldJcTests" time="0.06"/>
  <system-out><![CDATA[21:24:21.220 [Test worker] WARN  c.g.htmlunit.DefaultCssErrorHandler - CSS error: 'http://localhost:53824/sample/resources/css/bootstrap.css' [28:3] Error in style rule. (Invalid token "*". Was expecting one of: <EOF>, <S>, <IDENT>, "}", ";".)
21:24:21.224 [Test worker] WARN  c.g.htmlunit.DefaultCssErrorHandler - CSS warning: 'http://localhost:53824/sample/resources/css/bootstrap.css' [28:3] Ignoring the following declarations in this rule.
21:24:21.437 [Test worker] WARN  c.g.htmlunit.DefaultCssErrorHandler - CSS error: 'http://localhost:53824/sample/resources/css/bootstrap.css' [94:3] Error in style rule. (Invalid token "*". Was expecting one of: <EOF>, <S>, <IDENT>, "}", ";".)
21:24:21.437 [Test worker] WARN  c.g.htmlunit.DefaultCssErrorHandler - CSS warning: 'http://localhost:53824/sample/resources/css/bootstrap.css' [94:3] Ignoring the following declarations in this rule.
21:24:21.445 [Test worker] WARN  c.g.htmlunit.DefaultCssErrorHandler - CSS error: 'http://localhost:53824/sample/resources/css/bootstrap.css' [193:3] Error in style rule. (Invalid token "*". Was expecting one of: <EOF>, <S>, <IDENT>, "}", ";".)
21:24:21.445 [Test worker] WARN  c.g.htmlunit.DefaultCssErrorHandler - CSS warning: 'http://localhost:53824/sample/resources/css/bootstrap.css' [193:3] Ignoring the following declarations in this rule.
21:24:21.449 [Test worker] WARN  c.g.htmlunit.DefaultCssErrorHandler - CSS error: 'http://localhost:53824/sample/resources/css/bootstrap.css' [267:3] Error in style rule. (Invalid token "*". Was expecting one of: <EOF>, <S>, <IDENT>, "}", ";".)
21:24:21.449 [Test worker] WARN  c.g.htmlunit.DefaultCssErrorHandler - CSS warning: 'http://localhost:53824/sample/resources/css/bootstrap.css' [267:3] Ignoring the following declarations in this rule.
21:24:21.453 [Test worker] WARN  c.g.htmlunit.DefaultCssErrorHandler - CSS error: 'http://localhost:53824/sample/resources/css/bootstrap.css' [392:3] Error in style rule. (Invalid token "*". Was expecting one of: <EOF>, <S>, <IDENT>, "}", ";".)
21:24:21.453 [Test worker] WARN  c.g.htmlunit.DefaultCssErrorHandler - CSS warning: 'http://localhost:53824/sample/resources/css/bootstrap.css' [392:3] Ignoring the following declarations in this rule.
21:24:21.453 [Test worker] WARN  c.g.htmlunit.DefaultCssErrorHandler - CSS error: 'http://localhost:53824/sample/resources/css/bootstrap.css' [412:3] Error in style rule. (Invalid token "*". Was expecting one of: <EOF>, <S>, <IDENT>, "}", ";".)
21:24:21.453 [Test worker] WARN  c.g.htmlunit.DefaultCssErrorHandler - CSS warning: 'http://localhost:53824/sample/resources/css/bootstrap.css' [412:3] Ignoring the following declarations in this rule.
21:24:21.457 [Test worker] WARN  c.g.htmlunit.DefaultCssErrorHandler - CSS error: 'http://localhost:53824/sample/resources/css/bootstrap.css' [428:3] Error in style rule. (Invalid token "*". Was expecting one of: <EOF>, <S>, <IDENT>, "}", ";".)
21:24:21.457 [Test worker] WARN  c.g.htmlunit.DefaultCssErrorHandler - CSS warning: 'http://localhost:53824/sample/resources/css/bootstrap.css' [428:3] Ignoring the following declarations in this rule.
21:24:21.457 [Test worker] WARN  c.g.htmlunit.DefaultCssErrorHandler - CSS error: 'http://localhost:53824/sample/resources/css/bootstrap.css' [433:3] Error in style rule. (Invalid token "*". Was expecting one of: <EOF>, <S>, <IDENT>, "}", ";".)
21:24:21.457 [Test worker] WARN  c.g.htmlunit.DefaultCssErrorHandler - CSS warning: 'http://localhost:53824/sample/resources/css/bootstrap.css' [433:3] Ignoring the following declarations in this rule.
21:24:21.457 [Test worker] WARN  c.g.htmlunit.DefaultCssErrorHandler - CSS error: 'http://localhost:53824/sample/resources/css/bootstrap.css' [438:3] Error in style rule. (Invalid token "*". Was expecting one of: <EOF>, <S>, <IDENT>, "}", ";".)
21:24:21.457 [Test worker] WARN  c.g.htmlunit.DefaultCssErrorHandler - CSS warning: 'http://localhost:53824/sample/resources/css/bootstrap.css' [438:3] Ignoring the following declarations in this rule.
21:24:21.461 [Test worker] WARN  c.g.htmlunit.DefaultCssErrorHandler - CSS error: 'http://localhost:53824/sample/resources/css/bootstrap.css' [443:3] Error in style rule. (Invalid token "*". Was expecting one of: <EOF>, <S>, <IDENT>, "}", ";".)
21:24:21.461 [Test worker] WARN  c.g.htmlunit.DefaultCssErrorHandler - CSS warning: 'http://localhost:53824/sample/resources/css/bootstrap.css' [443:3] Ignoring the following declarations in this rule.
21:24:21.461 [Test worker] WARN  c.g.htmlunit.DefaultCssErrorHandler - CSS error: 'http://localhost:53824/sample/resources/css/bootstrap.css' [448:3] Error in style rule. (Invalid token "*". Was expecting one of: <EOF>, <S>, <IDENT>, "}", ";".)
21:24:21.461 [Test worker] WARN  c.g.htmlunit.DefaultCssErrorHandler - CSS warning: 'http://localhost:53824/sample/resources/css/bootstrap.css' [448:3] Ignoring the following declarations in this rule.
21:24:21.461 [Test worker] WARN  c.g.htmlunit.DefaultCssErrorHandler - CSS error: 'http://localhost:53824/sample/resources/css/bootstrap.css' [453:3] Error in style rule. (Invalid token "*". Was expecting one of: <EOF>, <S>, <IDENT>, "}", ";".)
21:24:21.461 [Test worker] WARN  c.g.htmlunit.DefaultCssErrorHandler - CSS warning: 'http://localhost:53824/sample/resources/css/bootstrap.css' [453:3] Ignoring the following declarations in this rule.
21:24:21.461 [Test worker] WARN  c.g.htmlunit.DefaultCssErrorHandler - CSS error: 'http://localhost:53824/sample/resources/css/bootstrap.css' [458:3] Error in style rule. (Invalid token "*". Was expecting one of: <EOF>, <S>, <IDENT>, "}", ";".)
21:24:21.461 [Test worker] WARN  c.g.htmlunit.DefaultCssErrorHandler - CSS warning: 'http://localhost:53824/sample/resources/css/bootstrap.css' [458:3] Ignoring the following declarations in this rule.
21:24:21.461 [Test worker] WARN  c.g.htmlunit.DefaultCssErrorHandler - CSS error: 'http://localhost:53824/sample/resources/css/bootstrap.css' [463:3] Error in style rule. (Invalid token "*". Was expecting one of: <EOF>, <S>, <IDENT>, "}", ";".)
21:24:21.461 [Test worker] WARN  c.g.htmlunit.DefaultCssErrorHandler - CSS warning: 'http://localhost:53824/sample/resources/css/bootstrap.css' [463:3] Ignoring the following declarations in this rule.
21:24:21.465 [Test worker] WARN  c.g.htmlunit.DefaultCssErrorHandler - CSS error: 'http://localhost:53824/sample/resources/css/bootstrap.css' [468:3] Error in style rule. (Invalid token "*". Was expecting one of: <EOF>, <S>, <IDENT>, "}", ";".)
21:24:21.465 [Test worker] WARN  c.g.htmlunit.DefaultCssErrorHandler - CSS warning: 'http://localhost:53824/sample/resources/css/bootstrap.css' [468:3] Ignoring the following declarations in this rule.
21:24:21.465 [Test worker] WARN  c.g.htmlunit.DefaultCssErrorHandler - CSS error: 'http://localhost:53824/sample/resources/css/bootstrap.css' [473:3] Error in style rule. (Invalid token "*". Was expecting one of: <EOF>, <S>, <IDENT>, "}", ";".)
21:24:21.465 [Test worker] WARN  c.g.htmlunit.DefaultCssErrorHandler - CSS warning: 'http://localhost:53824/sample/resources/css/bootstrap.css' [473:3] Ignoring the following declarations in this rule.
21:24:21.465 [Test worker] WARN  c.g.htmlunit.DefaultCssErrorHandler - CSS error: 'http://localhost:53824/sample/resources/css/bootstrap.css' [478:3] Error in style rule. (Invalid token "*". Was expecting one of: <EOF>, <S>, <IDENT>, "}", ";".)
21:24:21.465 [Test worker] WARN  c.g.htmlunit.DefaultCssErrorHandler - CSS warning: 'http://localhost:53824/sample/resources/css/bootstrap.css' [478:3] Ignoring the following declarations in this rule.
21:24:21.465 [Test worker] WARN  c.g.htmlunit.DefaultCssErrorHandler - CSS error: 'http://localhost:53824/sample/resources/css/bootstrap.css' [483:3] Error in style rule. (Invalid token "*". Was expecting one of: <EOF>, <S>, <IDENT>, "}", ";".)
21:24:21.465 [Test worker] WARN  c.g.htmlunit.DefaultCssErrorHandler - CSS warning: 'http://localhost:53824/sample/resources/css/bootstrap.css' [483:3] Ignoring the following declarations in this rule.
21:24:21.469 [Test worker] WARN  c.g.htmlunit.DefaultCssErrorHandler - CSS error: 'http://localhost:53824/sample/resources/css/bootstrap.css' [488:3] Error in style rule. (Invalid token "*". Was expecting one of: <EOF>, <S>, <IDENT>, "}", ";".)
21:24:21.469 [Test worker] WARN  c.g.htmlunit.DefaultCssErrorHandler - CSS warning: 'http://localhost:53824/sample/resources/css/bootstrap.css' [488:3] Ignoring the following declarations in this rule.
21:24:21.469 [Test worker] WARN  c.g.htmlunit.DefaultCssErrorHandler - CSS error: 'http://localhost:53824/sample/resources/css/bootstrap.css' [493:3] Error in style rule. (Invalid token "*". Was expecting one of: <EOF>, <S>, <IDENT>, "}", ";".)
21:24:21.469 [Test worker] WARN  c.g.htmlunit.DefaultCssErrorHandler - CSS warning: 'http://localhost:53824/sample/resources/css/bootstrap.css' [493:3] Ignoring the following declarations in this rule.
21:24:21.469 [Test worker] WARN  c.g.htmlunit.DefaultCssErrorHandler - CSS error: 'http://localhost:53824/sample/resources/css/bootstrap.css' [498:3] Error in style rule. (Invalid token "*". Was expecting one of: <EOF>, <S>, <IDENT>, "}", ";".)
21:24:21.469 [Test worker] WARN  c.g.htmlunit.DefaultCssErrorHandler - CSS warning: 'http://localhost:53824/sample/resources/css/bootstrap.css' [498:3] Ignoring the following declarations in this rule.
21:24:21.469 [Test worker] WARN  c.g.htmlunit.DefaultCssErrorHandler - CSS error: 'http://localhost:53824/sample/resources/css/bootstrap.css' [503:3] Error in style rule. (Invalid token "*". Was expecting one of: <EOF>, <S>, <IDENT>, "}", ";".)
21:24:21.469 [Test worker] WARN  c.g.htmlunit.DefaultCssErrorHandler - CSS warning: 'http://localhost:53824/sample/resources/css/bootstrap.css' [503:3] Ignoring the following declarations in this rule.
21:24:21.473 [Test worker] WARN  c.g.htmlunit.DefaultCssErrorHandler - CSS error: 'http://localhost:53824/sample/resources/css/bootstrap.css' [508:3] Error in style rule. (Invalid token "*". Was expecting one of: <EOF>, <S>, <IDENT>, "}", ";".)
21:24:21.473 [Test worker] WARN  c.g.htmlunit.DefaultCssErrorHandler - CSS warning: 'http://localhost:53824/sample/resources/css/bootstrap.css' [508:3] Ignoring the following declarations in this rule.
21:24:21.473 [Test worker] WARN  c.g.htmlunit.DefaultCssErrorHandler - CSS error: 'http://localhost:53824/sample/resources/css/bootstrap.css' [513:3] Error in style rule. (Invalid token "*". Was expecting one of: <EOF>, <S>, <IDENT>, "}", ";".)
21:24:21.473 [Test worker] WARN  c.g.htmlunit.DefaultCssErrorHandler - CSS warning: 'http://localhost:53824/sample/resources/css/bootstrap.css' [513:3] Ignoring the following declarations in this rule.
21:24:21.473 [Test worker] WARN  c.g.htmlunit.DefaultCssErrorHandler - CSS error: 'http://localhost:53824/sample/resources/css/bootstrap.css' [518:3] Error in style rule. (Invalid token "*". Was expecting one of: <EOF>, <S>, <IDENT>, "}", ";".)
21:24:21.473 [Test worker] WARN  c.g.htmlunit.DefaultCssErrorHandler - CSS warning: 'http://localhost:53824/sample/resources/css/bootstrap.css' [518:3] Ignoring the following declarations in this rule.
21:24:21.473 [Test worker] WARN  c.g.htmlunit.DefaultCssErrorHandler - CSS error: 'http://localhost:53824/sample/resources/css/bootstrap.css' [523:3] Error in style rule. (Invalid token "*". Was expecting one of: <EOF>, <S>, <IDENT>, "}", ";".)
21:24:21.473 [Test worker] WARN  c.g.htmlunit.DefaultCssErrorHandler - CSS warning: 'http://localhost:53824/sample/resources/css/bootstrap.css' [523:3] Ignoring the following declarations in this rule.
21:24:21.477 [Test worker] WARN  c.g.htmlunit.DefaultCssErrorHandler - CSS error: 'http://localhost:53824/sample/resources/css/bootstrap.css' [528:3] Error in style rule. (Invalid token "*". Was expecting one of: <EOF>, <S>, <IDENT>, "}", ";".)
21:24:21.477 [Test worker] WARN  c.g.htmlunit.DefaultCssErrorHandler - CSS warning: 'http://localhost:53824/sample/resources/css/bootstrap.css' [528:3] Ignoring the following declarations in this rule.
21:24:21.477 [Test worker] WARN  c.g.htmlunit.DefaultCssErrorHandler - CSS error: 'http://localhost:53824/sample/resources/css/bootstrap.css' [533:3] Error in style rule. (Invalid token "*". Was expecting one of: <EOF>, <S>, <IDENT>, "}", ";".)
21:24:21.477 [Test worker] WARN  c.g.htmlunit.DefaultCssErrorHandler - CSS warning: 'http://localhost:53824/sample/resources/css/bootstrap.css' [533:3] Ignoring the following declarations in this rule.
21:24:21.477 [Test worker] WARN  c.g.htmlunit.DefaultCssErrorHandler - CSS error: 'http://localhost:53824/sample/resources/css/bootstrap.css' [538:3] Error in style rule. (Invalid token "*". Was expecting one of: <EOF>, <S>, <IDENT>, "}", ";".)
21:24:21.477 [Test worker] WARN  c.g.htmlunit.DefaultCssErrorHandler - CSS warning: 'http://localhost:53824/sample/resources/css/bootstrap.css' [538:3] Ignoring the following declarations in this rule.
21:24:21.477 [Test worker] WARN  c.g.htmlunit.DefaultCssErrorHandler - CSS error: 'http://localhost:53824/sample/resources/css/bootstrap.css' [543:3] Error in style rule. (Invalid token "*". Was expecting one of: <EOF>, <S>, <IDENT>, "}", ";".)
21:24:21.477 [Test worker] WARN  c.g.htmlunit.DefaultCssErrorHandler - CSS warning: 'http://localhost:53824/sample/resources/css/bootstrap.css' [543:3] Ignoring the following declarations in this rule.
21:24:21.477 [Test worker] WARN  c.g.htmlunit.DefaultCssErrorHandler - CSS error: 'http://localhost:53824/sample/resources/css/bootstrap.css' [548:3] Error in style rule. (Invalid token "*". Was expecting one of: <EOF>, <S>, <IDENT>, "}", ";".)
21:24:21.477 [Test worker] WARN  c.g.htmlunit.DefaultCssErrorHandler - CSS warning: 'http://localhost:53824/sample/resources/css/bootstrap.css' [548:3] Ignoring the following declarations in this rule.
21:24:21.481 [Test worker] WARN  c.g.htmlunit.DefaultCssErrorHandler - CSS error: 'http://localhost:53824/sample/resources/css/bootstrap.css' [553:3] Error in style rule. (Invalid token "*". Was expecting one of: <EOF>, <S>, <IDENT>, "}", ";".)
21:24:21.481 [Test worker] WARN  c.g.htmlunit.DefaultCssErrorHandler - CSS warning: 'http://localhost:53824/sample/resources/css/bootstrap.css' [553:3] Ignoring the following declarations in this rule.
21:24:21.481 [Test worker] WARN  c.g.htmlunit.DefaultCssErrorHandler - CSS error: 'http://localhost:53824/sample/resources/css/bootstrap.css' [558:3] Error in style rule. (Invalid token "*". Was expecting one of: <EOF>, <S>, <IDENT>, "}", ";".)
21:24:21.481 [Test worker] WARN  c.g.htmlunit.DefaultCssErrorHandler - CSS warning: 'http://localhost:53824/sample/resources/css/bootstrap.css' [558:3] Ignoring the following declarations in this rule.
21:24:21.481 [Test worker] WARN  c.g.htmlunit.DefaultCssErrorHandler - CSS error: 'http://localhost:53824/sample/resources/css/bootstrap.css' [563:3] Error in style rule. (Invalid token "*". Was expecting one of: <EOF>, <S>, <IDENT>, "}", ";".)
21:24:21.481 [Test worker] WARN  c.g.htmlunit.DefaultCssErrorHandler - CSS warning: 'http://localhost:53824/sample/resources/css/bootstrap.css' [563:3] Ignoring the following declarations in this rule.
21:24:21.481 [Test worker] WARN  c.g.htmlunit.DefaultCssErrorHandler - CSS error: 'http://localhost:53824/sample/resources/css/bootstrap.css' [568:3] Error in style rule. (Invalid token "*". Was expecting one of: <EOF>, <S>, <IDENT>, "}", ";".)
21:24:21.481 [Test worker] WARN  c.g.htmlunit.DefaultCssErrorHandler - CSS warning: 'http://localhost:53824/sample/resources/css/bootstrap.css' [568:3] Ignoring the following declarations in this rule.
21:24:21.481 [Test worker] WARN  c.g.htmlunit.DefaultCssErrorHandler - CSS error: 'http://localhost:53824/sample/resources/css/bootstrap.css' [573:3] Error in style rule. (Invalid token "*". Was expecting one of: <EOF>, <S>, <IDENT>, "}", ";".)
21:24:21.481 [Test worker] WARN  c.g.htmlunit.DefaultCssErrorHandler - CSS warning: 'http://localhost:53824/sample/resources/css/bootstrap.css' [573:3] Ignoring the following declarations in this rule.
21:24:21.481 [Test worker] WARN  c.g.htmlunit.DefaultCssErrorHandler - CSS error: 'http://localhost:53824/sample/resources/css/bootstrap.css' [578:3] Error in style rule. (Invalid token "*". Was expecting one of: <EOF>, <S>, <IDENT>, "}", ";".)
21:24:21.485 [Test worker] WARN  c.g.htmlunit.DefaultCssErrorHandler - CSS warning: 'http://localhost:53824/sample/resources/css/bootstrap.css' [578:3] Ignoring the following declarations in this rule.
21:24:21.485 [Test worker] WARN  c.g.htmlunit.DefaultCssErrorHandler - CSS error: 'http://localhost:53824/sample/resources/css/bootstrap.css' [583:3] Error in style rule. (Invalid token "*". Was expecting one of: <EOF>, <S>, <IDENT>, "}", ";".)
21:24:21.485 [Test worker] WARN  c.g.htmlunit.DefaultCssErrorHandler - CSS warning: 'http://localhost:53824/sample/resources/css/bootstrap.css' [583:3] Ignoring the following declarations in this rule.
21:24:21.485 [Test worker] WARN  c.g.htmlunit.DefaultCssErrorHandler - CSS error: 'http://localhost:53824/sample/resources/css/bootstrap.css' [588:3] Error in style rule. (Invalid token "*". Was expecting one of: <EOF>, <S>, <IDENT>, "}", ";".)
21:24:21.485 [Test worker] WARN  c.g.htmlunit.DefaultCssErrorHandler - CSS warning: 'http://localhost:53824/sample/resources/css/bootstrap.css' [588:3] Ignoring the following declarations in this rule.
21:24:21.485 [Test worker] WARN  c.g.htmlunit.DefaultCssErrorHandler - CSS error: 'http://localhost:53824/sample/resources/css/bootstrap.css' [593:3] Error in style rule. (Invalid token "*". Was expecting one of: <EOF>, <S>, <IDENT>, "}", ";".)
21:24:21.485 [Test worker] WARN  c.g.htmlunit.DefaultCssErrorHandler - CSS warning: 'http://localhost:53824/sample/resources/css/bootstrap.css' [593:3] Ignoring the following declarations in this rule.
21:24:21.485 [Test worker] WARN  c.g.htmlunit.DefaultCssErrorHandler - CSS error: 'http://localhost:53824/sample/resources/css/bootstrap.css' [598:3] Error in style rule. (Invalid token "*". Was expecting one of: <EOF>, <S>, <IDENT>, "}", ";".)
21:24:21.485 [Test worker] WARN  c.g.htmlunit.DefaultCssErrorHandler - CSS warning: 'http://localhost:53824/sample/resources/css/bootstrap.css' [598:3] Ignoring the following declarations in this rule.
21:24:21.485 [Test worker] WARN  c.g.htmlunit.DefaultCssErrorHandler - CSS error: 'http://localhost:53824/sample/resources/css/bootstrap.css' [603:3] Error in style rule. (Invalid token "*". Was expecting one of: <EOF>, <S>, <IDENT>, "}", ";".)
21:24:21.485 [Test worker] WARN  c.g.htmlunit.DefaultCssErrorHandler - CSS warning: 'http://localhost:53824/sample/resources/css/bootstrap.css' [603:3] Ignoring the following declarations in this rule.
21:24:21.489 [Test worker] WARN  c.g.htmlunit.DefaultCssErrorHandler - CSS error: 'http://localhost:53824/sample/resources/css/bootstrap.css' [619:3] Error in style rule. (Invalid token "*". Was expecting one of: <EOF>, <S>, <IDENT>, "}", ";".)
21:24:21.489 [Test worker] WARN  c.g.htmlunit.DefaultCssErrorHandler - CSS warning: 'http://localhost:53824/sample/resources/css/bootstrap.css' [619:3] Ignoring the following declarations in this rule.
21:24:21.489 [Test worker] WARN  c.g.htmlunit.DefaultCssErrorHandler - CSS error: 'http://localhost:53824/sample/resources/css/bootstrap.css' [636:3] Error in style rule. (Invalid token "*". Was expecting one of: <EOF>, <S>, <IDENT>, "}", ";".)
21:24:21.489 [Test worker] WARN  c.g.htmlunit.DefaultCssErrorHandler - CSS warning: 'http://localhost:53824/sample/resources/css/bootstrap.css' [636:3] Ignoring the following declarations in this rule.
21:24:21.493 [Test worker] WARN  c.g.htmlunit.DefaultCssErrorHandler - CSS error: 'http://localhost:53824/sample/resources/css/bootstrap.css' [848:3] Error in style rule. (Invalid token "*". Was expecting one of: <EOF>, <S>, <IDENT>, "}", ";".)
21:24:21.493 [Test worker] WARN  c.g.htmlunit.DefaultCssErrorHandler - CSS warning: 'http://localhost:53824/sample/resources/css/bootstrap.css' [848:3] Ignoring the following declarations in this rule.
21:24:21.505 [Test worker] WARN  c.g.htmlunit.DefaultCssErrorHandler - CSS error: 'http://localhost:53824/sample/resources/css/bootstrap.css' [1153:3] Error in style rule. (Invalid token "*". Was expecting one of: <EOF>, <S>, <IDENT>, "}", ";".)
21:24:21.505 [Test worker] WARN  c.g.htmlunit.DefaultCssErrorHandler - CSS warning: 'http://localhost:53824/sample/resources/css/bootstrap.css' [1153:3] Ignoring the following declarations in this rule.
21:24:21.505 [Test worker] WARN  c.g.htmlunit.DefaultCssErrorHandler - CSS error: 'http://localhost:53824/sample/resources/css/bootstrap.css' [1172:3] Error in style rule. (Invalid token "*". Was expecting one of: <EOF>, <S>, <IDENT>, "}", ";".)
21:24:21.505 [Test worker] WARN  c.g.htmlunit.DefaultCssErrorHandler - CSS warning: 'http://localhost:53824/sample/resources/css/bootstrap.css' [1172:3] Ignoring the following declarations in this rule.
21:24:21.513 [Test worker] WARN  c.g.htmlunit.DefaultCssErrorHandler - CSS error: 'http://localhost:53824/sample/resources/css/bootstrap.css' [1396:3] Error in style rule. (Invalid token "*". Was expecting one of: <EOF>, <S>, <IDENT>, "}", ";".)
21:24:21.513 [Test worker] WARN  c.g.htmlunit.DefaultCssErrorHandler - CSS warning: 'http://localhost:53824/sample/resources/css/bootstrap.css' [1396:3] Ignoring the following declarations in this rule.
21:24:21.525 [Test worker] WARN  c.g.htmlunit.DefaultCssErrorHandler - CSS error: 'http://localhost:53824/sample/resources/css/bootstrap.css' [1615:3] Error in style rule. (Invalid token "*". Was expecting one of: <EOF>, <S>, <IDENT>, "}", ";".)
21:24:21.525 [Test worker] WARN  c.g.htmlunit.DefaultCssErrorHandler - CSS warning: 'http://localhost:53824/sample/resources/css/bootstrap.css' [1615:3] Ignoring the following declarations in this rule.
21:24:21.525 [Test worker] WARN  c.g.htmlunit.DefaultCssErrorHandler - CSS error: 'http://localhost:53824/sample/resources/css/bootstrap.css' [1641:3] Error in style rule. (Invalid token "*". Was expecting one of: <EOF>, <S>, <IDENT>, "}", ";".)
21:24:21.529 [Test worker] WARN  c.g.htmlunit.DefaultCssErrorHandler - CSS warning: 'http://localhost:53824/sample/resources/css/bootstrap.css' [1641:3] Ignoring the following declarations in this rule.
21:24:21.529 [Test worker] WARN  c.g.htmlunit.DefaultCssErrorHandler - CSS error: 'http://localhost:53824/sample/resources/css/bootstrap.css' [1673:3] Error in style rule. (Invalid token "*". Was expecting one of: <EOF>, <S>, <IDENT>, "}", ";".)
21:24:21.529 [Test worker] WARN  c.g.htmlunit.DefaultCssErrorHandler - CSS warning: 'http://localhost:53824/sample/resources/css/bootstrap.css' [1673:3] Ignoring the following declarations in this rule.
21:24:21.537 [Test worker] WARN  c.g.htmlunit.DefaultCssErrorHandler - CSS error: 'http://localhost:53824/sample/resources/css/bootstrap.css' [1869:3] Error in style rule. (Invalid token "*". Was expecting one of: <EOF>, <S>, <IDENT>, "}", ";".)
21:24:21.537 [Test worker] WARN  c.g.htmlunit.DefaultCssErrorHandler - CSS warning: 'http://localhost:53824/sample/resources/css/bootstrap.css' [1869:3] Ignoring the following declarations in this rule.
21:24:21.537 [Test worker] WARN  c.g.htmlunit.DefaultCssErrorHandler - CSS error: 'http://localhost:53824/sample/resources/css/bootstrap.css' [1924:3] Error in style rule. (Invalid token "*". Was expecting one of: <EOF>, <S>, <IDENT>, "}", ";".)
21:24:21.537 [Test worker] WARN  c.g.htmlunit.DefaultCssErrorHandler - CSS warning: 'http://localhost:53824/sample/resources/css/bootstrap.css' [1924:3] Ignoring the following declarations in this rule.
21:24:21.541 [Test worker] WARN  c.g.htmlunit.DefaultCssErrorHandler - CSS error: 'http://localhost:53824/sample/resources/css/bootstrap.css' [1946:3] Error in style rule. (Invalid token "*". Was expecting one of: <EOF>, <S>, <IDENT>, "}", ";".)
21:24:21.541 [Test worker] WARN  c.g.htmlunit.DefaultCssErrorHandler - CSS warning: 'http://localhost:53824/sample/resources/css/bootstrap.css' [1946:3] Ignoring the following declarations in this rule.
21:24:21.541 [Test worker] WARN  c.g.htmlunit.DefaultCssErrorHandler - CSS error: 'http://localhost:53824/sample/resources/css/bootstrap.css' [1953:3] Error in style rule. (Invalid token "*". Was expecting one of: <EOF>, <S>, <IDENT>, "}", ";".)
21:24:21.541 [Test worker] WARN  c.g.htmlunit.DefaultCssErrorHandler - CSS warning: 'http://localhost:53824/sample/resources/css/bootstrap.css' [1953:3] Ignoring the following declarations in this rule.
21:24:21.541 [Test worker] WARN  c.g.htmlunit.DefaultCssErrorHandler - CSS error: 'http://localhost:53824/sample/resources/css/bootstrap.css' [2027:3] Error in style rule. (Invalid token "*". Was expecting one of: <EOF>, <S>, <IDENT>, "}", ";".)
21:24:21.541 [Test worker] WARN  c.g.htmlunit.DefaultCssErrorHandler - CSS warning: 'http://localhost:53824/sample/resources/css/bootstrap.css' [2027:3] Ignoring the following declarations in this rule.
21:24:21.549 [Test worker] WARN  c.g.htmlunit.DefaultCssErrorHandler - CSS error: 'http://localhost:53824/sample/resources/css/bootstrap.css' [2252:3] Error in style rule. (Invalid token "*". Was expecting one of: <EOF>, <S>, <IDENT>, "}", ";".)
21:24:21.549 [Test worker] WARN  c.g.htmlunit.DefaultCssErrorHandler - CSS warning: 'http://localhost:53824/sample/resources/css/bootstrap.css' [2252:3] Ignoring the following declarations in this rule.
21:24:21.565 [Test worker] WARN  c.g.htmlunit.DefaultCssErrorHandler - CSS error: 'http://localhost:53824/sample/resources/css/bootstrap.css' [2846:3] Error in style rule. (Invalid token "*". Was expecting one of: <EOF>, <S>, <IDENT>, "}", ";".)
21:24:21.565 [Test worker] WARN  c.g.htmlunit.DefaultCssErrorHandler - CSS warning: 'http://localhost:53824/sample/resources/css/bootstrap.css' [2846:3] Ignoring the following declarations in this rule.
21:24:21.569 [Test worker] WARN  c.g.htmlunit.DefaultCssErrorHandler - CSS error: 'http://localhost:53824/sample/resources/css/bootstrap.css' [2884:3] Error in style rule. (Invalid token "*". Was expecting one of: <EOF>, <S>, <IDENT>, "}", ";".)
21:24:21.569 [Test worker] WARN  c.g.htmlunit.DefaultCssErrorHandler - CSS warning: 'http://localhost:53824/sample/resources/css/bootstrap.css' [2884:3] Ignoring the following declarations in this rule.
21:24:21.569 [Test worker] WARN  c.g.htmlunit.DefaultCssErrorHandler - CSS error: 'http://localhost:53824/sample/resources/css/bootstrap.css' [2903:3] Error in style rule. (Invalid token "*". Was expecting one of: <EOF>, <S>, <IDENT>, "}", ";".)
21:24:21.569 [Test worker] WARN  c.g.htmlunit.DefaultCssErrorHandler - CSS warning: 'http://localhost:53824/sample/resources/css/bootstrap.css' [2903:3] Ignoring the following declarations in this rule.
21:24:21.573 [Test worker] WARN  c.g.htmlunit.DefaultCssErrorHandler - CSS error: 'http://localhost:53824/sample/resources/css/bootstrap.css' [2934:17] Error in expression; ':' found after identifier "progid".
21:24:21.573 [Test worker] WARN  c.g.htmlunit.DefaultCssErrorHandler - CSS error: 'http://localhost:53824/sample/resources/css/bootstrap.css' [2949:17] Error in expression; ':' found after identifier "progid".
21:24:21.573 [Test worker] WARN  c.g.htmlunit.DefaultCssErrorHandler - CSS error: 'http://localhost:53824/sample/resources/css/bootstrap.css' [2962:17] Error in expression; ':' found after identifier "progid".
21:24:21.573 [Test worker] WARN  c.g.htmlunit.DefaultCssErrorHandler - CSS error: 'http://localhost:53824/sample/resources/css/bootstrap.css' [2966:3] Error in style rule. (Invalid token "*". Was expecting one of: <EOF>, <S>, <IDENT>, "}", ";".)
21:24:21.573 [Test worker] WARN  c.g.htmlunit.DefaultCssErrorHandler - CSS warning: 'http://localhost:53824/sample/resources/css/bootstrap.css' [2966:3] Ignoring the following declarations in this rule.
21:24:21.581 [Test worker] WARN  c.g.htmlunit.DefaultCssErrorHandler - CSS error: 'http://localhost:53824/sample/resources/css/bootstrap.css' [3151:3] Error in style rule. (Invalid token "*". Was expecting one of: <EOF>, <S>, <IDENT>, "}", ";".)
21:24:21.581 [Test worker] WARN  c.g.htmlunit.DefaultCssErrorHandler - CSS warning: 'http://localhost:53824/sample/resources/css/bootstrap.css' [3151:3] Ignoring the following declarations in this rule.
21:24:21.585 [Test worker] WARN  c.g.htmlunit.DefaultCssErrorHandler - CSS error: 'http://localhost:53824/sample/resources/css/bootstrap.css' [3193:3] Error in style rule. (Invalid token "*". Was expecting one of: <EOF>, <S>, <IDENT>, "}", ";".)
21:24:21.585 [Test worker] WARN  c.g.htmlunit.DefaultCssErrorHandler - CSS warning: 'http://localhost:53824/sample/resources/css/bootstrap.css' [3193:3] Ignoring the following declarations in this rule.
21:24:21.585 [Test worker] WARN  c.g.htmlunit.DefaultCssErrorHandler - CSS error: 'http://localhost:53824/sample/resources/css/bootstrap.css' [3202:3] Error in style rule. (Invalid token "*". Was expecting one of: <EOF>, <S>, <IDENT>, "}", ";".)
21:24:21.585 [Test worker] WARN  c.g.htmlunit.DefaultCssErrorHandler - CSS warning: 'http://localhost:53824/sample/resources/css/bootstrap.css' [3202:3] Ignoring the following declarations in this rule.
21:24:21.589 [Test worker] WARN  c.g.htmlunit.DefaultCssErrorHandler - CSS error: 'http://localhost:53824/sample/resources/css/bootstrap.css' [3318:3] Error in style rule. (Invalid token "*". Was expecting one of: <EOF>, <S>, <IDENT>, "}", ";".)
21:24:21.589 [Test worker] WARN  c.g.htmlunit.DefaultCssErrorHandler - CSS warning: 'http://localhost:53824/sample/resources/css/bootstrap.css' [3318:3] Ignoring the following declarations in this rule.
21:24:21.589 [Test worker] WARN  c.g.htmlunit.DefaultCssErrorHandler - CSS error: 'http://localhost:53824/sample/resources/css/bootstrap.css' [3338:3] Error in style rule. (Invalid token "*". Was expecting one of: <EOF>, <S>, <IDENT>, "}", ";".)
21:24:21.589 [Test worker] WARN  c.g.htmlunit.DefaultCssErrorHandler - CSS warning: 'http://localhost:53824/sample/resources/css/bootstrap.css' [3338:3] Ignoring the following declarations in this rule.
21:24:21.593 [Test worker] WARN  c.g.htmlunit.DefaultCssErrorHandler - CSS error: 'http://localhost:53824/sample/resources/css/bootstrap.css' [3350:3] Error in style rule. (Invalid token "*". Was expecting one of: <EOF>, <S>, <IDENT>, "}", ";".)
21:24:21.593 [Test worker] WARN  c.g.htmlunit.DefaultCssErrorHandler - CSS warning: 'http://localhost:53824/sample/resources/css/bootstrap.css' [3350:3] Ignoring the following declarations in this rule.
21:24:21.593 [Test worker] WARN  c.g.htmlunit.DefaultCssErrorHandler - CSS error: 'http://localhost:53824/sample/resources/css/bootstrap.css' [3370:3] Error in style rule. (Invalid token "*". Was expecting one of: <EOF>, <S>, <IDENT>, "}", ";".)
21:24:21.593 [Test worker] WARN  c.g.htmlunit.DefaultCssErrorHandler - CSS warning: 'http://localhost:53824/sample/resources/css/bootstrap.css' [3370:3] Ignoring the following declarations in this rule.
21:24:21.593 [Test worker] WARN  c.g.htmlunit.DefaultCssErrorHandler - CSS error: 'http://localhost:53824/sample/resources/css/bootstrap.css' [3382:3] Error in style rule. (Invalid token "*". Was expecting one of: <EOF>, <S>, <IDENT>, "}", ";".)
21:24:21.593 [Test worker] WARN  c.g.htmlunit.DefaultCssErrorHandler - CSS warning: 'http://localhost:53824/sample/resources/css/bootstrap.css' [3382:3] Ignoring the following declarations in this rule.
21:24:21.593 [Test worker] WARN  c.g.htmlunit.DefaultCssErrorHandler - CSS error: 'http://localhost:53824/sample/resources/css/bootstrap.css' [3402:3] Error in style rule. (Invalid token "*". Was expecting one of: <EOF>, <S>, <IDENT>, "}", ";".)
21:24:21.593 [Test worker] WARN  c.g.htmlunit.DefaultCssErrorHandler - CSS warning: 'http://localhost:53824/sample/resources/css/bootstrap.css' [3402:3] Ignoring the following declarations in this rule.
21:24:21.593 [Test worker] WARN  c.g.htmlunit.DefaultCssErrorHandler - CSS error: 'http://localhost:53824/sample/resources/css/bootstrap.css' [3414:3] Error in style rule. (Invalid token "*". Was expecting one of: <EOF>, <S>, <IDENT>, "}", ";".)
21:24:21.597 [Test worker] WARN  c.g.htmlunit.DefaultCssErrorHandler - CSS warning: 'http://localhost:53824/sample/resources/css/bootstrap.css' [3414:3] Ignoring the following declarations in this rule.
21:24:21.597 [Test worker] WARN  c.g.htmlunit.DefaultCssErrorHandler - CSS error: 'http://localhost:53824/sample/resources/css/bootstrap.css' [3434:3] Error in style rule. (Invalid token "*". Was expecting one of: <EOF>, <S>, <IDENT>, "}", ";".)
21:24:21.597 [Test worker] WARN  c.g.htmlunit.DefaultCssErrorHandler - CSS warning: 'http://localhost:53824/sample/resources/css/bootstrap.css' [3434:3] Ignoring the following declarations in this rule.
21:24:21.597 [Test worker] WARN  c.g.htmlunit.DefaultCssErrorHandler - CSS error: 'http://localhost:53824/sample/resources/css/bootstrap.css' [3446:3] Error in style rule. (Invalid token "*". Was expecting one of: <EOF>, <S>, <IDENT>, "}", ";".)
21:24:21.597 [Test worker] WARN  c.g.htmlunit.DefaultCssErrorHandler - CSS warning: 'http://localhost:53824/sample/resources/css/bootstrap.css' [3446:3] Ignoring the following declarations in this rule.
21:24:21.597 [Test worker] WARN  c.g.htmlunit.DefaultCssErrorHandler - CSS error: 'http://localhost:53824/sample/resources/css/bootstrap.css' [3466:3] Error in style rule. (Invalid token "*". Was expecting one of: <EOF>, <S>, <IDENT>, "}", ";".)
21:24:21.597 [Test worker] WARN  c.g.htmlunit.DefaultCssErrorHandler - CSS warning: 'http://localhost:53824/sample/resources/css/bootstrap.css' [3466:3] Ignoring the following declarations in this rule.
21:24:21.601 [Test worker] WARN  c.g.htmlunit.DefaultCssErrorHandler - CSS error: 'http://localhost:53824/sample/resources/css/bootstrap.css' [3478:3] Error in style rule. (Invalid token "*". Was expecting one of: <EOF>, <S>, <IDENT>, "}", ";".)
21:24:21.601 [Test worker] WARN  c.g.htmlunit.DefaultCssErrorHandler - CSS warning: 'http://localhost:53824/sample/resources/css/bootstrap.css' [3478:3] Ignoring the following declarations in this rule.
21:24:21.601 [Test worker] WARN  c.g.htmlunit.DefaultCssErrorHandler - CSS error: 'http://localhost:53824/sample/resources/css/bootstrap.css' [3498:3] Error in style rule. (Invalid token "*". Was expecting one of: <EOF>, <S>, <IDENT>, "}", ";".)
21:24:21.601 [Test worker] WARN  c.g.htmlunit.DefaultCssErrorHandler - CSS warning: 'http://localhost:53824/sample/resources/css/bootstrap.css' [3498:3] Ignoring the following declarations in this rule.
21:24:21.601 [Test worker] WARN  c.g.htmlunit.DefaultCssErrorHandler - CSS error: 'http://localhost:53824/sample/resources/css/bootstrap.css' [3508:3] Error in style rule. (Invalid token "*". Was expecting one of: <EOF>, <S>, <IDENT>, "}", ";".)
21:24:21.601 [Test worker] WARN  c.g.htmlunit.DefaultCssErrorHandler - CSS warning: 'http://localhost:53824/sample/resources/css/bootstrap.css' [3508:3] Ignoring the following declarations in this rule.
21:24:21.601 [Test worker] WARN  c.g.htmlunit.DefaultCssErrorHandler - CSS error: 'http://localhost:53824/sample/resources/css/bootstrap.css' [3520:3] Error in style rule. (Invalid token "*". Was expecting one of: <EOF>, <S>, <IDENT>, "}", ";".)
21:24:21.601 [Test worker] WARN  c.g.htmlunit.DefaultCssErrorHandler - CSS warning: 'http://localhost:53824/sample/resources/css/bootstrap.css' [3520:3] Ignoring the following declarations in this rule.
21:24:21.605 [Test worker] WARN  c.g.htmlunit.DefaultCssErrorHandler - CSS error: 'http://localhost:53824/sample/resources/css/bootstrap.css' [3526:3] Error in style rule. (Invalid token "*". Was expecting one of: <EOF>, <S>, <IDENT>, "}", ";".)
21:24:21.605 [Test worker] WARN  c.g.htmlunit.DefaultCssErrorHandler - CSS warning: 'http://localhost:53824/sample/resources/css/bootstrap.css' [3526:3] Ignoring the following declarations in this rule.
21:24:21.605 [Test worker] WARN  c.g.htmlunit.DefaultCssErrorHandler - CSS error: 'http://localhost:53824/sample/resources/css/bootstrap.css' [3532:3] Error in style rule. (Invalid token "*". Was expecting one of: <EOF>, <S>, <IDENT>, "}", ";".)
21:24:21.605 [Test worker] WARN  c.g.htmlunit.DefaultCssErrorHandler - CSS warning: 'http://localhost:53824/sample/resources/css/bootstrap.css' [3532:3] Ignoring the following declarations in this rule.
21:24:21.605 [Test worker] WARN  c.g.htmlunit.DefaultCssErrorHandler - CSS error: 'http://localhost:53824/sample/resources/css/bootstrap.css' [3569:3] Error in style rule. (Invalid token "*". Was expecting one of: <EOF>, <S>, <IDENT>, "}", ";".)
21:24:21.605 [Test worker] WARN  c.g.htmlunit.DefaultCssErrorHandler - CSS warning: 'http://localhost:53824/sample/resources/css/bootstrap.css' [3569:3] Ignoring the following declarations in this rule.
21:24:21.605 [Test worker] WARN  c.g.htmlunit.DefaultCssErrorHandler - CSS error: 'http://localhost:53824/sample/resources/css/bootstrap.css' [3578:3] Error in style rule. (Invalid token "*". Was expecting one of: <EOF>, <S>, <IDENT>, "}", ";".)
21:24:21.605 [Test worker] WARN  c.g.htmlunit.DefaultCssErrorHandler - CSS warning: 'http://localhost:53824/sample/resources/css/bootstrap.css' [3578:3] Ignoring the following declarations in this rule.
21:24:21.609 [Test worker] WARN  c.g.htmlunit.DefaultCssErrorHandler - CSS error: 'http://localhost:53824/sample/resources/css/bootstrap.css' [3679:3] Error in style rule. (Invalid token "*". Was expecting one of: <EOF>, <S>, <IDENT>, "}", ";".)
21:24:21.609 [Test worker] WARN  c.g.htmlunit.DefaultCssErrorHandler - CSS warning: 'http://localhost:53824/sample/resources/css/bootstrap.css' [3679:3] Ignoring the following declarations in this rule.
21:24:21.613 [Test worker] WARN  c.g.htmlunit.DefaultCssErrorHandler - CSS error: 'http://localhost:53824/sample/resources/css/bootstrap.css' [3689:3] Error in style rule. (Invalid token "*". Was expecting one of: <EOF>, <S>, <IDENT>, "}", ";".)
21:24:21.613 [Test worker] WARN  c.g.htmlunit.DefaultCssErrorHandler - CSS warning: 'http://localhost:53824/sample/resources/css/bootstrap.css' [3689:3] Ignoring the following declarations in this rule.
21:24:21.613 [Test worker] WARN  c.g.htmlunit.DefaultCssErrorHandler - CSS error: 'http://localhost:53824/sample/resources/css/bootstrap.css' [3696:3] Error in style rule. (Invalid token "*". Was expecting one of: <EOF>, <S>, <IDENT>, "}", ";".)
21:24:21.613 [Test worker] WARN  c.g.htmlunit.DefaultCssErrorHandler - CSS warning: 'http://localhost:53824/sample/resources/css/bootstrap.css' [3696:3] Ignoring the following declarations in this rule.
21:24:21.613 [Test worker] WARN  c.g.htmlunit.DefaultCssErrorHandler - CSS error: 'http://localhost:53824/sample/resources/css/bootstrap.css' [3701:3] Error in style rule. (Invalid token "*". Was expecting one of: <EOF>, <S>, <IDENT>, "}", ";".)
21:24:21.613 [Test worker] WARN  c.g.htmlunit.DefaultCssErrorHandler - CSS warning: 'http://localhost:53824/sample/resources/css/bootstrap.css' [3701:3] Ignoring the following declarations in this rule.
21:24:21.617 [Test worker] WARN  c.g.htmlunit.DefaultCssErrorHandler - CSS error: 'http://localhost:53824/sample/resources/css/bootstrap.css' [3775:3] Error in style rule. (Invalid token "*". Was expecting one of: <EOF>, <S>, <IDENT>, "}", ";".)
21:24:21.617 [Test worker] WARN  c.g.htmlunit.DefaultCssErrorHandler - CSS warning: 'http://localhost:53824/sample/resources/css/bootstrap.css' [3775:3] Ignoring the following declarations in this rule.
21:24:21.621 [Test worker] WARN  c.g.htmlunit.DefaultCssErrorHandler - CSS error: 'http://localhost:53824/sample/resources/css/bootstrap.css' [3960:3] Error in style rule. (Invalid token "*". Was expecting one of: <EOF>, <S>, <IDENT>, "}", ";".)
21:24:21.621 [Test worker] WARN  c.g.htmlunit.DefaultCssErrorHandler - CSS warning: 'http://localhost:53824/sample/resources/css/bootstrap.css' [3960:3] Ignoring the following declarations in this rule.
21:24:21.625 [Test worker] WARN  c.g.htmlunit.DefaultCssErrorHandler - CSS error: 'http://localhost:53824/sample/resources/css/bootstrap.css' [3971:3] Error in style rule. (Invalid token "*". Was expecting one of: <EOF>, <S>, <IDENT>, "}", ";".)
21:24:21.625 [Test worker] WARN  c.g.htmlunit.DefaultCssErrorHandler - CSS warning: 'http://localhost:53824/sample/resources/css/bootstrap.css' [3971:3] Ignoring the following declarations in this rule.
21:24:21.629 [Test worker] WARN  c.g.htmlunit.DefaultCssErrorHandler - CSS error: 'http://localhost:53824/sample/resources/css/bootstrap.css' [4163:3] Error in style rule. (Invalid token "*". Was expecting one of: <EOF>, <S>, <IDENT>, "}", ";".)
21:24:21.629 [Test worker] WARN  c.g.htmlunit.DefaultCssErrorHandler - CSS warning: 'http://localhost:53824/sample/resources/css/bootstrap.css' [4163:3] Ignoring the following declarations in this rule.
21:24:21.633 [Test worker] WARN  c.g.htmlunit.DefaultCssErrorHandler - CSS error: 'http://localhost:53824/sample/resources/css/bootstrap.css' [4254:3] Error in style rule. (Invalid token "*". Was expecting one of: <EOF>, <S>, <IDENT>, "}", ";".)
21:24:21.633 [Test worker] WARN  c.g.htmlunit.DefaultCssErrorHandler - CSS warning: 'http://localhost:53824/sample/resources/css/bootstrap.css' [4254:3] Ignoring the following declarations in this rule.
21:24:21.637 [Test worker] WARN  c.g.htmlunit.DefaultCssErrorHandler - CSS error: 'http://localhost:53824/sample/resources/css/bootstrap.css' [4277:3] Error in style rule. (Invalid token "*". Was expecting one of: <EOF>, <S>, <IDENT>, "}", ";".)
21:24:21.637 [Test worker] WARN  c.g.htmlunit.DefaultCssErrorHandler - CSS warning: 'http://localhost:53824/sample/resources/css/bootstrap.css' [4277:3] Ignoring the following declarations in this rule.
21:24:21.637 [Test worker] WARN  c.g.htmlunit.DefaultCssErrorHandler - CSS error: 'http://localhost:53824/sample/resources/css/bootstrap.css' [4291:3] Error in style rule. (Invalid token "*". Was expecting one of: <EOF>, <S>, <IDENT>, "}", ";".)
21:24:21.637 [Test worker] WARN  c.g.htmlunit.DefaultCssErrorHandler - CSS warning: 'http://localhost:53824/sample/resources/css/bootstrap.css' [4291:3] Ignoring the following declarations in this rule.
21:24:21.637 [Test worker] WARN  c.g.htmlunit.DefaultCssErrorHandler - CSS error: 'http://localhost:53824/sample/resources/css/bootstrap.css' [4312:17] Error in expression; ':' found after identifier "progid".
21:24:21.637 [Test worker] WARN  c.g.htmlunit.DefaultCssErrorHandler - CSS error: 'http://localhost:53824/sample/resources/css/bootstrap.css' [4313:3] Error in style rule. (Invalid token "*". Was expecting one of: <EOF>, <S>, <IDENT>, "}", ";".)
21:24:21.637 [Test worker] WARN  c.g.htmlunit.DefaultCssErrorHandler - CSS warning: 'http://localhost:53824/sample/resources/css/bootstrap.css' [4313:3] Ignoring the following declarations in this rule.
21:24:21.641 [Test worker] WARN  c.g.htmlunit.DefaultCssErrorHandler - CSS error: 'http://localhost:53824/sample/resources/css/bootstrap.css' [4388:3] Error in style rule. (Invalid token "*". Was expecting one of: <EOF>, <S>, <IDENT>, "}", ";".)
21:24:21.641 [Test worker] WARN  c.g.htmlunit.DefaultCssErrorHandler - CSS warning: 'http://localhost:53824/sample/resources/css/bootstrap.css' [4388:3] Ignoring the following declarations in this rule.
21:24:21.645 [Test worker] WARN  c.g.htmlunit.DefaultCssErrorHandler - CSS error: 'http://localhost:53824/sample/resources/css/bootstrap.css' [4573:3] Error in style rule. (Invalid token "*". Was expecting one of: <EOF>, <S>, <IDENT>, "}", ";".)
21:24:21.645 [Test worker] WARN  c.g.htmlunit.DefaultCssErrorHandler - CSS warning: 'http://localhost:53824/sample/resources/css/bootstrap.css' [4573:3] Ignoring the following declarations in this rule.
21:24:21.649 [Test worker] WARN  c.g.htmlunit.DefaultCssErrorHandler - CSS error: 'http://localhost:53824/sample/resources/css/bootstrap.css' [4596:3] Error in style rule. (Invalid token "*". Was expecting one of: <EOF>, <S>, <IDENT>, "}", ";".)
21:24:21.649 [Test worker] WARN  c.g.htmlunit.DefaultCssErrorHandler - CSS warning: 'http://localhost:53824/sample/resources/css/bootstrap.css' [4596:3] Ignoring the following declarations in this rule.
21:24:21.653 [Test worker] WARN  c.g.htmlunit.DefaultCssErrorHandler - CSS error: 'http://localhost:53824/sample/resources/css/bootstrap.css' [4721:17] Error in expression; ':' found after identifier "progid".
21:24:21.657 [Test worker] WARN  c.g.htmlunit.DefaultCssErrorHandler - CSS error: 'http://localhost:53824/sample/resources/css/bootstrap.css' [4835:3] Error in style rule. (Invalid token "*". Was expecting one of: <EOF>, <S>, <IDENT>, "}", ";".)
21:24:21.657 [Test worker] WARN  c.g.htmlunit.DefaultCssErrorHandler - CSS warning: 'http://localhost:53824/sample/resources/css/bootstrap.css' [4835:3] Ignoring the following declarations in this rule.
21:24:21.657 [Test worker] WARN  c.g.htmlunit.DefaultCssErrorHandler - CSS error: 'http://localhost:53824/sample/resources/css/bootstrap.css' [4855:3] Error in style rule. (Invalid token "*". Was expecting one of: <EOF>, <S>, <IDENT>, "}", ";".)
21:24:21.657 [Test worker] WARN  c.g.htmlunit.DefaultCssErrorHandler - CSS warning: 'http://localhost:53824/sample/resources/css/bootstrap.css' [4855:3] Ignoring the following declarations in this rule.
21:24:21.657 [Test worker] WARN  c.g.htmlunit.DefaultCssErrorHandler - CSS error: 'http://localhost:53824/sample/resources/css/bootstrap.css' [4875:3] Error in style rule. (Invalid token "*". Was expecting one of: <EOF>, <S>, <IDENT>, "}", ";".)
21:24:21.657 [Test worker] WARN  c.g.htmlunit.DefaultCssErrorHandler - CSS warning: 'http://localhost:53824/sample/resources/css/bootstrap.css' [4875:3] Ignoring the following declarations in this rule.
21:24:21.657 [Test worker] WARN  c.g.htmlunit.DefaultCssErrorHandler - CSS error: 'http://localhost:53824/sample/resources/css/bootstrap.css' [4895:3] Error in style rule. (Invalid token "*". Was expecting one of: <EOF>, <S>, <IDENT>, "}", ";".)
21:24:21.657 [Test worker] WARN  c.g.htmlunit.DefaultCssErrorHandler - CSS warning: 'http://localhost:53824/sample/resources/css/bootstrap.css' [4895:3] Ignoring the following declarations in this rule.
21:24:21.665 [Test worker] WARN  c.g.htmlunit.DefaultCssErrorHandler - CSS error: 'http://localhost:53824/sample/resources/css/bootstrap.css' [5037:3] Error in style rule. (Invalid token "*". Was expecting one of: <EOF>, <S>, <IDENT>, "}", ";".)
21:24:21.665 [Test worker] WARN  c.g.htmlunit.DefaultCssErrorHandler - CSS warning: 'http://localhost:53824/sample/resources/css/bootstrap.css' [5037:3] Ignoring the following declarations in this rule.
21:24:21.665 [Test worker] WARN  c.g.htmlunit.DefaultCssErrorHandler - CSS error: 'http://localhost:53824/sample/resources/css/bootstrap.css' [5119:3] Error in style rule. (Invalid token "*". Was expecting one of: <EOF>, <S>, <IDENT>, "}", ";".)
21:24:21.665 [Test worker] WARN  c.g.htmlunit.DefaultCssErrorHandler - CSS warning: 'http://localhost:53824/sample/resources/css/bootstrap.css' [5119:3] Ignoring the following declarations in this rule.
21:24:21.669 [Test worker] WARN  c.g.htmlunit.DefaultCssErrorHandler - CSS error: 'http://localhost:53824/sample/resources/css/bootstrap.css' [5178:3] Error in style rule. (Invalid token "*". Was expecting one of: <EOF>, <S>, <IDENT>, "}", ";".)
21:24:21.669 [Test worker] WARN  c.g.htmlunit.DefaultCssErrorHandler - CSS warning: 'http://localhost:53824/sample/resources/css/bootstrap.css' [5178:3] Ignoring the following declarations in this rule.
21:24:21.677 [Test worker] WARN  c.g.htmlunit.DefaultCssErrorHandler - CSS error: 'http://localhost:53824/sample/resources/css/bootstrap.css' [5435:3] Error in style rule. (Invalid token "*". Was expecting one of: <EOF>, <S>, <IDENT>, "}", ";".)
21:24:21.677 [Test worker] WARN  c.g.htmlunit.DefaultCssErrorHandler - CSS warning: 'http://localhost:53824/sample/resources/css/bootstrap.css' [5435:3] Ignoring the following declarations in this rule.
21:24:21.681 [Test worker] WARN  c.g.htmlunit.DefaultCssErrorHandler - CSS error: 'http://localhost:53824/sample/resources/css/bootstrap.css' [5498:3] Error in style rule. (Invalid token "*". Was expecting one of: <EOF>, <S>, <IDENT>, "}", ";".)
21:24:21.681 [Test worker] WARN  c.g.htmlunit.DefaultCssErrorHandler - CSS warning: 'http://localhost:53824/sample/resources/css/bootstrap.css' [5498:3] Ignoring the following declarations in this rule.
21:24:21.685 [Test worker] WARN  c.g.htmlunit.DefaultCssErrorHandler - CSS error: 'http://localhost:53824/sample/resources/css/bootstrap.css' [5692:17] Error in expression; ':' found after identifier "progid".
21:24:21.685 [Test worker] WARN  c.g.htmlunit.DefaultCssErrorHandler - CSS error: 'http://localhost:53824/sample/resources/css/bootstrap.css' [5713:17] Error in expression; ':' found after identifier "progid".
21:24:21.693 [Test worker] WARN  c.g.htmlunit.DefaultCssErrorHandler - CSS error: 'http://localhost:53824/sample/resources/css/bootstrap.css' [5762:17] Error in expression; ':' found after identifier "progid".
21:24:21.697 [Test worker] WARN  c.g.htmlunit.DefaultCssErrorHandler - CSS error: 'http://localhost:53824/sample/resources/css/bootstrap.css' [5784:17] Error in expression; ':' found after identifier "progid".
21:24:21.701 [Test worker] WARN  c.g.htmlunit.DefaultCssErrorHandler - CSS error: 'http://localhost:53824/sample/resources/css/bootstrap.css' [5806:17] Error in expression; ':' found after identifier "progid".
21:24:21.705 [Test worker] WARN  c.g.htmlunit.DefaultCssErrorHandler - CSS error: 'http://localhost:53824/sample/resources/css/bootstrap.css' [5828:17] Error in expression; ':' found after identifier "progid".
21:24:21.725 [Test worker] WARN  c.g.htmlunit.DefaultCssErrorHandler - CSS error: 'http://localhost:53824/sample/resources/css/bootstrap-responsive.css' [16:3] Error in style rule. (Invalid token "*". Was expecting one of: <EOF>, <S>, <IDENT>, "}", ";".)
21:24:21.725 [Test worker] WARN  c.g.htmlunit.DefaultCssErrorHandler - CSS warning: 'http://localhost:53824/sample/resources/css/bootstrap-responsive.css' [16:3] Ignoring the following declarations in this rule.
21:24:21.725 [Test worker] WARN  c.g.htmlunit.DefaultCssErrorHandler - CSS error: 'http://localhost:53824/sample/resources/css/bootstrap-responsive.css' [68:8] Error in media list. (Invalid token "(". Was expecting one of: <S>, <IDENT>.)
21:24:21.725 [Test worker] WARN  c.g.htmlunit.DefaultCssErrorHandler - CSS error: 'http://localhost:53824/sample/resources/css/bootstrap-responsive.css' [83:8] Error in media list. (Invalid token "(". Was expecting one of: <S>, <IDENT>.)
21:24:21.725 [Test worker] WARN  c.g.htmlunit.DefaultCssErrorHandler - CSS error: 'http://localhost:53824/sample/resources/css/bootstrap-responsive.css' [98:8] Error in media list. (Invalid token "(". Was expecting one of: <S>, <IDENT>.)
21:24:21.737 [Test worker] WARN  c.g.htmlunit.DefaultCssErrorHandler - CSS error: 'http://localhost:53824/sample/resources/css/bootstrap-responsive.css' [448:8] Error in media list. (Invalid token "(". Was expecting one of: <S>, <IDENT>.)
21:24:21.749 [Test worker] WARN  c.g.htmlunit.DefaultCssErrorHandler - CSS error: 'http://localhost:53824/sample/resources/css/bootstrap-responsive.css' [789:8] Error in media list. (Invalid token "(". Was expecting one of: <S>, <IDENT>.)
21:24:21.749 [Test worker] WARN  c.g.htmlunit.DefaultCssErrorHandler - CSS error: 'http://localhost:53824/sample/resources/css/bootstrap-responsive.css' [887:8] Error in media list. (Invalid token "(". Was expecting one of: <S>, <IDENT>.)
21:24:21.753 [Test worker] WARN  c.g.htmlunit.DefaultCssErrorHandler - CSS error: 'http://localhost:53824/sample/resources/css/bootstrap-responsive.css' [939:8] Error in media list. (Invalid token "(". Was expecting one of: <S>, <IDENT>.)
21:24:21.757 [Test worker] WARN  c.g.htmlunit.DefaultCssErrorHandler - CSS error: 'http://localhost:53824/sample/resources/css/bootstrap-responsive.css' [1087:8] Error in media list. (Invalid token "(". Was expecting one of: <S>, <IDENT>.)
]]></system-out>
  <system-err><![CDATA[十月 31, 2017 9:24:19 下午 org.openqa.selenium.remote.Augmenter extractRemoteWebDriver
警告: Augmenter should be applied to the instances of @Augmentable clases or previously augmented instances only
]]></system-err>
</testsuite>
