<?xml version="1.0" encoding="UTF-8"?>
<testsuite name="org.springframework.security.samples.config.SecurityConfigTests" tests="8" skipped="0" failures="0" errors="0" timestamp="2017-10-31T13:23:37" hostname="DESKTOP-AB1JH69" time="1.186">
  <properties/>
  <testcase name="requestProtectedResourceRequiresAuthentication" classname="org.springframework.security.samples.config.SecurityConfigTests" time="0.138"/>
  <testcase name="composeMessageRequiresCsrfToken" classname="org.springframework.security.samples.config.SecurityConfigTests" time="0.015"/>
  <testcase name="logoutSuccess" classname="org.springframework.security.samples.config.SecurityConfigTests" time="0.014"/>
  <testcase name="loginFailure" classname="org.springframework.security.samples.config.SecurityConfigTests" time="0.013"/>
  <testcase name="requestProtectedResourceWithUser" classname="org.springframework.security.samples.config.SecurityConfigTests" time="0.843"/>
  <testcase name="composeMessage" classname="org.springframework.security.samples.config.SecurityConfigTests" time="0.138"/>
  <testcase name="logoutRequiresCsrfToken" classname="org.springframework.security.samples.config.SecurityConfigTests" time="0.007"/>
  <testcase name="loginSuccess" classname="org.springframework.security.samples.config.SecurityConfigTests" time="0.007"/>
  <system-out><![CDATA[21:23:33.546 [Test worker] DEBUG o.s.t.c.j.SpringJUnit4ClassRunner - SpringJUnit4ClassRunner constructor called with [class org.springframework.security.samples.config.SecurityConfigTests]
21:23:33.561 [Test worker] DEBUG o.s.test.context.BootstrapUtils - Instantiating CacheAwareContextLoaderDelegate from class [org.springframework.test.context.cache.DefaultCacheAwareContextLoaderDelegate]
21:23:33.561 [Test worker] DEBUG o.s.test.context.BootstrapUtils - Instantiating BootstrapContext using constructor [public org.springframework.test.context.support.DefaultBootstrapContext(java.lang.Class,org.springframework.test.context.CacheAwareContextLoaderDelegate)]
21:23:33.577 [Test worker] DEBUG o.s.test.context.BootstrapUtils - Instantiating TestContextBootstrapper for test class [org.springframework.security.samples.config.SecurityConfigTests] from class [org.springframework.test.context.web.WebTestContextBootstrapper]
21:23:33.608 [Test worker] DEBUG o.s.t.c.s.AbstractDelegatingSmartContextLoader - Delegating to AnnotationConfigWebContextLoader to process context configuration [ContextConfigurationAttributes@17b27031 declaringClass = 'org.springframework.security.samples.config.SecurityConfigTests', classes = '{class org.springframework.security.samples.config.RootConfiguration, class org.springframework.security.samples.mvc.config.WebMvcConfiguration}', locations = '{}', inheritLocations = true, initializers = '{}', inheritInitializers = true, name = [null], contextLoaderClass = 'org.springframework.test.context.ContextLoader'].
21:23:33.624 [Test worker] DEBUG o.s.t.c.support.ActiveProfilesUtils - Could not find an 'annotation declaring class' for annotation type [org.springframework.test.context.ActiveProfiles] and class [org.springframework.security.samples.config.SecurityConfigTests]
21:23:33.639 [Test worker] INFO  o.s.t.c.w.WebTestContextBootstrapper - Using TestExecutionListeners: [org.springframework.test.context.web.ServletTestExecutionListener@78ff47c2, org.springframework.test.context.support.DependencyInjectionTestExecutionListener@ecd554a, org.springframework.test.context.support.DirtiesContextTestExecutionListener@2296aa58, org.springframework.test.context.transaction.TransactionalTestExecutionListener@eadca92, org.springframework.security.test.context.support.WithSecurityContextTestExecutionListener@c6e4dd2]
21:23:33.639 [Test worker] DEBUG o.s.t.annotation.ProfileValueUtils - Retrieved @ProfileValueSourceConfiguration [null] for test class [org.springframework.security.samples.config.SecurityConfigTests]
21:23:33.639 [Test worker] DEBUG o.s.t.annotation.ProfileValueUtils - Retrieved ProfileValueSource type [class org.springframework.test.annotation.SystemProfileValueSource] for class [org.springframework.security.samples.config.SecurityConfigTests]
21:23:33.639 [Test worker] DEBUG o.s.t.annotation.ProfileValueUtils - Retrieved @ProfileValueSourceConfiguration [null] for test class [org.springframework.security.samples.config.SecurityConfigTests]
21:23:33.639 [Test worker] DEBUG o.s.t.annotation.ProfileValueUtils - Retrieved ProfileValueSource type [class org.springframework.test.annotation.SystemProfileValueSource] for class [org.springframework.security.samples.config.SecurityConfigTests]
21:23:33.655 [Test worker] DEBUG o.s.t.annotation.ProfileValueUtils - Retrieved @ProfileValueSourceConfiguration [null] for test class [org.springframework.security.samples.config.SecurityConfigTests]
21:23:33.655 [Test worker] DEBUG o.s.t.annotation.ProfileValueUtils - Retrieved ProfileValueSource type [class org.springframework.test.annotation.SystemProfileValueSource] for class [org.springframework.security.samples.config.SecurityConfigTests]
21:23:33.655 [Test worker] DEBUG o.s.t.c.s.AbstractDelegatingSmartContextLoader - Delegating to AnnotationConfigWebContextLoader to load context from [WebMergedContextConfiguration@1aa0e92b testClass = SecurityConfigTests, locations = '{}', classes = '{class org.springframework.security.samples.config.RootConfiguration, class org.springframework.security.samples.mvc.config.WebMvcConfiguration}', contextInitializerClasses = '[]', activeProfiles = '{}', propertySourceLocations = '{}', propertySourceProperties = '{}', contextCustomizers = set[[empty]], resourceBasePath = 'src/main/webapp', contextLoader = 'org.springframework.test.context.web.WebDelegatingSmartContextLoader', parent = [null]].
21:23:33.655 [Test worker] DEBUG o.s.t.c.w.AbstractGenericWebContextLoader - Loading WebApplicationContext for merged context configuration [WebMergedContextConfiguration@1aa0e92b testClass = SecurityConfigTests, locations = '{}', classes = '{class org.springframework.security.samples.config.RootConfiguration, class org.springframework.security.samples.mvc.config.WebMvcConfiguration}', contextInitializerClasses = '[]', activeProfiles = '{}', propertySourceLocations = '{}', propertySourceProperties = '{}', contextCustomizers = set[[empty]], resourceBasePath = 'src/main/webapp', contextLoader = 'org.springframework.test.context.web.WebDelegatingSmartContextLoader', parent = [null]].
21:23:33.717 [Test worker] DEBUG o.s.w.c.s.StandardServletEnvironment - Adding [servletConfigInitParams] PropertySource with lowest search precedence
21:23:33.717 [Test worker] DEBUG o.s.w.c.s.StandardServletEnvironment - Adding [servletContextInitParams] PropertySource with lowest search precedence
21:23:33.717 [Test worker] DEBUG o.s.w.c.s.StandardServletEnvironment - Adding [systemProperties] PropertySource with lowest search precedence
21:23:33.717 [Test worker] DEBUG o.s.w.c.s.StandardServletEnvironment - Adding [systemEnvironment] PropertySource with lowest search precedence
21:23:33.717 [Test worker] DEBUG o.s.w.c.s.StandardServletEnvironment - Initialized StandardServletEnvironment with PropertySources [servletConfigInitParams,servletContextInitParams,systemProperties,systemEnvironment]
21:23:33.717 [Test worker] DEBUG o.s.t.c.w.AnnotationConfigWebContextLoader - Registering annotated classes: {class org.springframework.security.samples.config.RootConfiguration, class org.springframework.security.samples.mvc.config.WebMvcConfiguration}
21:23:33.780 [Test worker] INFO  o.s.w.c.s.GenericWebApplicationContext - Refreshing org.springframework.web.context.support.GenericWebApplicationContext@37f46c5: startup date [Tue Oct 31 21:23:33 CST 2017]; root of context hierarchy
21:23:33.796 [Test worker] DEBUG o.s.w.c.s.StandardServletEnvironment - Replacing [servletContextInitParams] PropertySource with [servletContextInitParams]
21:23:33.796 [Test worker] DEBUG o.s.w.c.s.GenericWebApplicationContext - Bean factory for org.springframework.web.context.support.GenericWebApplicationContext@37f46c5: org.springframework.beans.factory.support.DefaultListableBeanFactory@1ee24100: defining beans [org.springframework.context.annotation.internalConfigurationAnnotationProcessor,org.springframework.context.annotation.internalAutowiredAnnotationProcessor,org.springframework.context.annotation.internalRequiredAnnotationProcessor,org.springframework.context.annotation.internalCommonAnnotationProcessor,org.springframework.context.annotation.internalPersistenceAnnotationProcessor,org.springframework.context.event.internalEventListenerProcessor,org.springframework.context.event.internalEventListenerFactory,rootConfiguration,webMvcConfiguration]; root of factory hierarchy
21:23:33.811 [Test worker] DEBUG o.s.b.f.s.DefaultListableBeanFactory - Registering scope 'request' with implementation [org.springframework.web.context.request.RequestScope@1f0dd0dd]
21:23:33.811 [Test worker] DEBUG o.s.b.f.s.DefaultListableBeanFactory - Registering scope 'session' with implementation [org.springframework.web.context.request.SessionScope@4748a1e2]
21:23:33.811 [Test worker] DEBUG o.s.b.f.s.DefaultListableBeanFactory - Registering scope 'globalSession' with implementation [org.springframework.web.context.request.SessionScope@36321aee]
21:23:33.811 [Test worker] DEBUG o.s.b.f.s.DefaultListableBeanFactory - Registering scope 'application' with implementation [org.springframework.web.context.support.ServletContextScope@65eb7995]
21:23:33.811 [Test worker] DEBUG o.s.b.f.s.DefaultListableBeanFactory - Creating shared instance of singleton bean 'org.springframework.context.annotation.internalConfigurationAnnotationProcessor'
21:23:33.811 [Test worker] DEBUG o.s.b.f.s.DefaultListableBeanFactory - Creating instance of bean 'org.springframework.context.annotation.internalConfigurationAnnotationProcessor'
21:23:33.842 [Test worker] DEBUG o.s.b.f.s.DefaultListableBeanFactory - Eagerly caching bean 'org.springframework.context.annotation.internalConfigurationAnnotationProcessor' to allow for resolving potential circular references
21:23:33.842 [Test worker] DEBUG o.s.b.f.s.DefaultListableBeanFactory - Finished creating instance of bean 'org.springframework.context.annotation.internalConfigurationAnnotationProcessor'
21:23:33.858 [Test worker] DEBUG o.s.core.env.StandardEnvironment - Adding [systemProperties] PropertySource with lowest search precedence
21:23:33.858 [Test worker] DEBUG o.s.core.env.StandardEnvironment - Adding [systemEnvironment] PropertySource with lowest search precedence
21:23:33.858 [Test worker] DEBUG o.s.core.env.StandardEnvironment - Initialized StandardEnvironment with PropertySources [systemProperties,systemEnvironment]
21:23:33.874 [Test worker] DEBUG o.s.c.i.s.PathMatchingResourcePatternResolver - Resolved classpath location [org/springframework/security/samples/config/] to resources [URL [file:/D:/spring-security-4.2.2.RELEASE/samples/javaconfig/hellomvc/build/classes/test/org/springframework/security/samples/config/], URL [file:/D:/spring-security-4.2.2.RELEASE/samples/javaconfig/hellomvc/build/classes/main/org/springframework/security/samples/config/], URL [jar:file:/D:/spring-security-4.2.2.RELEASE/samples/javaconfig/messages/build/libs/spring-security-samples-javaconfig-messages-4.2.2.RELEASE.jar!/org/springframework/security/samples/config/]]
21:23:33.874 [Test worker] DEBUG o.s.c.i.s.PathMatchingResourcePatternResolver - Looking for matching resources in directory tree [D:\spring-security-4.2.2.RELEASE\samples\javaconfig\hellomvc\build\classes\test\org\springframework\security\samples\config]
21:23:33.874 [Test worker] DEBUG o.s.c.i.s.PathMatchingResourcePatternResolver - Searching directory [D:\spring-security-4.2.2.RELEASE\samples\javaconfig\hellomvc\build\classes\test\org\springframework\security\samples\config] for files matching pattern [D:/spring-security-4.2.2.RELEASE/samples/javaconfig/hellomvc/build/classes/test/org/springframework/security/samples/config/**/*.class]
21:23:33.874 [Test worker] DEBUG o.s.c.i.s.PathMatchingResourcePatternResolver - Looking for matching resources in directory tree [D:\spring-security-4.2.2.RELEASE\samples\javaconfig\hellomvc\build\classes\main\org\springframework\security\samples\config]
21:23:33.874 [Test worker] DEBUG o.s.c.i.s.PathMatchingResourcePatternResolver - Searching directory [D:\spring-security-4.2.2.RELEASE\samples\javaconfig\hellomvc\build\classes\main\org\springframework\security\samples\config] for files matching pattern [D:/spring-security-4.2.2.RELEASE/samples/javaconfig/hellomvc/build/classes/main/org/springframework/security/samples/config/**/*.class]
21:23:33.874 [Test worker] DEBUG o.s.c.i.s.PathMatchingResourcePatternResolver - Looking for matching resources in jar file [file:/D:/spring-security-4.2.2.RELEASE/samples/javaconfig/messages/build/libs/spring-security-samples-javaconfig-messages-4.2.2.RELEASE.jar]
21:23:33.874 [Test worker] DEBUG o.s.c.i.s.PathMatchingResourcePatternResolver - Resolved location pattern [classpath*:org/springframework/security/samples/config/**/*.class] to resources [file [D:\spring-security-4.2.2.RELEASE\samples\javaconfig\hellomvc\build\classes\test\org\springframework\security\samples\config\SecurityConfigTests.class], file [D:\spring-security-4.2.2.RELEASE\samples\javaconfig\hellomvc\build\classes\main\org\springframework\security\samples\config\MessageSecurityWebApplicationInitializer.class], file [D:\spring-security-4.2.2.RELEASE\samples\javaconfig\hellomvc\build\classes\main\org\springframework\security\samples\config\SecurityConfig.class], URL [jar:file:/D:/spring-security-4.2.2.RELEASE/samples/javaconfig/messages/build/libs/spring-security-samples-javaconfig-messages-4.2.2.RELEASE.jar!/org/springframework/security/samples/config/DataConfiguration.class], URL [jar:file:/D:/spring-security-4.2.2.RELEASE/samples/javaconfig/messages/build/libs/spring-security-samples-javaconfig-messages-4.2.2.RELEASE.jar!/org/springframework/security/samples/config/MessageWebApplicationInitializer.class], URL [jar:file:/D:/spring-security-4.2.2.RELEASE/samples/javaconfig/messages/build/libs/spring-security-samples-javaconfig-messages-4.2.2.RELEASE.jar!/org/springframework/security/samples/config/RootConfiguration.class]]
21:23:33.905 [Test worker] DEBUG o.s.c.a.ClassPathBeanDefinitionScanner - Identified candidate component class: file [D:\spring-security-4.2.2.RELEASE\samples\javaconfig\hellomvc\build\classes\main\org\springframework\security\samples\config\SecurityConfig.class]
21:23:33.921 [Test worker] DEBUG o.s.c.a.ClassPathBeanDefinitionScanner - Identified candidate component class: URL [jar:file:/D:/spring-security-4.2.2.RELEASE/samples/javaconfig/messages/build/libs/spring-security-samples-javaconfig-messages-4.2.2.RELEASE.jar!/org/springframework/security/samples/config/DataConfiguration.class]
21:23:33.967 [Test worker] DEBUG o.s.core.env.StandardEnvironment - Adding [systemProperties] PropertySource with lowest search precedence
21:23:33.967 [Test worker] DEBUG o.s.core.env.StandardEnvironment - Adding [systemEnvironment] PropertySource with lowest search precedence
21:23:33.967 [Test worker] DEBUG o.s.core.env.StandardEnvironment - Initialized StandardEnvironment with PropertySources [systemProperties,systemEnvironment]
21:23:33.967 [Test worker] DEBUG o.s.c.i.s.PathMatchingResourcePatternResolver - Resolved classpath location [org/springframework/security/samples/mvc/] to resources [URL [jar:file:/D:/spring-security-4.2.2.RELEASE/samples/javaconfig/messages/build/libs/spring-security-samples-javaconfig-messages-4.2.2.RELEASE.jar!/org/springframework/security/samples/mvc/]]
21:23:33.967 [Test worker] DEBUG o.s.c.i.s.PathMatchingResourcePatternResolver - Looking for matching resources in jar file [file:/D:/spring-security-4.2.2.RELEASE/samples/javaconfig/messages/build/libs/spring-security-samples-javaconfig-messages-4.2.2.RELEASE.jar]
21:23:33.967 [Test worker] DEBUG o.s.c.i.s.PathMatchingResourcePatternResolver - Resolved location pattern [classpath*:org/springframework/security/samples/mvc/**/*.class] to resources [URL [jar:file:/D:/spring-security-4.2.2.RELEASE/samples/javaconfig/messages/build/libs/spring-security-samples-javaconfig-messages-4.2.2.RELEASE.jar!/org/springframework/security/samples/mvc/config/WebMvcConfiguration.class], URL [jar:file:/D:/spring-security-4.2.2.RELEASE/samples/javaconfig/messages/build/libs/spring-security-samples-javaconfig-messages-4.2.2.RELEASE.jar!/org/springframework/security/samples/mvc/DefaultController.class], URL [jar:file:/D:/spring-security-4.2.2.RELEASE/samples/javaconfig/messages/build/libs/spring-security-samples-javaconfig-messages-4.2.2.RELEASE.jar!/org/springframework/security/samples/mvc/MessageController.class]]
21:23:33.983 [Test worker] DEBUG o.s.c.a.ClassPathBeanDefinitionScanner - Identified candidate component class: URL [jar:file:/D:/spring-security-4.2.2.RELEASE/samples/javaconfig/messages/build/libs/spring-security-samples-javaconfig-messages-4.2.2.RELEASE.jar!/org/springframework/security/samples/mvc/DefaultController.class]
21:23:33.983 [Test worker] DEBUG o.s.c.a.ClassPathBeanDefinitionScanner - Identified candidate component class: URL [jar:file:/D:/spring-security-4.2.2.RELEASE/samples/javaconfig/messages/build/libs/spring-security-samples-javaconfig-messages-4.2.2.RELEASE.jar!/org/springframework/security/samples/mvc/MessageController.class]
21:23:34.030 [Test worker] DEBUG o.s.c.a.ConfigurationClassBeanDefinitionReader - Registered bean definition for imported class 'org.springframework.security.config.annotation.configuration.ObjectPostProcessorConfiguration'
21:23:34.046 [Test worker] DEBUG o.s.c.a.ConfigurationClassBeanDefinitionReader - Registering bean definition for @Bean method org.springframework.security.config.annotation.configuration.ObjectPostProcessorConfiguration.objectPostProcessor()
21:23:34.046 [Test worker] DEBUG o.s.c.a.ConfigurationClassBeanDefinitionReader - Registered bean definition for imported class 'org.springframework.security.config.annotation.authentication.configuration.AuthenticationConfiguration'
21:23:34.046 [Test worker] DEBUG o.s.c.a.ConfigurationClassBeanDefinitionReader - Registering bean definition for @Bean method org.springframework.security.config.annotation.authentication.configuration.AuthenticationConfiguration.authenticationManagerBuilder()
21:23:34.046 [Test worker] DEBUG o.s.c.a.ConfigurationClassBeanDefinitionReader - Registering bean definition for @Bean method org.springframework.security.config.annotation.authentication.configuration.AuthenticationConfiguration.enableGlobalAuthenticationAutowiredConfigurer()
21:23:34.046 [Test worker] DEBUG o.s.c.a.ConfigurationClassBeanDefinitionReader - Registering bean definition for @Bean method org.springframework.security.config.annotation.authentication.configuration.AuthenticationConfiguration.initializeUserDetailsBeanManagerConfigurer()
21:23:34.046 [Test worker] DEBUG o.s.c.a.ConfigurationClassBeanDefinitionReader - Registering bean definition for @Bean method org.springframework.security.config.annotation.authentication.configuration.AuthenticationConfiguration.initializeAuthenticationProviderBeanManagerConfigurer()
21:23:34.046 [Test worker] DEBUG o.s.c.a.ConfigurationClassBeanDefinitionReader - Registered bean definition for imported class 'org.springframework.security.config.annotation.web.configuration.WebSecurityConfiguration'
21:23:34.046 [Test worker] DEBUG o.s.c.a.ConfigurationClassBeanDefinitionReader - Registering bean definition for @Bean method org.springframework.security.config.annotation.web.configuration.WebSecurityConfiguration.delegatingApplicationListener()
21:23:34.046 [Test worker] DEBUG o.s.c.a.ConfigurationClassBeanDefinitionReader - Registering bean definition for @Bean method org.springframework.security.config.annotation.web.configuration.WebSecurityConfiguration.webSecurityExpressionHandler()
21:23:34.046 [Test worker] DEBUG o.s.c.a.ConfigurationClassBeanDefinitionReader - Registering bean definition for @Bean method org.springframework.security.config.annotation.web.configuration.WebSecurityConfiguration.springSecurityFilterChain()
21:23:34.046 [Test worker] DEBUG o.s.c.a.ConfigurationClassBeanDefinitionReader - Registering bean definition for @Bean method org.springframework.security.config.annotation.web.configuration.WebSecurityConfiguration.privilegeEvaluator()
21:23:34.046 [Test worker] DEBUG o.s.c.a.ConfigurationClassBeanDefinitionReader - Registering bean definition for @Bean method org.springframework.security.config.annotation.web.configuration.WebSecurityConfiguration.autowiredWebSecurityConfigurersIgnoreParents()
21:23:34.046 [Test worker] DEBUG o.s.c.a.ConfigurationClassBeanDefinitionReader - Registered bean definition for imported class 'org.springframework.security.config.annotation.web.configuration.WebMvcSecurityConfiguration'
21:23:34.046 [Test worker] DEBUG o.s.c.a.ConfigurationClassBeanDefinitionReader - Registering bean definition for @Bean method org.springframework.security.config.annotation.web.configuration.WebMvcSecurityConfiguration.requestDataValueProcessor()
21:23:34.046 [Test worker] DEBUG o.s.c.a.ConfigurationClassBeanDefinitionReader - Registering bean definition for @Bean method org.springframework.security.samples.config.DataConfiguration.dataSource()
21:23:34.046 [Test worker] DEBUG o.s.c.a.ConfigurationClassBeanDefinitionReader - Registering bean definition for @Bean method org.springframework.security.samples.config.DataConfiguration.entityManagerFactory()
21:23:34.046 [Test worker] DEBUG o.s.c.a.ConfigurationClassBeanDefinitionReader - Registering bean definition for @Bean method org.springframework.security.samples.config.DataConfiguration.initDatabase()
21:23:34.046 [Test worker] DEBUG o.s.c.a.ConfigurationClassBeanDefinitionReader - Registering bean definition for @Bean method org.springframework.security.samples.config.DataConfiguration.transactionManager()
21:23:34.046 [Test worker] DEBUG o.s.core.env.StandardEnvironment - Adding [systemProperties] PropertySource with lowest search precedence
21:23:34.046 [Test worker] DEBUG o.s.core.env.StandardEnvironment - Adding [systemEnvironment] PropertySource with lowest search precedence
21:23:34.046 [Test worker] DEBUG o.s.core.env.StandardEnvironment - Initialized StandardEnvironment with PropertySources [systemProperties,systemEnvironment]
21:23:34.046 [Test worker] DEBUG o.s.c.i.s.PathMatchingResourcePatternResolver - Resolved classpath location [org/springframework/data/] to resources [URL [jar:file:/D:/soft/gradle-2.9/.gradle/caches/modules-2/files-2.1/org.springframework.data/spring-data-jpa/1.10.2.RELEASE/5da5131a02365790d38469cd3bae778e4891daff/spring-data-jpa-1.10.2.RELEASE.jar!/org/springframework/data/], URL [jar:file:/D:/soft/gradle-2.9/.gradle/caches/modules-2/files-2.1/org.springframework.data/spring-data-commons/1.12.2.RELEASE/a827ed936b8685c19eecda0abb86fb86193ddffc/spring-data-commons-1.12.2.RELEASE.jar!/org/springframework/data/]]
21:23:34.046 [Test worker] DEBUG o.s.c.i.s.PathMatchingResourcePatternResolver - Looking for matching resources in jar file [file:/D:/soft/gradle-2.9/.gradle/caches/modules-2/files-2.1/org.springframework.data/spring-data-jpa/1.10.2.RELEASE/5da5131a02365790d38469cd3bae778e4891daff/spring-data-jpa-1.10.2.RELEASE.jar]
21:23:34.061 [Test worker] DEBUG o.s.c.i.s.PathMatchingResourcePatternResolver - Looking for matching resources in jar file [file:/D:/soft/gradle-2.9/.gradle/caches/modules-2/files-2.1/org.springframework.data/spring-data-commons/1.12.2.RELEASE/a827ed936b8685c19eecda0abb86fb86193ddffc/spring-data-commons-1.12.2.RELEASE.jar]
21:23:34.077 [Test worker] DEBUG o.s.c.i.s.PathMatchingResourcePatternResolver - Resolved location pattern [classpath*:org/springframework/data/**/repository/support/**/*.class] to resources [URL [jar:file:/D:/soft/gradle-2.9/.gradle/caches/modules-2/files-2.1/org.springframework.data/spring-data-jpa/1.10.2.RELEASE/5da5131a02365790d38469cd3bae778e4891daff/spring-data-jpa-1.10.2.RELEASE.jar!/org/springframework/data/jpa/repository/support/CrudMethodMetadata.class], URL [jar:file:/D:/soft/gradle-2.9/.gradle/caches/modules-2/files-2.1/org.springframework.data/spring-data-jpa/1.10.2.RELEASE/5da5131a02365790d38469cd3bae778e4891daff/spring-data-jpa-1.10.2.RELEASE.jar!/org/springframework/data/jpa/repository/support/CrudMethodMetadataPostProcessor$1.class], URL [jar:file:/D:/soft/gradle-2.9/.gradle/caches/modules-2/files-2.1/org.springframework.data/spring-data-jpa/1.10.2.RELEASE/5da5131a02365790d38469cd3bae778e4891daff/spring-data-jpa-1.10.2.RELEASE.jar!/org/springframework/data/jpa/repository/support/CrudMethodMetadataPostProcessor$CrudMethodMetadataPopulatingMethodInterceptor.class], URL [jar:file:/D:/soft/gradle-2.9/.gradle/caches/modules-2/files-2.1/org.springframework.data/spring-data-jpa/1.10.2.RELEASE/5da5131a02365790d38469cd3bae778e4891daff/spring-data-jpa-1.10.2.RELEASE.jar!/org/springframework/data/jpa/repository/support/CrudMethodMetadataPostProcessor$DefaultCrudMethodMetadata.class], URL [jar:file:/D:/soft/gradle-2.9/.gradle/caches/modules-2/files-2.1/org.springframework.data/spring-data-jpa/1.10.2.RELEASE/5da5131a02365790d38469cd3bae778e4891daff/spring-data-jpa-1.10.2.RELEASE.jar!/org/springframework/data/jpa/repository/support/CrudMethodMetadataPostProcessor$ThreadBoundTargetSource.class], URL [jar:file:/D:/soft/gradle-2.9/.gradle/caches/modules-2/files-2.1/org.springframework.data/spring-data-jpa/1.10.2.RELEASE/5da5131a02365790d38469cd3bae778e4891daff/spring-data-jpa-1.10.2.RELEASE.jar!/org/springframework/data/jpa/repository/support/CrudMethodMetadataPostProcessor.class], URL [jar:file:/D:/soft/gradle-2.9/.gradle/caches/modules-2/files-2.1/org.springframework.data/spring-data-jpa/1.10.2.RELEASE/5da5131a02365790d38469cd3bae778e4891daff/spring-data-jpa-1.10.2.RELEASE.jar!/org/springframework/data/jpa/repository/support/DefaultJpaContext.class], URL [jar:file:/D:/soft/gradle-2.9/.gradle/caches/modules-2/files-2.1/org.springframework.data/spring-data-jpa/1.10.2.RELEASE/5da5131a02365790d38469cd3bae778e4891daff/spring-data-jpa-1.10.2.RELEASE.jar!/org/springframework/data/jpa/repository/support/EntityManagerBeanDefinitionRegistrarPostProcessor.class], URL [jar:file:/D:/soft/gradle-2.9/.gradle/caches/modules-2/files-2.1/org.springframework.data/spring-data-jpa/1.10.2.RELEASE/5da5131a02365790d38469cd3bae778e4891daff/spring-data-jpa-1.10.2.RELEASE.jar!/org/springframework/data/jpa/repository/support/JpaEntityInformation.class], URL [jar:file:/D:/soft/gradle-2.9/.gradle/caches/modules-2/files-2.1/org.springframework.data/spring-data-jpa/1.10.2.RELEASE/5da5131a02365790d38469cd3bae778e4891daff/spring-data-jpa-1.10.2.RELEASE.jar!/org/springframework/data/jpa/repository/support/JpaEntityInformationSupport.class], URL [jar:file:/D:/soft/gradle-2.9/.gradle/caches/modules-2/files-2.1/org.springframework.data/spring-data-jpa/1.10.2.RELEASE/5da5131a02365790d38469cd3bae778e4891daff/spring-data-jpa-1.10.2.RELEASE.jar!/org/springframework/data/jpa/repository/support/JpaMetamodelEntityInformation$IdentifierDerivingDirectFieldAccessFallbackBeanWrapper.class], URL [jar:file:/D:/soft/gradle-2.9/.gradle/caches/modules-2/files-2.1/org.springframework.data/spring-data-jpa/1.10.2.RELEASE/5da5131a02365790d38469cd3bae778e4891daff/spring-data-jpa-1.10.2.RELEASE.jar!/org/springframework/data/jpa/repository/support/JpaMetamodelEntityInformation$IdMetadata.class], URL [jar:file:/D:/soft/gradle-2.9/.gradle/caches/modules-2/files-2.1/org.springframework.data/spring-data-jpa/1.10.2.RELEASE/5da5131a02365790d38469cd3bae778e4891daff/spring-data-jpa-1.10.2.RELEASE.jar!/org/springframework/data/jpa/repository/support/JpaMetamodelEntityInformation.class], URL [jar:file:/D:/soft/gradle-2.9/.gradle/caches/modules-2/files-2.1/org.springframework.data/spring-data-jpa/1.10.2.RELEASE/5da5131a02365790d38469cd3bae778e4891daff/spring-data-jpa-1.10.2.RELEASE.jar!/org/springframework/data/jpa/repository/support/JpaPersistableEntityInformation.class], URL [jar:file:/D:/soft/gradle-2.9/.gradle/caches/modules-2/files-2.1/org.springframework.data/spring-data-jpa/1.10.2.RELEASE/5da5131a02365790d38469cd3bae778e4891daff/spring-data-jpa-1.10.2.RELEASE.jar!/org/springframework/data/jpa/repository/support/JpaRepositoryFactory.class], URL [jar:file:/D:/soft/gradle-2.9/.gradle/caches/modules-2/files-2.1/org.springframework.data/spring-data-jpa/1.10.2.RELEASE/5da5131a02365790d38469cd3bae778e4891daff/spring-data-jpa-1.10.2.RELEASE.jar!/org/springframework/data/jpa/repository/support/JpaRepositoryFactoryBean.class], URL [jar:file:/D:/soft/gradle-2.9/.gradle/caches/modules-2/files-2.1/org.springframework.data/spring-data-jpa/1.10.2.RELEASE/5da5131a02365790d38469cd3bae778e4891daff/spring-data-jpa-1.10.2.RELEASE.jar!/org/springframework/data/jpa/repository/support/Querydsl$1.class], URL [jar:file:/D:/soft/gradle-2.9/.gradle/caches/modules-2/files-2.1/org.springframework.data/spring-data-jpa/1.10.2.RELEASE/5da5131a02365790d38469cd3bae778e4891daff/spring-data-jpa-1.10.2.RELEASE.jar!/org/springframework/data/jpa/repository/support/Querydsl.class], URL [jar:file:/D:/soft/gradle-2.9/.gradle/caches/modules-2/files-2.1/org.springframework.data/spring-data-jpa/1.10.2.RELEASE/5da5131a02365790d38469cd3bae778e4891daff/spring-data-jpa-1.10.2.RELEASE.jar!/org/springframework/data/jpa/repository/support/QueryDslJpaRepository.class], URL [jar:file:/D:/soft/gradle-2.9/.gradle/caches/modules-2/files-2.1/org.springframework.data/spring-data-jpa/1.10.2.RELEASE/5da5131a02365790d38469cd3bae778e4891daff/spring-data-jpa-1.10.2.RELEASE.jar!/org/springframework/data/jpa/repository/support/QueryDslRepositorySupport.class], URL [jar:file:/D:/soft/gradle-2.9/.gradle/caches/modules-2/files-2.1/org.springframework.data/spring-data-jpa/1.10.2.RELEASE/5da5131a02365790d38469cd3bae778e4891daff/spring-data-jpa-1.10.2.RELEASE.jar!/org/springframework/data/jpa/repository/support/SimpleJpaRepository$ByIdsSpecification.class], URL [jar:file:/D:/soft/gradle-2.9/.gradle/caches/modules-2/files-2.1/org.springframework.data/spring-data-jpa/1.10.2.RELEASE/5da5131a02365790d38469cd3bae778e4891daff/spring-data-jpa-1.10.2.RELEASE.jar!/org/springframework/data/jpa/repository/support/SimpleJpaRepository$ExampleSpecification.class], URL [jar:file:/D:/soft/gradle-2.9/.gradle/caches/modules-2/files-2.1/org.springframework.data/spring-data-jpa/1.10.2.RELEASE/5da5131a02365790d38469cd3bae778e4891daff/spring-data-jpa-1.10.2.RELEASE.jar!/org/springframework/data/jpa/repository/support/SimpleJpaRepository.class], URL [jar:file:/D:/soft/gradle-2.9/.gradle/caches/modules-2/files-2.1/org.springframework.data/spring-data-commons/1.12.2.RELEASE/a827ed936b8685c19eecda0abb86fb86193ddffc/spring-data-commons-1.12.2.RELEASE.jar!/org/springframework/data/repository/support/AnnotationAttribute.class], URL [jar:file:/D:/soft/gradle-2.9/.gradle/caches/modules-2/files-2.1/org.springframework.data/spring-data-commons/1.12.2.RELEASE/a827ed936b8685c19eecda0abb86fb86193ddffc/spring-data-commons-1.12.2.RELEASE.jar!/org/springframework/data/repository/support/CrudRepositoryInvoker.class], URL [jar:file:/D:/soft/gradle-2.9/.gradle/caches/modules-2/files-2.1/org.springframework.data/spring-data-commons/1.12.2.RELEASE/a827ed936b8685c19eecda0abb86fb86193ddffc/spring-data-commons-1.12.2.RELEASE.jar!/org/springframework/data/repository/support/DefaultRepositoryInvokerFactory.class], URL [jar:file:/D:/soft/gradle-2.9/.gradle/caches/modules-2/files-2.1/org.springframework.data/spring-data-commons/1.12.2.RELEASE/a827ed936b8685c19eecda0abb86fb86193ddffc/spring-data-commons-1.12.2.RELEASE.jar!/org/springframework/data/repository/support/DomainClassConverter$ToEntityConverter.class], URL [jar:file:/D:/soft/gradle-2.9/.gradle/caches/modules-2/files-2.1/org.springframework.data/spring-data-commons/1.12.2.RELEASE/a827ed936b8685c19eecda0abb86fb86193ddffc/spring-data-commons-1.12.2.RELEASE.jar!/org/springframework/data/repository/support/DomainClassConverter$ToIdConverter.class], URL [jar:file:/D:/soft/gradle-2.9/.gradle/caches/modules-2/files-2.1/org.springframework.data/spring-data-commons/1.12.2.RELEASE/a827ed936b8685c19eecda0abb86fb86193ddffc/spring-data-commons-1.12.2.RELEASE.jar!/org/springframework/data/repository/support/DomainClassConverter.class], URL [jar:file:/D:/soft/gradle-2.9/.gradle/caches/modules-2/files-2.1/org.springframework.data/spring-data-commons/1.12.2.RELEASE/a827ed936b8685c19eecda0abb86fb86193ddffc/spring-data-commons-1.12.2.RELEASE.jar!/org/springframework/data/repository/support/DomainClassPropertyEditor.class], URL [jar:file:/D:/soft/gradle-2.9/.gradle/caches/modules-2/files-2.1/org.springframework.data/spring-data-commons/1.12.2.RELEASE/a827ed936b8685c19eecda0abb86fb86193ddffc/spring-data-commons-1.12.2.RELEASE.jar!/org/springframework/data/repository/support/DomainClassPropertyEditorRegistrar.class], URL [jar:file:/D:/soft/gradle-2.9/.gradle/caches/modules-2/files-2.1/org.springframework.data/spring-data-commons/1.12.2.RELEASE/a827ed936b8685c19eecda0abb86fb86193ddffc/spring-data-commons-1.12.2.RELEASE.jar!/org/springframework/data/repository/support/MethodParameters$AnnotationNamingMethodParameter.class], URL [jar:file:/D:/soft/gradle-2.9/.gradle/caches/modules-2/files-2.1/org.springframework.data/spring-data-commons/1.12.2.RELEASE/a827ed936b8685c19eecda0abb86fb86193ddffc/spring-data-commons-1.12.2.RELEASE.jar!/org/springframework/data/repository/support/MethodParameters.class], URL [jar:file:/D:/soft/gradle-2.9/.gradle/caches/modules-2/files-2.1/org.springframework.data/spring-data-commons/1.12.2.RELEASE/a827ed936b8685c19eecda0abb86fb86193ddffc/spring-data-commons-1.12.2.RELEASE.jar!/org/springframework/data/repository/support/PagingAndSortingRepositoryInvoker.class], URL [jar:file:/D:/soft/gradle-2.9/.gradle/caches/modules-2/files-2.1/org.springframework.data/spring-data-commons/1.12.2.RELEASE/a827ed936b8685c19eecda0abb86fb86193ddffc/spring-data-commons-1.12.2.RELEASE.jar!/org/springframework/data/repository/support/QueryMethodParameterConversionException.class], URL [jar:file:/D:/soft/gradle-2.9/.gradle/caches/modules-2/files-2.1/org.springframework.data/spring-data-commons/1.12.2.RELEASE/a827ed936b8685c19eecda0abb86fb86193ddffc/spring-data-commons-1.12.2.RELEASE.jar!/org/springframework/data/repository/support/ReflectionRepositoryInvoker.class], URL [jar:file:/D:/soft/gradle-2.9/.gradle/caches/modules-2/files-2.1/org.springframework.data/spring-data-commons/1.12.2.RELEASE/a827ed936b8685c19eecda0abb86fb86193ddffc/spring-data-commons-1.12.2.RELEASE.jar!/org/springframework/data/repository/support/Repositories$EmptyRepositoryFactoryInformation.class], URL [jar:file:/D:/soft/gradle-2.9/.gradle/caches/modules-2/files-2.1/org.springframework.data/spring-data-commons/1.12.2.RELEASE/a827ed936b8685c19eecda0abb86fb86193ddffc/spring-data-commons-1.12.2.RELEASE.jar!/org/springframework/data/repository/support/Repositories.class], URL [jar:file:/D:/soft/gradle-2.9/.gradle/caches/modules-2/files-2.1/org.springframework.data/spring-data-commons/1.12.2.RELEASE/a827ed936b8685c19eecda0abb86fb86193ddffc/spring-data-commons-1.12.2.RELEASE.jar!/org/springframework/data/repository/support/RepositoryInvocationInformation.class], URL [jar:file:/D:/soft/gradle-2.9/.gradle/caches/modules-2/files-2.1/org.springframework.data/spring-data-commons/1.12.2.RELEASE/a827ed936b8685c19eecda0abb86fb86193ddffc/spring-data-commons-1.12.2.RELEASE.jar!/org/springframework/data/repository/support/RepositoryInvoker.class], URL [jar:file:/D:/soft/gradle-2.9/.gradle/caches/modules-2/files-2.1/org.springframework.data/spring-data-commons/1.12.2.RELEASE/a827ed936b8685c19eecda0abb86fb86193ddffc/spring-data-commons-1.12.2.RELEASE.jar!/org/springframework/data/repository/support/RepositoryInvokerFactory.class]]
21:23:34.108 [Test worker] DEBUG o.s.c.a.ClassPathScanningCandidateComponentProvider - Identified candidate component class: URL [jar:file:/D:/soft/gradle-2.9/.gradle/caches/modules-2/files-2.1/org.springframework.data/spring-data-jpa/1.10.2.RELEASE/5da5131a02365790d38469cd3bae778e4891daff/spring-data-jpa-1.10.2.RELEASE.jar!/org/springframework/data/jpa/repository/support/JpaRepositoryFactory.class]
21:23:34.155 [Test worker] DEBUG o.s.core.env.StandardEnvironment - Adding [systemProperties] PropertySource with lowest search precedence
21:23:34.155 [Test worker] DEBUG o.s.core.env.StandardEnvironment - Adding [systemEnvironment] PropertySource with lowest search precedence
21:23:34.155 [Test worker] DEBUG o.s.core.env.StandardEnvironment - Initialized StandardEnvironment with PropertySources [systemProperties,systemEnvironment]
21:23:34.155 [Test worker] DEBUG o.s.c.i.s.PathMatchingResourcePatternResolver - Resolved classpath location [org/springframework/security/samples/data/] to resources [URL [jar:file:/D:/spring-security-4.2.2.RELEASE/samples/javaconfig/messages/build/libs/spring-security-samples-javaconfig-messages-4.2.2.RELEASE.jar!/org/springframework/security/samples/data/]]
21:23:34.155 [Test worker] DEBUG o.s.c.i.s.PathMatchingResourcePatternResolver - Looking for matching resources in jar file [file:/D:/spring-security-4.2.2.RELEASE/samples/javaconfig/messages/build/libs/spring-security-samples-javaconfig-messages-4.2.2.RELEASE.jar]
21:23:34.155 [Test worker] DEBUG o.s.c.i.s.PathMatchingResourcePatternResolver - Resolved location pattern [classpath*:org/springframework/security/samples/data/**/*.class] to resources [URL [jar:file:/D:/spring-security-4.2.2.RELEASE/samples/javaconfig/messages/build/libs/spring-security-samples-javaconfig-messages-4.2.2.RELEASE.jar!/org/springframework/security/samples/data/Message.class], URL [jar:file:/D:/spring-security-4.2.2.RELEASE/samples/javaconfig/messages/build/libs/spring-security-samples-javaconfig-messages-4.2.2.RELEASE.jar!/org/springframework/security/samples/data/MessageRepository.class]]
21:23:34.171 [Test worker] DEBUG o.s.d.r.c.RepositoryComponentProvider - Identified candidate component class: URL [jar:file:/D:/spring-security-4.2.2.RELEASE/samples/javaconfig/messages/build/libs/spring-security-samples-javaconfig-messages-4.2.2.RELEASE.jar!/org/springframework/security/samples/data/MessageRepository.class]
21:23:34.171 [Test worker] DEBUG o.s.core.env.StandardEnvironment - Adding [systemProperties] PropertySource with lowest search precedence
21:23:34.171 [Test worker] DEBUG o.s.core.env.StandardEnvironment - Adding [systemEnvironment] PropertySource with lowest search precedence
21:23:34.171 [Test worker] DEBUG o.s.core.env.StandardEnvironment - Initialized StandardEnvironment with PropertySources [systemProperties,systemEnvironment]
21:23:34.171 [Test worker] DEBUG o.s.c.i.s.PathMatchingResourcePatternResolver - Resolved classpath location [org/springframework/security/samples/data/] to resources [URL [jar:file:/D:/spring-security-4.2.2.RELEASE/samples/javaconfig/messages/build/libs/spring-security-samples-javaconfig-messages-4.2.2.RELEASE.jar!/org/springframework/security/samples/data/]]
21:23:34.171 [Test worker] DEBUG o.s.c.i.s.PathMatchingResourcePatternResolver - Looking for matching resources in jar file [file:/D:/spring-security-4.2.2.RELEASE/samples/javaconfig/messages/build/libs/spring-security-samples-javaconfig-messages-4.2.2.RELEASE.jar]
21:23:34.171 [Test worker] DEBUG o.s.c.i.s.PathMatchingResourcePatternResolver - Resolved location pattern [classpath*:org/springframework/security/samples/data/**/*MessageRepositoryImpl.class] to resources []
21:23:34.171 [Test worker] DEBUG o.s.d.r.c.RepositoryConfigurationDelegate - Spring Data JPA - Registering repository: messageRepository - Interface: org.springframework.security.samples.data.MessageRepository - Factory: org.springframework.data.jpa.repository.support.JpaRepositoryFactoryBean
21:23:34.171 [Test worker] DEBUG o.s.c.a.ConfigurationClassBeanDefinitionReader - Registered bean definition for imported class 'org.springframework.web.servlet.config.annotation.DelegatingWebMvcConfiguration'
21:23:34.171 [Test worker] DEBUG o.s.c.a.ConfigurationClassBeanDefinitionReader - Registering bean definition for @Bean method org.springframework.web.servlet.config.annotation.DelegatingWebMvcConfiguration.mvcValidator()
21:23:34.171 [Test worker] DEBUG o.s.c.a.ConfigurationClassBeanDefinitionReader - Registering bean definition for @Bean method org.springframework.web.servlet.config.annotation.DelegatingWebMvcConfiguration.mvcViewResolver()
21:23:34.171 [Test worker] DEBUG o.s.c.a.ConfigurationClassBeanDefinitionReader - Registering bean definition for @Bean method org.springframework.web.servlet.config.annotation.DelegatingWebMvcConfiguration.mvcPathMatcher()
21:23:34.171 [Test worker] DEBUG o.s.c.a.ConfigurationClassBeanDefinitionReader - Registering bean definition for @Bean method org.springframework.web.servlet.config.annotation.DelegatingWebMvcConfiguration.mvcUrlPathHelper()
21:23:34.186 [Test worker] DEBUG o.s.c.a.ConfigurationClassBeanDefinitionReader - Registering bean definition for @Bean method org.springframework.web.servlet.config.annotation.DelegatingWebMvcConfiguration.mvcConversionService()
21:23:34.186 [Test worker] DEBUG o.s.c.a.ConfigurationClassBeanDefinitionReader - Registering bean definition for @Bean method org.springframework.web.servlet.config.annotation.DelegatingWebMvcConfiguration.resourceHandlerMapping()
21:23:34.186 [Test worker] DEBUG o.s.c.a.ConfigurationClassBeanDefinitionReader - Registering bean definition for @Bean method org.springframework.web.servlet.config.annotation.DelegatingWebMvcConfiguration.beanNameHandlerMapping()
21:23:34.186 [Test worker] DEBUG o.s.c.a.ConfigurationClassBeanDefinitionReader - Registering bean definition for @Bean method org.springframework.web.servlet.config.annotation.DelegatingWebMvcConfiguration.handlerExceptionResolver()
21:23:34.186 [Test worker] DEBUG o.s.c.a.ConfigurationClassBeanDefinitionReader - Registering bean definition for @Bean method org.springframework.web.servlet.config.annotation.DelegatingWebMvcConfiguration.requestMappingHandlerMapping()
21:23:34.186 [Test worker] DEBUG o.s.c.a.ConfigurationClassBeanDefinitionReader - Registering bean definition for @Bean method org.springframework.web.servlet.config.annotation.DelegatingWebMvcConfiguration.defaultServletHandlerMapping()
21:23:34.186 [Test worker] DEBUG o.s.c.a.ConfigurationClassBeanDefinitionReader - Registering bean definition for @Bean method org.springframework.web.servlet.config.annotation.DelegatingWebMvcConfiguration.requestMappingHandlerAdapter()
21:23:34.186 [Test worker] DEBUG o.s.c.a.ConfigurationClassBeanDefinitionReader - Registering bean definition for @Bean method org.springframework.web.servlet.config.annotation.DelegatingWebMvcConfiguration.mvcUriComponentsContributor()
21:23:34.186 [Test worker] DEBUG o.s.c.a.ConfigurationClassBeanDefinitionReader - Registering bean definition for @Bean method org.springframework.web.servlet.config.annotation.DelegatingWebMvcConfiguration.mvcContentNegotiationManager()
21:23:34.186 [Test worker] DEBUG o.s.c.a.ConfigurationClassBeanDefinitionReader - Registering bean definition for @Bean method org.springframework.web.servlet.config.annotation.DelegatingWebMvcConfiguration.simpleControllerHandlerAdapter()
21:23:34.186 [Test worker] DEBUG o.s.c.a.ConfigurationClassBeanDefinitionReader - Registering bean definition for @Bean method org.springframework.web.servlet.config.annotation.DelegatingWebMvcConfiguration.mvcResourceUrlProvider()
21:23:34.186 [Test worker] DEBUG o.s.c.a.ConfigurationClassBeanDefinitionReader - Registering bean definition for @Bean method org.springframework.web.servlet.config.annotation.DelegatingWebMvcConfiguration.viewControllerHandlerMapping()
21:23:34.186 [Test worker] DEBUG o.s.c.a.ConfigurationClassBeanDefinitionReader - Registering bean definition for @Bean method org.springframework.web.servlet.config.annotation.DelegatingWebMvcConfiguration.httpRequestHandlerAdapter()
21:23:34.186 [Test worker] DEBUG o.s.c.a.ConfigurationClassBeanDefinitionReader - Registering bean definition for @Bean method org.springframework.security.samples.mvc.config.WebMvcConfiguration.templateEngine()
21:23:34.186 [Test worker] DEBUG o.s.c.a.ConfigurationClassBeanDefinitionReader - Registering bean definition for @Bean method org.springframework.security.samples.mvc.config.WebMvcConfiguration.viewResolver()
21:23:34.186 [Test worker] DEBUG o.s.c.a.ConfigurationClassBeanDefinitionReader - Registering bean definition for @Bean method org.springframework.security.samples.mvc.config.WebMvcConfiguration.domainClassConverter()
21:23:34.311 [Test worker] DEBUG o.s.c.a.ConfigurationClassEnhancer - Successfully enhanced org.springframework.security.samples.config.RootConfiguration; enhanced class name is: org.springframework.security.samples.config.RootConfiguration$$EnhancerBySpringCGLIB$$ef26bf76
21:23:34.311 [Test worker] DEBUG o.s.c.a.ConfigurationClassPostProcessor - Replacing bean definition 'rootConfiguration' existing class 'org.springframework.security.samples.config.RootConfiguration' with enhanced class 'org.springframework.security.samples.config.RootConfiguration$$EnhancerBySpringCGLIB$$ef26bf76'
21:23:34.327 [Test worker] DEBUG o.s.c.a.ConfigurationClassEnhancer - Successfully enhanced org.springframework.security.samples.config.SecurityConfig; enhanced class name is: org.springframework.security.samples.config.SecurityConfig$$EnhancerBySpringCGLIB$$e443ff24
21:23:34.327 [Test worker] DEBUG o.s.c.a.ConfigurationClassPostProcessor - Replacing bean definition 'securityConfig' existing class 'org.springframework.security.samples.config.SecurityConfig' with enhanced class 'org.springframework.security.samples.config.SecurityConfig$$EnhancerBySpringCGLIB$$e443ff24'
21:23:34.327 [Test worker] DEBUG o.s.c.a.ConfigurationClassEnhancer - Successfully enhanced org.springframework.security.samples.config.DataConfiguration; enhanced class name is: org.springframework.security.samples.config.DataConfiguration$$EnhancerBySpringCGLIB$$336604ae
21:23:34.327 [Test worker] DEBUG o.s.c.a.ConfigurationClassPostProcessor - Replacing bean definition 'dataConfiguration' existing class 'org.springframework.security.samples.config.DataConfiguration' with enhanced class 'org.springframework.security.samples.config.DataConfiguration$$EnhancerBySpringCGLIB$$336604ae'
21:23:34.327 [Test worker] DEBUG o.s.c.a.ConfigurationClassEnhancer - Successfully enhanced org.springframework.security.config.annotation.configuration.ObjectPostProcessorConfiguration; enhanced class name is: org.springframework.security.config.annotation.configuration.ObjectPostProcessorConfiguration$$EnhancerBySpringCGLIB$$47960d7
21:23:34.327 [Test worker] DEBUG o.s.c.a.ConfigurationClassPostProcessor - Replacing bean definition 'org.springframework.security.config.annotation.configuration.ObjectPostProcessorConfiguration' existing class 'org.springframework.security.config.annotation.configuration.ObjectPostProcessorConfiguration' with enhanced class 'org.springframework.security.config.annotation.configuration.ObjectPostProcessorConfiguration$$EnhancerBySpringCGLIB$$47960d7'
21:23:34.327 [Test worker] DEBUG o.s.c.a.ConfigurationClassEnhancer - Successfully enhanced org.springframework.security.config.annotation.authentication.configuration.AuthenticationConfiguration; enhanced class name is: org.springframework.security.config.annotation.authentication.configuration.AuthenticationConfiguration$$EnhancerBySpringCGLIB$$50426b4c
21:23:34.327 [Test worker] DEBUG o.s.c.a.ConfigurationClassPostProcessor - Replacing bean definition 'org.springframework.security.config.annotation.authentication.configuration.AuthenticationConfiguration' existing class 'org.springframework.security.config.annotation.authentication.configuration.AuthenticationConfiguration' with enhanced class 'org.springframework.security.config.annotation.authentication.configuration.AuthenticationConfiguration$$EnhancerBySpringCGLIB$$50426b4c'
21:23:34.327 [Test worker] DEBUG o.s.c.a.ConfigurationClassEnhancer - Successfully enhanced org.springframework.security.config.annotation.authentication.configuration.AuthenticationConfiguration; enhanced class name is: org.springframework.security.config.annotation.authentication.configuration.AuthenticationConfiguration$$EnhancerBySpringCGLIB$$50426b4c
21:23:34.327 [Test worker] DEBUG o.s.c.a.ConfigurationClassPostProcessor - Replacing bean definition 'enableGlobalAuthenticationAutowiredConfigurer' existing class 'org.springframework.security.config.annotation.authentication.configuration.AuthenticationConfiguration' with enhanced class 'org.springframework.security.config.annotation.authentication.configuration.AuthenticationConfiguration$$EnhancerBySpringCGLIB$$50426b4c'
21:23:34.327 [Test worker] DEBUG o.s.c.a.ConfigurationClassEnhancer - Successfully enhanced org.springframework.security.config.annotation.authentication.configuration.AuthenticationConfiguration; enhanced class name is: org.springframework.security.config.annotation.authentication.configuration.AuthenticationConfiguration$$EnhancerBySpringCGLIB$$50426b4c
21:23:34.327 [Test worker] DEBUG o.s.c.a.ConfigurationClassPostProcessor - Replacing bean definition 'initializeUserDetailsBeanManagerConfigurer' existing class 'org.springframework.security.config.annotation.authentication.configuration.AuthenticationConfiguration' with enhanced class 'org.springframework.security.config.annotation.authentication.configuration.AuthenticationConfiguration$$EnhancerBySpringCGLIB$$50426b4c'
21:23:34.327 [Test worker] DEBUG o.s.c.a.ConfigurationClassEnhancer - Successfully enhanced org.springframework.security.config.annotation.authentication.configuration.AuthenticationConfiguration; enhanced class name is: org.springframework.security.config.annotation.authentication.configuration.AuthenticationConfiguration$$EnhancerBySpringCGLIB$$50426b4c
21:23:34.327 [Test worker] DEBUG o.s.c.a.ConfigurationClassPostProcessor - Replacing bean definition 'initializeAuthenticationProviderBeanManagerConfigurer' existing class 'org.springframework.security.config.annotation.authentication.configuration.AuthenticationConfiguration' with enhanced class 'org.springframework.security.config.annotation.authentication.configuration.AuthenticationConfiguration$$EnhancerBySpringCGLIB$$50426b4c'
21:23:34.343 [Test worker] DEBUG o.s.c.a.ConfigurationClassEnhancer - Successfully enhanced org.springframework.security.config.annotation.web.configuration.WebSecurityConfiguration; enhanced class name is: org.springframework.security.config.annotation.web.configuration.WebSecurityConfiguration$$EnhancerBySpringCGLIB$$12fcc590
21:23:34.343 [Test worker] DEBUG o.s.c.a.ConfigurationClassPostProcessor - Replacing bean definition 'org.springframework.security.config.annotation.web.configuration.WebSecurityConfiguration' existing class 'org.springframework.security.config.annotation.web.configuration.WebSecurityConfiguration' with enhanced class 'org.springframework.security.config.annotation.web.configuration.WebSecurityConfiguration$$EnhancerBySpringCGLIB$$12fcc590'
21:23:34.343 [Test worker] DEBUG o.s.c.a.ConfigurationClassEnhancer - Successfully enhanced org.springframework.security.config.annotation.web.configuration.WebSecurityConfiguration; enhanced class name is: org.springframework.security.config.annotation.web.configuration.WebSecurityConfiguration$$EnhancerBySpringCGLIB$$12fcc590
21:23:34.343 [Test worker] DEBUG o.s.c.a.ConfigurationClassPostProcessor - Replacing bean definition 'delegatingApplicationListener' existing class 'org.springframework.security.config.annotation.web.configuration.WebSecurityConfiguration' with enhanced class 'org.springframework.security.config.annotation.web.configuration.WebSecurityConfiguration$$EnhancerBySpringCGLIB$$12fcc590'
21:23:34.358 [Test worker] DEBUG o.s.c.a.ConfigurationClassEnhancer - Successfully enhanced org.springframework.web.servlet.config.annotation.DelegatingWebMvcConfiguration; enhanced class name is: org.springframework.web.servlet.config.annotation.DelegatingWebMvcConfiguration$$EnhancerBySpringCGLIB$$308c7dd3
21:23:34.358 [Test worker] DEBUG o.s.c.a.ConfigurationClassPostProcessor - Replacing bean definition 'org.springframework.web.servlet.config.annotation.DelegatingWebMvcConfiguration' existing class 'org.springframework.web.servlet.config.annotation.DelegatingWebMvcConfiguration' with enhanced class 'org.springframework.web.servlet.config.annotation.DelegatingWebMvcConfiguration$$EnhancerBySpringCGLIB$$308c7dd3'
21:23:34.358 [Test worker] DEBUG o.s.b.f.s.DefaultListableBeanFactory - Creating shared instance of singleton bean 'emBeanDefinitionRegistrarPostProcessor'
21:23:34.358 [Test worker] DEBUG o.s.b.f.s.DefaultListableBeanFactory - Creating instance of bean 'emBeanDefinitionRegistrarPostProcessor'
21:23:34.358 [Test worker] DEBUG o.s.b.f.s.DefaultListableBeanFactory - Eagerly caching bean 'emBeanDefinitionRegistrarPostProcessor' to allow for resolving potential circular references
21:23:34.374 [Test worker] DEBUG o.s.b.f.s.DefaultListableBeanFactory - Finished creating instance of bean 'emBeanDefinitionRegistrarPostProcessor'
21:23:34.374 [Test worker] DEBUG o.s.b.f.s.DefaultListableBeanFactory - Creating shared instance of singleton bean 'org.springframework.context.annotation.internalAutowiredAnnotationProcessor'
21:23:34.374 [Test worker] DEBUG o.s.b.f.s.DefaultListableBeanFactory - Creating instance of bean 'org.springframework.context.annotation.internalAutowiredAnnotationProcessor'
21:23:34.374 [Test worker] DEBUG o.s.b.f.s.DefaultListableBeanFactory - Eagerly caching bean 'org.springframework.context.annotation.internalAutowiredAnnotationProcessor' to allow for resolving potential circular references
21:23:34.389 [Test worker] DEBUG o.s.b.f.s.DefaultListableBeanFactory - Finished creating instance of bean 'org.springframework.context.annotation.internalAutowiredAnnotationProcessor'
21:23:34.389 [Test worker] DEBUG o.s.b.f.s.DefaultListableBeanFactory - Creating shared instance of singleton bean 'org.springframework.context.annotation.internalRequiredAnnotationProcessor'
21:23:34.389 [Test worker] DEBUG o.s.b.f.s.DefaultListableBeanFactory - Creating instance of bean 'org.springframework.context.annotation.internalRequiredAnnotationProcessor'
21:23:34.389 [Test worker] DEBUG o.s.b.f.s.DefaultListableBeanFactory - Eagerly caching bean 'org.springframework.context.annotation.internalRequiredAnnotationProcessor' to allow for resolving potential circular references
21:23:34.389 [Test worker] DEBUG o.s.b.f.s.DefaultListableBeanFactory - Finished creating instance of bean 'org.springframework.context.annotation.internalRequiredAnnotationProcessor'
21:23:34.389 [Test worker] DEBUG o.s.b.f.s.DefaultListableBeanFactory - Creating shared instance of singleton bean 'org.springframework.context.annotation.internalCommonAnnotationProcessor'
21:23:34.389 [Test worker] DEBUG o.s.b.f.s.DefaultListableBeanFactory - Creating instance of bean 'org.springframework.context.annotation.internalCommonAnnotationProcessor'
21:23:34.405 [Test worker] DEBUG o.s.b.f.s.DefaultListableBeanFactory - Eagerly caching bean 'org.springframework.context.annotation.internalCommonAnnotationProcessor' to allow for resolving potential circular references
21:23:34.405 [Test worker] DEBUG o.s.b.f.s.DefaultListableBeanFactory - Finished creating instance of bean 'org.springframework.context.annotation.internalCommonAnnotationProcessor'
21:23:34.405 [Test worker] DEBUG o.s.b.f.s.DefaultListableBeanFactory - Creating shared instance of singleton bean 'org.springframework.context.annotation.internalPersistenceAnnotationProcessor'
21:23:34.405 [Test worker] DEBUG o.s.b.f.s.DefaultListableBeanFactory - Creating instance of bean 'org.springframework.context.annotation.internalPersistenceAnnotationProcessor'
21:23:34.405 [Test worker] DEBUG o.s.b.f.s.DefaultListableBeanFactory - Eagerly caching bean 'org.springframework.context.annotation.internalPersistenceAnnotationProcessor' to allow for resolving potential circular references
21:23:34.405 [Test worker] DEBUG o.s.b.f.s.DefaultListableBeanFactory - Finished creating instance of bean 'org.springframework.context.annotation.internalPersistenceAnnotationProcessor'
21:23:34.405 [Test worker] DEBUG o.s.b.f.s.DefaultListableBeanFactory - Creating shared instance of singleton bean 'org.springframework.data.repository.core.support.RepositoryFactoryBeanSupport_Predictor'
21:23:34.421 [Test worker] DEBUG o.s.b.f.s.DefaultListableBeanFactory - Creating instance of bean 'org.springframework.data.repository.core.support.RepositoryFactoryBeanSupport_Predictor'
21:23:34.436 [Test worker] DEBUG o.s.b.f.s.DefaultListableBeanFactory - Eagerly caching bean 'org.springframework.data.repository.core.support.RepositoryFactoryBeanSupport_Predictor' to allow for resolving potential circular references
21:23:34.436 [Test worker] DEBUG o.s.b.f.s.DefaultListableBeanFactory - Finished creating instance of bean 'org.springframework.data.repository.core.support.RepositoryFactoryBeanSupport_Predictor'
21:23:34.436 [Test worker] DEBUG o.s.w.c.s.GenericWebApplicationContext - Unable to locate MessageSource with name 'messageSource': using default [org.springframework.context.support.DelegatingMessageSource@fcda584]
21:23:34.436 [Test worker] DEBUG o.s.w.c.s.GenericWebApplicationContext - Unable to locate ApplicationEventMulticaster with name 'applicationEventMulticaster': using default [org.springframework.context.event.SimpleApplicationEventMulticaster@7fab439d]
21:23:34.452 [Test worker] DEBUG o.s.u.c.s.UiApplicationContextUtils - Unable to locate ThemeSource with name 'themeSource': using default [org.springframework.ui.context.support.ResourceBundleThemeSource@6834236e]
21:23:34.452 [Test worker] DEBUG o.s.b.f.s.DefaultListableBeanFactory - Creating shared instance of singleton bean 'entityManagerFactory'
21:23:34.452 [Test worker] DEBUG o.s.b.f.s.DefaultListableBeanFactory - Creating instance of bean 'entityManagerFactory'
21:23:34.452 [Test worker] DEBUG o.s.b.f.s.DefaultListableBeanFactory - Creating shared instance of singleton bean 'dataConfiguration'
21:23:34.452 [Test worker] DEBUG o.s.b.f.s.DefaultListableBeanFactory - Creating instance of bean 'dataConfiguration'
21:23:34.452 [Test worker] DEBUG o.s.b.f.s.DefaultListableBeanFactory - Eagerly caching bean 'dataConfiguration' to allow for resolving potential circular references
21:23:34.468 [Test worker] DEBUG o.s.b.f.s.DefaultListableBeanFactory - Finished creating instance of bean 'dataConfiguration'
21:23:34.530 [Test worker] DEBUG org.jboss.logging - Logging Provider: org.jboss.logging.Slf4jLoggerProvider
21:23:34.546 [Test worker] DEBUG o.s.b.f.s.DefaultListableBeanFactory - Creating shared instance of singleton bean 'dataSource'
21:23:34.546 [Test worker] DEBUG o.s.b.f.s.DefaultListableBeanFactory - Creating instance of bean 'dataSource'
21:23:34.546 [Test worker] DEBUG o.s.b.f.s.DefaultListableBeanFactory - Returning cached instance of singleton bean 'dataConfiguration'
21:23:34.546 [Test worker] INFO  o.s.j.d.e.EmbeddedDatabaseFactory - Starting embedded database: url='jdbc:hsqldb:mem:testdb', username='sa'
21:23:34.561 [Test worker] DEBUG o.s.jdbc.datasource.DataSourceUtils - Fetching JDBC Connection from DataSource
21:23:34.561 [Test worker] DEBUG o.s.j.d.SimpleDriverDataSource - Creating new JDBC Driver Connection to [jdbc:hsqldb:mem:testdb]
21:23:34.905 [Test worker] DEBUG o.s.jdbc.datasource.DataSourceUtils - Returning JDBC Connection to DataSource
21:23:34.905 [Test worker] DEBUG o.s.b.f.s.DefaultListableBeanFactory - Eagerly caching bean 'dataSource' to allow for resolving potential circular references
21:23:34.905 [Test worker] DEBUG o.s.b.f.s.DefaultListableBeanFactory - Finished creating instance of bean 'dataSource'
21:23:34.905 [Test worker] DEBUG o.s.b.f.s.DefaultListableBeanFactory - Eagerly caching bean 'entityManagerFactory' to allow for resolving potential circular references
21:23:34.921 [Test worker] DEBUG o.s.b.f.s.DefaultListableBeanFactory - Invoking afterPropertiesSet() on bean with name 'entityManagerFactory'
21:23:34.936 [Test worker] DEBUG o.s.c.i.s.PathMatchingResourcePatternResolver - Resolved classpath location [META-INF/persistence.xml] to resources []
21:23:34.936 [Test worker] DEBUG o.s.c.i.s.PathMatchingResourcePatternResolver - Resolved classpath location [org/springframework/security/samples/data/] to resources [URL [jar:file:/D:/spring-security-4.2.2.RELEASE/samples/javaconfig/messages/build/libs/spring-security-samples-javaconfig-messages-4.2.2.RELEASE.jar!/org/springframework/security/samples/data/]]
21:23:34.936 [Test worker] DEBUG o.s.c.i.s.PathMatchingResourcePatternResolver - Looking for matching resources in jar file [file:/D:/spring-security-4.2.2.RELEASE/samples/javaconfig/messages/build/libs/spring-security-samples-javaconfig-messages-4.2.2.RELEASE.jar]
21:23:34.936 [Test worker] DEBUG o.s.c.i.s.PathMatchingResourcePatternResolver - Resolved location pattern [classpath*:org/springframework/security/samples/data/**/*.class] to resources [URL [jar:file:/D:/spring-security-4.2.2.RELEASE/samples/javaconfig/messages/build/libs/spring-security-samples-javaconfig-messages-4.2.2.RELEASE.jar!/org/springframework/security/samples/data/Message.class], URL [jar:file:/D:/spring-security-4.2.2.RELEASE/samples/javaconfig/messages/build/libs/spring-security-samples-javaconfig-messages-4.2.2.RELEASE.jar!/org/springframework/security/samples/data/MessageRepository.class]]
21:23:34.936 [Test worker] INFO  o.s.o.j.LocalContainerEntityManagerFactoryBean - Building JPA container EntityManagerFactory for persistence unit 'default'
21:23:34.968 [Test worker] DEBUG o.h.jpa.internal.util.LogHelper - PersistenceUnitInfo [
	name: default
	persistence provider classname: null
	classloader: sun.misc.Launcher$AppClassLoader@73d16e93
	excludeUnlistedClasses: true
	JTA datasource: null
	Non JTA datasource: org.springframework.jdbc.datasource.embedded.EmbeddedDatabaseFactory$EmbeddedDataSourceProxy@c9d38bf
	Transaction type: RESOURCE_LOCAL
	PU root URL: file:/D:/spring-security-4.2.2.RELEASE/samples/javaconfig/messages/build/libs/spring-security-samples-javaconfig-messages-4.2.2.RELEASE.jar
	Shared Cache Mode: UNSPECIFIED
	Validation Mode: AUTO
	Jar files URLs []
	Managed classes names [
		org.springframework.security.samples.data.Message]
	Mapping files names []
	Properties []
21:23:34.983 [Test worker] DEBUG o.h.i.internal.IntegratorServiceImpl - Adding Integrator [org.hibernate.cfg.beanvalidation.BeanValidationIntegrator].
21:23:34.983 [Test worker] DEBUG o.h.i.internal.IntegratorServiceImpl - Adding Integrator [org.hibernate.secure.spi.JaccIntegrator].
21:23:34.999 [Test worker] DEBUG o.h.i.internal.IntegratorServiceImpl - Adding Integrator [org.hibernate.cache.internal.CollectionCacheInvalidator].
21:23:34.999 [Test worker] DEBUG o.h.i.internal.IntegratorServiceImpl - Adding Integrator [org.hibernate.jpa.event.spi.JpaIntegrator].
21:23:35.124 [Test worker] INFO  org.hibernate.Version - HHH000412: Hibernate Core {5.0.11.Final}
21:23:35.124 [Test worker] INFO  org.hibernate.cfg.Environment - HHH000206: hibernate.properties not found
21:23:35.124 [Test worker] INFO  org.hibernate.cfg.Environment - HHH000021: Bytecode provider name : javassist
21:23:35.140 [Test worker] DEBUG o.h.service.spi.ServiceBinding - Overriding existing service binding [org.hibernate.secure.spi.JaccService]
21:23:35.171 [Test worker] DEBUG o.h.c.i.RegionFactoryInitiator - Cache region factory : org.hibernate.cache.internal.NoCachingRegionFactory
21:23:35.186 [Test worker] INFO  o.h.annotations.common.Version - HCANN000001: Hibernate Commons Annotations {5.0.1.Final}
21:23:35.265 [Test worker] DEBUG org.hibernate.type.BasicTypeRegistry - Adding type registration boolean -> org.hibernate.type.BooleanType@67f99c52
21:23:35.265 [Test worker] DEBUG org.hibernate.type.BasicTypeRegistry - Adding type registration boolean -> org.hibernate.type.BooleanType@67f99c52
21:23:35.265 [Test worker] DEBUG org.hibernate.type.BasicTypeRegistry - Adding type registration java.lang.Boolean -> org.hibernate.type.BooleanType@67f99c52
21:23:35.265 [Test worker] DEBUG org.hibernate.type.BasicTypeRegistry - Adding type registration numeric_boolean -> org.hibernate.type.NumericBooleanType@67bb0d16
21:23:35.265 [Test worker] DEBUG org.hibernate.type.BasicTypeRegistry - Adding type registration true_false -> org.hibernate.type.TrueFalseType@393720e3
21:23:35.265 [Test worker] DEBUG org.hibernate.type.BasicTypeRegistry - Adding type registration yes_no -> org.hibernate.type.YesNoType@2465111a
21:23:35.265 [Test worker] DEBUG org.hibernate.type.BasicTypeRegistry - Adding type registration byte -> org.hibernate.type.ByteType@75f9c8d4
21:23:35.265 [Test worker] DEBUG org.hibernate.type.BasicTypeRegistry - Adding type registration byte -> org.hibernate.type.ByteType@75f9c8d4
21:23:35.265 [Test worker] DEBUG org.hibernate.type.BasicTypeRegistry - Adding type registration java.lang.Byte -> org.hibernate.type.ByteType@75f9c8d4
21:23:35.280 [Test worker] DEBUG org.hibernate.type.BasicTypeRegistry - Adding type registration character -> org.hibernate.type.CharacterType@592baf4d
21:23:35.280 [Test worker] DEBUG org.hibernate.type.BasicTypeRegistry - Adding type registration char -> org.hibernate.type.CharacterType@592baf4d
21:23:35.280 [Test worker] DEBUG org.hibernate.type.BasicTypeRegistry - Adding type registration java.lang.Character -> org.hibernate.type.CharacterType@592baf4d
21:23:35.280 [Test worker] DEBUG org.hibernate.type.BasicTypeRegistry - Adding type registration short -> org.hibernate.type.ShortType@69bf471e
21:23:35.280 [Test worker] DEBUG org.hibernate.type.BasicTypeRegistry - Adding type registration short -> org.hibernate.type.ShortType@69bf471e
21:23:35.280 [Test worker] DEBUG org.hibernate.type.BasicTypeRegistry - Adding type registration java.lang.Short -> org.hibernate.type.ShortType@69bf471e
21:23:35.280 [Test worker] DEBUG org.hibernate.type.BasicTypeRegistry - Adding type registration integer -> org.hibernate.type.IntegerType@7a3359e4
21:23:35.280 [Test worker] DEBUG org.hibernate.type.BasicTypeRegistry - Adding type registration int -> org.hibernate.type.IntegerType@7a3359e4
21:23:35.280 [Test worker] DEBUG org.hibernate.type.BasicTypeRegistry - Adding type registration java.lang.Integer -> org.hibernate.type.IntegerType@7a3359e4
21:23:35.280 [Test worker] DEBUG org.hibernate.type.BasicTypeRegistry - Adding type registration long -> org.hibernate.type.LongType@752a81f2
21:23:35.280 [Test worker] DEBUG org.hibernate.type.BasicTypeRegistry - Adding type registration long -> org.hibernate.type.LongType@752a81f2
21:23:35.280 [Test worker] DEBUG org.hibernate.type.BasicTypeRegistry - Adding type registration java.lang.Long -> org.hibernate.type.LongType@752a81f2
21:23:35.280 [Test worker] DEBUG org.hibernate.type.BasicTypeRegistry - Adding type registration float -> org.hibernate.type.FloatType@20509f14
21:23:35.280 [Test worker] DEBUG org.hibernate.type.BasicTypeRegistry - Adding type registration float -> org.hibernate.type.FloatType@20509f14
21:23:35.280 [Test worker] DEBUG org.hibernate.type.BasicTypeRegistry - Adding type registration java.lang.Float -> org.hibernate.type.FloatType@20509f14
21:23:35.280 [Test worker] DEBUG org.hibernate.type.BasicTypeRegistry - Adding type registration double -> org.hibernate.type.DoubleType@30aeb087
21:23:35.280 [Test worker] DEBUG org.hibernate.type.BasicTypeRegistry - Adding type registration double -> org.hibernate.type.DoubleType@30aeb087
21:23:35.280 [Test worker] DEBUG org.hibernate.type.BasicTypeRegistry - Adding type registration java.lang.Double -> org.hibernate.type.DoubleType@30aeb087
21:23:35.280 [Test worker] DEBUG org.hibernate.type.BasicTypeRegistry - Adding type registration big_decimal -> org.hibernate.type.BigDecimalType@4127e936
21:23:35.280 [Test worker] DEBUG org.hibernate.type.BasicTypeRegistry - Adding type registration java.math.BigDecimal -> org.hibernate.type.BigDecimalType@4127e936
21:23:35.296 [Test worker] DEBUG org.hibernate.type.BasicTypeRegistry - Adding type registration big_integer -> org.hibernate.type.BigIntegerType@25ec64af
21:23:35.296 [Test worker] DEBUG org.hibernate.type.BasicTypeRegistry - Adding type registration java.math.BigInteger -> org.hibernate.type.BigIntegerType@25ec64af
21:23:35.296 [Test worker] DEBUG org.hibernate.type.BasicTypeRegistry - Adding type registration string -> org.hibernate.type.StringType@773cbe70
21:23:35.296 [Test worker] DEBUG org.hibernate.type.BasicTypeRegistry - Adding type registration java.lang.String -> org.hibernate.type.StringType@773cbe70
21:23:35.296 [Test worker] DEBUG org.hibernate.type.BasicTypeRegistry - Adding type registration nstring -> org.hibernate.type.StringNVarcharType@51c4be74
21:23:35.296 [Test worker] DEBUG org.hibernate.type.BasicTypeRegistry - Adding type registration ncharacter -> org.hibernate.type.CharacterNCharType@6e5fbf4a
21:23:35.296 [Test worker] DEBUG org.hibernate.type.BasicTypeRegistry - Adding type registration url -> org.hibernate.type.UrlType@5376685
21:23:35.296 [Test worker] DEBUG org.hibernate.type.BasicTypeRegistry - Adding type registration java.net.URL -> org.hibernate.type.UrlType@5376685
21:23:35.296 [Test worker] DEBUG org.hibernate.type.BasicTypeRegistry - Adding type registration date -> org.hibernate.type.DateType@6ffd4ad
21:23:35.296 [Test worker] DEBUG org.hibernate.type.BasicTypeRegistry - Adding type registration java.sql.Date -> org.hibernate.type.DateType@6ffd4ad
21:23:35.296 [Test worker] DEBUG org.hibernate.type.BasicTypeRegistry - Adding type registration time -> org.hibernate.type.TimeType@20e9fc1c
21:23:35.296 [Test worker] DEBUG org.hibernate.type.BasicTypeRegistry - Adding type registration java.sql.Time -> org.hibernate.type.TimeType@20e9fc1c
21:23:35.296 [Test worker] DEBUG org.hibernate.type.BasicTypeRegistry - Adding type registration timestamp -> org.hibernate.type.TimestampType@68eeb522
21:23:35.296 [Test worker] DEBUG org.hibernate.type.BasicTypeRegistry - Adding type registration java.sql.Timestamp -> org.hibernate.type.TimestampType@68eeb522
21:23:35.296 [Test worker] DEBUG org.hibernate.type.BasicTypeRegistry - Adding type registration java.util.Date -> org.hibernate.type.TimestampType@68eeb522
21:23:35.311 [Test worker] DEBUG org.hibernate.type.BasicTypeRegistry - Adding type registration dbtimestamp -> org.hibernate.type.DbTimestampType@71ad2bd0
21:23:35.311 [Test worker] DEBUG org.hibernate.type.BasicTypeRegistry - Adding type registration calendar -> org.hibernate.type.CalendarType@3cb2e5fe
21:23:35.311 [Test worker] DEBUG org.hibernate.type.BasicTypeRegistry - Adding type registration java.util.Calendar -> org.hibernate.type.CalendarType@3cb2e5fe
21:23:35.311 [Test worker] DEBUG org.hibernate.type.BasicTypeRegistry - Adding type registration java.util.GregorianCalendar -> org.hibernate.type.CalendarType@3cb2e5fe
21:23:35.311 [Test worker] DEBUG org.hibernate.type.BasicTypeRegistry - Adding type registration calendar_date -> org.hibernate.type.CalendarDateType@585810b4
21:23:35.311 [Test worker] DEBUG org.hibernate.type.BasicTypeRegistry - Adding type registration locale -> org.hibernate.type.LocaleType@e1a7d31
21:23:35.311 [Test worker] DEBUG org.hibernate.type.BasicTypeRegistry - Adding type registration java.util.Locale -> org.hibernate.type.LocaleType@e1a7d31
21:23:35.311 [Test worker] DEBUG org.hibernate.type.BasicTypeRegistry - Adding type registration currency -> org.hibernate.type.CurrencyType@1940e85f
21:23:35.311 [Test worker] DEBUG org.hibernate.type.BasicTypeRegistry - Adding type registration java.util.Currency -> org.hibernate.type.CurrencyType@1940e85f
21:23:35.311 [Test worker] DEBUG org.hibernate.type.BasicTypeRegistry - Adding type registration timezone -> org.hibernate.type.TimeZoneType@e918155
21:23:35.311 [Test worker] DEBUG org.hibernate.type.BasicTypeRegistry - Adding type registration java.util.TimeZone -> org.hibernate.type.TimeZoneType@e918155
21:23:35.311 [Test worker] DEBUG org.hibernate.type.BasicTypeRegistry - Adding type registration class -> org.hibernate.type.ClassType@e786916
21:23:35.311 [Test worker] DEBUG org.hibernate.type.BasicTypeRegistry - Adding type registration java.lang.Class -> org.hibernate.type.ClassType@e786916
21:23:35.311 [Test worker] DEBUG org.hibernate.type.BasicTypeRegistry - Adding type registration uuid-binary -> org.hibernate.type.UUIDBinaryType@6e566b02
21:23:35.311 [Test worker] DEBUG org.hibernate.type.BasicTypeRegistry - Adding type registration java.util.UUID -> org.hibernate.type.UUIDBinaryType@6e566b02
21:23:35.311 [Test worker] DEBUG org.hibernate.type.BasicTypeRegistry - Adding type registration uuid-char -> org.hibernate.type.UUIDCharType@64c62bd0
21:23:35.327 [Test worker] DEBUG org.hibernate.type.BasicTypeRegistry - Adding type registration binary -> org.hibernate.type.BinaryType@642a764e
21:23:35.327 [Test worker] DEBUG org.hibernate.type.BasicTypeRegistry - Adding type registration byte[] -> org.hibernate.type.BinaryType@642a764e
21:23:35.327 [Test worker] DEBUG org.hibernate.type.BasicTypeRegistry - Adding type registration [B -> org.hibernate.type.BinaryType@642a764e
21:23:35.327 [Test worker] DEBUG org.hibernate.type.BasicTypeRegistry - Adding type registration wrapper-binary -> org.hibernate.type.WrapperBinaryType@e82cb90
21:23:35.327 [Test worker] DEBUG org.hibernate.type.BasicTypeRegistry - Adding type registration Byte[] -> org.hibernate.type.WrapperBinaryType@e82cb90
21:23:35.327 [Test worker] DEBUG org.hibernate.type.BasicTypeRegistry - Adding type registration [Ljava.lang.Byte; -> org.hibernate.type.WrapperBinaryType@e82cb90
21:23:35.327 [Test worker] DEBUG org.hibernate.type.BasicTypeRegistry - Adding type registration row_version -> org.hibernate.type.RowVersionType@7733fd61
21:23:35.327 [Test worker] DEBUG org.hibernate.type.BasicTypeRegistry - Adding type registration image -> org.hibernate.type.ImageType@46fcfd66
21:23:35.327 [Test worker] DEBUG org.hibernate.type.BasicTypeRegistry - Adding type registration characters -> org.hibernate.type.CharArrayType@69c4ee02
21:23:35.327 [Test worker] DEBUG org.hibernate.type.BasicTypeRegistry - Adding type registration char[] -> org.hibernate.type.CharArrayType@69c4ee02
21:23:35.327 [Test worker] DEBUG org.hibernate.type.BasicTypeRegistry - Adding type registration [C -> org.hibernate.type.CharArrayType@69c4ee02
21:23:35.327 [Test worker] DEBUG org.hibernate.type.BasicTypeRegistry - Adding type registration wrapper-characters -> org.hibernate.type.CharacterArrayType@52112c45
21:23:35.327 [Test worker] DEBUG org.hibernate.type.BasicTypeRegistry - Adding type registration [Ljava.lang.Character; -> org.hibernate.type.CharacterArrayType@52112c45
21:23:35.327 [Test worker] DEBUG org.hibernate.type.BasicTypeRegistry - Adding type registration Character[] -> org.hibernate.type.CharacterArrayType@52112c45
21:23:35.327 [Test worker] DEBUG org.hibernate.type.BasicTypeRegistry - Adding type registration text -> org.hibernate.type.TextType@7a1c40ce
21:23:35.327 [Test worker] DEBUG org.hibernate.type.BasicTypeRegistry - Adding type registration ntext -> org.hibernate.type.NTextType@ad8461c
21:23:35.343 [Test worker] DEBUG org.hibernate.type.BasicTypeRegistry - Adding type registration blob -> org.hibernate.type.BlobType@3067b4e7
21:23:35.343 [Test worker] DEBUG org.hibernate.type.BasicTypeRegistry - Adding type registration java.sql.Blob -> org.hibernate.type.BlobType@3067b4e7
21:23:35.343 [Test worker] DEBUG org.hibernate.type.BasicTypeRegistry - Adding type registration materialized_blob -> org.hibernate.type.MaterializedBlobType@68b6667d
21:23:35.343 [Test worker] DEBUG org.hibernate.type.BasicTypeRegistry - Adding type registration clob -> org.hibernate.type.ClobType@278fef60
21:23:35.343 [Test worker] DEBUG org.hibernate.type.BasicTypeRegistry - Adding type registration java.sql.Clob -> org.hibernate.type.ClobType@278fef60
21:23:35.358 [Test worker] DEBUG org.hibernate.type.BasicTypeRegistry - Adding type registration nclob -> org.hibernate.type.NClobType@268c270c
21:23:35.358 [Test worker] DEBUG org.hibernate.type.BasicTypeRegistry - Adding type registration java.sql.NClob -> org.hibernate.type.NClobType@268c270c
21:23:35.358 [Test worker] DEBUG org.hibernate.type.BasicTypeRegistry - Adding type registration materialized_clob -> org.hibernate.type.MaterializedClobType@1bce048a
21:23:35.358 [Test worker] DEBUG org.hibernate.type.BasicTypeRegistry - Adding type registration materialized_nclob -> org.hibernate.type.MaterializedNClobType@4ee90a1a
21:23:35.358 [Test worker] DEBUG org.hibernate.type.BasicTypeRegistry - Adding type registration serializable -> org.hibernate.type.SerializableType@3430463d
21:23:35.358 [Test worker] DEBUG org.hibernate.type.BasicTypeRegistry - Adding type registration object -> org.hibernate.type.ObjectType@4b822d8a
21:23:35.358 [Test worker] DEBUG org.hibernate.type.BasicTypeRegistry - Adding type registration java.lang.Object -> org.hibernate.type.ObjectType@4b822d8a
21:23:35.358 [Test worker] DEBUG org.hibernate.type.BasicTypeRegistry - Adding type registration imm_date -> org.hibernate.type.AdaptedImmutableType@3fe2aa81
21:23:35.358 [Test worker] DEBUG org.hibernate.type.BasicTypeRegistry - Adding type registration imm_time -> org.hibernate.type.AdaptedImmutableType@65563e8a
21:23:35.358 [Test worker] DEBUG org.hibernate.type.BasicTypeRegistry - Adding type registration imm_timestamp -> org.hibernate.type.AdaptedImmutableType@4dc0f62c
21:23:35.358 [Test worker] DEBUG org.hibernate.type.BasicTypeRegistry - Adding type registration imm_dbtimestamp -> org.hibernate.type.AdaptedImmutableType@315b9f73
21:23:35.358 [Test worker] DEBUG org.hibernate.type.BasicTypeRegistry - Adding type registration imm_calendar -> org.hibernate.type.AdaptedImmutableType@1bc79d7b
21:23:35.358 [Test worker] DEBUG org.hibernate.type.BasicTypeRegistry - Adding type registration imm_calendar_date -> org.hibernate.type.AdaptedImmutableType@4fb142e7
21:23:35.358 [Test worker] DEBUG org.hibernate.type.BasicTypeRegistry - Adding type registration imm_binary -> org.hibernate.type.AdaptedImmutableType@50aacab
21:23:35.358 [Test worker] DEBUG org.hibernate.type.BasicTypeRegistry - Adding type registration imm_serializable -> org.hibernate.type.AdaptedImmutableType@68c71b7e
21:23:35.374 [Test worker] DEBUG o.s.j.d.SimpleDriverDataSource - Creating new JDBC Driver Connection to [jdbc:hsqldb:mem:testdb]
21:23:35.389 [Test worker] DEBUG o.h.e.j.e.i.JdbcEnvironmentInitiator - Database ->
       name : HSQL Database Engine
    version : 2.3.2
      major : 2
      minor : 3
21:23:35.389 [Test worker] DEBUG o.h.e.j.e.i.JdbcEnvironmentInitiator - Driver ->
       name : HSQL Database Engine Driver
    version : 2.3.2
      major : 2
      minor : 3
21:23:35.389 [Test worker] DEBUG o.h.e.j.e.i.JdbcEnvironmentInitiator - JDBC version : 4.0
21:23:35.405 [Test worker] INFO  org.hibernate.dialect.Dialect - HHH000400: Using dialect: org.hibernate.dialect.HSQLDialect
21:23:35.436 [Test worker] DEBUG o.h.e.j.e.s.IdentifierHelperBuilder - JDBC driver metadata reported database stores quoted identifiers in neither upper, lower nor mixed case
21:23:35.483 [Test worker] DEBUG o.h.i.f.i.DefaultIdentifierGeneratorFactory - Registering IdentifierGenerator strategy [uuid2] -> [org.hibernate.id.UUIDGenerator]
21:23:35.483 [Test worker] DEBUG o.h.i.f.i.DefaultIdentifierGeneratorFactory - Registering IdentifierGenerator strategy [guid] -> [org.hibernate.id.GUIDGenerator]
21:23:35.483 [Test worker] DEBUG o.h.i.f.i.DefaultIdentifierGeneratorFactory - Registering IdentifierGenerator strategy [uuid] -> [org.hibernate.id.UUIDHexGenerator]
21:23:35.483 [Test worker] DEBUG o.h.i.f.i.DefaultIdentifierGeneratorFactory - Registering IdentifierGenerator strategy [uuid.hex] -> [org.hibernate.id.UUIDHexGenerator]
21:23:35.483 [Test worker] DEBUG o.h.i.f.i.DefaultIdentifierGeneratorFactory - Registering IdentifierGenerator strategy [assigned] -> [org.hibernate.id.Assigned]
21:23:35.483 [Test worker] DEBUG o.h.i.f.i.DefaultIdentifierGeneratorFactory - Registering IdentifierGenerator strategy [identity] -> [org.hibernate.id.IdentityGenerator]
21:23:35.483 [Test worker] DEBUG o.h.i.f.i.DefaultIdentifierGeneratorFactory - Registering IdentifierGenerator strategy [select] -> [org.hibernate.id.SelectGenerator]
21:23:35.483 [Test worker] DEBUG o.h.i.f.i.DefaultIdentifierGeneratorFactory - Registering IdentifierGenerator strategy [sequence] -> [org.hibernate.id.enhanced.SequenceStyleGenerator]
21:23:35.483 [Test worker] DEBUG o.h.i.f.i.DefaultIdentifierGeneratorFactory - Registering IdentifierGenerator strategy [seqhilo] -> [org.hibernate.id.SequenceHiLoGenerator]
21:23:35.483 [Test worker] DEBUG o.h.i.f.i.DefaultIdentifierGeneratorFactory - Registering IdentifierGenerator strategy [increment] -> [org.hibernate.id.IncrementGenerator]
21:23:35.483 [Test worker] DEBUG o.h.i.f.i.DefaultIdentifierGeneratorFactory - Registering IdentifierGenerator strategy [foreign] -> [org.hibernate.id.ForeignGenerator]
21:23:35.483 [Test worker] DEBUG o.h.i.f.i.DefaultIdentifierGeneratorFactory - Registering IdentifierGenerator strategy [sequence-identity] -> [org.hibernate.id.SequenceIdentityGenerator]
21:23:35.483 [Test worker] DEBUG o.h.i.f.i.DefaultIdentifierGeneratorFactory - Registering IdentifierGenerator strategy [enhanced-sequence] -> [org.hibernate.id.enhanced.SequenceStyleGenerator]
21:23:35.483 [Test worker] DEBUG o.h.i.f.i.DefaultIdentifierGeneratorFactory - Registering IdentifierGenerator strategy [enhanced-table] -> [org.hibernate.id.enhanced.TableGenerator]
21:23:35.530 [Test worker] DEBUG o.h.boot.model.relational.Namespace - Created database namespace [logicalName=Name{catalog=null, schema=null}, physicalName=Name{catalog=null, schema=null}]
21:23:35.561 [Test worker] DEBUG org.hibernate.cfg.AnnotationBinder - Binding entity from annotated class: org.springframework.security.samples.data.Message
21:23:35.593 [Test worker] DEBUG org.hibernate.cfg.Ejb3Column - Binding column: Ejb3DiscriminatorColumn{logicalColumnName'DTYPE', discriminatorTypeName='string'}
21:23:35.593 [Test worker] DEBUG o.h.cfg.annotations.EntityBinder - Import with entity name Message
21:23:35.608 [Test worker] DEBUG o.h.cfg.annotations.EntityBinder - Bind entity org.springframework.security.samples.data.Message on table Message
21:23:35.640 [Test worker] DEBUG org.hibernate.cfg.Ejb3Column - Binding column: Ejb3Column{table=org.hibernate.mapping.Table(Message), mappingColumn=id, insertable=true, updatable=true, unique=false}
21:23:35.640 [Test worker] DEBUG o.h.cfg.annotations.PropertyBinder - MetadataSourceProcessor property id with lazy=false
21:23:35.640 [Test worker] DEBUG o.h.cfg.AbstractPropertyHolder - Attempting to locate auto-apply AttributeConverter for property [org.springframework.security.samples.data.Message:id]
21:23:35.655 [Test worker] DEBUG o.h.c.annotations.SimpleValueBinder - building SimpleValue for id
21:23:35.655 [Test worker] DEBUG o.h.cfg.annotations.PropertyBinder - Building property id
21:23:35.655 [Test worker] DEBUG org.hibernate.cfg.Ejb3Column - Binding column: Ejb3Column{table=org.hibernate.mapping.Table(Message), mappingColumn=created, insertable=true, updatable=true, unique=false}
21:23:35.655 [Test worker] DEBUG o.h.cfg.annotations.PropertyBinder - MetadataSourceProcessor property created with lazy=false
21:23:35.655 [Test worker] DEBUG o.h.cfg.AbstractPropertyHolder - Attempting to locate auto-apply AttributeConverter for property [org.springframework.security.samples.data.Message:created]
21:23:35.655 [Test worker] DEBUG o.h.c.annotations.SimpleValueBinder - building SimpleValue for created
21:23:35.655 [Test worker] DEBUG o.h.cfg.annotations.PropertyBinder - Building property created
21:23:35.655 [Test worker] DEBUG org.hibernate.cfg.Ejb3Column - Binding column: Ejb3Column{table=org.hibernate.mapping.Table(Message), mappingColumn=summary, insertable=true, updatable=true, unique=false}
21:23:35.655 [Test worker] DEBUG o.h.cfg.annotations.PropertyBinder - MetadataSourceProcessor property summary with lazy=false
21:23:35.655 [Test worker] DEBUG o.h.cfg.AbstractPropertyHolder - Attempting to locate auto-apply AttributeConverter for property [org.springframework.security.samples.data.Message:summary]
21:23:35.655 [Test worker] DEBUG o.h.c.annotations.SimpleValueBinder - building SimpleValue for summary
21:23:35.655 [Test worker] DEBUG o.h.cfg.annotations.PropertyBinder - Building property summary
21:23:35.655 [Test worker] DEBUG org.hibernate.cfg.Ejb3Column - Binding column: Ejb3Column{table=org.hibernate.mapping.Table(Message), mappingColumn=text, insertable=true, updatable=true, unique=false}
21:23:35.655 [Test worker] DEBUG o.h.cfg.annotations.PropertyBinder - MetadataSourceProcessor property text with lazy=false
21:23:35.655 [Test worker] DEBUG o.h.cfg.AbstractPropertyHolder - Attempting to locate auto-apply AttributeConverter for property [org.springframework.security.samples.data.Message:text]
21:23:35.655 [Test worker] DEBUG o.h.c.annotations.SimpleValueBinder - building SimpleValue for text
21:23:35.655 [Test worker] DEBUG o.h.cfg.annotations.PropertyBinder - Building property text
21:23:35.655 [Test worker] DEBUG o.h.c.annotations.SimpleValueBinder - Starting fillSimpleValue for id
21:23:35.655 [Test worker] DEBUG o.h.c.annotations.SimpleValueBinder - Starting fillSimpleValue for created
21:23:35.655 [Test worker] DEBUG o.h.c.annotations.SimpleValueBinder - Starting fillSimpleValue for summary
21:23:35.655 [Test worker] DEBUG o.h.c.annotations.SimpleValueBinder - Starting fillSimpleValue for text
21:23:35.671 [Test worker] DEBUG org.hibernate.mapping.PrimaryKey - Forcing column [id] to be non-null as it is part of the primary key for table [message]
21:23:35.702 [Test worker] DEBUG o.h.internal.SessionFactoryImpl - Building session factory
21:23:35.702 [Test worker] DEBUG org.hibernate.cfg.Settings - SessionFactory name : null
21:23:35.702 [Test worker] DEBUG org.hibernate.cfg.Settings - Automatic flush during beforeCompletion(): disabled
21:23:35.702 [Test worker] DEBUG org.hibernate.cfg.Settings - Automatic session close at end of transaction: disabled
21:23:35.702 [Test worker] DEBUG org.hibernate.cfg.Settings - Statistics: disabled
21:23:35.702 [Test worker] DEBUG org.hibernate.cfg.Settings - Deleted entity synthetic identifier rollback: disabled
21:23:35.702 [Test worker] DEBUG org.hibernate.cfg.Settings - Default entity-mode: pojo
21:23:35.702 [Test worker] DEBUG org.hibernate.cfg.Settings - Check Nullability in Core (should be disabled when Bean Validation is on): enabled
21:23:35.702 [Test worker] DEBUG org.hibernate.cfg.Settings - Allow initialization of lazy state outside session : disabled
21:23:35.702 [Test worker] DEBUG org.hibernate.cfg.Settings - Using BatchFetchStyle : LEGACY
21:23:35.702 [Test worker] DEBUG org.hibernate.cfg.Settings - Default batch fetch size: -1
21:23:35.702 [Test worker] DEBUG org.hibernate.cfg.Settings - Maximum outer join fetch depth: null
21:23:35.702 [Test worker] DEBUG org.hibernate.cfg.Settings - Default null ordering: NONE
21:23:35.702 [Test worker] DEBUG org.hibernate.cfg.Settings - Order SQL updates by primary key: disabled
21:23:35.702 [Test worker] DEBUG org.hibernate.cfg.Settings - Order SQL inserts for batching: disabled
21:23:35.702 [Test worker] DEBUG org.hibernate.cfg.Settings - multi-tenancy strategy : NONE
21:23:35.702 [Test worker] DEBUG org.hibernate.cfg.Settings - JTA Track by Thread: enabled
21:23:35.702 [Test worker] DEBUG org.hibernate.cfg.Settings - Query language substitutions: {}
21:23:35.702 [Test worker] DEBUG org.hibernate.cfg.Settings - JPA query language strict compliance: disabled
21:23:35.702 [Test worker] DEBUG org.hibernate.cfg.Settings - Named query checking : enabled
21:23:35.702 [Test worker] DEBUG org.hibernate.cfg.Settings - Second-level cache: enabled
21:23:35.702 [Test worker] DEBUG org.hibernate.cfg.Settings - Second-level query cache: disabled
21:23:35.702 [Test worker] DEBUG org.hibernate.cfg.Settings - Second-level query cache factory: org.hibernate.cache.internal.StandardQueryCacheFactory@7e524c4e
21:23:35.702 [Test worker] DEBUG org.hibernate.cfg.Settings - Second-level cache region prefix: null
21:23:35.702 [Test worker] DEBUG org.hibernate.cfg.Settings - Optimize second-level cache for minimal puts: disabled
21:23:35.702 [Test worker] DEBUG org.hibernate.cfg.Settings - Structured second-level cache entries: disabled
21:23:35.702 [Test worker] DEBUG org.hibernate.cfg.Settings - Second-level cache direct-reference entries: disabled
21:23:35.702 [Test worker] DEBUG org.hibernate.cfg.Settings - Automatic eviction of collection cache: disabled
21:23:35.702 [Test worker] DEBUG org.hibernate.cfg.Settings - JDBC batch size: 15
21:23:35.702 [Test worker] DEBUG org.hibernate.cfg.Settings - JDBC batch updates for versioned data: enabled
21:23:35.702 [Test worker] DEBUG org.hibernate.cfg.Settings - Scrollable result sets: enabled
21:23:35.702 [Test worker] DEBUG org.hibernate.cfg.Settings - Wrap result sets: disabled
21:23:35.702 [Test worker] DEBUG org.hibernate.cfg.Settings - JDBC3 getGeneratedKeys(): enabled
21:23:35.702 [Test worker] DEBUG org.hibernate.cfg.Settings - JDBC result set fetch size: null
21:23:35.702 [Test worker] DEBUG org.hibernate.cfg.Settings - Connection release mode: ON_CLOSE
21:23:35.702 [Test worker] DEBUG org.hibernate.cfg.Settings - Generate SQL with comments: disabled
21:23:35.780 [Test worker] DEBUG o.h.internal.SessionFactoryImpl - Returning a Reference to the SessionFactory
21:23:35.780 [Test worker] DEBUG o.h.internal.SessionFactoryImpl - Session factory constructed with filter configurations : {}
21:23:35.780 [Test worker] DEBUG o.h.internal.SessionFactoryImpl - Instantiating session factory with properties: {java.runtime.name=Java(TM) SE Runtime Environment, java.vm.version=25.131-b11, sun.boot.library.path=D:\soft\java\jdk1.8\jre\bin, hibernate.boot.CfgXmlAccessService.key=org.hibernate.boot.cfgxml.spi.LoadedConfig@73eecfcf, java.vm.vendor=Oracle Corporation, java.vendor.url=http://java.oracle.com/, path.separator=;, java.vm.name=Java HotSpot(TM) 64-Bit Server VM, file.encoding.pkg=sun.io, sun.os.patch.level=, user.script=, user.country=CN, sun.java.launcher=SUN_STANDARD, java.vm.specification.name=Java Virtual Machine Specification, user.dir=D:\spring-security-4.2.2.RELEASE\samples\javaconfig\hellomvc, java.runtime.version=1.8.0_131-b11, javax.persistence.sharedCache.mode=UNSPECIFIED, java.awt.graphicsenv=sun.awt.Win32GraphicsEnvironment, os.arch=amd64, java.endorsed.dirs=D:\soft\java\jdk1.8\jre\lib\endorsed, java.io.tmpdir=C:\Users\Hasee\AppData\Local\Temp\, line.separator=
, java.vm.specification.vendor=Oracle Corporation, user.variant=, os.name=Windows 10, hibernate.transaction.coordinator_class=class org.hibernate.resource.transaction.backend.jdbc.internal.JdbcResourceLocalTransactionCoordinatorBuilderImpl, sun.jnu.encoding=GBK, hibernate.connection.datasource=org.springframework.jdbc.datasource.embedded.EmbeddedDatabaseFactory$EmbeddedDataSourceProxy@c9d38bf, java.library.path=D:\soft\java\jdk1.8\bin;C:\WINDOWS\Sun\Java\bin;C:\WINDOWS\system32;C:\WINDOWS;D:\soft\java\jdk1.8\bin;C:\Program Files (x86)\Intel\iCLS Client\;C:\Program Files\Intel\iCLS Client\;C:\Windows\system32;C:\Windows;C:\Windows\System32\Wbem;C:\Windows\System32\WindowsPowerShell\v1.0\;D:\soft\Intel(R) Management Engine Components\DAL;C:\Program Files\Intel\Intel(R) Management Engine Components\DAL;D:\soft\Intel(R) Management Engine Components\IPT;C:\Program Files\Intel\Intel(R) Management Engine Components\IPT;D:\soft\nodejs\;D:\soft\gradle-2.9\bin;F:\work\android-sdk\platform-tools;F:\work\android-sdk\tools;D:\soft\java\jdk1.8\jre\bin;C:\Users\Hasee\AppData\Local\GitHub\PortableGit_f02737a78695063deace08e96d5042710d3e32db\cmd;F:\work\apache-maven-3.3.9\bin;;C:\Program Files (x86)\NVIDIA Corporation\PhysX\Common;D:\soft\TortoiseSVN\bin\;D:\soft\Yozo_Office\Lib\xuggler\bin\;D:\soft\Yozo_Office\Lib\xuggler\bin;C:\WINDOWS\system32;C:\WINDOWS;C:\WINDOWS\System32\Wbem;C:\WINDOWS\System32\WindowsPowerShell\v1.0\;C:\Users\Hasee\AppData\Local\Microsoft\WindowsApps;C:\Users\Hasee\AppData\Roaming\npm;;., java.class.version=52.0, hibernate.ejb.persistenceUnitName=default, java.specification.name=Java Platform API Specification, sun.management.compiler=HotSpot 64-Bit Tiered Compilers, os.version=10.0, user.home=C:\Users\Hasee, user.timezone=Asia/Shanghai, java.awt.printerjob=sun.awt.windows.WPrinterJob, file.encoding=GBK, java.specification.version=1.8, user.name=Hasee, java.class.path=D:\spring-security-4.2.2.RELEASE\samples\javaconfig\hellomvc\build\classes\test;D:\spring-security-4.2.2.RELEASE\samples\javaconfig\hellomvc\build\resources\test;D:\spring-security-4.2.2.RELEASE\samples\javaconfig\hellomvc\build\classes\main;D:\spring-security-4.2.2.RELEASE\samples\javaconfig\hellomvc\build\resources\main;D:\spring-security-4.2.2.RELEASE\config\build\libs\spring-security-config-4.2.2.RELEASE.jar;D:\spring-security-4.2.2.RELEASE\samples\javaconfig\messages\build\libs\spring-security-samples-javaconfig-messages-4.2.2.RELEASE.jar;D:\spring-security-4.2.2.RELEASE\core\build\libs\spring-security-core-4.2.2.RELEASE.jar;D:\spring-security-4.2.2.RELEASE\web\build\libs\spring-security-web-4.2.2.RELEASE.jar;D:\soft\gradle-2.9\.gradle\caches\modules-2\files-2.1\org.springframework\spring-webmvc\4.3.5.RELEASE\c624659217edab07d8279fb0f90462136f089220\spring-webmvc-4.3.5.RELEASE.jar;D:\soft\gradle-2.9\.gradle\caches\modules-2\files-2.1\org.springframework\spring-jdbc\4.3.5.RELEASE\7c09e38b6f6e0b178973dea06bb8fdc6d19aa596\spring-jdbc-4.3.5.RELEASE.jar;D:\soft\gradle-2.9\.gradle\caches\modules-2\files-2.1\org.slf4j\slf4j-api\1.7.7\2b8019b6249bb05d81d3a3094e468753e2b21311\slf4j-api-1.7.7.jar;D:\soft\gradle-2.9\.gradle\caches\modules-2\files-2.1\org.slf4j\log4j-over-slf4j\1.7.7\d521cb26a9c4407caafcec302e7804b048b07cea\log4j-over-slf4j-1.7.7.jar;D:\soft\gradle-2.9\.gradle\caches\modules-2\files-2.1\org.slf4j\jul-to-slf4j\1.7.7\def21bc1a6e648ee40b41a84f1db443132913105\jul-to-slf4j-1.7.7.jar;D:\soft\gradle-2.9\.gradle\caches\modules-2\files-2.1\org.slf4j\jcl-over-slf4j\1.7.7\56003dcd0a31deea6391b9e2ef2f2dc90b205a92\jcl-over-slf4j-1.7.7.jar;D:\soft\gradle-2.9\.gradle\caches\modules-2\files-2.1\javax.servlet.jsp.jstl\javax.servlet.jsp.jstl-api\1.2.1\f072f63ab1689e885ac40c221df3e6bb3e64a84a\javax.servlet.jsp.jstl-api-1.2.1.jar;D:\soft\gradle-2.9\.gradle\caches\modules-2\files-2.1\javax.validation\validation-api\1.1.0.Final\8613ae82954779d518631e05daa73a6a954817d5\validation-api-1.1.0.Final.jar;D:\soft\gradle-2.9\.gradle\caches\modules-2\files-2.1\org.hibernate\hibernate-validator\5.2.4.Final\fb18766b576aa6632bcfe9a20a023cbd52bf9769\hibernate-validator-5.2.4.Final.jar;D:\soft\gradle-2.9\.gradle\caches\modules-2\files-2.1\javax.servlet\javax.servlet-api\3.0.1\6bf0ebb7efd993e222fc1112377b5e92a13b38dd\javax.servlet-api-3.0.1.jar;D:\soft\gradle-2.9\.gradle\caches\modules-2\files-2.1\javax.servlet.jsp\jsp-api\2.1\63f943103f250ef1f3a4d5e94d145a0f961f5316\jsp-api-2.1.jar;D:\soft\gradle-2.9\.gradle\caches\modules-2\files-2.1\opensymphony\sitemesh\2.4.2\4cb3b08c96553b0f4595a80917838ca302f67f3f\sitemesh-2.4.2.jar;D:\soft\gradle-2.9\.gradle\caches\modules-2\files-2.1\cglib\cglib-nodep\3.1\aa83efbd1aedc4f26bdf00e7ea78191483f2c9b3\cglib-nodep-3.1.jar;D:\soft\gradle-2.9\.gradle\caches\modules-2\files-2.1\junit\junit\4.12\2973d150c0dc1fefe998f834810d68f278ea58ec\junit-4.12.jar;D:\soft\gradle-2.9\.gradle\caches\modules-2\files-2.1\org.mockito\mockito-core\1.10.19\e8546f5bef4e061d8dd73895b4e8f40e3fe6effe\mockito-core-1.10.19.jar;D:\soft\gradle-2.9\.gradle\caches\modules-2\files-2.1\org.springframework\spring-test\4.3.5.RELEASE\a1965127e07b469d8e5bb3d2b0ff850423b66be4\spring-test-4.3.5.RELEASE.jar;D:\soft\gradle-2.9\.gradle\caches\modules-2\files-2.1\org.assertj\assertj-core\2.2.0\edd59795b236afc790dd161e7e3677757b06f2e7\assertj-core-2.2.0.jar;D:\spring-security-4.2.2.RELEASE\test\build\libs\spring-security-test-4.2.2.RELEASE.jar;D:\soft\gradle-2.9\.gradle\caches\modules-2\files-2.1\org.springframework\spring-core\4.3.5.RELEASE\80299e3f80e8c6d5c076db2ba6adf44a4b52f578\spring-core-4.3.5.RELEASE.jar;D:\soft\gradle-2.9\.gradle\caches\modules-2\files-2.1\aopalliance\aopalliance\1.0\235ba8b489512805ac13a8f9ea77a1ca5ebe3e8\aopalliance-1.0.jar;D:\soft\gradle-2.9\.gradle\caches\modules-2\files-2.1\org.springframework\spring-aop\4.3.5.RELEASE\4f113218af716bd8d174c411f19b26418b5a70f6\spring-aop-4.3.5.RELEASE.jar;D:\soft\gradle-2.9\.gradle\caches\modules-2\files-2.1\org.springframework\spring-context\4.3.5.RELEASE\ca3391c0e17d0138335ba51b51371661d20d56a8\spring-context-4.3.5.RELEASE.jar;D:\soft\gradle-2.9\.gradle\caches\modules-2\files-2.1\org.springframework\spring-beans\4.3.5.RELEASE\e12bbc3277da28e2e2608a187f83091dc6c300bf\spring-beans-4.3.5.RELEASE.jar;D:\soft\gradle-2.9\.gradle\caches\modules-2\files-2.1\org.hsqldb\hsqldb\2.3.2\970fd7b8f635e2c19305160459649569655b843c\hsqldb-2.3.2.jar;D:\soft\gradle-2.9\.gradle\caches\modules-2\files-2.1\org.springframework\spring-orm\4.3.5.RELEASE\64c29d310b69bcc6e1fd5a738fa3629bdedb2d3f\spring-orm-4.3.5.RELEASE.jar;D:\soft\gradle-2.9\.gradle\caches\modules-2\files-2.1\org.springframework\spring-tx\4.3.5.RELEASE\296d8ae21fadc0f115dae7d1e8d5c4f8c7de2c3e\spring-tx-4.3.5.RELEASE.jar;D:\soft\gradle-2.9\.gradle\caches\modules-2\files-2.1\org.springframework\spring-instrument\4.3.5.RELEASE\c2de421663ca04d8167de9c2246442e467eb3444\spring-instrument-4.3.5.RELEASE.jar;D:\soft\gradle-2.9\.gradle\caches\modules-2\files-2.1\org.springframework\spring-aspects\4.3.5.RELEASE\8c00c15865a1da0a1ba143a50622a8436a56e097\spring-aspects-4.3.5.RELEASE.jar;D:\soft\gradle-2.9\.gradle\caches\modules-2\files-2.1\org.thymeleaf\thymeleaf-spring4\3.0.2.RELEASE\9e99f78f944b58e491faa930f730709f80450892\thymeleaf-spring4-3.0.2.RELEASE.jar;D:\soft\gradle-2.9\.gradle\caches\modules-2\files-2.1\nz.net.ultraq.thymeleaf\thymeleaf-layout-dialect\2.0.4\b3ec39949fa7870daaec08b336dc54b3bfff772a\thymeleaf-layout-dialect-2.0.4.jar;D:\soft\gradle-2.9\.gradle\caches\modules-2\files-2.1\org.eclipse.persistence\javax.persistence\2.1.1\4954fdf995d5083a1bdbf171ea3b240b88c85bac\javax.persistence-2.1.1.jar;D:\soft\gradle-2.9\.gradle\caches\modules-2\files-2.1\org.hibernate\hibernate-entitymanager\5.0.11.Final\549565caed4e0bcb816843693e66ff7b04ce025f\hibernate-entitymanager-5.0.11.Final.jar;D:\soft\gradle-2.9\.gradle\caches\modules-2\files-2.1\org.springframework.data\spring-data-jpa\1.10.2.RELEASE\5da5131a02365790d38469cd3bae778e4891daff\spring-data-jpa-1.10.2.RELEASE.jar;D:\soft\gradle-2.9\.gradle\caches\modules-2\files-2.1\org.springframework\spring-expression\4.3.5.RELEASE\3689dc6c5b942ecde4122eac889ed87977d6f287\spring-expression-4.3.5.RELEASE.jar;D:\spring-security-4.2.2.RELEASE\crypto\build\libs\spring-security-crypto-4.2.2.RELEASE.jar;D:\soft\gradle-2.9\.gradle\caches\modules-2\files-2.1\org.springframework\spring-web\4.3.5.RELEASE\6641daccf2fddafc8358144f3a4f999130fdf144\spring-web-4.3.5.RELEASE.jar;D:\soft\gradle-2.9\.gradle\caches\modules-2\files-2.1\com.fasterxml\classmate\1.1.0\dbbd699a1486ad0f2ed6f5af6cfed66acacb9056\classmate-1.1.0.jar;D:\soft\gradle-2.9\.gradle\caches\modules-2\files-2.1\org.hamcrest\hamcrest-core\1.3\42a25dc3219429f0e5d060061f71acb49bf010a0\hamcrest-core-1.3.jar;D:\soft\gradle-2.9\.gradle\caches\modules-2\files-2.1\org.objenesis\objenesis\2.1\87c0ea803b69252868d09308b4618f766f135a96\objenesis-2.1.jar;D:\soft\gradle-2.9\.gradle\caches\modules-2\files-2.1\org.aspectj\aspectjweaver\1.8.9\db28774f477f07220eac18d5ec9c4e01f48589d7\aspectjweaver-1.8.9.jar;D:\soft\gradle-2.9\.gradle\caches\modules-2\files-2.1\org.thymeleaf\thymeleaf\3.0.2.RELEASE\f0758d924815a8ada59ecf3b34f9bb6c2c2441b7\thymeleaf-3.0.2.RELEASE.jar;D:\soft\gradle-2.9\.gradle\caches\modules-2\files-2.1\org.codehaus.groovy\groovy\2.4.6\844cb06c553a5e6a736f44aa2b67d25bf6a34fde\groovy-2.4.6.jar;D:\soft\gradle-2.9\.gradle\caches\modules-2\files-2.1\nz.net.ultraq.thymeleaf\thymeleaf-expression-processor\1.1.1\4a49f4d05a6d24643cd30b9ecd73a3830d527428\thymeleaf-expression-processor-1.1.1.jar;D:\soft\gradle-2.9\.gradle\caches\modules-2\files-2.1\org.hibernate\hibernate-core\5.0.11.Final\c2487fb72a2217a7cec9ab478d4c21a36fc09977\hibernate-core-5.0.11.Final.jar;D:\soft\gradle-2.9\.gradle\caches\modules-2\files-2.1\dom4j\dom4j\1.6.1\5d3ccc056b6f056dbf0dddfdf43894b9065a8f94\dom4j-1.6.1.jar;D:\soft\gradle-2.9\.gradle\caches\modules-2\files-2.1\org.hibernate.common\hibernate-commons-annotations\5.0.1.Final\71e1cff3fcb20d3b3af4f3363c3ddb24d33c6879\hibernate-commons-annotations-5.0.1.Final.jar;D:\soft\gradle-2.9\.gradle\caches\modules-2\files-2.1\org.hibernate.javax.persistence\hibernate-jpa-2.1-api\1.0.0.Final\5e731d961297e5a07290bfaf3db1fbc8bbbf405a\hibernate-jpa-2.1-api-1.0.0.Final.jar;D:\soft\gradle-2.9\.gradle\caches\modules-2\files-2.1\org.apache.geronimo.specs\geronimo-jta_1.1_spec\1.1.1\aabab3165b8ea936b9360abbf448459c0d04a5a4\geronimo-jta_1.1_spec-1.1.1.jar;D:\soft\gradle-2.9\.gradle\caches\modules-2\files-2.1\org.springframework.data\spring-data-commons\1.12.2.RELEASE\a827ed936b8685c19eecda0abb86fb86193ddffc\spring-data-commons-1.12.2.RELEASE.jar;D:\soft\gradle-2.9\.gradle\caches\modules-2\files-2.1\antlr\antlr\2.7.7\83cd2cd674a217ade95a4bb83a8a14f351f48bd0\antlr-2.7.7.jar;D:\soft\gradle-2.9\.gradle\caches\modules-2\files-2.1\org.jboss\jandex\2.0.0.Final\3e899258936f94649c777193e1be846387ed54b3\jandex-2.0.0.Final.jar;D:\soft\gradle-2.9\.gradle\caches\modules-2\files-2.1\xml-apis\xml-apis\1.0.b2\3136ca936f64c9d68529f048c2618bd356bf85c9\xml-apis-1.0.b2.jar;D:\soft\gradle-2.9\.gradle\caches\modules-2\files-2.1\ch.qos.logback\logback-classic\1.1.2\b316e9737eea25e9ddd6d88eaeee76878045c6b2\logback-classic-1.1.2.jar;D:\soft\gradle-2.9\.gradle\caches\modules-2\files-2.1\ch.qos.logback\logback-core\1.1.2\2d23694879c2c12f125dac5076bdfd5d771cc4cb\logback-core-1.1.2.jar;D:\soft\gradle-2.9\.gradle\caches\modules-2\files-2.1\ognl\ognl\3.1.10\f0b5388b0de908867f2c714ccd589301a15e3b2f\ognl-3.1.10.jar;D:\soft\gradle-2.9\.gradle\caches\modules-2\files-2.1\org.attoparser\attoparser\2.0.1.RELEASE\3e95f3d9fa8095171d96cd4a57d6f3caa51982dc\attoparser-2.0.1.RELEASE.jar;D:\soft\gradle-2.9\.gradle\caches\modules-2\files-2.1\org.unbescape\unbescape\1.1.4.RELEASE\1ef1371149efc31d72d35dc290cf16c1a4736a12\unbescape-1.1.4.RELEASE.jar;D:\soft\gradle-2.9\.gradle\caches\modules-2\files-2.1\org.jboss.logging\jboss-logging\3.3.0.Final\3616bb87707910296e2c195dc016287080bba5af\jboss-logging-3.3.0.Final.jar;D:\soft\gradle-2.9\.gradle\caches\modules-2\files-2.1\org.javassist\javassist\3.20.0-GA\a9cbcdfb7e9f86fbc74d3afae65f2248bfbf82a0\javassist-3.20.0-GA.jar, hibernate.bytecode.use_reflection_optimizer=false, javax.persistence.validation.mode=AUTO, java.vm.specification.version=1.8, sun.arch.data.model=64, sun.java.command=worker.org.gradle.process.internal.worker.GradleWorkerMain 'Gradle Test Executor 52', java.home=D:\soft\java\jdk1.8\jre, hibernate.dialect=org.hibernate.dialect.HSQLDialect, user.language=zh, java.specification.vendor=Oracle Corporation, awt.toolkit=sun.awt.windows.WToolkit, java.vm.info=mixed mode, java.version=1.8.0_131, java.ext.dirs=D:\soft\java\jdk1.8\jre\lib\ext;C:\WINDOWS\Sun\Java\lib\ext, sun.boot.class.path=D:\soft\java\jdk1.8\jre\lib\resources.jar;D:\soft\java\jdk1.8\jre\lib\rt.jar;D:\soft\java\jdk1.8\jre\lib\sunrsasign.jar;D:\soft\java\jdk1.8\jre\lib\jsse.jar;D:\soft\java\jdk1.8\jre\lib\jce.jar;D:\soft\java\jdk1.8\jre\lib\charsets.jar;D:\soft\java\jdk1.8\jre\lib\jfr.jar;D:\soft\java\jdk1.8\jre\classes, java.vendor=Oracle Corporation, org.gradle.test.worker=52, file.separator=\, java.vendor.url.bug=http://bugreport.sun.com/bugreport/, hibernate.hbm2ddl.auto=update, sun.io.unicode.encoding=UnicodeLittle, sun.cpu.endian=little, sun.desktop=windows, sun.cpu.isalist=amd64}
21:23:35.843 [Test worker] INFO  o.h.validator.internal.util.Version - HV000001: Hibernate Validator 5.2.4.Final
21:23:35.874 [Test worker] DEBUG o.h.v.i.e.r.DefaultTraversableResolver - Found javax.persistence.Persistence on classpath containing 'getPersistenceUtil'. Assuming JPA 2 environment. Trying to instantiate JPA aware TraversableResolver
21:23:35.874 [Test worker] DEBUG o.h.v.i.e.r.DefaultTraversableResolver - Instantiated JPA aware TraversableResolver of type org.hibernate.validator.internal.engine.resolver.JPATraversableResolver.
21:23:35.890 [Test worker] DEBUG o.h.v.i.xml.ValidationXmlParser - Trying to load META-INF/validation.xml for XML based Validator configuration.
21:23:35.890 [Test worker] DEBUG o.h.v.i.xml.ResourceLoaderHelper - Trying to load META-INF/validation.xml via TCCL
21:23:35.890 [Test worker] DEBUG o.h.v.i.xml.ResourceLoaderHelper - Trying to load META-INF/validation.xml via Hibernate Validator's class loader
21:23:35.890 [Test worker] DEBUG o.h.v.i.xml.ValidationXmlParser - No META-INF/validation.xml found. Using annotation based configuration only.
21:23:35.936 [Test worker] DEBUG o.h.b.internal.ClassLoaderAccessImpl - Not known whether passed class name [org.springframework.security.samples.data.Message] is safe
21:23:35.936 [Test worker] DEBUG o.h.b.internal.ClassLoaderAccessImpl - No temp ClassLoader provided; using live ClassLoader for loading potentially unsafe class : org.springframework.security.samples.data.Message
21:23:35.983 [Test worker] DEBUG o.h.v.i.m.d.ConstraintDescriptorImpl - Adding composing constraint: ConstraintDescriptorImpl{annotation=javax.validation.constraints.NotNull, payloads=[], hasComposingConstraints=true, isReportAsSingleInvalidConstraint=false, elementType=FIELD, definedOn=DEFINED_LOCALLY, groups=[interface javax.validation.groups.Default], attributes={message={javax.validation.constraints.NotNull.message}, groups=[Ljava.lang.Class;@35f3f18a, payload=[Ljava.lang.Class;@6f59e6fa}, constraintType=GENERIC}.
21:23:35.983 [Test worker] DEBUG o.h.v.i.m.d.ConstraintDescriptorImpl - Adding composing constraint: ConstraintDescriptorImpl{annotation=javax.validation.constraints.Size, payloads=[], hasComposingConstraints=true, isReportAsSingleInvalidConstraint=false, elementType=FIELD, definedOn=DEFINED_LOCALLY, groups=[interface javax.validation.groups.Default], attributes={groups=[Ljava.lang.Class;@402e8328, min=1, message={javax.validation.constraints.Size.message}, max=2147483647, payload=[Ljava.lang.Class;@3f9a218d}, constraintType=GENERIC}.
21:23:35.983 [Test worker] DEBUG o.h.v.i.m.d.ConstraintDescriptorImpl - Adding composing constraint: ConstraintDescriptorImpl{annotation=javax.validation.constraints.NotNull, payloads=[], hasComposingConstraints=true, isReportAsSingleInvalidConstraint=false, elementType=FIELD, definedOn=DEFINED_LOCALLY, groups=[interface javax.validation.groups.Default], attributes={message={javax.validation.constraints.NotNull.message}, groups=[Ljava.lang.Class;@7a13041c, payload=[Ljava.lang.Class;@68da1d57}, constraintType=GENERIC}.
21:23:35.983 [Test worker] DEBUG o.h.v.i.m.d.ConstraintDescriptorImpl - Adding composing constraint: ConstraintDescriptorImpl{annotation=javax.validation.constraints.Size, payloads=[], hasComposingConstraints=true, isReportAsSingleInvalidConstraint=false, elementType=FIELD, definedOn=DEFINED_LOCALLY, groups=[interface javax.validation.groups.Default], attributes={groups=[Ljava.lang.Class;@7d7450b6, min=1, message={javax.validation.constraints.Size.message}, max=2147483647, payload=[Ljava.lang.Class;@3892934a}, constraintType=GENERIC}.
21:23:36.030 [Test worker] DEBUG o.h.secure.spi.JaccIntegrator - Skipping JACC integration as it was not enabled
21:23:36.030 [Test worker] DEBUG o.hibernate.engine.spi.CascadeStyles - External cascade style regsitration [persist : STYLE_PERSIST_SKIPLAZY] overrode base registration [STYLE_PERSIST]
21:23:36.108 [Test worker] DEBUG o.h.b.internal.ClassLoaderAccessImpl - Not known whether passed class name [org.springframework.security.samples.data.Message] is safe
21:23:36.108 [Test worker] DEBUG o.h.b.internal.ClassLoaderAccessImpl - No temp ClassLoader provided; using live ClassLoader for loading potentially unsafe class : org.springframework.security.samples.data.Message
21:23:36.124 [Test worker] DEBUG o.h.b.internal.ClassLoaderAccessImpl - Not known whether passed class name [org.springframework.security.samples.data.Message] is safe
21:23:36.124 [Test worker] DEBUG o.h.b.internal.ClassLoaderAccessImpl - No temp ClassLoader provided; using live ClassLoader for loading potentially unsafe class : org.springframework.security.samples.data.Message
21:23:36.171 [Test worker] DEBUG o.h.p.entity.AbstractEntityPersister - Static SQL for entity: org.springframework.security.samples.data.Message
21:23:36.171 [Test worker] DEBUG o.h.p.entity.AbstractEntityPersister -  Version select: select id from Message where id =?
21:23:36.171 [Test worker] DEBUG o.h.p.entity.AbstractEntityPersister -  Snapshot select: select message_.id, message_.created as created2_0_, message_.summary as summary3_0_, message_.text as text4_0_ from Message message_ where message_.id=?
21:23:36.171 [Test worker] DEBUG o.h.p.entity.AbstractEntityPersister -  Insert 0: insert into Message (created, summary, text, id) values (?, ?, ?, ?)
21:23:36.171 [Test worker] DEBUG o.h.p.entity.AbstractEntityPersister -  Update 0: update Message set created=?, summary=?, text=? where id=?
21:23:36.171 [Test worker] DEBUG o.h.p.entity.AbstractEntityPersister -  Delete 0: delete from Message where id=?
21:23:36.171 [Test worker] DEBUG o.h.p.entity.AbstractEntityPersister -  Identity insert: insert into Message (id, created, summary, text) values (default, ?, ?, ?)
21:23:36.202 [Test worker] DEBUG o.h.l.p.b.i.spaces.QuerySpacesImpl - Adding QuerySpace : uid = <gen:0> -> org.hibernate.loader.plan.build.internal.spaces.EntityQuerySpaceImpl@7a6f8a21]
21:23:36.202 [Test worker] DEBUG o.h.p.w.spi.MetamodelGraphWalker - Visiting attribute path : created
21:23:36.202 [Test worker] DEBUG o.h.p.w.spi.MetamodelGraphWalker - Visiting attribute path : summary
21:23:36.202 [Test worker] DEBUG o.h.p.w.spi.MetamodelGraphWalker - Visiting attribute path : text
21:23:36.202 [Test worker] DEBUG o.h.l.p.b.i.FetchStyleLoadPlanBuildingAssociationVisitationStrategy - Building LoadPlan...
21:23:36.218 [Test worker] DEBUG o.h.l.p.e.i.LoadQueryJoinAndFetchProcessor - processing queryspace <gen:0>
21:23:36.218 [Test worker] DEBUG o.h.l.p.b.spi.LoadPlanTreePrinter - LoadPlan(entity=org.springframework.security.samples.data.Message)
    - Returns
       - EntityReturnImpl(entity=org.springframework.security.samples.data.Message, querySpaceUid=<gen:0>, path=org.springframework.security.samples.data.Message)
    - QuerySpaces
       - EntityQuerySpaceImpl(uid=<gen:0>, entity=org.springframework.security.samples.data.Message)
          - SQL table alias mapping - message0_
          - alias suffix - 0_
          - suffixed key columns - {id1_0_0_}

21:23:36.233 [Test worker] DEBUG o.h.loader.entity.plan.EntityLoader - Static select for entity org.springframework.security.samples.data.Message [NONE]: select message0_.id as id1_0_0_, message0_.created as created2_0_0_, message0_.summary as summary3_0_0_, message0_.text as text4_0_0_ from Message message0_ where message0_.id=?
21:23:36.233 [Test worker] DEBUG o.h.l.p.b.i.spaces.QuerySpacesImpl - Adding QuerySpace : uid = <gen:0> -> org.hibernate.loader.plan.build.internal.spaces.EntityQuerySpaceImpl@522f127b]
21:23:36.233 [Test worker] DEBUG o.h.p.w.spi.MetamodelGraphWalker - Visiting attribute path : created
21:23:36.233 [Test worker] DEBUG o.h.p.w.spi.MetamodelGraphWalker - Visiting attribute path : summary
21:23:36.233 [Test worker] DEBUG o.h.p.w.spi.MetamodelGraphWalker - Visiting attribute path : text
21:23:36.233 [Test worker] DEBUG o.h.l.p.b.i.FetchStyleLoadPlanBuildingAssociationVisitationStrategy - Building LoadPlan...
21:23:36.233 [Test worker] DEBUG o.h.l.p.e.i.LoadQueryJoinAndFetchProcessor - processing queryspace <gen:0>
21:23:36.233 [Test worker] DEBUG o.h.l.p.b.spi.LoadPlanTreePrinter - LoadPlan(entity=org.springframework.security.samples.data.Message)
    - Returns
       - EntityReturnImpl(entity=org.springframework.security.samples.data.Message, querySpaceUid=<gen:0>, path=org.springframework.security.samples.data.Message)
    - QuerySpaces
       - EntityQuerySpaceImpl(uid=<gen:0>, entity=org.springframework.security.samples.data.Message)
          - SQL table alias mapping - message0_
          - alias suffix - 0_
          - suffixed key columns - {id1_0_0_}

21:23:36.233 [Test worker] DEBUG o.h.loader.entity.plan.EntityLoader - Static select for entity org.springframework.security.samples.data.Message [READ]: select message0_.id as id1_0_0_, message0_.created as created2_0_0_, message0_.summary as summary3_0_0_, message0_.text as text4_0_0_ from Message message0_ where message0_.id=?
21:23:36.233 [Test worker] DEBUG o.h.l.p.b.i.spaces.QuerySpacesImpl - Adding QuerySpace : uid = <gen:0> -> org.hibernate.loader.plan.build.internal.spaces.EntityQuerySpaceImpl@645cdd7e]
21:23:36.233 [Test worker] DEBUG o.h.p.w.spi.MetamodelGraphWalker - Visiting attribute path : created
21:23:36.233 [Test worker] DEBUG o.h.p.w.spi.MetamodelGraphWalker - Visiting attribute path : summary
21:23:36.233 [Test worker] DEBUG o.h.p.w.spi.MetamodelGraphWalker - Visiting attribute path : text
21:23:36.233 [Test worker] DEBUG o.h.l.p.b.i.FetchStyleLoadPlanBuildingAssociationVisitationStrategy - Building LoadPlan...
21:23:36.233 [Test worker] DEBUG o.h.l.p.e.i.LoadQueryJoinAndFetchProcessor - processing queryspace <gen:0>
21:23:36.233 [Test worker] DEBUG o.h.l.p.b.spi.LoadPlanTreePrinter - LoadPlan(entity=org.springframework.security.samples.data.Message)
    - Returns
       - EntityReturnImpl(entity=org.springframework.security.samples.data.Message, querySpaceUid=<gen:0>, path=org.springframework.security.samples.data.Message)
    - QuerySpaces
       - EntityQuerySpaceImpl(uid=<gen:0>, entity=org.springframework.security.samples.data.Message)
          - SQL table alias mapping - message0_
          - alias suffix - 0_
          - suffixed key columns - {id1_0_0_}

21:23:36.233 [Test worker] DEBUG o.h.loader.entity.plan.EntityLoader - Static select for entity org.springframework.security.samples.data.Message [UPGRADE]: select message0_.id as id1_0_0_, message0_.created as created2_0_0_, message0_.summary as summary3_0_0_, message0_.text as text4_0_0_ from Message message0_ where message0_.id=? for update
21:23:36.233 [Test worker] DEBUG o.h.l.p.b.i.spaces.QuerySpacesImpl - Adding QuerySpace : uid = <gen:0> -> org.hibernate.loader.plan.build.internal.spaces.EntityQuerySpaceImpl@657f3f19]
21:23:36.233 [Test worker] DEBUG o.h.p.w.spi.MetamodelGraphWalker - Visiting attribute path : created
21:23:36.233 [Test worker] DEBUG o.h.p.w.spi.MetamodelGraphWalker - Visiting attribute path : summary
21:23:36.233 [Test worker] DEBUG o.h.p.w.spi.MetamodelGraphWalker - Visiting attribute path : text
21:23:36.233 [Test worker] DEBUG o.h.l.p.b.i.FetchStyleLoadPlanBuildingAssociationVisitationStrategy - Building LoadPlan...
21:23:36.233 [Test worker] DEBUG o.h.l.p.e.i.LoadQueryJoinAndFetchProcessor - processing queryspace <gen:0>
21:23:36.233 [Test worker] DEBUG o.h.l.p.b.spi.LoadPlanTreePrinter - LoadPlan(entity=org.springframework.security.samples.data.Message)
    - Returns
       - EntityReturnImpl(entity=org.springframework.security.samples.data.Message, querySpaceUid=<gen:0>, path=org.springframework.security.samples.data.Message)
    - QuerySpaces
       - EntityQuerySpaceImpl(uid=<gen:0>, entity=org.springframework.security.samples.data.Message)
          - SQL table alias mapping - message0_
          - alias suffix - 0_
          - suffixed key columns - {id1_0_0_}

21:23:36.233 [Test worker] DEBUG o.h.loader.entity.plan.EntityLoader - Static select for entity org.springframework.security.samples.data.Message [UPGRADE_NOWAIT]: select message0_.id as id1_0_0_, message0_.created as created2_0_0_, message0_.summary as summary3_0_0_, message0_.text as text4_0_0_ from Message message0_ where message0_.id=? for update
21:23:36.233 [Test worker] DEBUG o.h.l.p.b.i.spaces.QuerySpacesImpl - Adding QuerySpace : uid = <gen:0> -> org.hibernate.loader.plan.build.internal.spaces.EntityQuerySpaceImpl@2cda3ef7]
21:23:36.233 [Test worker] DEBUG o.h.p.w.spi.MetamodelGraphWalker - Visiting attribute path : created
21:23:36.233 [Test worker] DEBUG o.h.p.w.spi.MetamodelGraphWalker - Visiting attribute path : summary
21:23:36.233 [Test worker] DEBUG o.h.p.w.spi.MetamodelGraphWalker - Visiting attribute path : text
21:23:36.233 [Test worker] DEBUG o.h.l.p.b.i.FetchStyleLoadPlanBuildingAssociationVisitationStrategy - Building LoadPlan...
21:23:36.233 [Test worker] DEBUG o.h.l.p.e.i.LoadQueryJoinAndFetchProcessor - processing queryspace <gen:0>
21:23:36.233 [Test worker] DEBUG o.h.l.p.b.spi.LoadPlanTreePrinter - LoadPlan(entity=org.springframework.security.samples.data.Message)
    - Returns
       - EntityReturnImpl(entity=org.springframework.security.samples.data.Message, querySpaceUid=<gen:0>, path=org.springframework.security.samples.data.Message)
    - QuerySpaces
       - EntityQuerySpaceImpl(uid=<gen:0>, entity=org.springframework.security.samples.data.Message)
          - SQL table alias mapping - message0_
          - alias suffix - 0_
          - suffixed key columns - {id1_0_0_}

21:23:36.233 [Test worker] DEBUG o.h.loader.entity.plan.EntityLoader - Static select for entity org.springframework.security.samples.data.Message [UPGRADE_SKIPLOCKED]: select message0_.id as id1_0_0_, message0_.created as created2_0_0_, message0_.summary as summary3_0_0_, message0_.text as text4_0_0_ from Message message0_ where message0_.id=? for update
21:23:36.233 [Test worker] DEBUG o.h.l.p.b.i.spaces.QuerySpacesImpl - Adding QuerySpace : uid = <gen:0> -> org.hibernate.loader.plan.build.internal.spaces.EntityQuerySpaceImpl@35afcd89]
21:23:36.233 [Test worker] DEBUG o.h.p.w.spi.MetamodelGraphWalker - Visiting attribute path : created
21:23:36.233 [Test worker] DEBUG o.h.p.w.spi.MetamodelGraphWalker - Visiting attribute path : summary
21:23:36.233 [Test worker] DEBUG o.h.p.w.spi.MetamodelGraphWalker - Visiting attribute path : text
21:23:36.233 [Test worker] DEBUG o.h.l.p.b.i.FetchStyleLoadPlanBuildingAssociationVisitationStrategy - Building LoadPlan...
21:23:36.233 [Test worker] DEBUG o.h.l.p.e.i.LoadQueryJoinAndFetchProcessor - processing queryspace <gen:0>
21:23:36.233 [Test worker] DEBUG o.h.l.p.b.spi.LoadPlanTreePrinter - LoadPlan(entity=org.springframework.security.samples.data.Message)
    - Returns
       - EntityReturnImpl(entity=org.springframework.security.samples.data.Message, querySpaceUid=<gen:0>, path=org.springframework.security.samples.data.Message)
    - QuerySpaces
       - EntityQuerySpaceImpl(uid=<gen:0>, entity=org.springframework.security.samples.data.Message)
          - SQL table alias mapping - message0_
          - alias suffix - 0_
          - suffixed key columns - {id1_0_0_}

21:23:36.233 [Test worker] DEBUG o.h.loader.entity.plan.EntityLoader - Static select for entity org.springframework.security.samples.data.Message [FORCE]: select message0_.id as id1_0_0_, message0_.created as created2_0_0_, message0_.summary as summary3_0_0_, message0_.text as text4_0_0_ from Message message0_ where message0_.id=? for update
21:23:36.233 [Test worker] DEBUG o.h.l.p.b.i.spaces.QuerySpacesImpl - Adding QuerySpace : uid = <gen:0> -> org.hibernate.loader.plan.build.internal.spaces.EntityQuerySpaceImpl@1bc8618e]
21:23:36.233 [Test worker] DEBUG o.h.p.w.spi.MetamodelGraphWalker - Visiting attribute path : created
21:23:36.233 [Test worker] DEBUG o.h.p.w.spi.MetamodelGraphWalker - Visiting attribute path : summary
21:23:36.233 [Test worker] DEBUG o.h.p.w.spi.MetamodelGraphWalker - Visiting attribute path : text
21:23:36.233 [Test worker] DEBUG o.h.l.p.b.i.FetchStyleLoadPlanBuildingAssociationVisitationStrategy - Building LoadPlan...
21:23:36.233 [Test worker] DEBUG o.h.l.p.e.i.LoadQueryJoinAndFetchProcessor - processing queryspace <gen:0>
21:23:36.233 [Test worker] DEBUG o.h.l.p.b.spi.LoadPlanTreePrinter - LoadPlan(entity=org.springframework.security.samples.data.Message)
    - Returns
       - EntityReturnImpl(entity=org.springframework.security.samples.data.Message, querySpaceUid=<gen:0>, path=org.springframework.security.samples.data.Message)
    - QuerySpaces
       - EntityQuerySpaceImpl(uid=<gen:0>, entity=org.springframework.security.samples.data.Message)
          - SQL table alias mapping - message0_
          - alias suffix - 0_
          - suffixed key columns - {id1_0_0_}

21:23:36.233 [Test worker] DEBUG o.h.loader.entity.plan.EntityLoader - Static select for entity org.springframework.security.samples.data.Message [PESSIMISTIC_READ]: select message0_.id as id1_0_0_, message0_.created as created2_0_0_, message0_.summary as summary3_0_0_, message0_.text as text4_0_0_ from Message message0_ where message0_.id=? for update
21:23:36.233 [Test worker] DEBUG o.h.l.p.b.i.spaces.QuerySpacesImpl - Adding QuerySpace : uid = <gen:0> -> org.hibernate.loader.plan.build.internal.spaces.EntityQuerySpaceImpl@5cbaf06c]
21:23:36.233 [Test worker] DEBUG o.h.p.w.spi.MetamodelGraphWalker - Visiting attribute path : created
21:23:36.233 [Test worker] DEBUG o.h.p.w.spi.MetamodelGraphWalker - Visiting attribute path : summary
21:23:36.233 [Test worker] DEBUG o.h.p.w.spi.MetamodelGraphWalker - Visiting attribute path : text
21:23:36.233 [Test worker] DEBUG o.h.l.p.b.i.FetchStyleLoadPlanBuildingAssociationVisitationStrategy - Building LoadPlan...
21:23:36.233 [Test worker] DEBUG o.h.l.p.e.i.LoadQueryJoinAndFetchProcessor - processing queryspace <gen:0>
21:23:36.233 [Test worker] DEBUG o.h.l.p.b.spi.LoadPlanTreePrinter - LoadPlan(entity=org.springframework.security.samples.data.Message)
    - Returns
       - EntityReturnImpl(entity=org.springframework.security.samples.data.Message, querySpaceUid=<gen:0>, path=org.springframework.security.samples.data.Message)
    - QuerySpaces
       - EntityQuerySpaceImpl(uid=<gen:0>, entity=org.springframework.security.samples.data.Message)
          - SQL table alias mapping - message0_
          - alias suffix - 0_
          - suffixed key columns - {id1_0_0_}

21:23:36.233 [Test worker] DEBUG o.h.loader.entity.plan.EntityLoader - Static select for entity org.springframework.security.samples.data.Message [PESSIMISTIC_WRITE]: select message0_.id as id1_0_0_, message0_.created as created2_0_0_, message0_.summary as summary3_0_0_, message0_.text as text4_0_0_ from Message message0_ where message0_.id=? for update
21:23:36.233 [Test worker] DEBUG o.h.l.p.b.i.spaces.QuerySpacesImpl - Adding QuerySpace : uid = <gen:0> -> org.hibernate.loader.plan.build.internal.spaces.EntityQuerySpaceImpl@24afbee8]
21:23:36.233 [Test worker] DEBUG o.h.p.w.spi.MetamodelGraphWalker - Visiting attribute path : created
21:23:36.233 [Test worker] DEBUG o.h.p.w.spi.MetamodelGraphWalker - Visiting attribute path : summary
21:23:36.233 [Test worker] DEBUG o.h.p.w.spi.MetamodelGraphWalker - Visiting attribute path : text
21:23:36.233 [Test worker] DEBUG o.h.l.p.b.i.FetchStyleLoadPlanBuildingAssociationVisitationStrategy - Building LoadPlan...
21:23:36.233 [Test worker] DEBUG o.h.l.p.e.i.LoadQueryJoinAndFetchProcessor - processing queryspace <gen:0>
21:23:36.233 [Test worker] DEBUG o.h.l.p.b.spi.LoadPlanTreePrinter - LoadPlan(entity=org.springframework.security.samples.data.Message)
    - Returns
       - EntityReturnImpl(entity=org.springframework.security.samples.data.Message, querySpaceUid=<gen:0>, path=org.springframework.security.samples.data.Message)
    - QuerySpaces
       - EntityQuerySpaceImpl(uid=<gen:0>, entity=org.springframework.security.samples.data.Message)
          - SQL table alias mapping - message0_
          - alias suffix - 0_
          - suffixed key columns - {id1_0_0_}

21:23:36.233 [Test worker] DEBUG o.h.loader.entity.plan.EntityLoader - Static select for entity org.springframework.security.samples.data.Message [PESSIMISTIC_FORCE_INCREMENT]: select message0_.id as id1_0_0_, message0_.created as created2_0_0_, message0_.summary as summary3_0_0_, message0_.text as text4_0_0_ from Message message0_ where message0_.id=? for update
21:23:36.233 [Test worker] DEBUG o.h.l.p.b.i.spaces.QuerySpacesImpl - Adding QuerySpace : uid = <gen:0> -> org.hibernate.loader.plan.build.internal.spaces.EntityQuerySpaceImpl@2d091554]
21:23:36.233 [Test worker] DEBUG o.h.p.w.spi.MetamodelGraphWalker - Visiting attribute path : created
21:23:36.233 [Test worker] DEBUG o.h.p.w.spi.MetamodelGraphWalker - Visiting attribute path : summary
21:23:36.233 [Test worker] DEBUG o.h.p.w.spi.MetamodelGraphWalker - Visiting attribute path : text
21:23:36.233 [Test worker] DEBUG o.h.l.p.b.i.FetchStyleLoadPlanBuildingAssociationVisitationStrategy - Building LoadPlan...
21:23:36.233 [Test worker] DEBUG o.h.l.p.e.i.LoadQueryJoinAndFetchProcessor - processing queryspace <gen:0>
21:23:36.233 [Test worker] DEBUG o.h.l.p.b.spi.LoadPlanTreePrinter - LoadPlan(entity=org.springframework.security.samples.data.Message)
    - Returns
       - EntityReturnImpl(entity=org.springframework.security.samples.data.Message, querySpaceUid=<gen:0>, path=org.springframework.security.samples.data.Message)
    - QuerySpaces
       - EntityQuerySpaceImpl(uid=<gen:0>, entity=org.springframework.security.samples.data.Message)
          - SQL table alias mapping - message0_
          - alias suffix - 0_
          - suffixed key columns - {id1_0_0_}

21:23:36.233 [Test worker] DEBUG o.h.loader.entity.plan.EntityLoader - Static select for entity org.springframework.security.samples.data.Message [OPTIMISTIC]: select message0_.id as id1_0_0_, message0_.created as created2_0_0_, message0_.summary as summary3_0_0_, message0_.text as text4_0_0_ from Message message0_ where message0_.id=?
21:23:36.233 [Test worker] DEBUG o.h.l.p.b.i.spaces.QuerySpacesImpl - Adding QuerySpace : uid = <gen:0> -> org.hibernate.loader.plan.build.internal.spaces.EntityQuerySpaceImpl@13fb57a1]
21:23:36.233 [Test worker] DEBUG o.h.p.w.spi.MetamodelGraphWalker - Visiting attribute path : created
21:23:36.233 [Test worker] DEBUG o.h.p.w.spi.MetamodelGraphWalker - Visiting attribute path : summary
21:23:36.233 [Test worker] DEBUG o.h.p.w.spi.MetamodelGraphWalker - Visiting attribute path : text
21:23:36.233 [Test worker] DEBUG o.h.l.p.b.i.FetchStyleLoadPlanBuildingAssociationVisitationStrategy - Building LoadPlan...
21:23:36.233 [Test worker] DEBUG o.h.l.p.e.i.LoadQueryJoinAndFetchProcessor - processing queryspace <gen:0>
21:23:36.233 [Test worker] DEBUG o.h.l.p.b.spi.LoadPlanTreePrinter - LoadPlan(entity=org.springframework.security.samples.data.Message)
    - Returns
       - EntityReturnImpl(entity=org.springframework.security.samples.data.Message, querySpaceUid=<gen:0>, path=org.springframework.security.samples.data.Message)
    - QuerySpaces
       - EntityQuerySpaceImpl(uid=<gen:0>, entity=org.springframework.security.samples.data.Message)
          - SQL table alias mapping - message0_
          - alias suffix - 0_
          - suffixed key columns - {id1_0_0_}

21:23:36.233 [Test worker] DEBUG o.h.loader.entity.plan.EntityLoader - Static select for entity org.springframework.security.samples.data.Message [OPTIMISTIC_FORCE_INCREMENT]: select message0_.id as id1_0_0_, message0_.created as created2_0_0_, message0_.summary as summary3_0_0_, message0_.text as text4_0_0_ from Message message0_ where message0_.id=?
21:23:36.249 [Test worker] DEBUG org.hibernate.loader.Loader - Static select for action ACTION_MERGE on entity org.springframework.security.samples.data.Message: select message0_.id as id1_0_0_, message0_.created as created2_0_0_, message0_.summary as summary3_0_0_, message0_.text as text4_0_0_ from Message message0_ where message0_.id=?
21:23:36.249 [Test worker] DEBUG org.hibernate.loader.Loader - Static select for action ACTION_REFRESH on entity org.springframework.security.samples.data.Message: select message0_.id as id1_0_0_, message0_.created as created2_0_0_, message0_.summary as summary3_0_0_, message0_.text as text4_0_0_ from Message message0_ where message0_.id=?
21:23:36.249 [Test worker] DEBUG o.h.internal.SessionFactoryImpl - Instantiated session factory
21:23:36.265 [Test worker] INFO  o.h.tool.hbm2ddl.SchemaUpdate - HHH000228: Running hbm2ddl schema update
21:23:36.265 [Test worker] DEBUG o.s.j.d.SimpleDriverDataSource - Creating new JDBC Driver Connection to [jdbc:hsqldb:mem:testdb]
21:23:36.280 [Test worker] DEBUG o.s.j.d.SimpleDriverDataSource - Creating new JDBC Driver Connection to [jdbc:hsqldb:mem:testdb]
21:23:36.280 [Test worker] INFO  o.h.t.s.e.i.InformationExtractorJdbcDatabaseMetaDataImpl - HHH000262: Table not found: Message
21:23:36.296 [Test worker] INFO  o.h.t.s.e.i.InformationExtractorJdbcDatabaseMetaDataImpl - HHH000262: Table not found: Message
21:23:36.296 [Test worker] DEBUG o.h.e.t.j.p.i.JtaPlatformInitiator - No JtaPlatform was specified, checking resolver
21:23:36.296 [Test worker] DEBUG o.h.e.t.j.p.i.JtaPlatformResolverInitiator - No JtaPlatformResolver was specified, using default [org.hibernate.engine.transaction.jta.platform.internal.StandardJtaPlatformResolver]
21:23:36.296 [Test worker] DEBUG o.h.e.t.j.p.i.StandardJtaPlatformResolver - Could not resolve JtaPlatform, using default [org.hibernate.engine.transaction.jta.platform.internal.NoJtaPlatform]
21:23:36.296 [Test worker] DEBUG o.h.internal.NamedQueryRepository - Checking 0 named HQL queries
21:23:36.296 [Test worker] DEBUG o.h.internal.NamedQueryRepository - Checking 0 named SQL queries
21:23:36.311 [Test worker] DEBUG o.h.internal.SessionFactoryRegistry - Initializing SessionFactoryRegistry : org.hibernate.internal.SessionFactoryRegistry@4148ed61
21:23:36.311 [Test worker] DEBUG o.h.internal.SessionFactoryRegistry - Registering SessionFactory: 7ef28b6e-ef64-440c-8981-997b20524062 (<unnamed>)
21:23:36.311 [Test worker] DEBUG o.h.internal.SessionFactoryRegistry - Not binding SessionFactory to JNDI, no JNDI name configured
21:23:36.311 [Test worker] DEBUG o.h.j.i.schemagen.JpaSchemaGenerator - No actions specified; doing nothing
21:23:36.358 [Test worker] DEBUG o.h.j.i.EntityManagerFactoryRegistry - Initializing EntityManagerFactoryRegistry : org.hibernate.jpa.internal.EntityManagerFactoryRegistry@37c6e98d
21:23:36.358 [Test worker] DEBUG o.h.j.i.EntityManagerFactoryRegistry - Registering EntityManagerFactory: default 
21:23:36.358 [Test worker] INFO  o.s.o.j.LocalContainerEntityManagerFactoryBean - Initialized JPA EntityManagerFactory for persistence unit 'default'
21:23:36.358 [Test worker] DEBUG o.s.b.f.s.DefaultListableBeanFactory - Finished creating instance of bean 'entityManagerFactory'
21:23:36.358 [Test worker] DEBUG o.s.b.f.s.DefaultListableBeanFactory - Pre-instantiating singletons in org.springframework.beans.factory.support.DefaultListableBeanFactory@1ee24100: defining beans [org.springframework.context.annotation.internalConfigurationAnnotationProcessor,org.springframework.context.annotation.internalAutowiredAnnotationProcessor,org.springframework.context.annotation.internalRequiredAnnotationProcessor,org.springframework.context.annotation.internalCommonAnnotationProcessor,org.springframework.context.annotation.internalPersistenceAnnotationProcessor,org.springframework.context.event.internalEventListenerProcessor,org.springframework.context.event.internalEventListenerFactory,rootConfiguration,webMvcConfiguration,securityConfig,dataConfiguration,defaultController,messageController,org.springframework.security.config.annotation.configuration.ObjectPostProcessorConfiguration,objectPostProcessor,org.springframework.security.config.annotation.authentication.configuration.AuthenticationConfiguration,authenticationManagerBuilder,enableGlobalAuthenticationAutowiredConfigurer,initializeUserDetailsBeanManagerConfigurer,initializeAuthenticationProviderBeanManagerConfigurer,org.springframework.security.config.annotation.web.configuration.WebSecurityConfiguration,delegatingApplicationListener,webSecurityExpressionHandler,springSecurityFilterChain,privilegeEvaluator,autowiredWebSecurityConfigurersIgnoreParents,org.springframework.security.config.annotation.web.configuration.WebMvcSecurityConfiguration,requestDataValueProcessor,dataSource,entityManagerFactory,initDatabase,transactionManager,org.springframework.data.jpa.repository.config.JpaRepositoryConfigExtension#0,org.springframework.data.repository.core.support.RepositoryFactoryBeanSupport_Predictor,emBeanDefinitionRegistrarPostProcessor,jpaMappingContext,jpaContext,messageRepository,org.springframework.web.servlet.config.annotation.DelegatingWebMvcConfiguration,mvcValidator,mvcViewResolver,mvcPathMatcher,mvcUrlPathHelper,mvcConversionService,resourceHandlerMapping,beanNameHandlerMapping,handlerExceptionResolver,requestMappingHandlerMapping,defaultServletHandlerMapping,requestMappingHandlerAdapter,mvcUriComponentsContributor,mvcContentNegotiationManager,simpleControllerHandlerAdapter,mvcResourceUrlProvider,viewControllerHandlerMapping,httpRequestHandlerAdapter,templateEngine,viewResolver,domainClassConverter,org.springframework.orm.jpa.SharedEntityManagerCreator#0]; root of factory hierarchy
21:23:36.358 [Test worker] DEBUG o.s.b.f.s.DefaultListableBeanFactory - Returning cached instance of singleton bean 'org.springframework.context.annotation.internalConfigurationAnnotationProcessor'
21:23:36.358 [Test worker] DEBUG o.s.b.f.s.DefaultListableBeanFactory - Returning cached instance of singleton bean 'org.springframework.context.annotation.internalAutowiredAnnotationProcessor'
21:23:36.358 [Test worker] DEBUG o.s.b.f.s.DefaultListableBeanFactory - Returning cached instance of singleton bean 'org.springframework.context.annotation.internalRequiredAnnotationProcessor'
21:23:36.358 [Test worker] DEBUG o.s.b.f.s.DefaultListableBeanFactory - Returning cached instance of singleton bean 'org.springframework.context.annotation.internalCommonAnnotationProcessor'
21:23:36.358 [Test worker] DEBUG o.s.b.f.s.DefaultListableBeanFactory - Returning cached instance of singleton bean 'org.springframework.context.annotation.internalPersistenceAnnotationProcessor'
21:23:36.358 [Test worker] DEBUG o.s.b.f.s.DefaultListableBeanFactory - Creating shared instance of singleton bean 'org.springframework.context.event.internalEventListenerProcessor'
21:23:36.358 [Test worker] DEBUG o.s.b.f.s.DefaultListableBeanFactory - Creating instance of bean 'org.springframework.context.event.internalEventListenerProcessor'
21:23:36.358 [Test worker] DEBUG o.s.b.f.s.DefaultListableBeanFactory - Eagerly caching bean 'org.springframework.context.event.internalEventListenerProcessor' to allow for resolving potential circular references
21:23:36.374 [Test worker] DEBUG o.s.b.f.s.DefaultListableBeanFactory - Finished creating instance of bean 'org.springframework.context.event.internalEventListenerProcessor'
21:23:36.374 [Test worker] DEBUG o.s.b.f.s.DefaultListableBeanFactory - Creating shared instance of singleton bean 'org.springframework.context.event.internalEventListenerFactory'
21:23:36.374 [Test worker] DEBUG o.s.b.f.s.DefaultListableBeanFactory - Creating instance of bean 'org.springframework.context.event.internalEventListenerFactory'
21:23:36.374 [Test worker] DEBUG o.s.b.f.s.DefaultListableBeanFactory - Eagerly caching bean 'org.springframework.context.event.internalEventListenerFactory' to allow for resolving potential circular references
21:23:36.374 [Test worker] DEBUG o.s.b.f.s.DefaultListableBeanFactory - Finished creating instance of bean 'org.springframework.context.event.internalEventListenerFactory'
21:23:36.374 [Test worker] DEBUG o.s.b.f.s.DefaultListableBeanFactory - Creating shared instance of singleton bean 'rootConfiguration'
21:23:36.374 [Test worker] DEBUG o.s.b.f.s.DefaultListableBeanFactory - Creating instance of bean 'rootConfiguration'
21:23:36.374 [Test worker] DEBUG o.s.b.f.s.DefaultListableBeanFactory - Eagerly caching bean 'rootConfiguration' to allow for resolving potential circular references
21:23:36.374 [Test worker] DEBUG o.s.b.f.s.DefaultListableBeanFactory - Finished creating instance of bean 'rootConfiguration'
21:23:36.374 [Test worker] DEBUG o.s.b.f.s.DefaultListableBeanFactory - Creating shared instance of singleton bean 'webMvcConfiguration'
21:23:36.374 [Test worker] DEBUG o.s.b.f.s.DefaultListableBeanFactory - Creating instance of bean 'webMvcConfiguration'
21:23:36.374 [Test worker] DEBUG o.s.b.f.annotation.InjectionMetadata - Registered injected element on class [org.springframework.security.samples.mvc.config.WebMvcConfiguration]: AutowiredFieldElement for private org.springframework.context.ApplicationContext org.springframework.security.samples.mvc.config.WebMvcConfiguration.applicationContext
21:23:36.374 [Test worker] DEBUG o.s.b.f.annotation.InjectionMetadata - Registered injected element on class [org.springframework.security.samples.mvc.config.WebMvcConfiguration]: AutowiredFieldElement for private org.springframework.format.support.FormattingConversionService org.springframework.security.samples.mvc.config.WebMvcConfiguration.mvcConversionService
21:23:36.374 [Test worker] DEBUG o.s.b.f.s.DefaultListableBeanFactory - Eagerly caching bean 'webMvcConfiguration' to allow for resolving potential circular references
21:23:36.390 [Test worker] DEBUG o.s.b.f.annotation.InjectionMetadata - Processing injected element of bean 'webMvcConfiguration': AutowiredFieldElement for private org.springframework.context.ApplicationContext org.springframework.security.samples.mvc.config.WebMvcConfiguration.applicationContext
21:23:36.390 [Test worker] DEBUG o.s.b.f.a.AutowiredAnnotationBeanPostProcessor - Autowiring by type from bean name 'webMvcConfiguration' to bean named 'org.springframework.web.context.support.GenericWebApplicationContext@37f46c5'
21:23:36.390 [Test worker] DEBUG o.s.b.f.annotation.InjectionMetadata - Processing injected element of bean 'webMvcConfiguration': AutowiredFieldElement for private org.springframework.format.support.FormattingConversionService org.springframework.security.samples.mvc.config.WebMvcConfiguration.mvcConversionService
21:23:36.390 [Test worker] DEBUG o.s.b.f.s.DefaultListableBeanFactory - Creating shared instance of singleton bean 'mvcConversionService'
21:23:36.390 [Test worker] DEBUG o.s.b.f.s.DefaultListableBeanFactory - Creating instance of bean 'mvcConversionService'
21:23:36.390 [Test worker] DEBUG o.s.b.f.s.DefaultListableBeanFactory - Creating shared instance of singleton bean 'org.springframework.web.servlet.config.annotation.DelegatingWebMvcConfiguration'
21:23:36.390 [Test worker] DEBUG o.s.b.f.s.DefaultListableBeanFactory - Creating instance of bean 'org.springframework.web.servlet.config.annotation.DelegatingWebMvcConfiguration'
21:23:36.405 [Test worker] DEBUG o.s.b.f.annotation.InjectionMetadata - Registered injected element on class [org.springframework.web.servlet.config.annotation.DelegatingWebMvcConfiguration$$EnhancerBySpringCGLIB$$308c7dd3]: AutowiredMethodElement for public void org.springframework.web.servlet.config.annotation.DelegatingWebMvcConfiguration.setConfigurers(java.util.List)
21:23:36.405 [Test worker] DEBUG o.s.b.f.s.DefaultListableBeanFactory - Eagerly caching bean 'org.springframework.web.servlet.config.annotation.DelegatingWebMvcConfiguration' to allow for resolving potential circular references
21:23:36.405 [Test worker] DEBUG o.s.b.f.annotation.InjectionMetadata - Processing injected element of bean 'org.springframework.web.servlet.config.annotation.DelegatingWebMvcConfiguration': AutowiredMethodElement for public void org.springframework.web.servlet.config.annotation.DelegatingWebMvcConfiguration.setConfigurers(java.util.List)
21:23:36.405 [Test worker] DEBUG o.s.b.f.s.DefaultListableBeanFactory - Returning eagerly cached instance of singleton bean 'webMvcConfiguration' that is not fully initialized yet - a consequence of a circular reference
21:23:36.405 [Test worker] DEBUG o.s.b.f.s.DefaultListableBeanFactory - Creating shared instance of singleton bean 'org.springframework.security.config.annotation.web.configuration.WebMvcSecurityConfiguration'
21:23:36.405 [Test worker] DEBUG o.s.b.f.s.DefaultListableBeanFactory - Creating instance of bean 'org.springframework.security.config.annotation.web.configuration.WebMvcSecurityConfiguration'
21:23:36.405 [Test worker] DEBUG o.s.b.f.s.DefaultListableBeanFactory - Eagerly caching bean 'org.springframework.security.config.annotation.web.configuration.WebMvcSecurityConfiguration' to allow for resolving potential circular references
21:23:36.405 [Test worker] DEBUG o.s.b.f.s.DefaultListableBeanFactory - Finished creating instance of bean 'org.springframework.security.config.annotation.web.configuration.WebMvcSecurityConfiguration'
21:23:36.421 [Test worker] DEBUG o.s.b.f.a.AutowiredAnnotationBeanPostProcessor - Autowiring by type from bean name 'org.springframework.web.servlet.config.annotation.DelegatingWebMvcConfiguration' to bean named 'webMvcConfiguration'
21:23:36.421 [Test worker] DEBUG o.s.b.f.a.AutowiredAnnotationBeanPostProcessor - Autowiring by type from bean name 'org.springframework.web.servlet.config.annotation.DelegatingWebMvcConfiguration' to bean named 'org.springframework.security.config.annotation.web.configuration.WebMvcSecurityConfiguration'
21:23:36.421 [Test worker] DEBUG o.s.b.f.s.DefaultListableBeanFactory - Finished creating instance of bean 'org.springframework.web.servlet.config.annotation.DelegatingWebMvcConfiguration'
21:23:36.530 [Test worker] DEBUG o.s.b.f.s.DefaultListableBeanFactory - Eagerly caching bean 'mvcConversionService' to allow for resolving potential circular references
21:23:36.546 [Test worker] DEBUG o.s.b.f.s.DefaultListableBeanFactory - Finished creating instance of bean 'mvcConversionService'
21:23:36.546 [Test worker] DEBUG o.s.b.f.a.AutowiredAnnotationBeanPostProcessor - Autowiring by type from bean name 'webMvcConfiguration' to bean named 'mvcConversionService'
21:23:36.546 [Test worker] DEBUG o.s.b.f.s.DefaultListableBeanFactory - Finished creating instance of bean 'webMvcConfiguration'
21:23:36.546 [Test worker] DEBUG o.s.b.f.s.DefaultListableBeanFactory - Creating shared instance of singleton bean 'securityConfig'
21:23:36.546 [Test worker] DEBUG o.s.b.f.s.DefaultListableBeanFactory - Creating instance of bean 'securityConfig'
21:23:36.546 [Test worker] DEBUG o.s.b.f.annotation.InjectionMetadata - Registered injected element on class [org.springframework.security.samples.config.SecurityConfig$$EnhancerBySpringCGLIB$$e443ff24]: AutowiredMethodElement for public void org.springframework.security.samples.config.SecurityConfig.configureGlobal(org.springframework.security.config.annotation.authentication.builders.AuthenticationManagerBuilder) throws java.lang.Exception
21:23:36.546 [Test worker] DEBUG o.s.b.f.s.DefaultListableBeanFactory - Eagerly caching bean 'securityConfig' to allow for resolving potential circular references
21:23:36.546 [Test worker] DEBUG o.s.b.f.annotation.InjectionMetadata - Processing injected element of bean 'securityConfig': AutowiredMethodElement for public void org.springframework.security.samples.config.SecurityConfig.configureGlobal(org.springframework.security.config.annotation.authentication.builders.AuthenticationManagerBuilder) throws java.lang.Exception
21:23:36.546 [Test worker] DEBUG o.s.b.f.s.DefaultListableBeanFactory - Creating shared instance of singleton bean 'authenticationManagerBuilder'
21:23:36.546 [Test worker] DEBUG o.s.b.f.s.DefaultListableBeanFactory - Creating instance of bean 'authenticationManagerBuilder'
21:23:36.546 [Test worker] DEBUG o.s.b.f.s.DefaultListableBeanFactory - Creating shared instance of singleton bean 'org.springframework.security.config.annotation.authentication.configuration.AuthenticationConfiguration'
21:23:36.546 [Test worker] DEBUG o.s.b.f.s.DefaultListableBeanFactory - Creating instance of bean 'org.springframework.security.config.annotation.authentication.configuration.AuthenticationConfiguration'
21:23:36.546 [Test worker] DEBUG o.s.b.f.annotation.InjectionMetadata - Registered injected element on class [org.springframework.security.config.annotation.authentication.configuration.AuthenticationConfiguration$$EnhancerBySpringCGLIB$$50426b4c]: AutowiredMethodElement for public void org.springframework.security.config.annotation.authentication.configuration.AuthenticationConfiguration.setObjectPostProcessor(org.springframework.security.config.annotation.ObjectPostProcessor)
21:23:36.546 [Test worker] DEBUG o.s.b.f.annotation.InjectionMetadata - Registered injected element on class [org.springframework.security.config.annotation.authentication.configuration.AuthenticationConfiguration$$EnhancerBySpringCGLIB$$50426b4c]: AutowiredMethodElement for public void org.springframework.security.config.annotation.authentication.configuration.AuthenticationConfiguration.setApplicationContext(org.springframework.context.ApplicationContext)
21:23:36.546 [Test worker] DEBUG o.s.b.f.annotation.InjectionMetadata - Registered injected element on class [org.springframework.security.config.annotation.authentication.configuration.AuthenticationConfiguration$$EnhancerBySpringCGLIB$$50426b4c]: AutowiredMethodElement for public void org.springframework.security.config.annotation.authentication.configuration.AuthenticationConfiguration.setGlobalAuthenticationConfigurers(java.util.List) throws java.lang.Exception
21:23:36.546 [Test worker] DEBUG o.s.b.f.s.DefaultListableBeanFactory - Eagerly caching bean 'org.springframework.security.config.annotation.authentication.configuration.AuthenticationConfiguration' to allow for resolving potential circular references
21:23:36.546 [Test worker] DEBUG o.s.b.f.annotation.InjectionMetadata - Processing injected element of bean 'org.springframework.security.config.annotation.authentication.configuration.AuthenticationConfiguration': AutowiredMethodElement for public void org.springframework.security.config.annotation.authentication.configuration.AuthenticationConfiguration.setObjectPostProcessor(org.springframework.security.config.annotation.ObjectPostProcessor)
21:23:36.561 [Test worker] DEBUG o.s.b.f.s.DefaultListableBeanFactory - Creating shared instance of singleton bean 'objectPostProcessor'
21:23:36.561 [Test worker] DEBUG o.s.b.f.s.DefaultListableBeanFactory - Creating instance of bean 'objectPostProcessor'
21:23:36.561 [Test worker] DEBUG o.s.b.f.s.DefaultListableBeanFactory - Creating shared instance of singleton bean 'org.springframework.security.config.annotation.configuration.ObjectPostProcessorConfiguration'
21:23:36.561 [Test worker] DEBUG o.s.b.f.s.DefaultListableBeanFactory - Creating instance of bean 'org.springframework.security.config.annotation.configuration.ObjectPostProcessorConfiguration'
21:23:36.561 [Test worker] DEBUG o.s.b.f.s.DefaultListableBeanFactory - Eagerly caching bean 'org.springframework.security.config.annotation.configuration.ObjectPostProcessorConfiguration' to allow for resolving potential circular references
21:23:36.561 [Test worker] DEBUG o.s.b.f.s.DefaultListableBeanFactory - Finished creating instance of bean 'org.springframework.security.config.annotation.configuration.ObjectPostProcessorConfiguration'
21:23:36.561 [Test worker] DEBUG o.s.b.f.s.DefaultListableBeanFactory - Autowiring by type from bean name 'objectPostProcessor' via factory method to bean named 'org.springframework.beans.factory.support.DefaultListableBeanFactory@1ee24100'
21:23:36.561 [Test worker] DEBUG o.s.b.f.s.DefaultListableBeanFactory - Eagerly caching bean 'objectPostProcessor' to allow for resolving potential circular references
21:23:36.577 [Test worker] DEBUG o.s.b.f.s.DefaultListableBeanFactory - Finished creating instance of bean 'objectPostProcessor'
21:23:36.577 [Test worker] DEBUG o.s.b.f.a.AutowiredAnnotationBeanPostProcessor - Autowiring by type from bean name 'org.springframework.security.config.annotation.authentication.configuration.AuthenticationConfiguration' to bean named 'objectPostProcessor'
21:23:36.577 [Test worker] DEBUG o.s.b.f.annotation.InjectionMetadata - Processing injected element of bean 'org.springframework.security.config.annotation.authentication.configuration.AuthenticationConfiguration': AutowiredMethodElement for public void org.springframework.security.config.annotation.authentication.configuration.AuthenticationConfiguration.setApplicationContext(org.springframework.context.ApplicationContext)
21:23:36.577 [Test worker] DEBUG o.s.b.f.a.AutowiredAnnotationBeanPostProcessor - Autowiring by type from bean name 'org.springframework.security.config.annotation.authentication.configuration.AuthenticationConfiguration' to bean named 'org.springframework.web.context.support.GenericWebApplicationContext@37f46c5'
21:23:36.577 [Test worker] DEBUG o.s.b.f.annotation.InjectionMetadata - Processing injected element of bean 'org.springframework.security.config.annotation.authentication.configuration.AuthenticationConfiguration': AutowiredMethodElement for public void org.springframework.security.config.annotation.authentication.configuration.AuthenticationConfiguration.setGlobalAuthenticationConfigurers(java.util.List) throws java.lang.Exception
21:23:36.577 [Test worker] DEBUG o.s.b.f.s.DefaultListableBeanFactory - Creating shared instance of singleton bean 'enableGlobalAuthenticationAutowiredConfigurer'
21:23:36.577 [Test worker] DEBUG o.s.b.f.s.DefaultListableBeanFactory - Creating instance of bean 'enableGlobalAuthenticationAutowiredConfigurer'
21:23:36.577 [Test worker] DEBUG o.s.b.f.s.DefaultListableBeanFactory - Autowiring by type from bean name 'enableGlobalAuthenticationAutowiredConfigurer' via factory method to bean named 'org.springframework.web.context.support.GenericWebApplicationContext@37f46c5'
21:23:36.577 [Test worker] DEBUG o.s.b.f.s.DefaultListableBeanFactory - Eagerly caching bean 'enableGlobalAuthenticationAutowiredConfigurer' to allow for resolving potential circular references
21:23:36.577 [Test worker] DEBUG o.s.b.f.s.DefaultListableBeanFactory - Finished creating instance of bean 'enableGlobalAuthenticationAutowiredConfigurer'
21:23:36.577 [Test worker] DEBUG o.s.b.f.s.DefaultListableBeanFactory - Creating shared instance of singleton bean 'initializeUserDetailsBeanManagerConfigurer'
21:23:36.577 [Test worker] DEBUG o.s.b.f.s.DefaultListableBeanFactory - Creating instance of bean 'initializeUserDetailsBeanManagerConfigurer'
21:23:36.577 [Test worker] DEBUG o.s.b.f.s.DefaultListableBeanFactory - Autowiring by type from bean name 'initializeUserDetailsBeanManagerConfigurer' via factory method to bean named 'org.springframework.web.context.support.GenericWebApplicationContext@37f46c5'
21:23:36.577 [Test worker] DEBUG o.s.b.f.s.DefaultListableBeanFactory - Eagerly caching bean 'initializeUserDetailsBeanManagerConfigurer' to allow for resolving potential circular references
21:23:36.577 [Test worker] DEBUG o.s.b.f.s.DefaultListableBeanFactory - Finished creating instance of bean 'initializeUserDetailsBeanManagerConfigurer'
21:23:36.577 [Test worker] DEBUG o.s.b.f.s.DefaultListableBeanFactory - Creating shared instance of singleton bean 'initializeAuthenticationProviderBeanManagerConfigurer'
21:23:36.577 [Test worker] DEBUG o.s.b.f.s.DefaultListableBeanFactory - Creating instance of bean 'initializeAuthenticationProviderBeanManagerConfigurer'
21:23:36.577 [Test worker] DEBUG o.s.b.f.s.DefaultListableBeanFactory - Autowiring by type from bean name 'initializeAuthenticationProviderBeanManagerConfigurer' via factory method to bean named 'org.springframework.web.context.support.GenericWebApplicationContext@37f46c5'
21:23:36.577 [Test worker] DEBUG o.s.b.f.s.DefaultListableBeanFactory - Eagerly caching bean 'initializeAuthenticationProviderBeanManagerConfigurer' to allow for resolving potential circular references
21:23:36.593 [Test worker] DEBUG o.s.b.f.s.DefaultListableBeanFactory - Finished creating instance of bean 'initializeAuthenticationProviderBeanManagerConfigurer'
21:23:36.593 [Test worker] DEBUG o.s.b.f.a.AutowiredAnnotationBeanPostProcessor - Autowiring by type from bean name 'org.springframework.security.config.annotation.authentication.configuration.AuthenticationConfiguration' to bean named 'enableGlobalAuthenticationAutowiredConfigurer'
21:23:36.593 [Test worker] DEBUG o.s.b.f.a.AutowiredAnnotationBeanPostProcessor - Autowiring by type from bean name 'org.springframework.security.config.annotation.authentication.configuration.AuthenticationConfiguration' to bean named 'initializeUserDetailsBeanManagerConfigurer'
21:23:36.593 [Test worker] DEBUG o.s.b.f.a.AutowiredAnnotationBeanPostProcessor - Autowiring by type from bean name 'org.springframework.security.config.annotation.authentication.configuration.AuthenticationConfiguration' to bean named 'initializeAuthenticationProviderBeanManagerConfigurer'
21:23:36.593 [Test worker] DEBUG o.s.b.f.s.DefaultListableBeanFactory - Finished creating instance of bean 'org.springframework.security.config.annotation.authentication.configuration.AuthenticationConfiguration'
21:23:36.593 [Test worker] DEBUG o.s.b.f.s.DefaultListableBeanFactory - Returning cached instance of singleton bean 'objectPostProcessor'
21:23:36.593 [Test worker] DEBUG o.s.b.f.s.DefaultListableBeanFactory - Autowiring by type from bean name 'authenticationManagerBuilder' via factory method to bean named 'objectPostProcessor'
21:23:36.608 [Test worker] DEBUG o.s.b.f.s.DefaultListableBeanFactory - Eagerly caching bean 'authenticationManagerBuilder' to allow for resolving potential circular references
21:23:36.608 [Test worker] DEBUG o.s.b.f.s.DefaultListableBeanFactory - Finished creating instance of bean 'authenticationManagerBuilder'
21:23:36.608 [Test worker] DEBUG o.s.b.f.a.AutowiredAnnotationBeanPostProcessor - Autowiring by type from bean name 'securityConfig' to bean named 'authenticationManagerBuilder'
21:23:36.624 [Test worker] DEBUG o.s.b.f.s.DefaultListableBeanFactory - Finished creating instance of bean 'securityConfig'
21:23:36.624 [Test worker] DEBUG o.s.b.f.s.DefaultListableBeanFactory - Returning cached instance of singleton bean 'dataConfiguration'
21:23:36.624 [Test worker] DEBUG o.s.b.f.s.DefaultListableBeanFactory - Creating shared instance of singleton bean 'defaultController'
21:23:36.624 [Test worker] DEBUG o.s.b.f.s.DefaultListableBeanFactory - Creating instance of bean 'defaultController'
21:23:36.624 [Test worker] DEBUG o.s.b.f.s.DefaultListableBeanFactory - Eagerly caching bean 'defaultController' to allow for resolving potential circular references
21:23:36.640 [Test worker] DEBUG o.s.b.f.s.DefaultListableBeanFactory - Finished creating instance of bean 'defaultController'
21:23:36.640 [Test worker] DEBUG o.s.b.f.s.DefaultListableBeanFactory - Creating shared instance of singleton bean 'messageController'
21:23:36.640 [Test worker] DEBUG o.s.b.f.s.DefaultListableBeanFactory - Creating instance of bean 'messageController'
21:23:36.640 [Test worker] DEBUG o.s.b.f.s.DefaultListableBeanFactory - Creating shared instance of singleton bean 'messageRepository'
21:23:36.640 [Test worker] DEBUG o.s.b.f.s.DefaultListableBeanFactory - Creating instance of bean 'messageRepository'
21:23:36.655 [Test worker] DEBUG o.s.b.f.annotation.InjectionMetadata - Registered injected element on class [org.springframework.data.jpa.repository.support.JpaRepositoryFactoryBean]: PersistenceElement for public void org.springframework.data.jpa.repository.support.JpaRepositoryFactoryBean.setEntityManager(javax.persistence.EntityManager)
21:23:36.655 [Test worker] DEBUG o.s.b.f.s.DefaultListableBeanFactory - Eagerly caching bean 'messageRepository' to allow for resolving potential circular references
21:23:36.655 [Test worker] DEBUG o.s.b.f.annotation.InjectionMetadata - Processing injected element of bean 'messageRepository': PersistenceElement for public void org.springframework.data.jpa.repository.support.JpaRepositoryFactoryBean.setEntityManager(javax.persistence.EntityManager)
21:23:36.655 [Test worker] DEBUG o.s.b.f.s.DefaultListableBeanFactory - Creating instance of bean '(inner bean)#713723f0'
21:23:36.655 [Test worker] DEBUG o.s.b.f.s.DefaultListableBeanFactory - Creating instance of bean '(inner bean)#68e00408'
21:23:36.671 [Test worker] DEBUG o.s.c.i.s.PathMatchingResourcePatternResolver - Resolved classpath location [META-INF/jpa-named-queries.properties] to resources []
21:23:36.671 [Test worker] DEBUG o.s.b.f.s.DefaultListableBeanFactory - Invoking afterPropertiesSet() on bean with name '(inner bean)#68e00408'
21:23:36.671 [Test worker] DEBUG o.s.b.f.s.DefaultListableBeanFactory - Finished creating instance of bean '(inner bean)#68e00408'
21:23:36.671 [Test worker] DEBUG o.s.b.f.s.DefaultListableBeanFactory - Finished creating instance of bean '(inner bean)#713723f0'
21:23:36.671 [Test worker] DEBUG o.s.b.f.s.DefaultListableBeanFactory - Creating instance of bean '(inner bean)#493c4914'
21:23:36.671 [Test worker] DEBUG o.s.b.f.s.DefaultListableBeanFactory - Finished creating instance of bean '(inner bean)#493c4914'
21:23:36.671 [Test worker] DEBUG o.s.b.f.s.DefaultListableBeanFactory - Creating instance of bean '(inner bean)#395b1d94'
21:23:36.671 [Test worker] DEBUG o.s.b.f.s.DefaultListableBeanFactory - Returning cached instance of singleton bean 'entityManagerFactory'
21:23:36.687 [Test worker] DEBUG o.s.b.f.s.DefaultListableBeanFactory - Finished creating instance of bean '(inner bean)#395b1d94'
21:23:36.702 [Test worker] DEBUG o.s.b.f.s.DefaultListableBeanFactory - Creating shared instance of singleton bean 'jpaMappingContext'
21:23:36.702 [Test worker] DEBUG o.s.b.f.s.DefaultListableBeanFactory - Creating instance of bean 'jpaMappingContext'
21:23:36.702 [Test worker] DEBUG o.s.b.f.s.DefaultListableBeanFactory - Eagerly caching bean 'jpaMappingContext' to allow for resolving potential circular references
21:23:36.702 [Test worker] DEBUG o.s.b.f.s.DefaultListableBeanFactory - Invoking afterPropertiesSet() on bean with name 'jpaMappingContext'
21:23:36.702 [Test worker] DEBUG o.s.b.f.s.DefaultListableBeanFactory - Returning cached instance of singleton bean 'entityManagerFactory'
21:23:36.733 [Test worker] DEBUG o.s.b.f.s.DefaultListableBeanFactory - Finished creating instance of bean 'jpaMappingContext'
21:23:36.749 [Test worker] DEBUG o.s.b.f.s.DefaultListableBeanFactory - Invoking afterPropertiesSet() on bean with name 'messageRepository'
21:23:36.749 [Test worker] DEBUG o.s.o.j.SharedEntityManagerCreator$SharedEntityManagerInvocationHandler - Creating new EntityManager for shared EntityManager invocation
21:23:36.827 [Test worker] DEBUG o.h.s.internal.StatisticsInitiator - Statistics initialized [enabled=false]
21:23:36.843 [Test worker] DEBUG o.s.o.jpa.EntityManagerFactoryUtils - Closing JPA EntityManager
21:23:36.843 [Test worker] DEBUG o.s.o.j.SharedEntityManagerCreator$SharedEntityManagerInvocationHandler - Creating new EntityManager for shared EntityManager invocation
21:23:36.843 [Test worker] DEBUG o.s.o.jpa.EntityManagerFactoryUtils - Closing JPA EntityManager
21:23:36.858 [Test worker] DEBUG o.s.o.j.SharedEntityManagerCreator$SharedEntityManagerInvocationHandler - Creating new EntityManager for shared EntityManager invocation
21:23:36.858 [Test worker] DEBUG o.s.o.jpa.EntityManagerFactoryUtils - Closing JPA EntityManager
21:23:36.874 [Test worker] DEBUG o.s.aop.framework.JdkDynamicAopProxy - Creating JDK dynamic proxy: target source is org.springframework.data.jpa.repository.support.CrudMethodMetadataPostProcessor$ThreadBoundTargetSource@73861dc6
21:23:36.905 [Test worker] DEBUG o.s.o.j.SharedEntityManagerCreator$SharedEntityManagerInvocationHandler - Creating new EntityManager for shared EntityManager invocation
21:23:36.905 [Test worker] DEBUG o.s.o.jpa.EntityManagerFactoryUtils - Closing JPA EntityManager
21:23:36.921 [Test worker] DEBUG o.s.aop.framework.JdkDynamicAopProxy - Creating JDK dynamic proxy: target source is SingletonTargetSource for target object [org.springframework.data.jpa.repository.support.SimpleJpaRepository@12d7477]
21:23:36.921 [Test worker] DEBUG o.s.b.f.s.DefaultListableBeanFactory - Finished creating instance of bean 'messageRepository'
21:23:36.921 [Test worker] DEBUG o.s.b.f.s.DefaultListableBeanFactory - Autowiring by type from bean name 'messageController' via constructor to bean named 'messageRepository'
21:23:36.921 [Test worker] DEBUG o.s.b.f.s.DefaultListableBeanFactory - Eagerly caching bean 'messageController' to allow for resolving potential circular references
21:23:36.921 [Test worker] DEBUG o.s.b.f.s.DefaultListableBeanFactory - Finished creating instance of bean 'messageController'
21:23:36.921 [Test worker] DEBUG o.s.b.f.s.DefaultListableBeanFactory - Returning cached instance of singleton bean 'org.springframework.security.config.annotation.configuration.ObjectPostProcessorConfiguration'
21:23:36.921 [Test worker] DEBUG o.s.b.f.s.DefaultListableBeanFactory - Returning cached instance of singleton bean 'objectPostProcessor'
21:23:36.921 [Test worker] DEBUG o.s.b.f.s.DefaultListableBeanFactory - Returning cached instance of singleton bean 'org.springframework.security.config.annotation.authentication.configuration.AuthenticationConfiguration'
21:23:36.921 [Test worker] DEBUG o.s.b.f.s.DefaultListableBeanFactory - Returning cached instance of singleton bean 'authenticationManagerBuilder'
21:23:36.921 [Test worker] DEBUG o.s.b.f.s.DefaultListableBeanFactory - Returning cached instance of singleton bean 'enableGlobalAuthenticationAutowiredConfigurer'
21:23:36.921 [Test worker] DEBUG o.s.b.f.s.DefaultListableBeanFactory - Returning cached instance of singleton bean 'initializeUserDetailsBeanManagerConfigurer'
21:23:36.921 [Test worker] DEBUG o.s.b.f.s.DefaultListableBeanFactory - Returning cached instance of singleton bean 'initializeAuthenticationProviderBeanManagerConfigurer'
21:23:36.921 [Test worker] DEBUG o.s.b.f.s.DefaultListableBeanFactory - Creating shared instance of singleton bean 'org.springframework.security.config.annotation.web.configuration.WebSecurityConfiguration'
21:23:36.921 [Test worker] DEBUG o.s.b.f.s.DefaultListableBeanFactory - Creating instance of bean 'org.springframework.security.config.annotation.web.configuration.WebSecurityConfiguration'
21:23:36.921 [Test worker] DEBUG o.s.b.f.annotation.InjectionMetadata - Registered injected element on class [org.springframework.security.config.annotation.web.configuration.WebSecurityConfiguration$$EnhancerBySpringCGLIB$$12fcc590]: AutowiredFieldElement for private org.springframework.security.config.annotation.ObjectPostProcessor org.springframework.security.config.annotation.web.configuration.WebSecurityConfiguration.objectObjectPostProcessor
21:23:36.921 [Test worker] DEBUG o.s.b.f.annotation.InjectionMetadata - Registered injected element on class [org.springframework.security.config.annotation.web.configuration.WebSecurityConfiguration$$EnhancerBySpringCGLIB$$12fcc590]: AutowiredMethodElement for public void org.springframework.security.config.annotation.web.configuration.WebSecurityConfiguration.setFilterChainProxySecurityConfigurer(org.springframework.security.config.annotation.ObjectPostProcessor,java.util.List) throws java.lang.Exception
21:23:36.921 [Test worker] DEBUG o.s.b.f.s.DefaultListableBeanFactory - Eagerly caching bean 'org.springframework.security.config.annotation.web.configuration.WebSecurityConfiguration' to allow for resolving potential circular references
21:23:36.921 [Test worker] DEBUG o.s.b.f.annotation.InjectionMetadata - Processing injected element of bean 'org.springframework.security.config.annotation.web.configuration.WebSecurityConfiguration': AutowiredFieldElement for private org.springframework.security.config.annotation.ObjectPostProcessor org.springframework.security.config.annotation.web.configuration.WebSecurityConfiguration.objectObjectPostProcessor
21:23:36.921 [Test worker] DEBUG o.s.b.f.s.DefaultListableBeanFactory - Returning cached instance of singleton bean 'objectPostProcessor'
21:23:36.921 [Test worker] DEBUG o.s.b.f.a.AutowiredAnnotationBeanPostProcessor - Autowiring by type from bean name 'org.springframework.security.config.annotation.web.configuration.WebSecurityConfiguration' to bean named 'objectPostProcessor'
21:23:36.921 [Test worker] DEBUG o.s.b.f.annotation.InjectionMetadata - Processing injected element of bean 'org.springframework.security.config.annotation.web.configuration.WebSecurityConfiguration': AutowiredMethodElement for public void org.springframework.security.config.annotation.web.configuration.WebSecurityConfiguration.setFilterChainProxySecurityConfigurer(org.springframework.security.config.annotation.ObjectPostProcessor,java.util.List) throws java.lang.Exception
21:23:36.921 [Test worker] DEBUG o.s.b.f.s.DefaultListableBeanFactory - Returning cached instance of singleton bean 'objectPostProcessor'
21:23:36.952 [Test worker] DEBUG o.s.b.f.s.DefaultListableBeanFactory - Creating shared instance of singleton bean 'autowiredWebSecurityConfigurersIgnoreParents'
21:23:36.952 [Test worker] DEBUG o.s.b.f.s.DefaultListableBeanFactory - Creating instance of bean 'autowiredWebSecurityConfigurersIgnoreParents'
21:23:36.952 [Test worker] DEBUG o.s.b.f.s.DefaultListableBeanFactory - Returning eagerly cached instance of singleton bean 'org.springframework.security.config.annotation.web.configuration.WebSecurityConfiguration' that is not fully initialized yet - a consequence of a circular reference
21:23:36.952 [Test worker] DEBUG o.s.b.f.s.DefaultListableBeanFactory - Autowiring by type from bean name 'autowiredWebSecurityConfigurersIgnoreParents' via factory method to bean named 'org.springframework.beans.factory.support.DefaultListableBeanFactory@1ee24100'
21:23:36.968 [Test worker] DEBUG o.s.b.f.s.DefaultListableBeanFactory - Eagerly caching bean 'autowiredWebSecurityConfigurersIgnoreParents' to allow for resolving potential circular references
21:23:36.968 [Test worker] DEBUG o.s.b.f.s.DefaultListableBeanFactory - Finished creating instance of bean 'autowiredWebSecurityConfigurersIgnoreParents'
21:23:36.983 [Test worker] DEBUG o.s.b.f.a.AutowiredAnnotationBeanPostProcessor - Autowiring by type from bean name 'org.springframework.security.config.annotation.web.configuration.WebSecurityConfiguration' to bean named 'objectPostProcessor'
21:23:36.983 [Test worker] DEBUG o.s.b.f.s.DefaultListableBeanFactory - Returning cached instance of singleton bean 'org.springframework.context.annotation.ConfigurationClassPostProcessor.importRegistry'
21:23:36.983 [Test worker] DEBUG o.s.b.f.s.DefaultListableBeanFactory - Finished creating instance of bean 'org.springframework.security.config.annotation.web.configuration.WebSecurityConfiguration'
21:23:36.983 [Test worker] DEBUG o.s.b.f.s.DefaultListableBeanFactory - Creating shared instance of singleton bean 'delegatingApplicationListener'
21:23:36.983 [Test worker] DEBUG o.s.b.f.s.DefaultListableBeanFactory - Creating instance of bean 'delegatingApplicationListener'
21:23:36.983 [Test worker] DEBUG o.s.b.f.s.DefaultListableBeanFactory - Eagerly caching bean 'delegatingApplicationListener' to allow for resolving potential circular references
21:23:36.999 [Test worker] DEBUG o.s.b.f.s.DefaultListableBeanFactory - Finished creating instance of bean 'delegatingApplicationListener'
21:23:36.999 [Test worker] DEBUG o.s.b.f.s.DefaultListableBeanFactory - Creating shared instance of singleton bean 'springSecurityFilterChain'
21:23:36.999 [Test worker] DEBUG o.s.b.f.s.DefaultListableBeanFactory - Creating instance of bean 'springSecurityFilterChain'
21:23:36.999 [Test worker] DEBUG o.s.b.f.s.DefaultListableBeanFactory - Returning cached instance of singleton bean 'org.springframework.security.config.annotation.web.configuration.WebSecurityConfiguration'
21:23:36.999 [Test worker] DEBUG o.s.b.f.annotation.InjectionMetadata - Processing injected element of bean 'org.springframework.security.config.annotation.web.configuration.WebSecurityConfiguration$1': AutowiredMethodElement for public void org.springframework.security.config.annotation.web.configuration.WebSecurityConfigurerAdapter.setObjectPostProcessor(org.springframework.security.config.annotation.ObjectPostProcessor)
21:23:36.999 [Test worker] DEBUG o.s.b.f.s.DefaultListableBeanFactory - Returning cached instance of singleton bean 'objectPostProcessor'
21:23:36.999 [Test worker] DEBUG o.s.b.f.a.AutowiredAnnotationBeanPostProcessor - Autowiring by type from bean name 'org.springframework.security.config.annotation.web.configuration.WebSecurityConfiguration$1' to bean named 'objectPostProcessor'
21:23:36.999 [Test worker] DEBUG o.s.b.f.annotation.InjectionMetadata - Processing injected element of bean 'org.springframework.security.config.annotation.web.configuration.WebSecurityConfiguration$1': AutowiredMethodElement for public void org.springframework.security.config.annotation.web.configuration.WebSecurityConfigurerAdapter.setApplicationContext(org.springframework.context.ApplicationContext)
21:23:36.999 [Test worker] DEBUG o.s.b.f.a.AutowiredAnnotationBeanPostProcessor - Autowiring by type from bean name 'org.springframework.security.config.annotation.web.configuration.WebSecurityConfiguration$1' to bean named 'org.springframework.web.context.support.GenericWebApplicationContext@37f46c5'
21:23:36.999 [Test worker] DEBUG o.s.b.f.annotation.InjectionMetadata - Processing injected element of bean 'org.springframework.security.config.annotation.web.configuration.WebSecurityConfiguration$1': AutowiredMethodElement for public void org.springframework.security.config.annotation.web.configuration.WebSecurityConfigurerAdapter.setAuthenticationConfiguration(org.springframework.security.config.annotation.authentication.configuration.AuthenticationConfiguration)
21:23:36.999 [Test worker] DEBUG o.s.b.f.s.DefaultListableBeanFactory - Returning cached instance of singleton bean 'org.springframework.security.config.annotation.authentication.configuration.AuthenticationConfiguration'
21:23:36.999 [Test worker] DEBUG o.s.b.f.a.AutowiredAnnotationBeanPostProcessor - Autowiring by type from bean name 'org.springframework.security.config.annotation.web.configuration.WebSecurityConfiguration$1' to bean named 'org.springframework.security.config.annotation.authentication.configuration.AuthenticationConfiguration'
21:23:36.999 [Test worker] DEBUG o.s.b.f.annotation.InjectionMetadata - Processing injected element of bean 'org.springframework.security.config.annotation.web.configuration.WebSecurityConfiguration$1': AutowiredMethodElement for public void org.springframework.security.config.annotation.web.configuration.WebSecurityConfigurerAdapter.setContentNegotationStrategy(org.springframework.web.accept.ContentNegotiationStrategy)
21:23:36.999 [Test worker] DEBUG o.s.b.f.s.DefaultListableBeanFactory - Creating shared instance of singleton bean 'mvcContentNegotiationManager'
21:23:36.999 [Test worker] DEBUG o.s.b.f.s.DefaultListableBeanFactory - Creating instance of bean 'mvcContentNegotiationManager'
21:23:36.999 [Test worker] DEBUG o.s.b.f.s.DefaultListableBeanFactory - Returning cached instance of singleton bean 'org.springframework.web.servlet.config.annotation.DelegatingWebMvcConfiguration'
21:23:37.015 [Test worker] DEBUG o.s.b.f.s.DefaultListableBeanFactory - Eagerly caching bean 'mvcContentNegotiationManager' to allow for resolving potential circular references
21:23:37.015 [Test worker] DEBUG o.s.b.f.s.DefaultListableBeanFactory - Finished creating instance of bean 'mvcContentNegotiationManager'
21:23:37.015 [Test worker] DEBUG o.s.b.f.a.AutowiredAnnotationBeanPostProcessor - Autowiring by type from bean name 'org.springframework.security.config.annotation.web.configuration.WebSecurityConfiguration$1' to bean named 'mvcContentNegotiationManager'
21:23:37.015 [Test worker] DEBUG o.s.b.f.annotation.InjectionMetadata - Processing injected element of bean 'org.springframework.security.config.annotation.web.configuration.WebSecurityConfiguration$1': AutowiredMethodElement for public void org.springframework.security.config.annotation.web.configuration.WebSecurityConfigurerAdapter.setTrustResolver(org.springframework.security.authentication.AuthenticationTrustResolver)
21:23:37.030 [Test worker] DEBUG o.s.b.f.s.DefaultListableBeanFactory - Returning cached instance of singleton bean 'securityConfig'
21:23:37.030 [Test worker] DEBUG o.s.s.c.a.a.c.AuthenticationConfiguration$EnableGlobalAuthenticationAutowiredConfigurer - Eagerly initializing {securityConfig=org.springframework.security.samples.config.SecurityConfig$$EnhancerBySpringCGLIB$$e443ff24@213eed28}
21:23:37.030 [Test worker] DEBUG o.s.b.f.s.DefaultListableBeanFactory - Invoking afterPropertiesSet() on bean with name 'org.springframework.security.authentication.dao.DaoAuthenticationProvider@19d44025'
21:23:37.046 [Test worker] DEBUG o.s.b.f.s.DefaultListableBeanFactory - Invoking afterPropertiesSet() on bean with name 'org.springframework.security.authentication.ProviderManager@c2df217'
21:23:37.046 [Test worker] DEBUG o.s.b.f.s.DefaultListableBeanFactory - Returning cached instance of singleton bean 'authenticationManagerBuilder'
21:23:37.077 [Test worker] DEBUG o.s.w.c.s.StandardServletEnvironment - Adding [servletConfigInitParams] PropertySource with lowest search precedence
21:23:37.077 [Test worker] DEBUG o.s.w.c.s.StandardServletEnvironment - Adding [servletContextInitParams] PropertySource with lowest search precedence
21:23:37.077 [Test worker] DEBUG o.s.w.c.s.StandardServletEnvironment - Adding [systemProperties] PropertySource with lowest search precedence
21:23:37.077 [Test worker] DEBUG o.s.w.c.s.StandardServletEnvironment - Adding [systemEnvironment] PropertySource with lowest search precedence
21:23:37.077 [Test worker] DEBUG o.s.w.c.s.StandardServletEnvironment - Initialized StandardServletEnvironment with PropertySources [servletConfigInitParams,servletContextInitParams,systemProperties,systemEnvironment]
21:23:37.093 [Test worker] DEBUG o.s.w.c.s.StandardServletEnvironment - Adding [servletConfigInitParams] PropertySource with lowest search precedence
21:23:37.093 [Test worker] DEBUG o.s.w.c.s.StandardServletEnvironment - Adding [servletContextInitParams] PropertySource with lowest search precedence
21:23:37.093 [Test worker] DEBUG o.s.w.c.s.StandardServletEnvironment - Adding [systemProperties] PropertySource with lowest search precedence
21:23:37.093 [Test worker] DEBUG o.s.w.c.s.StandardServletEnvironment - Adding [systemEnvironment] PropertySource with lowest search precedence
21:23:37.093 [Test worker] DEBUG o.s.w.c.s.StandardServletEnvironment - Initialized StandardServletEnvironment with PropertySources [servletConfigInitParams,servletContextInitParams,systemProperties,systemEnvironment]
21:23:37.093 [Test worker] DEBUG o.s.w.c.s.StandardServletEnvironment - Adding [servletConfigInitParams] PropertySource with lowest search precedence
21:23:37.093 [Test worker] DEBUG o.s.w.c.s.StandardServletEnvironment - Adding [servletContextInitParams] PropertySource with lowest search precedence
21:23:37.093 [Test worker] DEBUG o.s.w.c.s.StandardServletEnvironment - Adding [systemProperties] PropertySource with lowest search precedence
21:23:37.093 [Test worker] DEBUG o.s.w.c.s.StandardServletEnvironment - Adding [systemEnvironment] PropertySource with lowest search precedence
21:23:37.093 [Test worker] DEBUG o.s.w.c.s.StandardServletEnvironment - Initialized StandardServletEnvironment with PropertySources [servletConfigInitParams,servletContextInitParams,systemProperties,systemEnvironment]
21:23:37.108 [Test worker] DEBUG o.s.s.c.a.w.c.WebSecurityConfigurerAdapter - Using default configure(HttpSecurity). If subclassed this will potentially override subclass configure(HttpSecurity).
21:23:37.108 [Test worker] DEBUG o.s.w.c.s.StandardServletEnvironment - Adding [servletConfigInitParams] PropertySource with lowest search precedence
21:23:37.108 [Test worker] DEBUG o.s.w.c.s.StandardServletEnvironment - Adding [servletContextInitParams] PropertySource with lowest search precedence
21:23:37.108 [Test worker] DEBUG o.s.w.c.s.StandardServletEnvironment - Adding [systemProperties] PropertySource with lowest search precedence
21:23:37.108 [Test worker] DEBUG o.s.w.c.s.StandardServletEnvironment - Adding [systemEnvironment] PropertySource with lowest search precedence
21:23:37.108 [Test worker] DEBUG o.s.w.c.s.StandardServletEnvironment - Initialized StandardServletEnvironment with PropertySources [servletConfigInitParams,servletContextInitParams,systemProperties,systemEnvironment]
21:23:37.140 [Test worker] DEBUG o.s.w.c.s.StandardServletEnvironment - Adding [servletConfigInitParams] PropertySource with lowest search precedence
21:23:37.140 [Test worker] DEBUG o.s.w.c.s.StandardServletEnvironment - Adding [servletContextInitParams] PropertySource with lowest search precedence
21:23:37.140 [Test worker] DEBUG o.s.w.c.s.StandardServletEnvironment - Adding [systemProperties] PropertySource with lowest search precedence
21:23:37.140 [Test worker] DEBUG o.s.w.c.s.StandardServletEnvironment - Adding [systemEnvironment] PropertySource with lowest search precedence
21:23:37.140 [Test worker] DEBUG o.s.w.c.s.StandardServletEnvironment - Initialized StandardServletEnvironment with PropertySources [servletConfigInitParams,servletContextInitParams,systemProperties,systemEnvironment]
21:23:37.140 [Test worker] DEBUG o.s.b.f.s.DefaultListableBeanFactory - Invoking afterPropertiesSet() on bean with name 'org.springframework.security.web.authentication.LoginUrlAuthenticationEntryPoint@5ba04051'
21:23:37.140 [Test worker] DEBUG o.s.b.f.s.DefaultListableBeanFactory - Invoking afterPropertiesSet() on bean with name 'org.springframework.security.web.authentication.DelegatingAuthenticationEntryPoint@7ab2e417'
21:23:37.155 [Test worker] DEBUG o.s.b.f.s.DefaultListableBeanFactory - Invoking afterPropertiesSet() on bean with name 'org.springframework.security.authentication.ProviderManager@26541d43'
21:23:37.155 [Test worker] DEBUG o.s.w.c.s.StandardServletEnvironment - Adding [servletConfigInitParams] PropertySource with lowest search precedence
21:23:37.155 [Test worker] DEBUG o.s.w.c.s.StandardServletEnvironment - Adding [servletContextInitParams] PropertySource with lowest search precedence
21:23:37.155 [Test worker] DEBUG o.s.w.c.s.StandardServletEnvironment - Adding [systemProperties] PropertySource with lowest search precedence
21:23:37.155 [Test worker] DEBUG o.s.w.c.s.StandardServletEnvironment - Adding [systemEnvironment] PropertySource with lowest search precedence
21:23:37.155 [Test worker] DEBUG o.s.w.c.s.StandardServletEnvironment - Initialized StandardServletEnvironment with PropertySources [servletConfigInitParams,servletContextInitParams,systemProperties,systemEnvironment]
21:23:37.155 [Test worker] DEBUG o.s.b.f.s.DefaultListableBeanFactory - Invoking afterPropertiesSet() on bean with name 'org.springframework.security.web.csrf.CsrfFilter@50007666'
21:23:37.171 [Test worker] DEBUG o.s.w.c.s.StandardServletEnvironment - Adding [servletConfigInitParams] PropertySource with lowest search precedence
21:23:37.171 [Test worker] DEBUG o.s.w.c.s.StandardServletEnvironment - Adding [servletContextInitParams] PropertySource with lowest search precedence
21:23:37.171 [Test worker] DEBUG o.s.w.c.s.StandardServletEnvironment - Adding [systemProperties] PropertySource with lowest search precedence
21:23:37.171 [Test worker] DEBUG o.s.w.c.s.StandardServletEnvironment - Adding [systemEnvironment] PropertySource with lowest search precedence
21:23:37.171 [Test worker] DEBUG o.s.w.c.s.StandardServletEnvironment - Initialized StandardServletEnvironment with PropertySources [servletConfigInitParams,servletContextInitParams,systemProperties,systemEnvironment]
21:23:37.171 [Test worker] DEBUG o.s.b.f.s.DefaultListableBeanFactory - Invoking afterPropertiesSet() on bean with name 'org.springframework.security.web.access.ExceptionTranslationFilter@f1eacd8'
21:23:37.171 [Test worker] DEBUG o.s.w.c.s.StandardServletEnvironment - Adding [servletConfigInitParams] PropertySource with lowest search precedence
21:23:37.171 [Test worker] DEBUG o.s.w.c.s.StandardServletEnvironment - Adding [servletContextInitParams] PropertySource with lowest search precedence
21:23:37.171 [Test worker] DEBUG o.s.w.c.s.StandardServletEnvironment - Adding [systemProperties] PropertySource with lowest search precedence
21:23:37.171 [Test worker] DEBUG o.s.w.c.s.StandardServletEnvironment - Adding [systemEnvironment] PropertySource with lowest search precedence
21:23:37.171 [Test worker] DEBUG o.s.w.c.s.StandardServletEnvironment - Initialized StandardServletEnvironment with PropertySources [servletConfigInitParams,servletContextInitParams,systemProperties,systemEnvironment]
21:23:37.171 [Test worker] DEBUG o.s.b.f.s.DefaultListableBeanFactory - Invoking afterPropertiesSet() on bean with name 'org.springframework.security.web.header.HeaderWriterFilter@229691df'
21:23:37.171 [Test worker] DEBUG o.s.w.c.s.StandardServletEnvironment - Adding [servletConfigInitParams] PropertySource with lowest search precedence
21:23:37.171 [Test worker] DEBUG o.s.w.c.s.StandardServletEnvironment - Adding [servletContextInitParams] PropertySource with lowest search precedence
21:23:37.171 [Test worker] DEBUG o.s.w.c.s.StandardServletEnvironment - Adding [systemProperties] PropertySource with lowest search precedence
21:23:37.171 [Test worker] DEBUG o.s.w.c.s.StandardServletEnvironment - Adding [systemEnvironment] PropertySource with lowest search precedence
21:23:37.171 [Test worker] DEBUG o.s.w.c.s.StandardServletEnvironment - Initialized StandardServletEnvironment with PropertySources [servletConfigInitParams,servletContextInitParams,systemProperties,systemEnvironment]
21:23:37.171 [Test worker] DEBUG o.s.b.f.s.DefaultListableBeanFactory - Invoking afterPropertiesSet() on bean with name 'org.springframework.security.web.session.SessionManagementFilter@5ee31201'
21:23:37.187 [Test worker] DEBUG o.s.w.c.s.StandardServletEnvironment - Adding [servletConfigInitParams] PropertySource with lowest search precedence
21:23:37.187 [Test worker] DEBUG o.s.w.c.s.StandardServletEnvironment - Adding [servletContextInitParams] PropertySource with lowest search precedence
21:23:37.187 [Test worker] DEBUG o.s.w.c.s.StandardServletEnvironment - Adding [systemProperties] PropertySource with lowest search precedence
21:23:37.187 [Test worker] DEBUG o.s.w.c.s.StandardServletEnvironment - Adding [systemEnvironment] PropertySource with lowest search precedence
21:23:37.187 [Test worker] DEBUG o.s.w.c.s.StandardServletEnvironment - Initialized StandardServletEnvironment with PropertySources [servletConfigInitParams,servletContextInitParams,systemProperties,systemEnvironment]
21:23:37.187 [Test worker] DEBUG o.s.b.f.s.DefaultListableBeanFactory - Invoking afterPropertiesSet() on bean with name 'org.springframework.security.web.context.SecurityContextPersistenceFilter@4dd05ea8'
21:23:37.187 [Test worker] DEBUG o.s.w.c.s.StandardServletEnvironment - Adding [servletConfigInitParams] PropertySource with lowest search precedence
21:23:37.187 [Test worker] DEBUG o.s.w.c.s.StandardServletEnvironment - Adding [servletContextInitParams] PropertySource with lowest search precedence
21:23:37.187 [Test worker] DEBUG o.s.w.c.s.StandardServletEnvironment - Adding [systemProperties] PropertySource with lowest search precedence
21:23:37.187 [Test worker] DEBUG o.s.w.c.s.StandardServletEnvironment - Adding [systemEnvironment] PropertySource with lowest search precedence
21:23:37.187 [Test worker] DEBUG o.s.w.c.s.StandardServletEnvironment - Initialized StandardServletEnvironment with PropertySources [servletConfigInitParams,servletContextInitParams,systemProperties,systemEnvironment]
21:23:37.187 [Test worker] DEBUG o.s.b.f.s.DefaultListableBeanFactory - Invoking afterPropertiesSet() on bean with name 'org.springframework.security.web.savedrequest.RequestCacheAwareFilter@574bcc4b'
21:23:37.202 [Test worker] DEBUG o.s.b.f.s.DefaultListableBeanFactory - Invoking afterPropertiesSet() on bean with name 'org.springframework.security.web.servletapi.SecurityContextHolderAwareRequestFilter@5681ac1f'
21:23:37.202 [Test worker] DEBUG o.s.b.f.s.DefaultListableBeanFactory - Invoking afterPropertiesSet() on bean with name 'org.springframework.security.web.authentication.ui.DefaultLoginPageGeneratingFilter@4db5d11'
21:23:37.218 [Test worker] DEBUG o.s.w.c.s.StandardServletEnvironment - Adding [servletConfigInitParams] PropertySource with lowest search precedence
21:23:37.218 [Test worker] DEBUG o.s.w.c.s.StandardServletEnvironment - Adding [servletContextInitParams] PropertySource with lowest search precedence
21:23:37.218 [Test worker] DEBUG o.s.w.c.s.StandardServletEnvironment - Adding [systemProperties] PropertySource with lowest search precedence
21:23:37.218 [Test worker] DEBUG o.s.w.c.s.StandardServletEnvironment - Adding [systemEnvironment] PropertySource with lowest search precedence
21:23:37.218 [Test worker] DEBUG o.s.w.c.s.StandardServletEnvironment - Initialized StandardServletEnvironment with PropertySources [servletConfigInitParams,servletContextInitParams,systemProperties,systemEnvironment]
21:23:37.218 [Test worker] DEBUG o.s.b.f.s.DefaultListableBeanFactory - Invoking afterPropertiesSet() on bean with name 'org.springframework.security.web.authentication.logout.LogoutFilter@35c323cf'
21:23:37.233 [Test worker] DEBUG o.s.s.w.a.e.ExpressionBasedFilterInvocationSecurityMetadataSource - Adding web access control expression 'authenticated', for org.springframework.security.web.util.matcher.AnyRequestMatcher@1
21:23:37.233 [Test worker] DEBUG o.s.b.f.s.DefaultListableBeanFactory - Invoking afterPropertiesSet() on bean with name 'org.springframework.security.access.vote.AffirmativeBased@7ec33f26'
21:23:37.233 [Test worker] DEBUG o.s.s.w.a.i.FilterSecurityInterceptor - Validated configuration attributes
21:23:37.233 [Test worker] DEBUG o.s.b.f.s.DefaultListableBeanFactory - Invoking afterPropertiesSet() on bean with name 'org.springframework.security.web.access.intercept.FilterSecurityInterceptor@4068f181'
21:23:37.233 [Test worker] DEBUG o.s.s.w.a.i.FilterSecurityInterceptor - Validated configuration attributes
21:23:37.249 [Test worker] DEBUG o.s.b.f.s.DefaultListableBeanFactory - Invoking afterPropertiesSet() on bean with name 'org.springframework.security.web.authentication.UsernamePasswordAuthenticationFilter@20303e8e'
21:23:37.249 [Test worker] DEBUG o.s.w.c.s.StandardServletEnvironment - Adding [servletConfigInitParams] PropertySource with lowest search precedence
21:23:37.249 [Test worker] DEBUG o.s.w.c.s.StandardServletEnvironment - Adding [servletContextInitParams] PropertySource with lowest search precedence
21:23:37.249 [Test worker] DEBUG o.s.w.c.s.StandardServletEnvironment - Adding [systemProperties] PropertySource with lowest search precedence
21:23:37.249 [Test worker] DEBUG o.s.w.c.s.StandardServletEnvironment - Adding [systemEnvironment] PropertySource with lowest search precedence
21:23:37.249 [Test worker] DEBUG o.s.w.c.s.StandardServletEnvironment - Initialized StandardServletEnvironment with PropertySources [servletConfigInitParams,servletContextInitParams,systemProperties,systemEnvironment]
21:23:37.249 [Test worker] DEBUG o.s.b.f.s.DefaultListableBeanFactory - Invoking afterPropertiesSet() on bean with name 'org.springframework.security.web.authentication.www.BasicAuthenticationFilter@f2fa866'
21:23:37.265 [Test worker] INFO  o.s.s.web.DefaultSecurityFilterChain - Creating filter chain: org.springframework.security.web.util.matcher.AnyRequestMatcher@1, [org.springframework.security.web.context.request.async.WebAsyncManagerIntegrationFilter@3831309b, org.springframework.security.web.context.SecurityContextPersistenceFilter@4dd05ea8, org.springframework.security.web.header.HeaderWriterFilter@229691df, org.springframework.security.web.csrf.CsrfFilter@50007666, org.springframework.security.web.authentication.logout.LogoutFilter@35c323cf, org.springframework.security.web.authentication.UsernamePasswordAuthenticationFilter@20303e8e, org.springframework.security.web.authentication.ui.DefaultLoginPageGeneratingFilter@4db5d11, org.springframework.security.web.authentication.www.BasicAuthenticationFilter@f2fa866, org.springframework.security.web.savedrequest.RequestCacheAwareFilter@574bcc4b, org.springframework.security.web.servletapi.SecurityContextHolderAwareRequestFilter@5681ac1f, org.springframework.security.web.authentication.AnonymousAuthenticationFilter@3b307211, org.springframework.security.web.session.SessionManagementFilter@5ee31201, org.springframework.security.web.access.ExceptionTranslationFilter@f1eacd8, org.springframework.security.web.access.intercept.FilterSecurityInterceptor@4068f181]
21:23:37.265 [Test worker] DEBUG o.s.w.c.s.StandardServletEnvironment - Adding [servletConfigInitParams] PropertySource with lowest search precedence
21:23:37.265 [Test worker] DEBUG o.s.w.c.s.StandardServletEnvironment - Adding [servletContextInitParams] PropertySource with lowest search precedence
21:23:37.265 [Test worker] DEBUG o.s.w.c.s.StandardServletEnvironment - Adding [systemProperties] PropertySource with lowest search precedence
21:23:37.265 [Test worker] DEBUG o.s.w.c.s.StandardServletEnvironment - Adding [systemEnvironment] PropertySource with lowest search precedence
21:23:37.265 [Test worker] DEBUG o.s.w.c.s.StandardServletEnvironment - Initialized StandardServletEnvironment with PropertySources [servletConfigInitParams,servletContextInitParams,systemProperties,systemEnvironment]
21:23:37.265 [Test worker] DEBUG o.s.b.f.s.DefaultListableBeanFactory - Eagerly caching bean 'springSecurityFilterChain' to allow for resolving potential circular references
21:23:37.265 [Test worker] DEBUG o.s.b.f.s.DefaultListableBeanFactory - Invoking afterPropertiesSet() on bean with name 'springSecurityFilterChain'
21:23:37.265 [Test worker] DEBUG o.s.b.f.s.DefaultListableBeanFactory - Finished creating instance of bean 'springSecurityFilterChain'
21:23:37.265 [Test worker] DEBUG o.s.b.f.s.DefaultListableBeanFactory - Creating shared instance of singleton bean 'webSecurityExpressionHandler'
21:23:37.265 [Test worker] DEBUG o.s.b.f.s.DefaultListableBeanFactory - Creating instance of bean 'webSecurityExpressionHandler'
21:23:37.265 [Test worker] DEBUG o.s.b.f.s.DefaultListableBeanFactory - Returning cached instance of singleton bean 'org.springframework.security.config.annotation.web.configuration.WebSecurityConfiguration'
21:23:37.265 [Test worker] DEBUG o.s.b.f.s.DefaultListableBeanFactory - Eagerly caching bean 'webSecurityExpressionHandler' to allow for resolving potential circular references
21:23:37.265 [Test worker] DEBUG o.s.b.f.s.DefaultListableBeanFactory - Finished creating instance of bean 'webSecurityExpressionHandler'
21:23:37.265 [Test worker] DEBUG o.s.b.f.s.DefaultListableBeanFactory - Returning cached instance of singleton bean 'springSecurityFilterChain'
21:23:37.265 [Test worker] DEBUG o.s.b.f.s.DefaultListableBeanFactory - Returning cached instance of singleton bean 'springSecurityFilterChain'
21:23:37.265 [Test worker] DEBUG o.s.b.f.s.DefaultListableBeanFactory - Creating shared instance of singleton bean 'privilegeEvaluator'
21:23:37.265 [Test worker] DEBUG o.s.b.f.s.DefaultListableBeanFactory - Creating instance of bean 'privilegeEvaluator'
21:23:37.265 [Test worker] DEBUG o.s.b.f.s.DefaultListableBeanFactory - Returning cached instance of singleton bean 'org.springframework.security.config.annotation.web.configuration.WebSecurityConfiguration'
21:23:37.265 [Test worker] DEBUG o.s.b.f.s.DefaultListableBeanFactory - Eagerly caching bean 'privilegeEvaluator' to allow for resolving potential circular references
21:23:37.265 [Test worker] DEBUG o.s.b.f.s.DefaultListableBeanFactory - Finished creating instance of bean 'privilegeEvaluator'
21:23:37.265 [Test worker] DEBUG o.s.b.f.s.DefaultListableBeanFactory - Returning cached instance of singleton bean 'autowiredWebSecurityConfigurersIgnoreParents'
21:23:37.265 [Test worker] DEBUG o.s.b.f.s.DefaultListableBeanFactory - Returning cached instance of singleton bean 'org.springframework.security.config.annotation.web.configuration.WebMvcSecurityConfiguration'
21:23:37.265 [Test worker] DEBUG o.s.b.f.s.DefaultListableBeanFactory - Creating shared instance of singleton bean 'requestDataValueProcessor'
21:23:37.265 [Test worker] DEBUG o.s.b.f.s.DefaultListableBeanFactory - Creating instance of bean 'requestDataValueProcessor'
21:23:37.265 [Test worker] DEBUG o.s.b.f.s.DefaultListableBeanFactory - Returning cached instance of singleton bean 'org.springframework.security.config.annotation.web.configuration.WebMvcSecurityConfiguration'
21:23:37.280 [Test worker] DEBUG o.s.b.f.s.DefaultListableBeanFactory - Eagerly caching bean 'requestDataValueProcessor' to allow for resolving potential circular references
21:23:37.280 [Test worker] DEBUG o.s.b.f.s.DefaultListableBeanFactory - Finished creating instance of bean 'requestDataValueProcessor'
21:23:37.280 [Test worker] DEBUG o.s.b.f.s.DefaultListableBeanFactory - Returning cached instance of singleton bean 'dataSource'
21:23:37.280 [Test worker] DEBUG o.s.b.f.s.DefaultListableBeanFactory - Returning cached instance of singleton bean 'entityManagerFactory'
21:23:37.280 [Test worker] DEBUG o.s.b.f.s.DefaultListableBeanFactory - Returning cached instance of singleton bean 'entityManagerFactory'
21:23:37.280 [Test worker] DEBUG o.s.b.f.s.DefaultListableBeanFactory - Creating shared instance of singleton bean 'initDatabase'
21:23:37.280 [Test worker] DEBUG o.s.b.f.s.DefaultListableBeanFactory - Creating instance of bean 'initDatabase'
21:23:37.280 [Test worker] DEBUG o.s.b.f.s.DefaultListableBeanFactory - Returning cached instance of singleton bean 'dataConfiguration'
21:23:37.280 [Test worker] DEBUG o.s.b.f.s.DefaultListableBeanFactory - Returning cached instance of singleton bean 'dataSource'
21:23:37.280 [Test worker] DEBUG o.s.b.f.s.DefaultListableBeanFactory - Autowiring by type from bean name 'initDatabase' via factory method to bean named 'dataSource'
21:23:37.280 [Test worker] DEBUG o.s.j.d.SimpleDriverDataSource - Creating new JDBC Driver Connection to [jdbc:hsqldb:mem:testdb]
21:23:37.280 [Test worker] INFO  o.s.jdbc.datasource.init.ScriptUtils - Executing SQL script from class path resource [data.sql]
21:23:37.280 [Test worker] DEBUG o.s.jdbc.datasource.init.ScriptUtils - 1 returned as update count for SQL: insert into message(created,summary,text) values ('2013-10-04 10:00:00','Hello Rob','This message is for Rob')
21:23:37.280 [Test worker] DEBUG o.s.jdbc.datasource.init.ScriptUtils - 1 returned as update count for SQL: insert into message(created,summary,text) values ('2013-10-04 10:00:00','Hello Luke','This message is for Luke')
21:23:37.280 [Test worker] INFO  o.s.jdbc.datasource.init.ScriptUtils - Executed SQL script from class path resource [data.sql] in 0 ms.
21:23:37.280 [Test worker] DEBUG o.s.b.f.s.DefaultListableBeanFactory - Eagerly caching bean 'initDatabase' to allow for resolving potential circular references
21:23:37.280 [Test worker] DEBUG o.s.b.f.s.DefaultListableBeanFactory - Finished creating instance of bean 'initDatabase'
21:23:37.280 [Test worker] DEBUG o.s.b.f.s.DefaultListableBeanFactory - Creating shared instance of singleton bean 'transactionManager'
21:23:37.280 [Test worker] DEBUG o.s.b.f.s.DefaultListableBeanFactory - Creating instance of bean 'transactionManager'
21:23:37.280 [Test worker] DEBUG o.s.b.f.s.DefaultListableBeanFactory - Returning cached instance of singleton bean 'dataConfiguration'
21:23:37.296 [Test worker] DEBUG o.s.b.f.s.DefaultListableBeanFactory - Returning cached instance of singleton bean 'entityManagerFactory'
21:23:37.312 [Test worker] DEBUG o.s.b.f.s.DefaultListableBeanFactory - Returning cached instance of singleton bean 'entityManagerFactory'
21:23:37.312 [Test worker] DEBUG o.s.b.f.s.DefaultListableBeanFactory - Eagerly caching bean 'transactionManager' to allow for resolving potential circular references
21:23:37.327 [Test worker] DEBUG o.s.b.f.s.DefaultListableBeanFactory - Invoking afterPropertiesSet() on bean with name 'transactionManager'
21:23:37.327 [Test worker] DEBUG o.s.b.f.s.DefaultListableBeanFactory - Finished creating instance of bean 'transactionManager'
21:23:37.327 [Test worker] DEBUG o.s.b.f.s.DefaultListableBeanFactory - Returning cached instance of singleton bean 'org.springframework.data.repository.core.support.RepositoryFactoryBeanSupport_Predictor'
21:23:37.327 [Test worker] DEBUG o.s.b.f.s.DefaultListableBeanFactory - Returning cached instance of singleton bean 'emBeanDefinitionRegistrarPostProcessor'
21:23:37.327 [Test worker] DEBUG o.s.b.f.s.DefaultListableBeanFactory - Returning cached instance of singleton bean 'jpaMappingContext'
21:23:37.327 [Test worker] DEBUG o.s.b.f.s.DefaultListableBeanFactory - Creating shared instance of singleton bean 'jpaContext'
21:23:37.327 [Test worker] DEBUG o.s.b.f.s.DefaultListableBeanFactory - Creating instance of bean 'jpaContext'
21:23:37.327 [Test worker] DEBUG o.s.b.f.s.DefaultListableBeanFactory - Creating shared instance of singleton bean 'org.springframework.orm.jpa.SharedEntityManagerCreator#0'
21:23:37.327 [Test worker] DEBUG o.s.b.f.s.DefaultListableBeanFactory - Creating instance of bean 'org.springframework.orm.jpa.SharedEntityManagerCreator#0'
21:23:37.327 [Test worker] DEBUG o.s.b.f.s.DefaultListableBeanFactory - Returning cached instance of singleton bean 'entityManagerFactory'
21:23:37.327 [Test worker] DEBUG o.s.b.f.s.DefaultListableBeanFactory - Eagerly caching bean 'org.springframework.orm.jpa.SharedEntityManagerCreator#0' to allow for resolving potential circular references
21:23:37.327 [Test worker] DEBUG o.s.b.f.s.DefaultListableBeanFactory - Finished creating instance of bean 'org.springframework.orm.jpa.SharedEntityManagerCreator#0'
21:23:37.327 [Test worker] DEBUG o.s.b.f.s.DefaultListableBeanFactory - Autowiring by type from bean name 'jpaContext' via constructor to bean named 'org.springframework.orm.jpa.SharedEntityManagerCreator#0'
21:23:37.327 [Test worker] DEBUG o.s.b.f.s.DefaultListableBeanFactory - Eagerly caching bean 'jpaContext' to allow for resolving potential circular references
21:23:37.327 [Test worker] DEBUG o.s.b.f.s.DefaultListableBeanFactory - Finished creating instance of bean 'jpaContext'
21:23:37.327 [Test worker] DEBUG o.s.b.f.s.DefaultListableBeanFactory - Returning cached instance of singleton bean 'messageRepository'
21:23:37.327 [Test worker] DEBUG o.s.b.f.s.DefaultListableBeanFactory - Returning cached instance of singleton bean 'org.springframework.web.servlet.config.annotation.DelegatingWebMvcConfiguration'
21:23:37.327 [Test worker] DEBUG o.s.b.f.s.DefaultListableBeanFactory - Creating shared instance of singleton bean 'mvcValidator'
21:23:37.327 [Test worker] DEBUG o.s.b.f.s.DefaultListableBeanFactory - Creating instance of bean 'mvcValidator'
21:23:37.327 [Test worker] DEBUG o.s.b.f.s.DefaultListableBeanFactory - Returning cached instance of singleton bean 'org.springframework.web.servlet.config.annotation.DelegatingWebMvcConfiguration'
21:23:37.327 [Test worker] DEBUG o.s.b.f.s.DefaultListableBeanFactory - Eagerly caching bean 'mvcValidator' to allow for resolving potential circular references
21:23:37.343 [Test worker] DEBUG o.s.b.f.s.DefaultListableBeanFactory - Invoking afterPropertiesSet() on bean with name 'mvcValidator'
21:23:37.343 [Test worker] DEBUG o.h.v.i.e.r.DefaultTraversableResolver - Found javax.persistence.Persistence on classpath containing 'getPersistenceUtil'. Assuming JPA 2 environment. Trying to instantiate JPA aware TraversableResolver
21:23:37.343 [Test worker] DEBUG o.h.v.i.e.r.DefaultTraversableResolver - Instantiated JPA aware TraversableResolver of type org.hibernate.validator.internal.engine.resolver.JPATraversableResolver.
21:23:37.343 [Test worker] DEBUG o.h.v.i.engine.ConfigurationImpl - Setting custom MessageInterpolator of type org.springframework.validation.beanvalidation.LocaleContextMessageInterpolator
21:23:37.343 [Test worker] DEBUG o.h.v.i.engine.ConfigurationImpl - Setting custom ConstraintValidatorFactory of type org.springframework.validation.beanvalidation.SpringConstraintValidatorFactory
21:23:37.343 [Test worker] DEBUG o.h.v.i.engine.ConfigurationImpl - Setting custom ParameterNameProvider of type com.sun.proxy.$Proxy60
21:23:37.343 [Test worker] DEBUG o.h.v.i.xml.ValidationXmlParser - Trying to load META-INF/validation.xml for XML based Validator configuration.
21:23:37.343 [Test worker] DEBUG o.h.v.i.xml.ResourceLoaderHelper - Trying to load META-INF/validation.xml via user class loader
21:23:37.343 [Test worker] DEBUG o.h.v.i.xml.ResourceLoaderHelper - Trying to load META-INF/validation.xml via TCCL
21:23:37.343 [Test worker] DEBUG o.h.v.i.xml.ResourceLoaderHelper - Trying to load META-INF/validation.xml via Hibernate Validator's class loader
21:23:37.343 [Test worker] DEBUG o.h.v.i.xml.ValidationXmlParser - No META-INF/validation.xml found. Using annotation based configuration only.
21:23:37.343 [Test worker] DEBUG o.s.b.f.s.DefaultListableBeanFactory - Finished creating instance of bean 'mvcValidator'
21:23:37.343 [Test worker] DEBUG o.s.b.f.s.DefaultListableBeanFactory - Creating shared instance of singleton bean 'mvcViewResolver'
21:23:37.343 [Test worker] DEBUG o.s.b.f.s.DefaultListableBeanFactory - Creating instance of bean 'mvcViewResolver'
21:23:37.343 [Test worker] DEBUG o.s.b.f.s.DefaultListableBeanFactory - Returning cached instance of singleton bean 'org.springframework.web.servlet.config.annotation.DelegatingWebMvcConfiguration'
21:23:37.343 [Test worker] DEBUG o.s.b.f.s.DefaultListableBeanFactory - Returning cached instance of singleton bean 'mvcContentNegotiationManager'
21:23:37.358 [Test worker] DEBUG o.s.b.f.s.DefaultListableBeanFactory - Eagerly caching bean 'mvcViewResolver' to allow for resolving potential circular references
21:23:37.358 [Test worker] DEBUG o.s.b.f.s.DefaultListableBeanFactory - Invoking afterPropertiesSet() on bean with name 'mvcViewResolver'
21:23:37.358 [Test worker] DEBUG o.s.b.f.s.DefaultListableBeanFactory - Finished creating instance of bean 'mvcViewResolver'
21:23:37.358 [Test worker] DEBUG o.s.b.f.s.DefaultListableBeanFactory - Creating shared instance of singleton bean 'mvcPathMatcher'
21:23:37.358 [Test worker] DEBUG o.s.b.f.s.DefaultListableBeanFactory - Creating instance of bean 'mvcPathMatcher'
21:23:37.358 [Test worker] DEBUG o.s.b.f.s.DefaultListableBeanFactory - Returning cached instance of singleton bean 'org.springframework.web.servlet.config.annotation.DelegatingWebMvcConfiguration'
21:23:37.358 [Test worker] DEBUG o.s.b.f.s.DefaultListableBeanFactory - Eagerly caching bean 'mvcPathMatcher' to allow for resolving potential circular references
21:23:37.358 [Test worker] DEBUG o.s.b.f.s.DefaultListableBeanFactory - Finished creating instance of bean 'mvcPathMatcher'
21:23:37.358 [Test worker] DEBUG o.s.b.f.s.DefaultListableBeanFactory - Creating shared instance of singleton bean 'mvcUrlPathHelper'
21:23:37.358 [Test worker] DEBUG o.s.b.f.s.DefaultListableBeanFactory - Creating instance of bean 'mvcUrlPathHelper'
21:23:37.358 [Test worker] DEBUG o.s.b.f.s.DefaultListableBeanFactory - Returning cached instance of singleton bean 'org.springframework.web.servlet.config.annotation.DelegatingWebMvcConfiguration'
21:23:37.358 [Test worker] DEBUG o.s.b.f.s.DefaultListableBeanFactory - Eagerly caching bean 'mvcUrlPathHelper' to allow for resolving potential circular references
21:23:37.358 [Test worker] DEBUG o.s.b.f.s.DefaultListableBeanFactory - Finished creating instance of bean 'mvcUrlPathHelper'
21:23:37.358 [Test worker] DEBUG o.s.b.f.s.DefaultListableBeanFactory - Returning cached instance of singleton bean 'mvcConversionService'
21:23:37.358 [Test worker] DEBUG o.s.b.f.s.DefaultListableBeanFactory - Creating shared instance of singleton bean 'resourceHandlerMapping'
21:23:37.358 [Test worker] DEBUG o.s.b.f.s.DefaultListableBeanFactory - Creating instance of bean 'resourceHandlerMapping'
21:23:37.358 [Test worker] DEBUG o.s.b.f.s.DefaultListableBeanFactory - Returning cached instance of singleton bean 'org.springframework.web.servlet.config.annotation.DelegatingWebMvcConfiguration'
21:23:37.358 [Test worker] DEBUG o.s.b.f.s.DefaultListableBeanFactory - Returning cached instance of singleton bean 'mvcContentNegotiationManager'
21:23:37.437 [Test worker] DEBUG o.s.b.f.s.DefaultListableBeanFactory - Returning cached instance of singleton bean 'mvcPathMatcher'
21:23:37.437 [Test worker] DEBUG o.s.b.f.s.DefaultListableBeanFactory - Returning cached instance of singleton bean 'mvcUrlPathHelper'
21:23:37.437 [Test worker] DEBUG o.s.b.f.s.DefaultListableBeanFactory - Creating shared instance of singleton bean 'mvcResourceUrlProvider'
21:23:37.437 [Test worker] DEBUG o.s.b.f.s.DefaultListableBeanFactory - Creating instance of bean 'mvcResourceUrlProvider'
21:23:37.437 [Test worker] DEBUG o.s.b.f.s.DefaultListableBeanFactory - Returning cached instance of singleton bean 'org.springframework.web.servlet.config.annotation.DelegatingWebMvcConfiguration'
21:23:37.437 [Test worker] DEBUG o.s.b.f.s.DefaultListableBeanFactory - Eagerly caching bean 'mvcResourceUrlProvider' to allow for resolving potential circular references
21:23:37.452 [Test worker] DEBUG o.s.b.f.s.DefaultListableBeanFactory - Finished creating instance of bean 'mvcResourceUrlProvider'
21:23:37.452 [Test worker] DEBUG o.s.b.f.s.DefaultListableBeanFactory - Eagerly caching bean 'resourceHandlerMapping' to allow for resolving potential circular references
21:23:37.452 [Test worker] INFO  o.s.w.s.h.SimpleUrlHandlerMapping - Mapped URL path [/resources/**] onto handler of type [class org.springframework.web.servlet.resource.ResourceHttpRequestHandler]
21:23:37.452 [Test worker] DEBUG o.s.b.f.s.DefaultListableBeanFactory - Finished creating instance of bean 'resourceHandlerMapping'
21:23:37.452 [Test worker] DEBUG o.s.b.f.s.DefaultListableBeanFactory - Creating shared instance of singleton bean 'beanNameHandlerMapping'
21:23:37.452 [Test worker] DEBUG o.s.b.f.s.DefaultListableBeanFactory - Creating instance of bean 'beanNameHandlerMapping'
21:23:37.468 [Test worker] DEBUG o.s.b.f.s.DefaultListableBeanFactory - Returning cached instance of singleton bean 'org.springframework.web.servlet.config.annotation.DelegatingWebMvcConfiguration'
21:23:37.468 [Test worker] DEBUG o.s.b.f.s.DefaultListableBeanFactory - Returning cached instance of singleton bean 'mvcConversionService'
21:23:37.468 [Test worker] DEBUG o.s.b.f.s.DefaultListableBeanFactory - Returning cached instance of singleton bean 'mvcResourceUrlProvider'
21:23:37.468 [Test worker] DEBUG o.s.b.f.s.DefaultListableBeanFactory - Eagerly caching bean 'beanNameHandlerMapping' to allow for resolving potential circular references
21:23:37.468 [Test worker] DEBUG o.s.w.s.h.BeanNameUrlHandlerMapping - Looking for URL mappings in application context: org.springframework.web.context.support.GenericWebApplicationContext@37f46c5: startup date [Tue Oct 31 21:23:33 CST 2017]; root of context hierarchy
21:23:37.468 [Test worker] DEBUG o.s.w.s.h.BeanNameUrlHandlerMapping - Rejected bean name 'org.springframework.context.annotation.internalConfigurationAnnotationProcessor': no URL paths identified
21:23:37.468 [Test worker] DEBUG o.s.w.s.h.BeanNameUrlHandlerMapping - Rejected bean name 'org.springframework.context.annotation.internalAutowiredAnnotationProcessor': no URL paths identified
21:23:37.468 [Test worker] DEBUG o.s.w.s.h.BeanNameUrlHandlerMapping - Rejected bean name 'org.springframework.context.annotation.internalRequiredAnnotationProcessor': no URL paths identified
21:23:37.468 [Test worker] DEBUG o.s.w.s.h.BeanNameUrlHandlerMapping - Rejected bean name 'org.springframework.context.annotation.internalCommonAnnotationProcessor': no URL paths identified
21:23:37.468 [Test worker] DEBUG o.s.w.s.h.BeanNameUrlHandlerMapping - Rejected bean name 'org.springframework.context.annotation.internalPersistenceAnnotationProcessor': no URL paths identified
21:23:37.468 [Test worker] DEBUG o.s.w.s.h.BeanNameUrlHandlerMapping - Rejected bean name 'org.springframework.context.event.internalEventListenerProcessor': no URL paths identified
21:23:37.468 [Test worker] DEBUG o.s.w.s.h.BeanNameUrlHandlerMapping - Rejected bean name 'org.springframework.context.event.internalEventListenerFactory': no URL paths identified
21:23:37.468 [Test worker] DEBUG o.s.w.s.h.BeanNameUrlHandlerMapping - Rejected bean name 'rootConfiguration': no URL paths identified
21:23:37.468 [Test worker] DEBUG o.s.w.s.h.BeanNameUrlHandlerMapping - Rejected bean name 'webMvcConfiguration': no URL paths identified
21:23:37.468 [Test worker] DEBUG o.s.w.s.h.BeanNameUrlHandlerMapping - Rejected bean name 'securityConfig': no URL paths identified
21:23:37.468 [Test worker] DEBUG o.s.w.s.h.BeanNameUrlHandlerMapping - Rejected bean name 'dataConfiguration': no URL paths identified
21:23:37.468 [Test worker] DEBUG o.s.w.s.h.BeanNameUrlHandlerMapping - Rejected bean name 'defaultController': no URL paths identified
21:23:37.468 [Test worker] DEBUG o.s.w.s.h.BeanNameUrlHandlerMapping - Rejected bean name 'messageController': no URL paths identified
21:23:37.468 [Test worker] DEBUG o.s.w.s.h.BeanNameUrlHandlerMapping - Rejected bean name 'org.springframework.security.config.annotation.configuration.ObjectPostProcessorConfiguration': no URL paths identified
21:23:37.468 [Test worker] DEBUG o.s.w.s.h.BeanNameUrlHandlerMapping - Rejected bean name 'objectPostProcessor': no URL paths identified
21:23:37.468 [Test worker] DEBUG o.s.w.s.h.BeanNameUrlHandlerMapping - Rejected bean name 'org.springframework.security.config.annotation.authentication.configuration.AuthenticationConfiguration': no URL paths identified
21:23:37.468 [Test worker] DEBUG o.s.w.s.h.BeanNameUrlHandlerMapping - Rejected bean name 'authenticationManagerBuilder': no URL paths identified
21:23:37.468 [Test worker] DEBUG o.s.w.s.h.BeanNameUrlHandlerMapping - Rejected bean name 'enableGlobalAuthenticationAutowiredConfigurer': no URL paths identified
21:23:37.468 [Test worker] DEBUG o.s.w.s.h.BeanNameUrlHandlerMapping - Rejected bean name 'initializeUserDetailsBeanManagerConfigurer': no URL paths identified
21:23:37.468 [Test worker] DEBUG o.s.w.s.h.BeanNameUrlHandlerMapping - Rejected bean name 'initializeAuthenticationProviderBeanManagerConfigurer': no URL paths identified
21:23:37.468 [Test worker] DEBUG o.s.w.s.h.BeanNameUrlHandlerMapping - Rejected bean name 'org.springframework.security.config.annotation.web.configuration.WebSecurityConfiguration': no URL paths identified
21:23:37.468 [Test worker] DEBUG o.s.w.s.h.BeanNameUrlHandlerMapping - Rejected bean name 'delegatingApplicationListener': no URL paths identified
21:23:37.468 [Test worker] DEBUG o.s.w.s.h.BeanNameUrlHandlerMapping - Rejected bean name 'webSecurityExpressionHandler': no URL paths identified
21:23:37.468 [Test worker] DEBUG o.s.w.s.h.BeanNameUrlHandlerMapping - Rejected bean name 'springSecurityFilterChain': no URL paths identified
21:23:37.468 [Test worker] DEBUG o.s.w.s.h.BeanNameUrlHandlerMapping - Rejected bean name 'privilegeEvaluator': no URL paths identified
21:23:37.468 [Test worker] DEBUG o.s.w.s.h.BeanNameUrlHandlerMapping - Rejected bean name 'autowiredWebSecurityConfigurersIgnoreParents': no URL paths identified
21:23:37.468 [Test worker] DEBUG o.s.w.s.h.BeanNameUrlHandlerMapping - Rejected bean name 'org.springframework.security.config.annotation.web.configuration.WebMvcSecurityConfiguration': no URL paths identified
21:23:37.468 [Test worker] DEBUG o.s.w.s.h.BeanNameUrlHandlerMapping - Rejected bean name 'requestDataValueProcessor': no URL paths identified
21:23:37.468 [Test worker] DEBUG o.s.w.s.h.BeanNameUrlHandlerMapping - Rejected bean name 'dataSource': no URL paths identified
21:23:37.468 [Test worker] DEBUG o.s.w.s.h.BeanNameUrlHandlerMapping - Rejected bean name 'entityManagerFactory': no URL paths identified
21:23:37.468 [Test worker] DEBUG o.s.w.s.h.BeanNameUrlHandlerMapping - Rejected bean name 'initDatabase': no URL paths identified
21:23:37.468 [Test worker] DEBUG o.s.w.s.h.BeanNameUrlHandlerMapping - Rejected bean name 'transactionManager': no URL paths identified
21:23:37.468 [Test worker] DEBUG o.s.w.s.h.BeanNameUrlHandlerMapping - Rejected bean name 'org.springframework.data.jpa.repository.config.JpaRepositoryConfigExtension#0': no URL paths identified
21:23:37.468 [Test worker] DEBUG o.s.w.s.h.BeanNameUrlHandlerMapping - Rejected bean name 'org.springframework.data.repository.core.support.RepositoryFactoryBeanSupport_Predictor': no URL paths identified
21:23:37.468 [Test worker] DEBUG o.s.w.s.h.BeanNameUrlHandlerMapping - Rejected bean name 'emBeanDefinitionRegistrarPostProcessor': no URL paths identified
21:23:37.468 [Test worker] DEBUG o.s.w.s.h.BeanNameUrlHandlerMapping - Rejected bean name 'jpaMappingContext': no URL paths identified
21:23:37.468 [Test worker] DEBUG o.s.w.s.h.BeanNameUrlHandlerMapping - Rejected bean name 'jpaContext': no URL paths identified
21:23:37.468 [Test worker] DEBUG o.s.w.s.h.BeanNameUrlHandlerMapping - Rejected bean name 'messageRepository': no URL paths identified
21:23:37.468 [Test worker] DEBUG o.s.w.s.h.BeanNameUrlHandlerMapping - Rejected bean name 'org.springframework.web.servlet.config.annotation.DelegatingWebMvcConfiguration': no URL paths identified
21:23:37.468 [Test worker] DEBUG o.s.w.s.h.BeanNameUrlHandlerMapping - Rejected bean name 'mvcValidator': no URL paths identified
21:23:37.468 [Test worker] DEBUG o.s.w.s.h.BeanNameUrlHandlerMapping - Rejected bean name 'mvcViewResolver': no URL paths identified
21:23:37.468 [Test worker] DEBUG o.s.w.s.h.BeanNameUrlHandlerMapping - Rejected bean name 'mvcPathMatcher': no URL paths identified
21:23:37.468 [Test worker] DEBUG o.s.w.s.h.BeanNameUrlHandlerMapping - Rejected bean name 'mvcUrlPathHelper': no URL paths identified
21:23:37.468 [Test worker] DEBUG o.s.w.s.h.BeanNameUrlHandlerMapping - Rejected bean name 'mvcConversionService': no URL paths identified
21:23:37.468 [Test worker] DEBUG o.s.w.s.h.BeanNameUrlHandlerMapping - Rejected bean name 'resourceHandlerMapping': no URL paths identified
21:23:37.468 [Test worker] DEBUG o.s.w.s.h.BeanNameUrlHandlerMapping - Rejected bean name 'beanNameHandlerMapping': no URL paths identified
21:23:37.468 [Test worker] DEBUG o.s.w.s.h.BeanNameUrlHandlerMapping - Rejected bean name 'handlerExceptionResolver': no URL paths identified
21:23:37.468 [Test worker] DEBUG o.s.w.s.h.BeanNameUrlHandlerMapping - Rejected bean name 'requestMappingHandlerMapping': no URL paths identified
21:23:37.468 [Test worker] DEBUG o.s.w.s.h.BeanNameUrlHandlerMapping - Rejected bean name 'defaultServletHandlerMapping': no URL paths identified
21:23:37.468 [Test worker] DEBUG o.s.w.s.h.BeanNameUrlHandlerMapping - Rejected bean name 'requestMappingHandlerAdapter': no URL paths identified
21:23:37.468 [Test worker] DEBUG o.s.w.s.h.BeanNameUrlHandlerMapping - Rejected bean name 'mvcUriComponentsContributor': no URL paths identified
21:23:37.468 [Test worker] DEBUG o.s.w.s.h.BeanNameUrlHandlerMapping - Rejected bean name 'mvcContentNegotiationManager': no URL paths identified
21:23:37.468 [Test worker] DEBUG o.s.w.s.h.BeanNameUrlHandlerMapping - Rejected bean name 'simpleControllerHandlerAdapter': no URL paths identified
21:23:37.468 [Test worker] DEBUG o.s.w.s.h.BeanNameUrlHandlerMapping - Rejected bean name 'mvcResourceUrlProvider': no URL paths identified
21:23:37.468 [Test worker] DEBUG o.s.w.s.h.BeanNameUrlHandlerMapping - Rejected bean name 'viewControllerHandlerMapping': no URL paths identified
21:23:37.468 [Test worker] DEBUG o.s.w.s.h.BeanNameUrlHandlerMapping - Rejected bean name 'httpRequestHandlerAdapter': no URL paths identified
21:23:37.468 [Test worker] DEBUG o.s.w.s.h.BeanNameUrlHandlerMapping - Rejected bean name 'templateEngine': no URL paths identified
21:23:37.468 [Test worker] DEBUG o.s.w.s.h.BeanNameUrlHandlerMapping - Rejected bean name 'viewResolver': no URL paths identified
21:23:37.468 [Test worker] DEBUG o.s.w.s.h.BeanNameUrlHandlerMapping - Rejected bean name 'domainClassConverter': no URL paths identified
21:23:37.468 [Test worker] DEBUG o.s.w.s.h.BeanNameUrlHandlerMapping - Rejected bean name 'org.springframework.orm.jpa.SharedEntityManagerCreator#0': no URL paths identified
21:23:37.468 [Test worker] DEBUG o.s.w.s.h.BeanNameUrlHandlerMapping - Rejected bean name 'environment': no URL paths identified
21:23:37.468 [Test worker] DEBUG o.s.w.s.h.BeanNameUrlHandlerMapping - Rejected bean name 'systemProperties': no URL paths identified
21:23:37.468 [Test worker] DEBUG o.s.w.s.h.BeanNameUrlHandlerMapping - Rejected bean name 'systemEnvironment': no URL paths identified
21:23:37.468 [Test worker] DEBUG o.s.w.s.h.BeanNameUrlHandlerMapping - Rejected bean name 'servletContext': no URL paths identified
21:23:37.468 [Test worker] DEBUG o.s.w.s.h.BeanNameUrlHandlerMapping - Rejected bean name 'contextParameters': no URL paths identified
21:23:37.468 [Test worker] DEBUG o.s.w.s.h.BeanNameUrlHandlerMapping - Rejected bean name 'contextAttributes': no URL paths identified
21:23:37.468 [Test worker] DEBUG o.s.w.s.h.BeanNameUrlHandlerMapping - Rejected bean name 'org.springframework.context.annotation.ConfigurationClassPostProcessor.importRegistry': no URL paths identified
21:23:37.468 [Test worker] DEBUG o.s.w.s.h.BeanNameUrlHandlerMapping - Rejected bean name 'messageSource': no URL paths identified
21:23:37.468 [Test worker] DEBUG o.s.w.s.h.BeanNameUrlHandlerMapping - Rejected bean name 'applicationEventMulticaster': no URL paths identified
21:23:37.468 [Test worker] DEBUG o.s.b.f.s.DefaultListableBeanFactory - Finished creating instance of bean 'beanNameHandlerMapping'
21:23:37.468 [Test worker] DEBUG o.s.b.f.s.DefaultListableBeanFactory - Creating shared instance of singleton bean 'handlerExceptionResolver'
21:23:37.468 [Test worker] DEBUG o.s.b.f.s.DefaultListableBeanFactory - Creating instance of bean 'handlerExceptionResolver'
21:23:37.468 [Test worker] DEBUG o.s.b.f.s.DefaultListableBeanFactory - Returning cached instance of singleton bean 'org.springframework.web.servlet.config.annotation.DelegatingWebMvcConfiguration'
21:23:37.562 [Test worker] DEBUG o.s.b.f.s.DefaultListableBeanFactory - Returning cached instance of singleton bean 'mvcContentNegotiationManager'
21:23:37.562 [Test worker] DEBUG o.s.w.s.m.m.a.ExceptionHandlerExceptionResolver - Looking for exception mappings: org.springframework.web.context.support.GenericWebApplicationContext@37f46c5: startup date [Tue Oct 31 21:23:33 CST 2017]; root of context hierarchy
21:23:37.593 [Test worker] DEBUG o.s.b.f.s.DefaultListableBeanFactory - Eagerly caching bean 'handlerExceptionResolver' to allow for resolving potential circular references
21:23:37.600 [Test worker] DEBUG o.s.b.f.s.DefaultListableBeanFactory - Finished creating instance of bean 'handlerExceptionResolver'
21:23:37.601 [Test worker] DEBUG o.s.b.f.s.DefaultListableBeanFactory - Creating shared instance of singleton bean 'requestMappingHandlerMapping'
21:23:37.601 [Test worker] DEBUG o.s.b.f.s.DefaultListableBeanFactory - Creating instance of bean 'requestMappingHandlerMapping'
21:23:37.601 [Test worker] DEBUG o.s.b.f.s.DefaultListableBeanFactory - Returning cached instance of singleton bean 'org.springframework.web.servlet.config.annotation.DelegatingWebMvcConfiguration'
21:23:37.612 [Test worker] DEBUG o.s.b.f.s.DefaultListableBeanFactory - Returning cached instance of singleton bean 'mvcContentNegotiationManager'
21:23:37.615 [Test worker] DEBUG o.s.b.f.s.DefaultListableBeanFactory - Eagerly caching bean 'requestMappingHandlerMapping' to allow for resolving potential circular references
21:23:37.627 [Test worker] DEBUG o.s.b.f.s.DefaultListableBeanFactory - Invoking afterPropertiesSet() on bean with name 'requestMappingHandlerMapping'
21:23:37.627 [Test worker] DEBUG o.s.w.s.m.m.a.RequestMappingHandlerMapping - Looking for request mappings in application context: org.springframework.web.context.support.GenericWebApplicationContext@37f46c5: startup date [Tue Oct 31 21:23:33 CST 2017]; root of context hierarchy
21:23:37.639 [Test worker] DEBUG o.s.w.s.m.m.a.RequestMappingHandlerMapping - 1 request handler methods found on class org.springframework.security.samples.mvc.DefaultController: {public java.lang.String org.springframework.security.samples.mvc.DefaultController.notFound()={[/**]}}
21:23:37.639 [Test worker] INFO  o.s.w.s.m.m.a.RequestMappingHandlerMapping - Mapped "{[/**]}" onto public java.lang.String org.springframework.security.samples.mvc.DefaultController.notFound()
21:23:37.644 [Test worker] DEBUG o.s.w.s.m.m.a.RequestMappingHandlerMapping - 5 request handler methods found on class org.springframework.security.samples.mvc.MessageController: {public java.lang.String org.springframework.security.samples.mvc.MessageController.delete(org.springframework.security.samples.data.Message,org.springframework.web.servlet.mvc.support.RedirectAttributes)={[/{id}],methods=[DELETE]}, public org.springframework.web.servlet.ModelAndView org.springframework.security.samples.mvc.MessageController.create(org.springframework.security.samples.data.Message,org.springframework.validation.BindingResult,org.springframework.web.servlet.mvc.support.RedirectAttributes)={[/],methods=[POST]}, public org.springframework.web.servlet.ModelAndView org.springframework.security.samples.mvc.MessageController.list()={[/]}, public org.springframework.web.servlet.ModelAndView org.springframework.security.samples.mvc.MessageController.view(org.springframework.security.samples.data.Message)={[/{id}]}, public java.lang.String org.springframework.security.samples.mvc.MessageController.createForm(org.springframework.security.samples.data.Message)={[/],methods=[GET],params=[form]}}
21:23:37.644 [Test worker] INFO  o.s.w.s.m.m.a.RequestMappingHandlerMapping - Mapped "{[/{id}],methods=[DELETE]}" onto public java.lang.String org.springframework.security.samples.mvc.MessageController.delete(org.springframework.security.samples.data.Message,org.springframework.web.servlet.mvc.support.RedirectAttributes)
21:23:37.644 [Test worker] INFO  o.s.w.s.m.m.a.RequestMappingHandlerMapping - Mapped "{[/],methods=[POST]}" onto public org.springframework.web.servlet.ModelAndView org.springframework.security.samples.mvc.MessageController.create(org.springframework.security.samples.data.Message,org.springframework.validation.BindingResult,org.springframework.web.servlet.mvc.support.RedirectAttributes)
21:23:37.644 [Test worker] INFO  o.s.w.s.m.m.a.RequestMappingHandlerMapping - Mapped "{[/]}" onto public org.springframework.web.servlet.ModelAndView org.springframework.security.samples.mvc.MessageController.list()
21:23:37.644 [Test worker] INFO  o.s.w.s.m.m.a.RequestMappingHandlerMapping - Mapped "{[/{id}]}" onto public org.springframework.web.servlet.ModelAndView org.springframework.security.samples.mvc.MessageController.view(org.springframework.security.samples.data.Message)
21:23:37.644 [Test worker] INFO  o.s.w.s.m.m.a.RequestMappingHandlerMapping - Mapped "{[/],methods=[GET],params=[form]}" onto public java.lang.String org.springframework.security.samples.mvc.MessageController.createForm(org.springframework.security.samples.data.Message)
21:23:37.645 [Test worker] DEBUG o.s.b.f.s.DefaultListableBeanFactory - Finished creating instance of bean 'requestMappingHandlerMapping'
21:23:37.645 [Test worker] DEBUG o.s.b.f.s.DefaultListableBeanFactory - Creating shared instance of singleton bean 'defaultServletHandlerMapping'
21:23:37.645 [Test worker] DEBUG o.s.b.f.s.DefaultListableBeanFactory - Creating instance of bean 'defaultServletHandlerMapping'
21:23:37.646 [Test worker] DEBUG o.s.b.f.s.DefaultListableBeanFactory - Returning cached instance of singleton bean 'org.springframework.web.servlet.config.annotation.DelegatingWebMvcConfiguration'
21:23:37.646 [Test worker] DEBUG o.s.b.f.s.DefaultListableBeanFactory - Eagerly caching bean 'defaultServletHandlerMapping' to allow for resolving potential circular references
21:23:37.650 [Test worker] DEBUG o.s.b.f.s.DefaultListableBeanFactory - Finished creating instance of bean 'defaultServletHandlerMapping'
21:23:37.651 [Test worker] DEBUG o.s.b.f.s.DefaultListableBeanFactory - Creating shared instance of singleton bean 'requestMappingHandlerAdapter'
21:23:37.651 [Test worker] DEBUG o.s.b.f.s.DefaultListableBeanFactory - Creating instance of bean 'requestMappingHandlerAdapter'
21:23:37.651 [Test worker] DEBUG o.s.b.f.s.DefaultListableBeanFactory - Returning cached instance of singleton bean 'org.springframework.web.servlet.config.annotation.DelegatingWebMvcConfiguration'
21:23:37.661 [Test worker] DEBUG o.s.b.f.s.DefaultListableBeanFactory - Returning cached instance of singleton bean 'mvcContentNegotiationManager'
21:23:37.661 [Test worker] DEBUG o.s.b.f.s.DefaultListableBeanFactory - Returning cached instance of singleton bean 'mvcConversionService'
21:23:37.661 [Test worker] DEBUG o.s.b.f.s.DefaultListableBeanFactory - Returning cached instance of singleton bean 'mvcValidator'
21:23:37.665 [Test worker] DEBUG o.s.b.f.s.DefaultListableBeanFactory - Eagerly caching bean 'requestMappingHandlerAdapter' to allow for resolving potential circular references
21:23:37.676 [Test worker] DEBUG o.s.b.f.s.DefaultListableBeanFactory - Invoking afterPropertiesSet() on bean with name 'requestMappingHandlerAdapter'
21:23:37.676 [Test worker] INFO  o.s.w.s.m.m.a.RequestMappingHandlerAdapter - Looking for @ControllerAdvice: org.springframework.web.context.support.GenericWebApplicationContext@37f46c5: startup date [Tue Oct 31 21:23:33 CST 2017]; root of context hierarchy
21:23:37.695 [Test worker] DEBUG o.s.b.f.s.DefaultListableBeanFactory - Finished creating instance of bean 'requestMappingHandlerAdapter'
21:23:37.695 [Test worker] DEBUG o.s.b.f.s.DefaultListableBeanFactory - Creating shared instance of singleton bean 'mvcUriComponentsContributor'
21:23:37.695 [Test worker] DEBUG o.s.b.f.s.DefaultListableBeanFactory - Creating instance of bean 'mvcUriComponentsContributor'
21:23:37.696 [Test worker] DEBUG o.s.b.f.s.DefaultListableBeanFactory - Returning cached instance of singleton bean 'org.springframework.web.servlet.config.annotation.DelegatingWebMvcConfiguration'
21:23:37.696 [Test worker] DEBUG o.s.b.f.s.DefaultListableBeanFactory - Returning cached instance of singleton bean 'requestMappingHandlerAdapter'
21:23:37.696 [Test worker] DEBUG o.s.b.f.s.DefaultListableBeanFactory - Returning cached instance of singleton bean 'mvcConversionService'
21:23:37.698 [Test worker] DEBUG o.s.b.f.s.DefaultListableBeanFactory - Eagerly caching bean 'mvcUriComponentsContributor' to allow for resolving potential circular references
21:23:37.700 [Test worker] DEBUG o.s.b.f.s.DefaultListableBeanFactory - Finished creating instance of bean 'mvcUriComponentsContributor'
21:23:37.700 [Test worker] DEBUG o.s.b.f.s.DefaultListableBeanFactory - Returning cached instance of singleton bean 'mvcContentNegotiationManager'
21:23:37.700 [Test worker] DEBUG o.s.b.f.s.DefaultListableBeanFactory - Creating shared instance of singleton bean 'simpleControllerHandlerAdapter'
21:23:37.700 [Test worker] DEBUG o.s.b.f.s.DefaultListableBeanFactory - Creating instance of bean 'simpleControllerHandlerAdapter'
21:23:37.700 [Test worker] DEBUG o.s.b.f.s.DefaultListableBeanFactory - Returning cached instance of singleton bean 'org.springframework.web.servlet.config.annotation.DelegatingWebMvcConfiguration'
21:23:37.701 [Test worker] DEBUG o.s.b.f.s.DefaultListableBeanFactory - Eagerly caching bean 'simpleControllerHandlerAdapter' to allow for resolving potential circular references
21:23:37.702 [Test worker] DEBUG o.s.b.f.s.DefaultListableBeanFactory - Finished creating instance of bean 'simpleControllerHandlerAdapter'
21:23:37.703 [Test worker] DEBUG o.s.b.f.s.DefaultListableBeanFactory - Returning cached instance of singleton bean 'mvcResourceUrlProvider'
21:23:37.703 [Test worker] DEBUG o.s.b.f.s.DefaultListableBeanFactory - Creating shared instance of singleton bean 'viewControllerHandlerMapping'
21:23:37.703 [Test worker] DEBUG o.s.b.f.s.DefaultListableBeanFactory - Creating instance of bean 'viewControllerHandlerMapping'
21:23:37.703 [Test worker] DEBUG o.s.b.f.s.DefaultListableBeanFactory - Returning cached instance of singleton bean 'org.springframework.web.servlet.config.annotation.DelegatingWebMvcConfiguration'
21:23:37.705 [Test worker] DEBUG o.s.b.f.s.DefaultListableBeanFactory - Returning cached instance of singleton bean 'mvcPathMatcher'
21:23:37.706 [Test worker] DEBUG o.s.b.f.s.DefaultListableBeanFactory - Returning cached instance of singleton bean 'mvcUrlPathHelper'
21:23:37.706 [Test worker] DEBUG o.s.b.f.s.DefaultListableBeanFactory - Eagerly caching bean 'viewControllerHandlerMapping' to allow for resolving potential circular references
21:23:37.706 [Test worker] INFO  o.s.w.s.h.SimpleUrlHandlerMapping - Mapped URL path [/login] onto handler of type [class org.springframework.web.servlet.mvc.ParameterizableViewController]
21:23:37.706 [Test worker] DEBUG o.s.b.f.s.DefaultListableBeanFactory - Finished creating instance of bean 'viewControllerHandlerMapping'
21:23:37.706 [Test worker] DEBUG o.s.b.f.s.DefaultListableBeanFactory - Creating shared instance of singleton bean 'httpRequestHandlerAdapter'
21:23:37.706 [Test worker] DEBUG o.s.b.f.s.DefaultListableBeanFactory - Creating instance of bean 'httpRequestHandlerAdapter'
21:23:37.707 [Test worker] DEBUG o.s.b.f.s.DefaultListableBeanFactory - Returning cached instance of singleton bean 'org.springframework.web.servlet.config.annotation.DelegatingWebMvcConfiguration'
21:23:37.707 [Test worker] DEBUG o.s.b.f.s.DefaultListableBeanFactory - Eagerly caching bean 'httpRequestHandlerAdapter' to allow for resolving potential circular references
21:23:37.709 [Test worker] DEBUG o.s.b.f.s.DefaultListableBeanFactory - Finished creating instance of bean 'httpRequestHandlerAdapter'
21:23:37.709 [Test worker] DEBUG o.s.b.f.s.DefaultListableBeanFactory - Creating shared instance of singleton bean 'templateEngine'
21:23:37.709 [Test worker] DEBUG o.s.b.f.s.DefaultListableBeanFactory - Creating instance of bean 'templateEngine'
21:23:37.709 [Test worker] DEBUG o.s.b.f.s.DefaultListableBeanFactory - Returning cached instance of singleton bean 'webMvcConfiguration'
21:23:37.742 [Test worker] DEBUG o.s.b.f.s.DefaultListableBeanFactory - Eagerly caching bean 'templateEngine' to allow for resolving potential circular references
21:23:37.747 [Test worker] DEBUG o.s.b.f.s.DefaultListableBeanFactory - Invoking afterPropertiesSet() on bean with name 'templateEngine'
21:23:37.748 [Test worker] DEBUG o.s.b.f.s.DefaultListableBeanFactory - Finished creating instance of bean 'templateEngine'
21:23:37.748 [Test worker] DEBUG o.s.b.f.s.DefaultListableBeanFactory - Creating shared instance of singleton bean 'viewResolver'
21:23:37.748 [Test worker] DEBUG o.s.b.f.s.DefaultListableBeanFactory - Creating instance of bean 'viewResolver'
21:23:37.748 [Test worker] DEBUG o.s.b.f.s.DefaultListableBeanFactory - Returning cached instance of singleton bean 'webMvcConfiguration'
21:23:37.752 [Test worker] DEBUG o.s.b.f.s.DefaultListableBeanFactory - Eagerly caching bean 'viewResolver' to allow for resolving potential circular references
21:23:37.757 [Test worker] DEBUG o.s.b.f.s.DefaultListableBeanFactory - Finished creating instance of bean 'viewResolver'
21:23:37.757 [Test worker] DEBUG o.s.b.f.s.DefaultListableBeanFactory - Creating shared instance of singleton bean 'domainClassConverter'
21:23:37.757 [Test worker] DEBUG o.s.b.f.s.DefaultListableBeanFactory - Creating instance of bean 'domainClassConverter'
21:23:37.757 [Test worker] DEBUG o.s.b.f.s.DefaultListableBeanFactory - Returning cached instance of singleton bean 'webMvcConfiguration'
21:23:37.760 [Test worker] DEBUG o.s.b.f.s.DefaultListableBeanFactory - Eagerly caching bean 'domainClassConverter' to allow for resolving potential circular references
21:23:37.763 [Test worker] DEBUG o.s.b.f.s.DefaultListableBeanFactory - Returning cached instance of singleton bean 'messageRepository'
21:23:37.765 [Test worker] DEBUG o.s.b.f.s.DefaultListableBeanFactory - Finished creating instance of bean 'domainClassConverter'
21:23:37.765 [Test worker] DEBUG o.s.b.f.s.DefaultListableBeanFactory - Returning cached instance of singleton bean 'org.springframework.orm.jpa.SharedEntityManagerCreator#0'
21:23:37.765 [Test worker] DEBUG o.s.b.f.s.DefaultListableBeanFactory - Returning cached instance of singleton bean 'org.springframework.context.event.internalEventListenerFactory'
21:23:37.809 [Test worker] DEBUG o.s.w.c.s.GenericWebApplicationContext - Unable to locate LifecycleProcessor with name 'lifecycleProcessor': using default [org.springframework.context.support.DefaultLifecycleProcessor@562fa345]
21:23:37.810 [Test worker] DEBUG o.s.b.f.s.DefaultListableBeanFactory - Returning cached instance of singleton bean 'lifecycleProcessor'
21:23:37.811 [Test worker] DEBUG o.s.b.f.s.DefaultListableBeanFactory - Returning cached instance of singleton bean 'delegatingApplicationListener'
21:23:37.812 [Test worker] DEBUG o.s.b.f.s.DefaultListableBeanFactory - Returning cached instance of singleton bean 'mvcResourceUrlProvider'
21:23:37.812 [Test worker] DEBUG o.s.w.s.resource.ResourceUrlProvider - Looking for resource handler mappings
21:23:37.812 [Test worker] DEBUG o.s.b.f.s.DefaultListableBeanFactory - Returning cached instance of singleton bean 'resourceHandlerMapping'
21:23:37.812 [Test worker] DEBUG o.s.b.f.s.DefaultListableBeanFactory - Returning cached instance of singleton bean 'viewControllerHandlerMapping'
21:23:37.812 [Test worker] DEBUG o.s.w.s.resource.ResourceUrlProvider - Found resource handler mapping: URL pattern="/resources/**", locations=[class path resource [resources/]], resolvers=[org.springframework.web.servlet.resource.PathResourceResolver@2f5d7b30]
21:23:37.814 [Test worker] DEBUG o.s.c.e.PropertySourcesPropertyResolver - Could not find key 'spring.liveBeansView.mbeanDomain' in any property source
21:23:37.817 [Test worker] DEBUG o.s.t.c.c.DefaultCacheAwareContextLoaderDelegate - Storing ApplicationContext in cache under key [[WebMergedContextConfiguration@1aa0e92b testClass = SecurityConfigTests, locations = '{}', classes = '{class org.springframework.security.samples.config.RootConfiguration, class org.springframework.security.samples.mvc.config.WebMvcConfiguration}', contextInitializerClasses = '[]', activeProfiles = '{}', propertySourceLocations = '{}', propertySourceProperties = '{}', contextCustomizers = set[[empty]], resourceBasePath = 'src/main/webapp', contextLoader = 'org.springframework.test.context.web.WebDelegatingSmartContextLoader', parent = [null]]]
21:23:37.818 [Test worker] DEBUG o.springframework.test.context.cache - Spring test ApplicationContext cache statistics: [DefaultContextCache@e6081b size = 1, maxSize = 32, parentContextCount = 0, hitCount = 0, missCount = 1]
21:23:37.818 [Test worker] DEBUG o.s.t.c.w.ServletTestExecutionListener - Setting up MockHttpServletRequest, MockHttpServletResponse, ServletWebRequest, and RequestContextHolder for test context [DefaultTestContext@146fbd8 testClass = SecurityConfigTests, testInstance = org.springframework.security.samples.config.SecurityConfigTests@73c301a4, testMethod = [null], testException = [null], mergedContextConfiguration = [WebMergedContextConfiguration@1aa0e92b testClass = SecurityConfigTests, locations = '{}', classes = '{class org.springframework.security.samples.config.RootConfiguration, class org.springframework.security.samples.mvc.config.WebMvcConfiguration}', contextInitializerClasses = '[]', activeProfiles = '{}', propertySourceLocations = '{}', propertySourceProperties = '{}', contextCustomizers = set[[empty]], resourceBasePath = 'src/main/webapp', contextLoader = 'org.springframework.test.context.web.WebDelegatingSmartContextLoader', parent = [null]]].
21:23:37.833 [Test worker] DEBUG o.s.t.c.s.DependencyInjectionTestExecutionListener - Performing dependency injection for test context [[DefaultTestContext@146fbd8 testClass = SecurityConfigTests, testInstance = org.springframework.security.samples.config.SecurityConfigTests@73c301a4, testMethod = [null], testException = [null], mergedContextConfiguration = [WebMergedContextConfiguration@1aa0e92b testClass = SecurityConfigTests, locations = '{}', classes = '{class org.springframework.security.samples.config.RootConfiguration, class org.springframework.security.samples.mvc.config.WebMvcConfiguration}', contextInitializerClasses = '[]', activeProfiles = '{}', propertySourceLocations = '{}', propertySourceProperties = '{}', contextCustomizers = set[[empty]], resourceBasePath = 'src/main/webapp', contextLoader = 'org.springframework.test.context.web.WebDelegatingSmartContextLoader', parent = [null]]]].
21:23:37.834 [Test worker] DEBUG o.s.t.c.c.DefaultCacheAwareContextLoaderDelegate - Retrieved ApplicationContext from cache with key [[WebMergedContextConfiguration@1aa0e92b testClass = SecurityConfigTests, locations = '{}', classes = '{class org.springframework.security.samples.config.RootConfiguration, class org.springframework.security.samples.mvc.config.WebMvcConfiguration}', contextInitializerClasses = '[]', activeProfiles = '{}', propertySourceLocations = '{}', propertySourceProperties = '{}', contextCustomizers = set[[empty]], resourceBasePath = 'src/main/webapp', contextLoader = 'org.springframework.test.context.web.WebDelegatingSmartContextLoader', parent = [null]]]
21:23:37.834 [Test worker] DEBUG o.springframework.test.context.cache - Spring test ApplicationContext cache statistics: [DefaultContextCache@e6081b size = 1, maxSize = 32, parentContextCount = 0, hitCount = 1, missCount = 1]
21:23:37.836 [Test worker] DEBUG o.s.b.f.annotation.InjectionMetadata - Processing injected element of bean 'org.springframework.security.samples.config.SecurityConfigTests': AutowiredFieldElement for private org.springframework.web.context.WebApplicationContext org.springframework.security.samples.config.SecurityConfigTests.context
21:23:37.837 [Test worker] DEBUG o.s.b.f.a.AutowiredAnnotationBeanPostProcessor - Autowiring by type from bean name 'org.springframework.security.samples.config.SecurityConfigTests' to bean named 'org.springframework.web.context.support.GenericWebApplicationContext@37f46c5'
21:23:37.837 [Test worker] DEBUG o.s.b.f.annotation.InjectionMetadata - Processing injected element of bean 'org.springframework.security.samples.config.SecurityConfigTests': AutowiredFieldElement for private javax.servlet.Filter org.springframework.security.samples.config.SecurityConfigTests.springSecurityFilterChain
21:23:37.838 [Test worker] DEBUG o.s.b.f.s.DefaultListableBeanFactory - Returning cached instance of singleton bean 'springSecurityFilterChain'
21:23:37.838 [Test worker] DEBUG o.s.b.f.a.AutowiredAnnotationBeanPostProcessor - Autowiring by type from bean name 'org.springframework.security.samples.config.SecurityConfigTests' to bean named 'springSecurityFilterChain'
21:23:37.889 [Test worker] DEBUG o.s.t.w.s.TestDispatcherServlet - Initializing servlet ''
21:23:37.891 [Test worker] DEBUG o.s.w.c.s.StandardServletEnvironment - Adding [servletConfigInitParams] PropertySource with lowest search precedence
21:23:37.891 [Test worker] DEBUG o.s.w.c.s.StandardServletEnvironment - Adding [servletContextInitParams] PropertySource with lowest search precedence
21:23:37.891 [Test worker] DEBUG o.s.w.c.s.StandardServletEnvironment - Adding [systemProperties] PropertySource with lowest search precedence
21:23:37.892 [Test worker] DEBUG o.s.w.c.s.StandardServletEnvironment - Adding [systemEnvironment] PropertySource with lowest search precedence
21:23:37.892 [Test worker] DEBUG o.s.w.c.s.StandardServletEnvironment - Initialized StandardServletEnvironment with PropertySources [servletConfigInitParams,servletContextInitParams,systemProperties,systemEnvironment]
21:23:37.892 [Test worker] INFO  o.s.mock.web.MockServletContext - Initializing Spring FrameworkServlet ''
21:23:37.892 [Test worker] INFO  o.s.t.w.s.TestDispatcherServlet - FrameworkServlet '': initialization started
21:23:37.893 [Test worker] DEBUG o.s.t.w.s.TestDispatcherServlet - Unable to locate MultipartResolver with name 'multipartResolver': no multipart request handling provided
21:23:37.894 [Test worker] DEBUG o.s.b.f.s.DefaultListableBeanFactory - Creating instance of bean 'org.springframework.web.servlet.i18n.AcceptHeaderLocaleResolver'
21:23:37.896 [Test worker] DEBUG o.s.b.f.s.DefaultListableBeanFactory - Finished creating instance of bean 'org.springframework.web.servlet.i18n.AcceptHeaderLocaleResolver'
21:23:37.897 [Test worker] DEBUG o.s.t.w.s.TestDispatcherServlet - Unable to locate LocaleResolver with name 'localeResolver': using default [org.springframework.web.servlet.i18n.AcceptHeaderLocaleResolver@67630c65]
21:23:37.898 [Test worker] DEBUG o.s.b.f.s.DefaultListableBeanFactory - Creating instance of bean 'org.springframework.web.servlet.theme.FixedThemeResolver'
21:23:37.901 [Test worker] DEBUG o.s.b.f.s.DefaultListableBeanFactory - Finished creating instance of bean 'org.springframework.web.servlet.theme.FixedThemeResolver'
21:23:37.901 [Test worker] DEBUG o.s.t.w.s.TestDispatcherServlet - Unable to locate ThemeResolver with name 'themeResolver': using default [org.springframework.web.servlet.theme.FixedThemeResolver@3336db62]
21:23:37.901 [Test worker] DEBUG o.s.b.f.s.DefaultListableBeanFactory - Returning cached instance of singleton bean 'resourceHandlerMapping'
21:23:37.901 [Test worker] DEBUG o.s.b.f.s.DefaultListableBeanFactory - Returning cached instance of singleton bean 'beanNameHandlerMapping'
21:23:37.901 [Test worker] DEBUG o.s.b.f.s.DefaultListableBeanFactory - Returning cached instance of singleton bean 'requestMappingHandlerMapping'
21:23:37.901 [Test worker] DEBUG o.s.b.f.s.DefaultListableBeanFactory - Returning cached instance of singleton bean 'defaultServletHandlerMapping'
21:23:37.901 [Test worker] DEBUG o.s.b.f.s.DefaultListableBeanFactory - Returning cached instance of singleton bean 'viewControllerHandlerMapping'
21:23:37.902 [Test worker] DEBUG o.s.b.f.s.DefaultListableBeanFactory - Returning cached instance of singleton bean 'requestMappingHandlerAdapter'
21:23:37.902 [Test worker] DEBUG o.s.b.f.s.DefaultListableBeanFactory - Returning cached instance of singleton bean 'simpleControllerHandlerAdapter'
21:23:37.902 [Test worker] DEBUG o.s.b.f.s.DefaultListableBeanFactory - Returning cached instance of singleton bean 'httpRequestHandlerAdapter'
21:23:37.902 [Test worker] DEBUG o.s.b.f.s.DefaultListableBeanFactory - Returning cached instance of singleton bean 'handlerExceptionResolver'
21:23:37.904 [Test worker] DEBUG o.s.b.f.s.DefaultListableBeanFactory - Creating instance of bean 'org.springframework.web.servlet.view.DefaultRequestToViewNameTranslator'
21:23:37.907 [Test worker] DEBUG o.s.b.f.s.DefaultListableBeanFactory - Finished creating instance of bean 'org.springframework.web.servlet.view.DefaultRequestToViewNameTranslator'
21:23:37.907 [Test worker] DEBUG o.s.t.w.s.TestDispatcherServlet - Unable to locate RequestToViewNameTranslator with name 'viewNameTranslator': using default [org.springframework.web.servlet.view.DefaultRequestToViewNameTranslator@102a2eba]
21:23:37.908 [Test worker] DEBUG o.s.b.f.s.DefaultListableBeanFactory - Returning cached instance of singleton bean 'mvcViewResolver'
21:23:37.908 [Test worker] DEBUG o.s.b.f.s.DefaultListableBeanFactory - Returning cached instance of singleton bean 'viewResolver'
21:23:37.909 [Test worker] DEBUG o.s.b.f.s.DefaultListableBeanFactory - Creating instance of bean 'org.springframework.web.servlet.support.SessionFlashMapManager'
21:23:37.915 [Test worker] DEBUG o.s.b.f.s.DefaultListableBeanFactory - Finished creating instance of bean 'org.springframework.web.servlet.support.SessionFlashMapManager'
21:23:37.915 [Test worker] DEBUG o.s.t.w.s.TestDispatcherServlet - Unable to locate FlashMapManager with name 'flashMapManager': using default [org.springframework.web.servlet.support.SessionFlashMapManager@2929f76b]
21:23:37.915 [Test worker] DEBUG o.s.t.w.s.TestDispatcherServlet - Published WebApplicationContext of servlet '' as ServletContext attribute with name [org.springframework.web.servlet.FrameworkServlet.CONTEXT.]
21:23:37.915 [Test worker] INFO  o.s.t.w.s.TestDispatcherServlet - FrameworkServlet '': initialization completed in 23 ms
21:23:37.916 [Test worker] DEBUG o.s.t.w.s.TestDispatcherServlet - Servlet '' configured successfully
21:23:37.926 [Test worker] DEBUG o.s.security.web.FilterChainProxy - / at position 1 of 14 in additional filter chain; firing Filter: 'WebAsyncManagerIntegrationFilter'
21:23:37.932 [Test worker] DEBUG o.s.security.web.FilterChainProxy - / at position 2 of 14 in additional filter chain; firing Filter: 'SecurityContextPersistenceFilter'
21:23:37.933 [Test worker] DEBUG o.s.s.w.c.HttpSessionSecurityContextRepository - No HttpSession currently exists
21:23:37.933 [Test worker] DEBUG o.s.s.w.c.HttpSessionSecurityContextRepository - No SecurityContext was available from the HttpSession: null. A new one will be created.
21:23:37.935 [Test worker] DEBUG o.s.security.web.FilterChainProxy - / at position 3 of 14 in additional filter chain; firing Filter: 'HeaderWriterFilter'
21:23:37.936 [Test worker] DEBUG o.s.s.w.h.writers.HstsHeaderWriter - Not injecting HSTS header since it did not match the requestMatcher org.springframework.security.web.header.writers.HstsHeaderWriter$SecureRequestMatcher@56aebca5
21:23:37.937 [Test worker] DEBUG o.s.security.web.FilterChainProxy - / at position 4 of 14 in additional filter chain; firing Filter: 'CsrfFilter'
21:23:37.938 [Test worker] DEBUG o.s.security.web.FilterChainProxy - / at position 5 of 14 in additional filter chain; firing Filter: 'LogoutFilter'
21:23:37.938 [Test worker] DEBUG o.s.s.w.u.m.AntPathRequestMatcher - Request 'GET /' doesn't match 'POST /logout
21:23:37.938 [Test worker] DEBUG o.s.security.web.FilterChainProxy - / at position 6 of 14 in additional filter chain; firing Filter: 'UsernamePasswordAuthenticationFilter'
21:23:37.938 [Test worker] DEBUG o.s.s.w.u.m.AntPathRequestMatcher - Request 'GET /' doesn't match 'POST /login
21:23:37.938 [Test worker] DEBUG o.s.security.web.FilterChainProxy - / at position 7 of 14 in additional filter chain; firing Filter: 'DefaultLoginPageGeneratingFilter'
21:23:37.938 [Test worker] DEBUG o.s.security.web.FilterChainProxy - / at position 8 of 14 in additional filter chain; firing Filter: 'BasicAuthenticationFilter'
21:23:37.938 [Test worker] DEBUG o.s.security.web.FilterChainProxy - / at position 9 of 14 in additional filter chain; firing Filter: 'RequestCacheAwareFilter'
21:23:37.938 [Test worker] DEBUG o.s.security.web.FilterChainProxy - / at position 10 of 14 in additional filter chain; firing Filter: 'SecurityContextHolderAwareRequestFilter'
21:23:37.940 [Test worker] DEBUG o.s.security.web.FilterChainProxy - / at position 11 of 14 in additional filter chain; firing Filter: 'AnonymousAuthenticationFilter'
21:23:37.941 [Test worker] DEBUG o.s.s.w.a.AnonymousAuthenticationFilter - Populated SecurityContextHolder with anonymous token: 'org.springframework.security.authentication.AnonymousAuthenticationToken@9055e4a6: Principal: anonymousUser; Credentials: [PROTECTED]; Authenticated: true; Details: org.springframework.security.web.authentication.WebAuthenticationDetails@957e: RemoteIpAddress: 127.0.0.1; SessionId: null; Granted Authorities: ROLE_ANONYMOUS'
21:23:37.941 [Test worker] DEBUG o.s.security.web.FilterChainProxy - / at position 12 of 14 in additional filter chain; firing Filter: 'SessionManagementFilter'
21:23:37.941 [Test worker] DEBUG o.s.security.web.FilterChainProxy - / at position 13 of 14 in additional filter chain; firing Filter: 'ExceptionTranslationFilter'
21:23:37.941 [Test worker] DEBUG o.s.security.web.FilterChainProxy - / at position 14 of 14 in additional filter chain; firing Filter: 'FilterSecurityInterceptor'
21:23:37.942 [Test worker] DEBUG o.s.s.w.a.i.FilterSecurityInterceptor - Secure object: FilterInvocation: URL: /; Attributes: [authenticated]
21:23:37.942 [Test worker] DEBUG o.s.s.w.a.i.FilterSecurityInterceptor - Previously Authenticated: org.springframework.security.authentication.AnonymousAuthenticationToken@9055e4a6: Principal: anonymousUser; Credentials: [PROTECTED]; Authenticated: true; Details: org.springframework.security.web.authentication.WebAuthenticationDetails@957e: RemoteIpAddress: 127.0.0.1; SessionId: null; Granted Authorities: ROLE_ANONYMOUS
21:23:37.949 [Test worker] DEBUG o.s.s.access.vote.AffirmativeBased - Voter: org.springframework.security.web.access.expression.WebExpressionVoter@12775b53, returned: -1
21:23:37.950 [Test worker] DEBUG o.s.b.f.s.DefaultListableBeanFactory - Returning cached instance of singleton bean 'delegatingApplicationListener'
21:23:37.960 [Test worker] DEBUG o.s.s.w.a.ExceptionTranslationFilter - Access is denied (user is anonymous); redirecting to authentication entry point
org.springframework.security.access.AccessDeniedException: Access is denied
	at org.springframework.security.access.vote.AffirmativeBased.decide(AffirmativeBased.java:84) ~[spring-security-core-4.2.2.RELEASE.jar:4.2.2.RELEASE]
	at org.springframework.security.access.intercept.AbstractSecurityInterceptor.beforeInvocation(AbstractSecurityInterceptor.java:233) ~[spring-security-core-4.2.2.RELEASE.jar:4.2.2.RELEASE]
	at org.springframework.security.web.access.intercept.FilterSecurityInterceptor.invoke(FilterSecurityInterceptor.java:124) ~[spring-security-web-4.2.2.RELEASE.jar:4.2.2.RELEASE]
	at org.springframework.security.web.access.intercept.FilterSecurityInterceptor.doFilter(FilterSecurityInterceptor.java:91) ~[spring-security-web-4.2.2.RELEASE.jar:4.2.2.RELEASE]
	at org.springframework.security.web.FilterChainProxy$VirtualFilterChain.doFilter(FilterChainProxy.java:331) [spring-security-web-4.2.2.RELEASE.jar:4.2.2.RELEASE]
	at org.springframework.security.web.access.ExceptionTranslationFilter.doFilter(ExceptionTranslationFilter.java:114) ~[spring-security-web-4.2.2.RELEASE.jar:4.2.2.RELEASE]
	at org.springframework.security.web.FilterChainProxy$VirtualFilterChain.doFilter(FilterChainProxy.java:331) [spring-security-web-4.2.2.RELEASE.jar:4.2.2.RELEASE]
	at org.springframework.security.web.session.SessionManagementFilter.doFilter(SessionManagementFilter.java:137) [spring-security-web-4.2.2.RELEASE.jar:4.2.2.RELEASE]
	at org.springframework.security.web.FilterChainProxy$VirtualFilterChain.doFilter(FilterChainProxy.java:331) [spring-security-web-4.2.2.RELEASE.jar:4.2.2.RELEASE]
	at org.springframework.security.web.authentication.AnonymousAuthenticationFilter.doFilter(AnonymousAuthenticationFilter.java:111) [spring-security-web-4.2.2.RELEASE.jar:4.2.2.RELEASE]
	at org.springframework.security.web.FilterChainProxy$VirtualFilterChain.doFilter(FilterChainProxy.java:331) [spring-security-web-4.2.2.RELEASE.jar:4.2.2.RELEASE]
	at org.springframework.security.web.servletapi.SecurityContextHolderAwareRequestFilter.doFilter(SecurityContextHolderAwareRequestFilter.java:170) [spring-security-web-4.2.2.RELEASE.jar:4.2.2.RELEASE]
	at org.springframework.security.web.FilterChainProxy$VirtualFilterChain.doFilter(FilterChainProxy.java:331) [spring-security-web-4.2.2.RELEASE.jar:4.2.2.RELEASE]
	at org.springframework.security.web.savedrequest.RequestCacheAwareFilter.doFilter(RequestCacheAwareFilter.java:63) [spring-security-web-4.2.2.RELEASE.jar:4.2.2.RELEASE]
	at org.springframework.security.web.FilterChainProxy$VirtualFilterChain.doFilter(FilterChainProxy.java:331) [spring-security-web-4.2.2.RELEASE.jar:4.2.2.RELEASE]
	at org.springframework.security.web.authentication.www.BasicAuthenticationFilter.doFilterInternal(BasicAuthenticationFilter.java:158) [spring-security-web-4.2.2.RELEASE.jar:4.2.2.RELEASE]
	at org.springframework.web.filter.OncePerRequestFilter.doFilter(OncePerRequestFilter.java:107) [spring-web-4.3.5.RELEASE.jar:4.3.5.RELEASE]
	at org.springframework.security.web.FilterChainProxy$VirtualFilterChain.doFilter(FilterChainProxy.java:331) [spring-security-web-4.2.2.RELEASE.jar:4.2.2.RELEASE]
	at org.springframework.security.web.authentication.ui.DefaultLoginPageGeneratingFilter.doFilter(DefaultLoginPageGeneratingFilter.java:177) [spring-security-web-4.2.2.RELEASE.jar:4.2.2.RELEASE]
	at org.springframework.security.web.FilterChainProxy$VirtualFilterChain.doFilter(FilterChainProxy.java:331) [spring-security-web-4.2.2.RELEASE.jar:4.2.2.RELEASE]
	at org.springframework.security.web.authentication.AbstractAuthenticationProcessingFilter.doFilter(AbstractAuthenticationProcessingFilter.java:200) [spring-security-web-4.2.2.RELEASE.jar:4.2.2.RELEASE]
	at org.springframework.security.web.FilterChainProxy$VirtualFilterChain.doFilter(FilterChainProxy.java:331) [spring-security-web-4.2.2.RELEASE.jar:4.2.2.RELEASE]
	at org.springframework.security.web.authentication.logout.LogoutFilter.doFilter(LogoutFilter.java:116) [spring-security-web-4.2.2.RELEASE.jar:4.2.2.RELEASE]
	at org.springframework.security.web.FilterChainProxy$VirtualFilterChain.doFilter(FilterChainProxy.java:331) [spring-security-web-4.2.2.RELEASE.jar:4.2.2.RELEASE]
	at org.springframework.security.web.csrf.CsrfFilter.doFilterInternal(CsrfFilter.java:100) [spring-security-web-4.2.2.RELEASE.jar:4.2.2.RELEASE]
	at org.springframework.web.filter.OncePerRequestFilter.doFilter(OncePerRequestFilter.java:107) [spring-web-4.3.5.RELEASE.jar:4.3.5.RELEASE]
	at org.springframework.security.web.FilterChainProxy$VirtualFilterChain.doFilter(FilterChainProxy.java:331) [spring-security-web-4.2.2.RELEASE.jar:4.2.2.RELEASE]
	at org.springframework.security.web.header.HeaderWriterFilter.doFilterInternal(HeaderWriterFilter.java:64) [spring-security-web-4.2.2.RELEASE.jar:4.2.2.RELEASE]
	at org.springframework.web.filter.OncePerRequestFilter.doFilter(OncePerRequestFilter.java:107) [spring-web-4.3.5.RELEASE.jar:4.3.5.RELEASE]
	at org.springframework.security.web.FilterChainProxy$VirtualFilterChain.doFilter(FilterChainProxy.java:331) [spring-security-web-4.2.2.RELEASE.jar:4.2.2.RELEASE]
	at org.springframework.security.web.context.SecurityContextPersistenceFilter.doFilter(SecurityContextPersistenceFilter.java:105) [spring-security-web-4.2.2.RELEASE.jar:4.2.2.RELEASE]
	at org.springframework.security.web.FilterChainProxy$VirtualFilterChain.doFilter(FilterChainProxy.java:331) [spring-security-web-4.2.2.RELEASE.jar:4.2.2.RELEASE]
	at org.springframework.security.web.context.request.async.WebAsyncManagerIntegrationFilter.doFilterInternal(WebAsyncManagerIntegrationFilter.java:56) [spring-security-web-4.2.2.RELEASE.jar:4.2.2.RELEASE]
	at org.springframework.web.filter.OncePerRequestFilter.doFilter(OncePerRequestFilter.java:107) [spring-web-4.3.5.RELEASE.jar:4.3.5.RELEASE]
	at org.springframework.security.web.FilterChainProxy$VirtualFilterChain.doFilter(FilterChainProxy.java:331) [spring-security-web-4.2.2.RELEASE.jar:4.2.2.RELEASE]
	at org.springframework.security.web.FilterChainProxy.doFilterInternal(FilterChainProxy.java:214) [spring-security-web-4.2.2.RELEASE.jar:4.2.2.RELEASE]
	at org.springframework.security.web.FilterChainProxy.doFilter(FilterChainProxy.java:177) [spring-security-web-4.2.2.RELEASE.jar:4.2.2.RELEASE]
	at org.springframework.mock.web.MockFilterChain.doFilter(MockFilterChain.java:134) [spring-test-4.3.5.RELEASE.jar:4.3.5.RELEASE]
	at org.springframework.test.web.servlet.MockMvc.perform(MockMvc.java:155) [spring-test-4.3.5.RELEASE.jar:4.3.5.RELEASE]
	at org.springframework.security.samples.config.SecurityConfigTests.requestProtectedResourceRequiresAuthentication(SecurityConfigTests.java:76) [test/:na]
	at sun.reflect.NativeMethodAccessorImpl.invoke0(Native Method) ~[na:1.8.0_131]
	at sun.reflect.NativeMethodAccessorImpl.invoke(NativeMethodAccessorImpl.java:62) ~[na:1.8.0_131]
	at sun.reflect.DelegatingMethodAccessorImpl.invoke(DelegatingMethodAccessorImpl.java:43) ~[na:1.8.0_131]
	at java.lang.reflect.Method.invoke(Method.java:498) ~[na:1.8.0_131]
	at org.junit.runners.model.FrameworkMethod$1.runReflectiveCall(FrameworkMethod.java:50) [junit-4.12.jar:4.12]
	at org.junit.internal.runners.model.ReflectiveCallable.run(ReflectiveCallable.java:12) [junit-4.12.jar:4.12]
	at org.junit.runners.model.FrameworkMethod.invokeExplosively(FrameworkMethod.java:47) [junit-4.12.jar:4.12]
	at org.junit.internal.runners.statements.InvokeMethod.evaluate(InvokeMethod.java:17) [junit-4.12.jar:4.12]
	at org.junit.internal.runners.statements.RunBefores.evaluate(RunBefores.java:26) [junit-4.12.jar:4.12]
	at org.springframework.test.context.junit4.statements.RunBeforeTestMethodCallbacks.evaluate(RunBeforeTestMethodCallbacks.java:75) [spring-test-4.3.5.RELEASE.jar:4.3.5.RELEASE]
	at org.springframework.test.context.junit4.statements.RunAfterTestMethodCallbacks.evaluate(RunAfterTestMethodCallbacks.java:86) [spring-test-4.3.5.RELEASE.jar:4.3.5.RELEASE]
	at org.springframework.test.context.junit4.statements.SpringRepeat.evaluate(SpringRepeat.java:84) [spring-test-4.3.5.RELEASE.jar:4.3.5.RELEASE]
	at org.junit.runners.ParentRunner.runLeaf(ParentRunner.java:325) [junit-4.12.jar:4.12]
	at org.springframework.test.context.junit4.SpringJUnit4ClassRunner.runChild(SpringJUnit4ClassRunner.java:252) [spring-test-4.3.5.RELEASE.jar:4.3.5.RELEASE]
	at org.springframework.test.context.junit4.SpringJUnit4ClassRunner.runChild(SpringJUnit4ClassRunner.java:94) [spring-test-4.3.5.RELEASE.jar:4.3.5.RELEASE]
	at org.junit.runners.ParentRunner$3.run(ParentRunner.java:290) [junit-4.12.jar:4.12]
	at org.junit.runners.ParentRunner$1.schedule(ParentRunner.java:71) [junit-4.12.jar:4.12]
	at org.junit.runners.ParentRunner.runChildren(ParentRunner.java:288) [junit-4.12.jar:4.12]
	at org.junit.runners.ParentRunner.access$000(ParentRunner.java:58) [junit-4.12.jar:4.12]
	at org.junit.runners.ParentRunner$2.evaluate(ParentRunner.java:268) [junit-4.12.jar:4.12]
	at org.springframework.test.context.junit4.statements.RunBeforeTestClassCallbacks.evaluate(RunBeforeTestClassCallbacks.java:61) [spring-test-4.3.5.RELEASE.jar:4.3.5.RELEASE]
	at org.springframework.test.context.junit4.statements.RunAfterTestClassCallbacks.evaluate(RunAfterTestClassCallbacks.java:70) [spring-test-4.3.5.RELEASE.jar:4.3.5.RELEASE]
	at org.junit.runners.ParentRunner.run(ParentRunner.java:363) [junit-4.12.jar:4.12]
	at org.springframework.test.context.junit4.SpringJUnit4ClassRunner.run(SpringJUnit4ClassRunner.java:191) [spring-test-4.3.5.RELEASE.jar:4.3.5.RELEASE]
	at org.gradle.api.internal.tasks.testing.junit.JUnitTestClassExecuter.runTestClass(JUnitTestClassExecuter.java:114) [gradle-testing-jvm-3.0.jar:3.0]
	at org.gradle.api.internal.tasks.testing.junit.JUnitTestClassExecuter.execute(JUnitTestClassExecuter.java:57) [gradle-testing-jvm-3.0.jar:3.0]
	at org.gradle.api.internal.tasks.testing.junit.JUnitTestClassProcessor.processTestClass(JUnitTestClassProcessor.java:66) [gradle-testing-jvm-3.0.jar:3.0]
	at org.gradle.api.internal.tasks.testing.SuiteTestClassProcessor.processTestClass(SuiteTestClassProcessor.java:51) [gradle-testing-base-3.0.jar:3.0]
	at sun.reflect.NativeMethodAccessorImpl.invoke0(Native Method) ~[na:1.8.0_131]
	at sun.reflect.NativeMethodAccessorImpl.invoke(NativeMethodAccessorImpl.java:62) ~[na:1.8.0_131]
	at sun.reflect.DelegatingMethodAccessorImpl.invoke(DelegatingMethodAccessorImpl.java:43) ~[na:1.8.0_131]
	at java.lang.reflect.Method.invoke(Method.java:498) ~[na:1.8.0_131]
	at org.gradle.internal.dispatch.ReflectionDispatch.dispatch(ReflectionDispatch.java:35) [gradle-messaging-3.0.jar:3.0]
	at org.gradle.internal.dispatch.ReflectionDispatch.dispatch(ReflectionDispatch.java:24) [gradle-messaging-3.0.jar:3.0]
	at org.gradle.internal.dispatch.ContextClassLoaderDispatch.dispatch(ContextClassLoaderDispatch.java:32) [gradle-messaging-3.0.jar:3.0]
	at org.gradle.internal.dispatch.ProxyDispatchAdapter$DispatchingInvocationHandler.invoke(ProxyDispatchAdapter.java:93) [gradle-messaging-3.0.jar:3.0]
	at com.sun.proxy.$Proxy2.processTestClass(Unknown Source) [na:na]
	at org.gradle.api.internal.tasks.testing.worker.TestWorker.processTestClass(TestWorker.java:109) [gradle-testing-base-3.0.jar:3.0]
	at sun.reflect.NativeMethodAccessorImpl.invoke0(Native Method) ~[na:1.8.0_131]
	at sun.reflect.NativeMethodAccessorImpl.invoke(NativeMethodAccessorImpl.java:62) ~[na:1.8.0_131]
	at sun.reflect.DelegatingMethodAccessorImpl.invoke(DelegatingMethodAccessorImpl.java:43) ~[na:1.8.0_131]
	at java.lang.reflect.Method.invoke(Method.java:498) ~[na:1.8.0_131]
	at org.gradle.internal.dispatch.ReflectionDispatch.dispatch(ReflectionDispatch.java:35) [gradle-messaging-3.0.jar:3.0]
	at org.gradle.internal.dispatch.ReflectionDispatch.dispatch(ReflectionDispatch.java:24) [gradle-messaging-3.0.jar:3.0]
	at org.gradle.internal.remote.internal.hub.MessageHub$Handler.run(MessageHub.java:377) [gradle-messaging-3.0.jar:3.0]
	at org.gradle.internal.concurrent.ExecutorPolicy$CatchAndRecordFailures.onExecute(ExecutorPolicy.java:54) [gradle-base-services-3.0.jar:3.0]
	at org.gradle.internal.concurrent.StoppableExecutorImpl$1.run(StoppableExecutorImpl.java:40) [gradle-base-services-3.0.jar:3.0]
	at java.util.concurrent.ThreadPoolExecutor.runWorker(ThreadPoolExecutor.java:1142) [na:1.8.0_131]
	at java.util.concurrent.ThreadPoolExecutor$Worker.run(ThreadPoolExecutor.java:617) [na:1.8.0_131]
	at java.lang.Thread.run(Thread.java:748) [na:1.8.0_131]
21:23:37.961 [Test worker] DEBUG o.s.s.w.u.matcher.AndRequestMatcher - Trying to match using Ant [pattern='/**', GET]
21:23:37.961 [Test worker] DEBUG o.s.s.w.u.m.AntPathRequestMatcher - Request '/' matched by universal pattern '/**'
21:23:37.961 [Test worker] DEBUG o.s.s.w.u.matcher.AndRequestMatcher - Trying to match using NegatedRequestMatcher [requestMatcher=Ant [pattern='/**/favicon.ico']]
21:23:37.961 [Test worker] DEBUG o.s.s.w.u.m.AntPathRequestMatcher - Checking match of request : '/'; against '/**/favicon.ico'
21:23:37.961 [Test worker] DEBUG o.s.s.w.u.m.NegatedRequestMatcher - matches = true
21:23:37.961 [Test worker] DEBUG o.s.s.w.u.matcher.AndRequestMatcher - Trying to match using NegatedRequestMatcher [requestMatcher=MediaTypeRequestMatcher [contentNegotiationStrategy=org.springframework.web.accept.ContentNegotiationManager@24278156, matchingMediaTypes=[application/json], useEquals=false, ignoredMediaTypes=[*/*]]]
21:23:37.965 [Test worker] DEBUG o.s.s.w.u.m.MediaTypeRequestMatcher - httpRequestMediaTypes=[]
21:23:37.965 [Test worker] DEBUG o.s.s.w.u.m.MediaTypeRequestMatcher - Did not match any media types
21:23:37.965 [Test worker] DEBUG o.s.s.w.u.m.NegatedRequestMatcher - matches = true
21:23:37.965 [Test worker] DEBUG o.s.s.w.u.matcher.AndRequestMatcher - Trying to match using NegatedRequestMatcher [requestMatcher=RequestHeaderRequestMatcher [expectedHeaderName=X-Requested-With, expectedHeaderValue=XMLHttpRequest]]
21:23:37.965 [Test worker] DEBUG o.s.s.w.u.m.NegatedRequestMatcher - matches = true
21:23:37.965 [Test worker] DEBUG o.s.s.w.u.matcher.AndRequestMatcher - All requestMatchers returned true
21:23:37.969 [Test worker] DEBUG o.s.s.w.s.HttpSessionRequestCache - DefaultSavedRequest added to Session: DefaultSavedRequest[http://localhost/]
21:23:37.970 [Test worker] DEBUG o.s.s.w.a.ExceptionTranslationFilter - Calling Authentication entry point.
21:23:37.970 [Test worker] DEBUG o.s.s.w.a.DelegatingAuthenticationEntryPoint - Trying to match using AndRequestMatcher [requestMatchers=[NegatedRequestMatcher [requestMatcher=RequestHeaderRequestMatcher [expectedHeaderName=X-Requested-With, expectedHeaderValue=XMLHttpRequest]], MediaTypeRequestMatcher [contentNegotiationStrategy=org.springframework.web.accept.ContentNegotiationManager@24278156, matchingMediaTypes=[application/xhtml+xml, image/*, text/html, text/plain], useEquals=false, ignoredMediaTypes=[*/*]]]]
21:23:37.970 [Test worker] DEBUG o.s.s.w.u.matcher.AndRequestMatcher - Trying to match using NegatedRequestMatcher [requestMatcher=RequestHeaderRequestMatcher [expectedHeaderName=X-Requested-With, expectedHeaderValue=XMLHttpRequest]]
21:23:37.970 [Test worker] DEBUG o.s.s.w.u.m.NegatedRequestMatcher - matches = true
21:23:37.970 [Test worker] DEBUG o.s.s.w.u.matcher.AndRequestMatcher - Trying to match using MediaTypeRequestMatcher [contentNegotiationStrategy=org.springframework.web.accept.ContentNegotiationManager@24278156, matchingMediaTypes=[application/xhtml+xml, image/*, text/html, text/plain], useEquals=false, ignoredMediaTypes=[*/*]]
21:23:37.970 [Test worker] DEBUG o.s.s.w.u.m.MediaTypeRequestMatcher - httpRequestMediaTypes=[]
21:23:37.970 [Test worker] DEBUG o.s.s.w.u.m.MediaTypeRequestMatcher - Did not match any media types
21:23:37.970 [Test worker] DEBUG o.s.s.w.u.matcher.AndRequestMatcher - Did not match
21:23:37.970 [Test worker] DEBUG o.s.s.w.a.DelegatingAuthenticationEntryPoint - Trying to match using OrRequestMatcher [requestMatchers=[RequestHeaderRequestMatcher [expectedHeaderName=X-Requested-With, expectedHeaderValue=XMLHttpRequest], AndRequestMatcher [requestMatchers=[NegatedRequestMatcher [requestMatcher=MediaTypeRequestMatcher [contentNegotiationStrategy=org.springframework.web.accept.ContentNegotiationManager@24278156, matchingMediaTypes=[text/html], useEquals=false, ignoredMediaTypes=[]]], MediaTypeRequestMatcher [contentNegotiationStrategy=org.springframework.web.accept.ContentNegotiationManager@24278156, matchingMediaTypes=[application/atom+xml, application/x-www-form-urlencoded, application/json, application/octet-stream, application/xml, multipart/form-data, text/xml], useEquals=false, ignoredMediaTypes=[*/*]]]]]]
21:23:37.970 [Test worker] DEBUG o.s.s.w.u.matcher.OrRequestMatcher - Trying to match using RequestHeaderRequestMatcher [expectedHeaderName=X-Requested-With, expectedHeaderValue=XMLHttpRequest]
21:23:37.970 [Test worker] DEBUG o.s.s.w.u.matcher.OrRequestMatcher - Trying to match using AndRequestMatcher [requestMatchers=[NegatedRequestMatcher [requestMatcher=MediaTypeRequestMatcher [contentNegotiationStrategy=org.springframework.web.accept.ContentNegotiationManager@24278156, matchingMediaTypes=[text/html], useEquals=false, ignoredMediaTypes=[]]], MediaTypeRequestMatcher [contentNegotiationStrategy=org.springframework.web.accept.ContentNegotiationManager@24278156, matchingMediaTypes=[application/atom+xml, application/x-www-form-urlencoded, application/json, application/octet-stream, application/xml, multipart/form-data, text/xml], useEquals=false, ignoredMediaTypes=[*/*]]]]
21:23:37.970 [Test worker] DEBUG o.s.s.w.u.matcher.AndRequestMatcher - Trying to match using NegatedRequestMatcher [requestMatcher=MediaTypeRequestMatcher [contentNegotiationStrategy=org.springframework.web.accept.ContentNegotiationManager@24278156, matchingMediaTypes=[text/html], useEquals=false, ignoredMediaTypes=[]]]
21:23:37.970 [Test worker] DEBUG o.s.s.w.u.m.MediaTypeRequestMatcher - httpRequestMediaTypes=[]
21:23:37.970 [Test worker] DEBUG o.s.s.w.u.m.MediaTypeRequestMatcher - Did not match any media types
21:23:37.970 [Test worker] DEBUG o.s.s.w.u.m.NegatedRequestMatcher - matches = true
21:23:37.970 [Test worker] DEBUG o.s.s.w.u.matcher.AndRequestMatcher - Trying to match using MediaTypeRequestMatcher [contentNegotiationStrategy=org.springframework.web.accept.ContentNegotiationManager@24278156, matchingMediaTypes=[application/atom+xml, application/x-www-form-urlencoded, application/json, application/octet-stream, application/xml, multipart/form-data, text/xml], useEquals=false, ignoredMediaTypes=[*/*]]
21:23:37.970 [Test worker] DEBUG o.s.s.w.u.m.MediaTypeRequestMatcher - httpRequestMediaTypes=[]
21:23:37.970 [Test worker] DEBUG o.s.s.w.u.m.MediaTypeRequestMatcher - Did not match any media types
21:23:37.970 [Test worker] DEBUG o.s.s.w.u.matcher.AndRequestMatcher - Did not match
21:23:37.970 [Test worker] DEBUG o.s.s.w.u.matcher.OrRequestMatcher - No matches found
21:23:37.971 [Test worker] DEBUG o.s.s.w.a.DelegatingAuthenticationEntryPoint - No match found. Using default entry point org.springframework.security.web.authentication.LoginUrlAuthenticationEntryPoint@5ba04051
21:23:37.972 [Test worker] DEBUG o.s.s.web.DefaultRedirectStrategy - Redirecting to 'http://localhost/login'
21:23:37.972 [Test worker] DEBUG o.s.s.w.c.HttpSessionSecurityContextRepository - SecurityContext is empty or contents are anonymous - context will not be stored in HttpSession.
21:23:37.972 [Test worker] DEBUG o.s.s.w.c.SecurityContextPersistenceFilter - SecurityContextHolder now cleared, as request processing completed
21:23:37.978 [Test worker] DEBUG o.s.t.c.s.AbstractDirtiesContextTestExecutionListener - After test method: context [DefaultTestContext@146fbd8 testClass = SecurityConfigTests, testInstance = org.springframework.security.samples.config.SecurityConfigTests@73c301a4, testMethod = requestProtectedResourceRequiresAuthentication@SecurityConfigTests, testException = [null], mergedContextConfiguration = [WebMergedContextConfiguration@1aa0e92b testClass = SecurityConfigTests, locations = '{}', classes = '{class org.springframework.security.samples.config.RootConfiguration, class org.springframework.security.samples.mvc.config.WebMvcConfiguration}', contextInitializerClasses = '[]', activeProfiles = '{}', propertySourceLocations = '{}', propertySourceProperties = '{}', contextCustomizers = set[[empty]], resourceBasePath = 'src/main/webapp', contextLoader = 'org.springframework.test.context.web.WebDelegatingSmartContextLoader', parent = [null]]], class annotated with @DirtiesContext [false] with mode [null], method annotated with @DirtiesContext [false] with mode [null].
21:23:37.978 [Test worker] DEBUG o.s.t.c.w.ServletTestExecutionListener - Resetting RequestContextHolder for test context [DefaultTestContext@146fbd8 testClass = SecurityConfigTests, testInstance = org.springframework.security.samples.config.SecurityConfigTests@73c301a4, testMethod = requestProtectedResourceRequiresAuthentication@SecurityConfigTests, testException = [null], mergedContextConfiguration = [WebMergedContextConfiguration@1aa0e92b testClass = SecurityConfigTests, locations = '{}', classes = '{class org.springframework.security.samples.config.RootConfiguration, class org.springframework.security.samples.mvc.config.WebMvcConfiguration}', contextInitializerClasses = '[]', activeProfiles = '{}', propertySourceLocations = '{}', propertySourceProperties = '{}', contextCustomizers = set[[empty]], resourceBasePath = 'src/main/webapp', contextLoader = 'org.springframework.test.context.web.WebDelegatingSmartContextLoader', parent = [null]]].
21:23:37.980 [Test worker] DEBUG o.s.t.annotation.ProfileValueUtils - Retrieved @ProfileValueSourceConfiguration [null] for test class [org.springframework.security.samples.config.SecurityConfigTests]
21:23:37.980 [Test worker] DEBUG o.s.t.annotation.ProfileValueUtils - Retrieved ProfileValueSource type [class org.springframework.test.annotation.SystemProfileValueSource] for class [org.springframework.security.samples.config.SecurityConfigTests]
21:23:37.980 [Test worker] DEBUG o.s.t.c.c.DefaultCacheAwareContextLoaderDelegate - Retrieved ApplicationContext from cache with key [[WebMergedContextConfiguration@1aa0e92b testClass = SecurityConfigTests, locations = '{}', classes = '{class org.springframework.security.samples.config.RootConfiguration, class org.springframework.security.samples.mvc.config.WebMvcConfiguration}', contextInitializerClasses = '[]', activeProfiles = '{}', propertySourceLocations = '{}', propertySourceProperties = '{}', contextCustomizers = set[[empty]], resourceBasePath = 'src/main/webapp', contextLoader = 'org.springframework.test.context.web.WebDelegatingSmartContextLoader', parent = [null]]]
21:23:37.980 [Test worker] DEBUG o.springframework.test.context.cache - Spring test ApplicationContext cache statistics: [DefaultContextCache@e6081b size = 1, maxSize = 32, parentContextCount = 0, hitCount = 2, missCount = 1]
21:23:37.981 [Test worker] DEBUG o.s.t.c.w.ServletTestExecutionListener - Setting up MockHttpServletRequest, MockHttpServletResponse, ServletWebRequest, and RequestContextHolder for test context [DefaultTestContext@146fbd8 testClass = SecurityConfigTests, testInstance = org.springframework.security.samples.config.SecurityConfigTests@15c632b7, testMethod = [null], testException = [null], mergedContextConfiguration = [WebMergedContextConfiguration@1aa0e92b testClass = SecurityConfigTests, locations = '{}', classes = '{class org.springframework.security.samples.config.RootConfiguration, class org.springframework.security.samples.mvc.config.WebMvcConfiguration}', contextInitializerClasses = '[]', activeProfiles = '{}', propertySourceLocations = '{}', propertySourceProperties = '{}', contextCustomizers = set[[empty]], resourceBasePath = 'src/main/webapp', contextLoader = 'org.springframework.test.context.web.WebDelegatingSmartContextLoader', parent = [null]]].
21:23:37.981 [Test worker] DEBUG o.s.t.c.s.DependencyInjectionTestExecutionListener - Performing dependency injection for test context [[DefaultTestContext@146fbd8 testClass = SecurityConfigTests, testInstance = org.springframework.security.samples.config.SecurityConfigTests@15c632b7, testMethod = [null], testException = [null], mergedContextConfiguration = [WebMergedContextConfiguration@1aa0e92b testClass = SecurityConfigTests, locations = '{}', classes = '{class org.springframework.security.samples.config.RootConfiguration, class org.springframework.security.samples.mvc.config.WebMvcConfiguration}', contextInitializerClasses = '[]', activeProfiles = '{}', propertySourceLocations = '{}', propertySourceProperties = '{}', contextCustomizers = set[[empty]], resourceBasePath = 'src/main/webapp', contextLoader = 'org.springframework.test.context.web.WebDelegatingSmartContextLoader', parent = [null]]]].
21:23:37.981 [Test worker] DEBUG o.s.t.c.c.DefaultCacheAwareContextLoaderDelegate - Retrieved ApplicationContext from cache with key [[WebMergedContextConfiguration@1aa0e92b testClass = SecurityConfigTests, locations = '{}', classes = '{class org.springframework.security.samples.config.RootConfiguration, class org.springframework.security.samples.mvc.config.WebMvcConfiguration}', contextInitializerClasses = '[]', activeProfiles = '{}', propertySourceLocations = '{}', propertySourceProperties = '{}', contextCustomizers = set[[empty]], resourceBasePath = 'src/main/webapp', contextLoader = 'org.springframework.test.context.web.WebDelegatingSmartContextLoader', parent = [null]]]
21:23:37.981 [Test worker] DEBUG o.springframework.test.context.cache - Spring test ApplicationContext cache statistics: [DefaultContextCache@e6081b size = 1, maxSize = 32, parentContextCount = 0, hitCount = 3, missCount = 1]
21:23:37.981 [Test worker] DEBUG o.s.b.f.annotation.InjectionMetadata - Processing injected element of bean 'org.springframework.security.samples.config.SecurityConfigTests': AutowiredFieldElement for private org.springframework.web.context.WebApplicationContext org.springframework.security.samples.config.SecurityConfigTests.context
21:23:37.982 [Test worker] DEBUG o.s.b.f.annotation.InjectionMetadata - Processing injected element of bean 'org.springframework.security.samples.config.SecurityConfigTests': AutowiredFieldElement for private javax.servlet.Filter org.springframework.security.samples.config.SecurityConfigTests.springSecurityFilterChain
21:23:37.982 [Test worker] DEBUG o.s.b.f.s.DefaultListableBeanFactory - Returning cached instance of singleton bean 'springSecurityFilterChain'
21:23:37.982 [Test worker] DEBUG o.s.t.c.c.DefaultCacheAwareContextLoaderDelegate - Retrieved ApplicationContext from cache with key [[WebMergedContextConfiguration@1aa0e92b testClass = SecurityConfigTests, locations = '{}', classes = '{class org.springframework.security.samples.config.RootConfiguration, class org.springframework.security.samples.mvc.config.WebMvcConfiguration}', contextInitializerClasses = '[]', activeProfiles = '{}', propertySourceLocations = '{}', propertySourceProperties = '{}', contextCustomizers = set[[empty]], resourceBasePath = 'src/main/webapp', contextLoader = 'org.springframework.test.context.web.WebDelegatingSmartContextLoader', parent = [null]]]
21:23:37.982 [Test worker] DEBUG o.springframework.test.context.cache - Spring test ApplicationContext cache statistics: [DefaultContextCache@e6081b size = 1, maxSize = 32, parentContextCount = 0, hitCount = 4, missCount = 1]
21:23:37.983 [Test worker] DEBUG o.s.b.f.s.DefaultListableBeanFactory - Creating instance of bean 'org.springframework.security.test.context.support.WithMockUserSecurityContextFactory'
21:23:37.985 [Test worker] DEBUG o.s.b.f.s.DefaultListableBeanFactory - Finished creating instance of bean 'org.springframework.security.test.context.support.WithMockUserSecurityContextFactory'
21:23:37.986 [Test worker] DEBUG o.s.t.w.s.TestDispatcherServlet - Initializing servlet ''
21:23:37.986 [Test worker] DEBUG o.s.w.c.s.StandardServletEnvironment - Adding [servletConfigInitParams] PropertySource with lowest search precedence
21:23:37.986 [Test worker] DEBUG o.s.w.c.s.StandardServletEnvironment - Adding [servletContextInitParams] PropertySource with lowest search precedence
21:23:37.986 [Test worker] DEBUG o.s.w.c.s.StandardServletEnvironment - Adding [systemProperties] PropertySource with lowest search precedence
21:23:37.986 [Test worker] DEBUG o.s.w.c.s.StandardServletEnvironment - Adding [systemEnvironment] PropertySource with lowest search precedence
21:23:37.986 [Test worker] DEBUG o.s.w.c.s.StandardServletEnvironment - Initialized StandardServletEnvironment with PropertySources [servletConfigInitParams,servletContextInitParams,systemProperties,systemEnvironment]
21:23:37.986 [Test worker] INFO  o.s.mock.web.MockServletContext - Initializing Spring FrameworkServlet ''
21:23:37.986 [Test worker] INFO  o.s.t.w.s.TestDispatcherServlet - FrameworkServlet '': initialization started
21:23:37.986 [Test worker] DEBUG o.s.t.w.s.TestDispatcherServlet - Unable to locate MultipartResolver with name 'multipartResolver': no multipart request handling provided
21:23:37.987 [Test worker] DEBUG o.s.b.f.s.DefaultListableBeanFactory - Creating instance of bean 'org.springframework.web.servlet.i18n.AcceptHeaderLocaleResolver'
21:23:37.987 [Test worker] DEBUG o.s.b.f.s.DefaultListableBeanFactory - Finished creating instance of bean 'org.springframework.web.servlet.i18n.AcceptHeaderLocaleResolver'
21:23:37.987 [Test worker] DEBUG o.s.t.w.s.TestDispatcherServlet - Unable to locate LocaleResolver with name 'localeResolver': using default [org.springframework.web.servlet.i18n.AcceptHeaderLocaleResolver@1a04778d]
21:23:37.987 [Test worker] DEBUG o.s.b.f.s.DefaultListableBeanFactory - Creating instance of bean 'org.springframework.web.servlet.theme.FixedThemeResolver'
21:23:37.987 [Test worker] DEBUG o.s.b.f.s.DefaultListableBeanFactory - Finished creating instance of bean 'org.springframework.web.servlet.theme.FixedThemeResolver'
21:23:37.987 [Test worker] DEBUG o.s.t.w.s.TestDispatcherServlet - Unable to locate ThemeResolver with name 'themeResolver': using default [org.springframework.web.servlet.theme.FixedThemeResolver@3e73adf0]
21:23:37.987 [Test worker] DEBUG o.s.b.f.s.DefaultListableBeanFactory - Returning cached instance of singleton bean 'resourceHandlerMapping'
21:23:37.988 [Test worker] DEBUG o.s.b.f.s.DefaultListableBeanFactory - Returning cached instance of singleton bean 'beanNameHandlerMapping'
21:23:37.988 [Test worker] DEBUG o.s.b.f.s.DefaultListableBeanFactory - Returning cached instance of singleton bean 'requestMappingHandlerMapping'
21:23:37.988 [Test worker] DEBUG o.s.b.f.s.DefaultListableBeanFactory - Returning cached instance of singleton bean 'defaultServletHandlerMapping'
21:23:37.988 [Test worker] DEBUG o.s.b.f.s.DefaultListableBeanFactory - Returning cached instance of singleton bean 'viewControllerHandlerMapping'
21:23:37.988 [Test worker] DEBUG o.s.b.f.s.DefaultListableBeanFactory - Returning cached instance of singleton bean 'requestMappingHandlerAdapter'
21:23:37.988 [Test worker] DEBUG o.s.b.f.s.DefaultListableBeanFactory - Returning cached instance of singleton bean 'simpleControllerHandlerAdapter'
21:23:37.988 [Test worker] DEBUG o.s.b.f.s.DefaultListableBeanFactory - Returning cached instance of singleton bean 'httpRequestHandlerAdapter'
21:23:37.988 [Test worker] DEBUG o.s.b.f.s.DefaultListableBeanFactory - Returning cached instance of singleton bean 'handlerExceptionResolver'
21:23:37.988 [Test worker] DEBUG o.s.b.f.s.DefaultListableBeanFactory - Creating instance of bean 'org.springframework.web.servlet.view.DefaultRequestToViewNameTranslator'
21:23:37.988 [Test worker] DEBUG o.s.b.f.s.DefaultListableBeanFactory - Finished creating instance of bean 'org.springframework.web.servlet.view.DefaultRequestToViewNameTranslator'
21:23:37.988 [Test worker] DEBUG o.s.t.w.s.TestDispatcherServlet - Unable to locate RequestToViewNameTranslator with name 'viewNameTranslator': using default [org.springframework.web.servlet.view.DefaultRequestToViewNameTranslator@105ef6b9]
21:23:37.989 [Test worker] DEBUG o.s.b.f.s.DefaultListableBeanFactory - Returning cached instance of singleton bean 'mvcViewResolver'
21:23:37.989 [Test worker] DEBUG o.s.b.f.s.DefaultListableBeanFactory - Returning cached instance of singleton bean 'viewResolver'
21:23:37.989 [Test worker] DEBUG o.s.b.f.s.DefaultListableBeanFactory - Creating instance of bean 'org.springframework.web.servlet.support.SessionFlashMapManager'
21:23:37.989 [Test worker] DEBUG o.s.b.f.s.DefaultListableBeanFactory - Finished creating instance of bean 'org.springframework.web.servlet.support.SessionFlashMapManager'
21:23:37.989 [Test worker] DEBUG o.s.t.w.s.TestDispatcherServlet - Unable to locate FlashMapManager with name 'flashMapManager': using default [org.springframework.web.servlet.support.SessionFlashMapManager@737c805d]
21:23:37.989 [Test worker] DEBUG o.s.t.w.s.TestDispatcherServlet - Published WebApplicationContext of servlet '' as ServletContext attribute with name [org.springframework.web.servlet.FrameworkServlet.CONTEXT.]
21:23:37.989 [Test worker] INFO  o.s.t.w.s.TestDispatcherServlet - FrameworkServlet '': initialization completed in 3 ms
21:23:37.989 [Test worker] DEBUG o.s.t.w.s.TestDispatcherServlet - Servlet '' configured successfully
21:23:37.990 [Test worker] DEBUG o.s.b.f.s.DefaultListableBeanFactory - Returning cached instance of singleton bean 'springSecurityFilterChain'
21:23:37.992 [Test worker] DEBUG o.s.test.util.ReflectionTestUtils - Invoking method 'getFilters' on target object [FilterChainProxy[Filter Chains: [[ org.springframework.security.web.util.matcher.AnyRequestMatcher@1, [org.springframework.security.web.context.request.async.WebAsyncManagerIntegrationFilter@3831309b, org.springframework.security.web.context.SecurityContextPersistenceFilter@4dd05ea8, org.springframework.security.web.header.HeaderWriterFilter@229691df, org.springframework.security.web.csrf.CsrfFilter@50007666, org.springframework.security.web.authentication.logout.LogoutFilter@35c323cf, org.springframework.security.web.authentication.UsernamePasswordAuthenticationFilter@20303e8e, org.springframework.security.web.authentication.ui.DefaultLoginPageGeneratingFilter@4db5d11, org.springframework.security.web.authentication.www.BasicAuthenticationFilter@f2fa866, org.springframework.security.web.savedrequest.RequestCacheAwareFilter@574bcc4b, org.springframework.security.web.servletapi.SecurityContextHolderAwareRequestFilter@5681ac1f, org.springframework.security.web.authentication.AnonymousAuthenticationFilter@3b307211, org.springframework.security.web.session.SessionManagementFilter@5ee31201, org.springframework.security.web.access.ExceptionTranslationFilter@f1eacd8, org.springframework.security.web.access.intercept.FilterSecurityInterceptor@4068f181]]]]] with arguments {org.springframework.mock.web.MockHttpServletRequest@438609a9}
21:23:37.993 [Test worker] DEBUG o.s.test.util.ReflectionTestUtils - Getting field 'repo' from target object [org.springframework.security.web.context.SecurityContextPersistenceFilter@4dd05ea8] or target class [class org.springframework.security.web.context.SecurityContextPersistenceFilter]
21:23:37.993 [Test worker] DEBUG o.s.b.f.s.DefaultListableBeanFactory - Returning cached instance of singleton bean 'springSecurityFilterChain'
21:23:37.993 [Test worker] DEBUG o.s.test.util.ReflectionTestUtils - Invoking method 'getFilters' on target object [FilterChainProxy[Filter Chains: [[ org.springframework.security.web.util.matcher.AnyRequestMatcher@1, [org.springframework.security.web.context.request.async.WebAsyncManagerIntegrationFilter@3831309b, org.springframework.security.web.context.SecurityContextPersistenceFilter@4dd05ea8, org.springframework.security.web.header.HeaderWriterFilter@229691df, org.springframework.security.web.csrf.CsrfFilter@50007666, org.springframework.security.web.authentication.logout.LogoutFilter@35c323cf, org.springframework.security.web.authentication.UsernamePasswordAuthenticationFilter@20303e8e, org.springframework.security.web.authentication.ui.DefaultLoginPageGeneratingFilter@4db5d11, org.springframework.security.web.authentication.www.BasicAuthenticationFilter@f2fa866, org.springframework.security.web.savedrequest.RequestCacheAwareFilter@574bcc4b, org.springframework.security.web.servletapi.SecurityContextHolderAwareRequestFilter@5681ac1f, org.springframework.security.web.authentication.AnonymousAuthenticationFilter@3b307211, org.springframework.security.web.session.SessionManagementFilter@5ee31201, org.springframework.security.web.access.ExceptionTranslationFilter@f1eacd8, org.springframework.security.web.access.intercept.FilterSecurityInterceptor@4068f181]]]]] with arguments {org.springframework.mock.web.MockHttpServletRequest@438609a9}
21:23:37.993 [Test worker] DEBUG o.s.test.util.ReflectionTestUtils - Setting field 'repo' of type [null] on target object [org.springframework.security.web.context.SecurityContextPersistenceFilter@4dd05ea8] or target class [class org.springframework.security.web.context.SecurityContextPersistenceFilter] to value [org.springframework.security.test.web.servlet.request.SecurityMockMvcRequestPostProcessors$SecurityContextRequestPostProcessorSupport$TestSecurityContextRepository@19244]
21:23:37.993 [Test worker] DEBUG o.s.s.w.c.HttpSessionSecurityContextRepository - No HttpSession currently exists
21:23:37.993 [Test worker] DEBUG o.s.s.w.c.HttpSessionSecurityContextRepository - No SecurityContext was available from the HttpSession: null. A new one will be created.
21:23:37.993 [Test worker] DEBUG o.s.s.w.c.HttpSessionSecurityContextRepository - HttpSession being created as SecurityContext is non-default
21:23:37.994 [Test worker] DEBUG o.s.s.w.c.HttpSessionSecurityContextRepository - SecurityContext 'org.springframework.security.core.context.SecurityContextImpl@ca25360: Authentication: org.springframework.security.authentication.UsernamePasswordAuthenticationToken@ca25360: Principal: org.springframework.security.core.userdetails.User@36ebcb: Username: user; Password: [PROTECTED]; Enabled: true; AccountNonExpired: true; credentialsNonExpired: true; AccountNonLocked: true; Granted Authorities: ROLE_USER; Credentials: [PROTECTED]; Authenticated: true; Details: null; Granted Authorities: ROLE_USER' stored to HttpSession: 'org.springframework.mock.web.MockHttpSession@733908ac
21:23:37.994 [Test worker] DEBUG o.s.security.web.FilterChainProxy - / at position 1 of 14 in additional filter chain; firing Filter: 'WebAsyncManagerIntegrationFilter'
21:23:37.994 [Test worker] DEBUG o.s.security.web.FilterChainProxy - / at position 2 of 14 in additional filter chain; firing Filter: 'SecurityContextPersistenceFilter'
21:23:37.994 [Test worker] DEBUG o.s.s.w.c.HttpSessionSecurityContextRepository - Obtained a valid SecurityContext from SPRING_SECURITY_CONTEXT: 'org.springframework.security.core.context.SecurityContextImpl@ca25360: Authentication: org.springframework.security.authentication.UsernamePasswordAuthenticationToken@ca25360: Principal: org.springframework.security.core.userdetails.User@36ebcb: Username: user; Password: [PROTECTED]; Enabled: true; AccountNonExpired: true; credentialsNonExpired: true; AccountNonLocked: true; Granted Authorities: ROLE_USER; Credentials: [PROTECTED]; Authenticated: true; Details: null; Granted Authorities: ROLE_USER'
21:23:37.994 [Test worker] DEBUG o.s.security.web.FilterChainProxy - / at position 3 of 14 in additional filter chain; firing Filter: 'HeaderWriterFilter'
21:23:37.994 [Test worker] DEBUG o.s.s.w.h.writers.HstsHeaderWriter - Not injecting HSTS header since it did not match the requestMatcher org.springframework.security.web.header.writers.HstsHeaderWriter$SecureRequestMatcher@56aebca5
21:23:37.994 [Test worker] DEBUG o.s.security.web.FilterChainProxy - / at position 4 of 14 in additional filter chain; firing Filter: 'CsrfFilter'
21:23:37.994 [Test worker] DEBUG o.s.security.web.csrf.CsrfFilter - Invalid CSRF token found for http://localhost/
21:23:37.994 [Test worker] DEBUG o.s.s.w.c.SecurityContextPersistenceFilter - SecurityContextHolder now cleared, as request processing completed
21:23:37.997 [Test worker] DEBUG o.s.t.c.s.AbstractDirtiesContextTestExecutionListener - After test method: context [DefaultTestContext@146fbd8 testClass = SecurityConfigTests, testInstance = org.springframework.security.samples.config.SecurityConfigTests@15c632b7, testMethod = composeMessageRequiresCsrfToken@SecurityConfigTests, testException = [null], mergedContextConfiguration = [WebMergedContextConfiguration@1aa0e92b testClass = SecurityConfigTests, locations = '{}', classes = '{class org.springframework.security.samples.config.RootConfiguration, class org.springframework.security.samples.mvc.config.WebMvcConfiguration}', contextInitializerClasses = '[]', activeProfiles = '{}', propertySourceLocations = '{}', propertySourceProperties = '{}', contextCustomizers = set[[empty]], resourceBasePath = 'src/main/webapp', contextLoader = 'org.springframework.test.context.web.WebDelegatingSmartContextLoader', parent = [null]]], class annotated with @DirtiesContext [false] with mode [null], method annotated with @DirtiesContext [false] with mode [null].
21:23:37.997 [Test worker] DEBUG o.s.t.c.w.ServletTestExecutionListener - Resetting RequestContextHolder for test context [DefaultTestContext@146fbd8 testClass = SecurityConfigTests, testInstance = org.springframework.security.samples.config.SecurityConfigTests@15c632b7, testMethod = composeMessageRequiresCsrfToken@SecurityConfigTests, testException = [null], mergedContextConfiguration = [WebMergedContextConfiguration@1aa0e92b testClass = SecurityConfigTests, locations = '{}', classes = '{class org.springframework.security.samples.config.RootConfiguration, class org.springframework.security.samples.mvc.config.WebMvcConfiguration}', contextInitializerClasses = '[]', activeProfiles = '{}', propertySourceLocations = '{}', propertySourceProperties = '{}', contextCustomizers = set[[empty]], resourceBasePath = 'src/main/webapp', contextLoader = 'org.springframework.test.context.web.WebDelegatingSmartContextLoader', parent = [null]]].
21:23:37.997 [Test worker] DEBUG o.s.t.annotation.ProfileValueUtils - Retrieved @ProfileValueSourceConfiguration [null] for test class [org.springframework.security.samples.config.SecurityConfigTests]
21:23:37.997 [Test worker] DEBUG o.s.t.annotation.ProfileValueUtils - Retrieved ProfileValueSource type [class org.springframework.test.annotation.SystemProfileValueSource] for class [org.springframework.security.samples.config.SecurityConfigTests]
21:23:37.997 [Test worker] DEBUG o.s.t.c.c.DefaultCacheAwareContextLoaderDelegate - Retrieved ApplicationContext from cache with key [[WebMergedContextConfiguration@1aa0e92b testClass = SecurityConfigTests, locations = '{}', classes = '{class org.springframework.security.samples.config.RootConfiguration, class org.springframework.security.samples.mvc.config.WebMvcConfiguration}', contextInitializerClasses = '[]', activeProfiles = '{}', propertySourceLocations = '{}', propertySourceProperties = '{}', contextCustomizers = set[[empty]], resourceBasePath = 'src/main/webapp', contextLoader = 'org.springframework.test.context.web.WebDelegatingSmartContextLoader', parent = [null]]]
21:23:37.997 [Test worker] DEBUG o.springframework.test.context.cache - Spring test ApplicationContext cache statistics: [DefaultContextCache@e6081b size = 1, maxSize = 32, parentContextCount = 0, hitCount = 5, missCount = 1]
21:23:37.998 [Test worker] DEBUG o.s.t.c.w.ServletTestExecutionListener - Setting up MockHttpServletRequest, MockHttpServletResponse, ServletWebRequest, and RequestContextHolder for test context [DefaultTestContext@146fbd8 testClass = SecurityConfigTests, testInstance = org.springframework.security.samples.config.SecurityConfigTests@31f8d6d5, testMethod = [null], testException = [null], mergedContextConfiguration = [WebMergedContextConfiguration@1aa0e92b testClass = SecurityConfigTests, locations = '{}', classes = '{class org.springframework.security.samples.config.RootConfiguration, class org.springframework.security.samples.mvc.config.WebMvcConfiguration}', contextInitializerClasses = '[]', activeProfiles = '{}', propertySourceLocations = '{}', propertySourceProperties = '{}', contextCustomizers = set[[empty]], resourceBasePath = 'src/main/webapp', contextLoader = 'org.springframework.test.context.web.WebDelegatingSmartContextLoader', parent = [null]]].
21:23:37.998 [Test worker] DEBUG o.s.t.c.s.DependencyInjectionTestExecutionListener - Performing dependency injection for test context [[DefaultTestContext@146fbd8 testClass = SecurityConfigTests, testInstance = org.springframework.security.samples.config.SecurityConfigTests@31f8d6d5, testMethod = [null], testException = [null], mergedContextConfiguration = [WebMergedContextConfiguration@1aa0e92b testClass = SecurityConfigTests, locations = '{}', classes = '{class org.springframework.security.samples.config.RootConfiguration, class org.springframework.security.samples.mvc.config.WebMvcConfiguration}', contextInitializerClasses = '[]', activeProfiles = '{}', propertySourceLocations = '{}', propertySourceProperties = '{}', contextCustomizers = set[[empty]], resourceBasePath = 'src/main/webapp', contextLoader = 'org.springframework.test.context.web.WebDelegatingSmartContextLoader', parent = [null]]]].
21:23:37.998 [Test worker] DEBUG o.s.t.c.c.DefaultCacheAwareContextLoaderDelegate - Retrieved ApplicationContext from cache with key [[WebMergedContextConfiguration@1aa0e92b testClass = SecurityConfigTests, locations = '{}', classes = '{class org.springframework.security.samples.config.RootConfiguration, class org.springframework.security.samples.mvc.config.WebMvcConfiguration}', contextInitializerClasses = '[]', activeProfiles = '{}', propertySourceLocations = '{}', propertySourceProperties = '{}', contextCustomizers = set[[empty]], resourceBasePath = 'src/main/webapp', contextLoader = 'org.springframework.test.context.web.WebDelegatingSmartContextLoader', parent = [null]]]
21:23:37.998 [Test worker] DEBUG o.springframework.test.context.cache - Spring test ApplicationContext cache statistics: [DefaultContextCache@e6081b size = 1, maxSize = 32, parentContextCount = 0, hitCount = 6, missCount = 1]
21:23:37.998 [Test worker] DEBUG o.s.b.f.annotation.InjectionMetadata - Processing injected element of bean 'org.springframework.security.samples.config.SecurityConfigTests': AutowiredFieldElement for private org.springframework.web.context.WebApplicationContext org.springframework.security.samples.config.SecurityConfigTests.context
21:23:37.998 [Test worker] DEBUG o.s.b.f.annotation.InjectionMetadata - Processing injected element of bean 'org.springframework.security.samples.config.SecurityConfigTests': AutowiredFieldElement for private javax.servlet.Filter org.springframework.security.samples.config.SecurityConfigTests.springSecurityFilterChain
21:23:37.998 [Test worker] DEBUG o.s.b.f.s.DefaultListableBeanFactory - Returning cached instance of singleton bean 'springSecurityFilterChain'
21:23:37.999 [Test worker] DEBUG o.s.t.c.c.DefaultCacheAwareContextLoaderDelegate - Retrieved ApplicationContext from cache with key [[WebMergedContextConfiguration@1aa0e92b testClass = SecurityConfigTests, locations = '{}', classes = '{class org.springframework.security.samples.config.RootConfiguration, class org.springframework.security.samples.mvc.config.WebMvcConfiguration}', contextInitializerClasses = '[]', activeProfiles = '{}', propertySourceLocations = '{}', propertySourceProperties = '{}', contextCustomizers = set[[empty]], resourceBasePath = 'src/main/webapp', contextLoader = 'org.springframework.test.context.web.WebDelegatingSmartContextLoader', parent = [null]]]
21:23:37.999 [Test worker] DEBUG o.springframework.test.context.cache - Spring test ApplicationContext cache statistics: [DefaultContextCache@e6081b size = 1, maxSize = 32, parentContextCount = 0, hitCount = 7, missCount = 1]
21:23:37.999 [Test worker] DEBUG o.s.b.f.s.DefaultListableBeanFactory - Creating instance of bean 'org.springframework.security.test.context.support.WithMockUserSecurityContextFactory'
21:23:37.999 [Test worker] DEBUG o.s.b.f.s.DefaultListableBeanFactory - Finished creating instance of bean 'org.springframework.security.test.context.support.WithMockUserSecurityContextFactory'
21:23:37.999 [Test worker] DEBUG o.s.t.w.s.TestDispatcherServlet - Initializing servlet ''
21:23:38.000 [Test worker] DEBUG o.s.w.c.s.StandardServletEnvironment - Adding [servletConfigInitParams] PropertySource with lowest search precedence
21:23:38.000 [Test worker] DEBUG o.s.w.c.s.StandardServletEnvironment - Adding [servletContextInitParams] PropertySource with lowest search precedence
21:23:38.000 [Test worker] DEBUG o.s.w.c.s.StandardServletEnvironment - Adding [systemProperties] PropertySource with lowest search precedence
21:23:38.000 [Test worker] DEBUG o.s.w.c.s.StandardServletEnvironment - Adding [systemEnvironment] PropertySource with lowest search precedence
21:23:38.000 [Test worker] DEBUG o.s.w.c.s.StandardServletEnvironment - Initialized StandardServletEnvironment with PropertySources [servletConfigInitParams,servletContextInitParams,systemProperties,systemEnvironment]
21:23:38.000 [Test worker] INFO  o.s.mock.web.MockServletContext - Initializing Spring FrameworkServlet ''
21:23:38.000 [Test worker] INFO  o.s.t.w.s.TestDispatcherServlet - FrameworkServlet '': initialization started
21:23:38.000 [Test worker] DEBUG o.s.t.w.s.TestDispatcherServlet - Unable to locate MultipartResolver with name 'multipartResolver': no multipart request handling provided
21:23:38.000 [Test worker] DEBUG o.s.b.f.s.DefaultListableBeanFactory - Creating instance of bean 'org.springframework.web.servlet.i18n.AcceptHeaderLocaleResolver'
21:23:38.001 [Test worker] DEBUG o.s.b.f.s.DefaultListableBeanFactory - Finished creating instance of bean 'org.springframework.web.servlet.i18n.AcceptHeaderLocaleResolver'
21:23:38.001 [Test worker] DEBUG o.s.t.w.s.TestDispatcherServlet - Unable to locate LocaleResolver with name 'localeResolver': using default [org.springframework.web.servlet.i18n.AcceptHeaderLocaleResolver@44d15c6a]
21:23:38.001 [Test worker] DEBUG o.s.b.f.s.DefaultListableBeanFactory - Creating instance of bean 'org.springframework.web.servlet.theme.FixedThemeResolver'
21:23:38.001 [Test worker] DEBUG o.s.b.f.s.DefaultListableBeanFactory - Finished creating instance of bean 'org.springframework.web.servlet.theme.FixedThemeResolver'
21:23:38.001 [Test worker] DEBUG o.s.t.w.s.TestDispatcherServlet - Unable to locate ThemeResolver with name 'themeResolver': using default [org.springframework.web.servlet.theme.FixedThemeResolver@2ca12ad]
21:23:38.001 [Test worker] DEBUG o.s.b.f.s.DefaultListableBeanFactory - Returning cached instance of singleton bean 'resourceHandlerMapping'
21:23:38.001 [Test worker] DEBUG o.s.b.f.s.DefaultListableBeanFactory - Returning cached instance of singleton bean 'beanNameHandlerMapping'
21:23:38.001 [Test worker] DEBUG o.s.b.f.s.DefaultListableBeanFactory - Returning cached instance of singleton bean 'requestMappingHandlerMapping'
21:23:38.001 [Test worker] DEBUG o.s.b.f.s.DefaultListableBeanFactory - Returning cached instance of singleton bean 'defaultServletHandlerMapping'
21:23:38.001 [Test worker] DEBUG o.s.b.f.s.DefaultListableBeanFactory - Returning cached instance of singleton bean 'viewControllerHandlerMapping'
21:23:38.002 [Test worker] DEBUG o.s.b.f.s.DefaultListableBeanFactory - Returning cached instance of singleton bean 'requestMappingHandlerAdapter'
21:23:38.002 [Test worker] DEBUG o.s.b.f.s.DefaultListableBeanFactory - Returning cached instance of singleton bean 'simpleControllerHandlerAdapter'
21:23:38.002 [Test worker] DEBUG o.s.b.f.s.DefaultListableBeanFactory - Returning cached instance of singleton bean 'httpRequestHandlerAdapter'
21:23:38.002 [Test worker] DEBUG o.s.b.f.s.DefaultListableBeanFactory - Returning cached instance of singleton bean 'handlerExceptionResolver'
21:23:38.002 [Test worker] DEBUG o.s.b.f.s.DefaultListableBeanFactory - Creating instance of bean 'org.springframework.web.servlet.view.DefaultRequestToViewNameTranslator'
21:23:38.002 [Test worker] DEBUG o.s.b.f.s.DefaultListableBeanFactory - Finished creating instance of bean 'org.springframework.web.servlet.view.DefaultRequestToViewNameTranslator'
21:23:38.002 [Test worker] DEBUG o.s.t.w.s.TestDispatcherServlet - Unable to locate RequestToViewNameTranslator with name 'viewNameTranslator': using default [org.springframework.web.servlet.view.DefaultRequestToViewNameTranslator@75f3325f]
21:23:38.003 [Test worker] DEBUG o.s.b.f.s.DefaultListableBeanFactory - Returning cached instance of singleton bean 'mvcViewResolver'
21:23:38.003 [Test worker] DEBUG o.s.b.f.s.DefaultListableBeanFactory - Returning cached instance of singleton bean 'viewResolver'
21:23:38.003 [Test worker] DEBUG o.s.b.f.s.DefaultListableBeanFactory - Creating instance of bean 'org.springframework.web.servlet.support.SessionFlashMapManager'
21:23:38.003 [Test worker] DEBUG o.s.b.f.s.DefaultListableBeanFactory - Finished creating instance of bean 'org.springframework.web.servlet.support.SessionFlashMapManager'
21:23:38.003 [Test worker] DEBUG o.s.t.w.s.TestDispatcherServlet - Unable to locate FlashMapManager with name 'flashMapManager': using default [org.springframework.web.servlet.support.SessionFlashMapManager@32616edc]
21:23:38.003 [Test worker] DEBUG o.s.t.w.s.TestDispatcherServlet - Published WebApplicationContext of servlet '' as ServletContext attribute with name [org.springframework.web.servlet.FrameworkServlet.CONTEXT.]
21:23:38.003 [Test worker] INFO  o.s.t.w.s.TestDispatcherServlet - FrameworkServlet '': initialization completed in 3 ms
21:23:38.003 [Test worker] DEBUG o.s.t.w.s.TestDispatcherServlet - Servlet '' configured successfully
21:23:38.005 [Test worker] DEBUG o.s.b.f.s.DefaultListableBeanFactory - Returning cached instance of singleton bean 'springSecurityFilterChain'
21:23:38.006 [Test worker] DEBUG o.s.test.util.ReflectionTestUtils - Invoking method 'getFilters' on target object [FilterChainProxy[Filter Chains: [[ org.springframework.security.web.util.matcher.AnyRequestMatcher@1, [org.springframework.security.web.context.request.async.WebAsyncManagerIntegrationFilter@3831309b, org.springframework.security.web.context.SecurityContextPersistenceFilter@4dd05ea8, org.springframework.security.web.header.HeaderWriterFilter@229691df, org.springframework.security.web.csrf.CsrfFilter@50007666, org.springframework.security.web.authentication.logout.LogoutFilter@35c323cf, org.springframework.security.web.authentication.UsernamePasswordAuthenticationFilter@20303e8e, org.springframework.security.web.authentication.ui.DefaultLoginPageGeneratingFilter@4db5d11, org.springframework.security.web.authentication.www.BasicAuthenticationFilter@f2fa866, org.springframework.security.web.savedrequest.RequestCacheAwareFilter@574bcc4b, org.springframework.security.web.servletapi.SecurityContextHolderAwareRequestFilter@5681ac1f, org.springframework.security.web.authentication.AnonymousAuthenticationFilter@3b307211, org.springframework.security.web.session.SessionManagementFilter@5ee31201, org.springframework.security.web.access.ExceptionTranslationFilter@f1eacd8, org.springframework.security.web.access.intercept.FilterSecurityInterceptor@4068f181]]]]] with arguments {org.springframework.mock.web.MockHttpServletRequest@6c717ce8}
21:23:38.006 [Test worker] DEBUG o.s.test.util.ReflectionTestUtils - Getting field 'tokenRepository' from target object [org.springframework.security.web.csrf.CsrfFilter@50007666] or target class [class org.springframework.security.web.csrf.CsrfFilter]
21:23:38.007 [Test worker] DEBUG o.s.b.f.s.DefaultListableBeanFactory - Returning cached instance of singleton bean 'springSecurityFilterChain'
21:23:38.007 [Test worker] DEBUG o.s.test.util.ReflectionTestUtils - Invoking method 'getFilters' on target object [FilterChainProxy[Filter Chains: [[ org.springframework.security.web.util.matcher.AnyRequestMatcher@1, [org.springframework.security.web.context.request.async.WebAsyncManagerIntegrationFilter@3831309b, org.springframework.security.web.context.SecurityContextPersistenceFilter@4dd05ea8, org.springframework.security.web.header.HeaderWriterFilter@229691df, org.springframework.security.web.csrf.CsrfFilter@50007666, org.springframework.security.web.authentication.logout.LogoutFilter@35c323cf, org.springframework.security.web.authentication.UsernamePasswordAuthenticationFilter@20303e8e, org.springframework.security.web.authentication.ui.DefaultLoginPageGeneratingFilter@4db5d11, org.springframework.security.web.authentication.www.BasicAuthenticationFilter@f2fa866, org.springframework.security.web.savedrequest.RequestCacheAwareFilter@574bcc4b, org.springframework.security.web.servletapi.SecurityContextHolderAwareRequestFilter@5681ac1f, org.springframework.security.web.authentication.AnonymousAuthenticationFilter@3b307211, org.springframework.security.web.session.SessionManagementFilter@5ee31201, org.springframework.security.web.access.ExceptionTranslationFilter@f1eacd8, org.springframework.security.web.access.intercept.FilterSecurityInterceptor@4068f181]]]]] with arguments {org.springframework.mock.web.MockHttpServletRequest@6c717ce8}
21:23:38.007 [Test worker] DEBUG o.s.test.util.ReflectionTestUtils - Setting field 'tokenRepository' of type [null] on target object [org.springframework.security.web.csrf.CsrfFilter@50007666] or target class [class org.springframework.security.web.csrf.CsrfFilter] to value [org.springframework.security.test.web.servlet.request.SecurityMockMvcRequestPostProcessors$CsrfRequestPostProcessor$TestCsrfTokenRepository@60aabbc1]
21:23:38.008 [Test worker] DEBUG o.s.security.web.FilterChainProxy - /logout at position 1 of 14 in additional filter chain; firing Filter: 'WebAsyncManagerIntegrationFilter'
21:23:38.008 [Test worker] DEBUG o.s.security.web.FilterChainProxy - /logout at position 2 of 14 in additional filter chain; firing Filter: 'SecurityContextPersistenceFilter'
21:23:38.008 [Test worker] DEBUG o.s.s.w.c.HttpSessionSecurityContextRepository - No HttpSession currently exists
21:23:38.008 [Test worker] DEBUG o.s.s.w.c.HttpSessionSecurityContextRepository - No SecurityContext was available from the HttpSession: null. A new one will be created.
21:23:38.008 [Test worker] DEBUG o.s.security.web.FilterChainProxy - /logout at position 3 of 14 in additional filter chain; firing Filter: 'HeaderWriterFilter'
21:23:38.008 [Test worker] DEBUG o.s.s.w.h.writers.HstsHeaderWriter - Not injecting HSTS header since it did not match the requestMatcher org.springframework.security.web.header.writers.HstsHeaderWriter$SecureRequestMatcher@56aebca5
21:23:38.008 [Test worker] DEBUG o.s.security.web.FilterChainProxy - /logout at position 4 of 14 in additional filter chain; firing Filter: 'CsrfFilter'
21:23:38.008 [Test worker] DEBUG o.s.security.web.FilterChainProxy - /logout at position 5 of 14 in additional filter chain; firing Filter: 'LogoutFilter'
21:23:38.008 [Test worker] DEBUG o.s.s.w.u.m.AntPathRequestMatcher - Checking match of request : '/logout'; against '/logout'
21:23:38.008 [Test worker] DEBUG o.s.s.w.a.logout.LogoutFilter - Logging out user 'null' and transferring to logout destination
21:23:38.009 [Test worker] DEBUG o.s.s.w.u.matcher.OrRequestMatcher - Trying to match using RequestHeaderRequestMatcher [expectedHeaderName=X-Requested-With, expectedHeaderValue=XMLHttpRequest]
21:23:38.009 [Test worker] DEBUG o.s.s.w.u.matcher.OrRequestMatcher - Trying to match using AndRequestMatcher [requestMatchers=[NegatedRequestMatcher [requestMatcher=MediaTypeRequestMatcher [contentNegotiationStrategy=org.springframework.web.accept.ContentNegotiationManager@24278156, matchingMediaTypes=[text/html], useEquals=false, ignoredMediaTypes=[]]], MediaTypeRequestMatcher [contentNegotiationStrategy=org.springframework.web.accept.ContentNegotiationManager@24278156, matchingMediaTypes=[application/atom+xml, application/x-www-form-urlencoded, application/json, application/octet-stream, application/xml, multipart/form-data, text/xml], useEquals=false, ignoredMediaTypes=[*/*]]]]
21:23:38.009 [Test worker] DEBUG o.s.s.w.u.matcher.AndRequestMatcher - Trying to match using NegatedRequestMatcher [requestMatcher=MediaTypeRequestMatcher [contentNegotiationStrategy=org.springframework.web.accept.ContentNegotiationManager@24278156, matchingMediaTypes=[text/html], useEquals=false, ignoredMediaTypes=[]]]
21:23:38.009 [Test worker] DEBUG o.s.s.w.u.m.MediaTypeRequestMatcher - httpRequestMediaTypes=[]
21:23:38.009 [Test worker] DEBUG o.s.s.w.u.m.MediaTypeRequestMatcher - Did not match any media types
21:23:38.009 [Test worker] DEBUG o.s.s.w.u.m.NegatedRequestMatcher - matches = true
21:23:38.009 [Test worker] DEBUG o.s.s.w.u.matcher.AndRequestMatcher - Trying to match using MediaTypeRequestMatcher [contentNegotiationStrategy=org.springframework.web.accept.ContentNegotiationManager@24278156, matchingMediaTypes=[application/atom+xml, application/x-www-form-urlencoded, application/json, application/octet-stream, application/xml, multipart/form-data, text/xml], useEquals=false, ignoredMediaTypes=[*/*]]
21:23:38.009 [Test worker] DEBUG o.s.s.w.u.m.MediaTypeRequestMatcher - httpRequestMediaTypes=[]
21:23:38.009 [Test worker] DEBUG o.s.s.w.u.m.MediaTypeRequestMatcher - Did not match any media types
21:23:38.009 [Test worker] DEBUG o.s.s.w.u.matcher.AndRequestMatcher - Did not match
21:23:38.009 [Test worker] DEBUG o.s.s.w.u.matcher.OrRequestMatcher - No matches found
21:23:38.009 [Test worker] DEBUG o.s.s.w.a.l.SimpleUrlLogoutSuccessHandler - Using default Url: /login?logout
21:23:38.009 [Test worker] DEBUG o.s.s.web.DefaultRedirectStrategy - Redirecting to '/login?logout'
21:23:38.009 [Test worker] DEBUG o.s.s.w.c.HttpSessionSecurityContextRepository - SecurityContext is empty or contents are anonymous - context will not be stored in HttpSession.
21:23:38.009 [Test worker] DEBUG o.s.s.w.c.SecurityContextPersistenceFilter - SecurityContextHolder now cleared, as request processing completed
21:23:38.011 [Test worker] DEBUG o.s.b.f.s.DefaultListableBeanFactory - Returning cached instance of singleton bean 'springSecurityFilterChain'
21:23:38.011 [Test worker] DEBUG o.s.test.util.ReflectionTestUtils - Invoking method 'getFilters' on target object [FilterChainProxy[Filter Chains: [[ org.springframework.security.web.util.matcher.AnyRequestMatcher@1, [org.springframework.security.web.context.request.async.WebAsyncManagerIntegrationFilter@3831309b, org.springframework.security.web.context.SecurityContextPersistenceFilter@4dd05ea8, org.springframework.security.web.header.HeaderWriterFilter@229691df, org.springframework.security.web.csrf.CsrfFilter@50007666, org.springframework.security.web.authentication.logout.LogoutFilter@35c323cf, org.springframework.security.web.authentication.UsernamePasswordAuthenticationFilter@20303e8e, org.springframework.security.web.authentication.ui.DefaultLoginPageGeneratingFilter@4db5d11, org.springframework.security.web.authentication.www.BasicAuthenticationFilter@f2fa866, org.springframework.security.web.savedrequest.RequestCacheAwareFilter@574bcc4b, org.springframework.security.web.servletapi.SecurityContextHolderAwareRequestFilter@5681ac1f, org.springframework.security.web.authentication.AnonymousAuthenticationFilter@3b307211, org.springframework.security.web.session.SessionManagementFilter@5ee31201, org.springframework.security.web.access.ExceptionTranslationFilter@f1eacd8, org.springframework.security.web.access.intercept.FilterSecurityInterceptor@4068f181]]]]] with arguments {org.springframework.mock.web.MockHttpServletRequest@6c717ce8}
21:23:38.011 [Test worker] DEBUG o.s.test.util.ReflectionTestUtils - Getting field 'repo' from target object [org.springframework.security.web.context.SecurityContextPersistenceFilter@4dd05ea8] or target class [class org.springframework.security.web.context.SecurityContextPersistenceFilter]
21:23:38.011 [Test worker] DEBUG o.s.s.w.c.HttpSessionSecurityContextRepository - No HttpSession currently exists
21:23:38.011 [Test worker] DEBUG o.s.s.w.c.HttpSessionSecurityContextRepository - No SecurityContext was available from the HttpSession: null. A new one will be created.
21:23:38.012 [Test worker] DEBUG o.s.t.c.s.AbstractDirtiesContextTestExecutionListener - After test method: context [DefaultTestContext@146fbd8 testClass = SecurityConfigTests, testInstance = org.springframework.security.samples.config.SecurityConfigTests@31f8d6d5, testMethod = logoutSuccess@SecurityConfigTests, testException = [null], mergedContextConfiguration = [WebMergedContextConfiguration@1aa0e92b testClass = SecurityConfigTests, locations = '{}', classes = '{class org.springframework.security.samples.config.RootConfiguration, class org.springframework.security.samples.mvc.config.WebMvcConfiguration}', contextInitializerClasses = '[]', activeProfiles = '{}', propertySourceLocations = '{}', propertySourceProperties = '{}', contextCustomizers = set[[empty]], resourceBasePath = 'src/main/webapp', contextLoader = 'org.springframework.test.context.web.WebDelegatingSmartContextLoader', parent = [null]]], class annotated with @DirtiesContext [false] with mode [null], method annotated with @DirtiesContext [false] with mode [null].
21:23:38.012 [Test worker] DEBUG o.s.t.c.w.ServletTestExecutionListener - Resetting RequestContextHolder for test context [DefaultTestContext@146fbd8 testClass = SecurityConfigTests, testInstance = org.springframework.security.samples.config.SecurityConfigTests@31f8d6d5, testMethod = logoutSuccess@SecurityConfigTests, testException = [null], mergedContextConfiguration = [WebMergedContextConfiguration@1aa0e92b testClass = SecurityConfigTests, locations = '{}', classes = '{class org.springframework.security.samples.config.RootConfiguration, class org.springframework.security.samples.mvc.config.WebMvcConfiguration}', contextInitializerClasses = '[]', activeProfiles = '{}', propertySourceLocations = '{}', propertySourceProperties = '{}', contextCustomizers = set[[empty]], resourceBasePath = 'src/main/webapp', contextLoader = 'org.springframework.test.context.web.WebDelegatingSmartContextLoader', parent = [null]]].
21:23:38.012 [Test worker] DEBUG o.s.t.annotation.ProfileValueUtils - Retrieved @ProfileValueSourceConfiguration [null] for test class [org.springframework.security.samples.config.SecurityConfigTests]
21:23:38.012 [Test worker] DEBUG o.s.t.annotation.ProfileValueUtils - Retrieved ProfileValueSource type [class org.springframework.test.annotation.SystemProfileValueSource] for class [org.springframework.security.samples.config.SecurityConfigTests]
21:23:38.012 [Test worker] DEBUG o.s.t.c.c.DefaultCacheAwareContextLoaderDelegate - Retrieved ApplicationContext from cache with key [[WebMergedContextConfiguration@1aa0e92b testClass = SecurityConfigTests, locations = '{}', classes = '{class org.springframework.security.samples.config.RootConfiguration, class org.springframework.security.samples.mvc.config.WebMvcConfiguration}', contextInitializerClasses = '[]', activeProfiles = '{}', propertySourceLocations = '{}', propertySourceProperties = '{}', contextCustomizers = set[[empty]], resourceBasePath = 'src/main/webapp', contextLoader = 'org.springframework.test.context.web.WebDelegatingSmartContextLoader', parent = [null]]]
21:23:38.012 [Test worker] DEBUG o.springframework.test.context.cache - Spring test ApplicationContext cache statistics: [DefaultContextCache@e6081b size = 1, maxSize = 32, parentContextCount = 0, hitCount = 8, missCount = 1]
21:23:38.012 [Test worker] DEBUG o.s.t.c.w.ServletTestExecutionListener - Setting up MockHttpServletRequest, MockHttpServletResponse, ServletWebRequest, and RequestContextHolder for test context [DefaultTestContext@146fbd8 testClass = SecurityConfigTests, testInstance = org.springframework.security.samples.config.SecurityConfigTests@6d7d2290, testMethod = [null], testException = [null], mergedContextConfiguration = [WebMergedContextConfiguration@1aa0e92b testClass = SecurityConfigTests, locations = '{}', classes = '{class org.springframework.security.samples.config.RootConfiguration, class org.springframework.security.samples.mvc.config.WebMvcConfiguration}', contextInitializerClasses = '[]', activeProfiles = '{}', propertySourceLocations = '{}', propertySourceProperties = '{}', contextCustomizers = set[[empty]], resourceBasePath = 'src/main/webapp', contextLoader = 'org.springframework.test.context.web.WebDelegatingSmartContextLoader', parent = [null]]].
21:23:38.013 [Test worker] DEBUG o.s.t.c.s.DependencyInjectionTestExecutionListener - Performing dependency injection for test context [[DefaultTestContext@146fbd8 testClass = SecurityConfigTests, testInstance = org.springframework.security.samples.config.SecurityConfigTests@6d7d2290, testMethod = [null], testException = [null], mergedContextConfiguration = [WebMergedContextConfiguration@1aa0e92b testClass = SecurityConfigTests, locations = '{}', classes = '{class org.springframework.security.samples.config.RootConfiguration, class org.springframework.security.samples.mvc.config.WebMvcConfiguration}', contextInitializerClasses = '[]', activeProfiles = '{}', propertySourceLocations = '{}', propertySourceProperties = '{}', contextCustomizers = set[[empty]], resourceBasePath = 'src/main/webapp', contextLoader = 'org.springframework.test.context.web.WebDelegatingSmartContextLoader', parent = [null]]]].
21:23:38.013 [Test worker] DEBUG o.s.t.c.c.DefaultCacheAwareContextLoaderDelegate - Retrieved ApplicationContext from cache with key [[WebMergedContextConfiguration@1aa0e92b testClass = SecurityConfigTests, locations = '{}', classes = '{class org.springframework.security.samples.config.RootConfiguration, class org.springframework.security.samples.mvc.config.WebMvcConfiguration}', contextInitializerClasses = '[]', activeProfiles = '{}', propertySourceLocations = '{}', propertySourceProperties = '{}', contextCustomizers = set[[empty]], resourceBasePath = 'src/main/webapp', contextLoader = 'org.springframework.test.context.web.WebDelegatingSmartContextLoader', parent = [null]]]
21:23:38.013 [Test worker] DEBUG o.springframework.test.context.cache - Spring test ApplicationContext cache statistics: [DefaultContextCache@e6081b size = 1, maxSize = 32, parentContextCount = 0, hitCount = 9, missCount = 1]
21:23:38.013 [Test worker] DEBUG o.s.b.f.annotation.InjectionMetadata - Processing injected element of bean 'org.springframework.security.samples.config.SecurityConfigTests': AutowiredFieldElement for private org.springframework.web.context.WebApplicationContext org.springframework.security.samples.config.SecurityConfigTests.context
21:23:38.013 [Test worker] DEBUG o.s.b.f.annotation.InjectionMetadata - Processing injected element of bean 'org.springframework.security.samples.config.SecurityConfigTests': AutowiredFieldElement for private javax.servlet.Filter org.springframework.security.samples.config.SecurityConfigTests.springSecurityFilterChain
21:23:38.013 [Test worker] DEBUG o.s.b.f.s.DefaultListableBeanFactory - Returning cached instance of singleton bean 'springSecurityFilterChain'
21:23:38.014 [Test worker] DEBUG o.s.t.w.s.TestDispatcherServlet - Initializing servlet ''
21:23:38.014 [Test worker] DEBUG o.s.w.c.s.StandardServletEnvironment - Adding [servletConfigInitParams] PropertySource with lowest search precedence
21:23:38.014 [Test worker] DEBUG o.s.w.c.s.StandardServletEnvironment - Adding [servletContextInitParams] PropertySource with lowest search precedence
21:23:38.014 [Test worker] DEBUG o.s.w.c.s.StandardServletEnvironment - Adding [systemProperties] PropertySource with lowest search precedence
21:23:38.014 [Test worker] DEBUG o.s.w.c.s.StandardServletEnvironment - Adding [systemEnvironment] PropertySource with lowest search precedence
21:23:38.015 [Test worker] DEBUG o.s.w.c.s.StandardServletEnvironment - Initialized StandardServletEnvironment with PropertySources [servletConfigInitParams,servletContextInitParams,systemProperties,systemEnvironment]
21:23:38.015 [Test worker] INFO  o.s.mock.web.MockServletContext - Initializing Spring FrameworkServlet ''
21:23:38.015 [Test worker] INFO  o.s.t.w.s.TestDispatcherServlet - FrameworkServlet '': initialization started
21:23:38.015 [Test worker] DEBUG o.s.t.w.s.TestDispatcherServlet - Unable to locate MultipartResolver with name 'multipartResolver': no multipart request handling provided
21:23:38.015 [Test worker] DEBUG o.s.b.f.s.DefaultListableBeanFactory - Creating instance of bean 'org.springframework.web.servlet.i18n.AcceptHeaderLocaleResolver'
21:23:38.015 [Test worker] DEBUG o.s.b.f.s.DefaultListableBeanFactory - Finished creating instance of bean 'org.springframework.web.servlet.i18n.AcceptHeaderLocaleResolver'
21:23:38.015 [Test worker] DEBUG o.s.t.w.s.TestDispatcherServlet - Unable to locate LocaleResolver with name 'localeResolver': using default [org.springframework.web.servlet.i18n.AcceptHeaderLocaleResolver@53a89ff9]
21:23:38.015 [Test worker] DEBUG o.s.b.f.s.DefaultListableBeanFactory - Creating instance of bean 'org.springframework.web.servlet.theme.FixedThemeResolver'
21:23:38.015 [Test worker] DEBUG o.s.b.f.s.DefaultListableBeanFactory - Finished creating instance of bean 'org.springframework.web.servlet.theme.FixedThemeResolver'
21:23:38.015 [Test worker] DEBUG o.s.t.w.s.TestDispatcherServlet - Unable to locate ThemeResolver with name 'themeResolver': using default [org.springframework.web.servlet.theme.FixedThemeResolver@3c1999b9]
21:23:38.016 [Test worker] DEBUG o.s.b.f.s.DefaultListableBeanFactory - Returning cached instance of singleton bean 'resourceHandlerMapping'
21:23:38.016 [Test worker] DEBUG o.s.b.f.s.DefaultListableBeanFactory - Returning cached instance of singleton bean 'beanNameHandlerMapping'
21:23:38.016 [Test worker] DEBUG o.s.b.f.s.DefaultListableBeanFactory - Returning cached instance of singleton bean 'requestMappingHandlerMapping'
21:23:38.016 [Test worker] DEBUG o.s.b.f.s.DefaultListableBeanFactory - Returning cached instance of singleton bean 'defaultServletHandlerMapping'
21:23:38.016 [Test worker] DEBUG o.s.b.f.s.DefaultListableBeanFactory - Returning cached instance of singleton bean 'viewControllerHandlerMapping'
21:23:38.016 [Test worker] DEBUG o.s.b.f.s.DefaultListableBeanFactory - Returning cached instance of singleton bean 'requestMappingHandlerAdapter'
21:23:38.016 [Test worker] DEBUG o.s.b.f.s.DefaultListableBeanFactory - Returning cached instance of singleton bean 'simpleControllerHandlerAdapter'
21:23:38.016 [Test worker] DEBUG o.s.b.f.s.DefaultListableBeanFactory - Returning cached instance of singleton bean 'httpRequestHandlerAdapter'
21:23:38.017 [Test worker] DEBUG o.s.b.f.s.DefaultListableBeanFactory - Returning cached instance of singleton bean 'handlerExceptionResolver'
21:23:38.017 [Test worker] DEBUG o.s.b.f.s.DefaultListableBeanFactory - Creating instance of bean 'org.springframework.web.servlet.view.DefaultRequestToViewNameTranslator'
21:23:38.017 [Test worker] DEBUG o.s.b.f.s.DefaultListableBeanFactory - Finished creating instance of bean 'org.springframework.web.servlet.view.DefaultRequestToViewNameTranslator'
21:23:38.017 [Test worker] DEBUG o.s.t.w.s.TestDispatcherServlet - Unable to locate RequestToViewNameTranslator with name 'viewNameTranslator': using default [org.springframework.web.servlet.view.DefaultRequestToViewNameTranslator@38f45508]
21:23:38.017 [Test worker] DEBUG o.s.b.f.s.DefaultListableBeanFactory - Returning cached instance of singleton bean 'mvcViewResolver'
21:23:38.017 [Test worker] DEBUG o.s.b.f.s.DefaultListableBeanFactory - Returning cached instance of singleton bean 'viewResolver'
21:23:38.018 [Test worker] DEBUG o.s.b.f.s.DefaultListableBeanFactory - Creating instance of bean 'org.springframework.web.servlet.support.SessionFlashMapManager'
21:23:38.018 [Test worker] DEBUG o.s.b.f.s.DefaultListableBeanFactory - Finished creating instance of bean 'org.springframework.web.servlet.support.SessionFlashMapManager'
21:23:38.018 [Test worker] DEBUG o.s.t.w.s.TestDispatcherServlet - Unable to locate FlashMapManager with name 'flashMapManager': using default [org.springframework.web.servlet.support.SessionFlashMapManager@71105bcc]
21:23:38.018 [Test worker] DEBUG o.s.t.w.s.TestDispatcherServlet - Published WebApplicationContext of servlet '' as ServletContext attribute with name [org.springframework.web.servlet.FrameworkServlet.CONTEXT.]
21:23:38.018 [Test worker] INFO  o.s.t.w.s.TestDispatcherServlet - FrameworkServlet '': initialization completed in 3 ms
21:23:38.018 [Test worker] DEBUG o.s.t.w.s.TestDispatcherServlet - Servlet '' configured successfully
21:23:38.020 [Test worker] DEBUG o.s.b.f.s.DefaultListableBeanFactory - Returning cached instance of singleton bean 'springSecurityFilterChain'
21:23:38.020 [Test worker] DEBUG o.s.test.util.ReflectionTestUtils - Invoking method 'getFilters' on target object [FilterChainProxy[Filter Chains: [[ org.springframework.security.web.util.matcher.AnyRequestMatcher@1, [org.springframework.security.web.context.request.async.WebAsyncManagerIntegrationFilter@3831309b, org.springframework.security.web.context.SecurityContextPersistenceFilter@4dd05ea8, org.springframework.security.web.header.HeaderWriterFilter@229691df, org.springframework.security.web.csrf.CsrfFilter@50007666, org.springframework.security.web.authentication.logout.LogoutFilter@35c323cf, org.springframework.security.web.authentication.UsernamePasswordAuthenticationFilter@20303e8e, org.springframework.security.web.authentication.ui.DefaultLoginPageGeneratingFilter@4db5d11, org.springframework.security.web.authentication.www.BasicAuthenticationFilter@f2fa866, org.springframework.security.web.savedrequest.RequestCacheAwareFilter@574bcc4b, org.springframework.security.web.servletapi.SecurityContextHolderAwareRequestFilter@5681ac1f, org.springframework.security.web.authentication.AnonymousAuthenticationFilter@3b307211, org.springframework.security.web.session.SessionManagementFilter@5ee31201, org.springframework.security.web.access.ExceptionTranslationFilter@f1eacd8, org.springframework.security.web.access.intercept.FilterSecurityInterceptor@4068f181]]]]] with arguments {org.springframework.mock.web.MockHttpServletRequest@c3287b1}
21:23:38.020 [Test worker] DEBUG o.s.test.util.ReflectionTestUtils - Getting field 'tokenRepository' from target object [org.springframework.security.web.csrf.CsrfFilter@50007666] or target class [class org.springframework.security.web.csrf.CsrfFilter]
21:23:38.020 [Test worker] DEBUG o.s.security.web.FilterChainProxy - /login at position 1 of 14 in additional filter chain; firing Filter: 'WebAsyncManagerIntegrationFilter'
21:23:38.020 [Test worker] DEBUG o.s.security.web.FilterChainProxy - /login at position 2 of 14 in additional filter chain; firing Filter: 'SecurityContextPersistenceFilter'
21:23:38.020 [Test worker] DEBUG o.s.s.w.c.HttpSessionSecurityContextRepository - No HttpSession currently exists
21:23:38.020 [Test worker] DEBUG o.s.s.w.c.HttpSessionSecurityContextRepository - No SecurityContext was available from the HttpSession: null. A new one will be created.
21:23:38.020 [Test worker] DEBUG o.s.security.web.FilterChainProxy - /login at position 3 of 14 in additional filter chain; firing Filter: 'HeaderWriterFilter'
21:23:38.021 [Test worker] DEBUG o.s.s.w.h.writers.HstsHeaderWriter - Not injecting HSTS header since it did not match the requestMatcher org.springframework.security.web.header.writers.HstsHeaderWriter$SecureRequestMatcher@56aebca5
21:23:38.021 [Test worker] DEBUG o.s.security.web.FilterChainProxy - /login at position 4 of 14 in additional filter chain; firing Filter: 'CsrfFilter'
21:23:38.021 [Test worker] DEBUG o.s.security.web.FilterChainProxy - /login at position 5 of 14 in additional filter chain; firing Filter: 'LogoutFilter'
21:23:38.021 [Test worker] DEBUG o.s.s.w.u.m.AntPathRequestMatcher - Checking match of request : '/login'; against '/logout'
21:23:38.021 [Test worker] DEBUG o.s.security.web.FilterChainProxy - /login at position 6 of 14 in additional filter chain; firing Filter: 'UsernamePasswordAuthenticationFilter'
21:23:38.021 [Test worker] DEBUG o.s.s.w.u.m.AntPathRequestMatcher - Checking match of request : '/login'; against '/login'
21:23:38.021 [Test worker] DEBUG o.s.s.w.a.UsernamePasswordAuthenticationFilter - Request is to process authentication
21:23:38.021 [Test worker] DEBUG o.s.s.authentication.ProviderManager - Authentication attempt using org.springframework.security.authentication.dao.DaoAuthenticationProvider
21:23:38.023 [Test worker] DEBUG o.s.s.a.d.DaoAuthenticationProvider - Authentication failed: password does not match stored value
21:23:38.024 [Test worker] DEBUG o.s.s.w.a.UsernamePasswordAuthenticationFilter - Authentication request failed: org.springframework.security.authentication.BadCredentialsException: Bad credentials
org.springframework.security.authentication.BadCredentialsException: Bad credentials
	at org.springframework.security.authentication.dao.DaoAuthenticationProvider.additionalAuthenticationChecks(DaoAuthenticationProvider.java:98) ~[spring-security-core-4.2.2.RELEASE.jar:4.2.2.RELEASE]
	at org.springframework.security.authentication.dao.AbstractUserDetailsAuthenticationProvider.authenticate(AbstractUserDetailsAuthenticationProvider.java:166) ~[spring-security-core-4.2.2.RELEASE.jar:4.2.2.RELEASE]
	at org.springframework.security.authentication.ProviderManager.authenticate(ProviderManager.java:174) ~[spring-security-core-4.2.2.RELEASE.jar:4.2.2.RELEASE]
	at org.springframework.security.authentication.ProviderManager.authenticate(ProviderManager.java:199) ~[spring-security-core-4.2.2.RELEASE.jar:4.2.2.RELEASE]
	at org.springframework.security.web.authentication.UsernamePasswordAuthenticationFilter.attemptAuthentication(UsernamePasswordAuthenticationFilter.java:94) ~[spring-security-web-4.2.2.RELEASE.jar:4.2.2.RELEASE]
	at org.springframework.security.web.authentication.AbstractAuthenticationProcessingFilter.doFilter(AbstractAuthenticationProcessingFilter.java:212) ~[spring-security-web-4.2.2.RELEASE.jar:4.2.2.RELEASE]
	at org.springframework.security.web.FilterChainProxy$VirtualFilterChain.doFilter(FilterChainProxy.java:331) [spring-security-web-4.2.2.RELEASE.jar:4.2.2.RELEASE]
	at org.springframework.security.web.authentication.logout.LogoutFilter.doFilter(LogoutFilter.java:116) [spring-security-web-4.2.2.RELEASE.jar:4.2.2.RELEASE]
	at org.springframework.security.web.FilterChainProxy$VirtualFilterChain.doFilter(FilterChainProxy.java:331) [spring-security-web-4.2.2.RELEASE.jar:4.2.2.RELEASE]
	at org.springframework.security.web.csrf.CsrfFilter.doFilterInternal(CsrfFilter.java:124) [spring-security-web-4.2.2.RELEASE.jar:4.2.2.RELEASE]
	at org.springframework.web.filter.OncePerRequestFilter.doFilter(OncePerRequestFilter.java:107) [spring-web-4.3.5.RELEASE.jar:4.3.5.RELEASE]
	at org.springframework.security.web.FilterChainProxy$VirtualFilterChain.doFilter(FilterChainProxy.java:331) [spring-security-web-4.2.2.RELEASE.jar:4.2.2.RELEASE]
	at org.springframework.security.web.header.HeaderWriterFilter.doFilterInternal(HeaderWriterFilter.java:64) [spring-security-web-4.2.2.RELEASE.jar:4.2.2.RELEASE]
	at org.springframework.web.filter.OncePerRequestFilter.doFilter(OncePerRequestFilter.java:107) [spring-web-4.3.5.RELEASE.jar:4.3.5.RELEASE]
	at org.springframework.security.web.FilterChainProxy$VirtualFilterChain.doFilter(FilterChainProxy.java:331) [spring-security-web-4.2.2.RELEASE.jar:4.2.2.RELEASE]
	at org.springframework.security.web.context.SecurityContextPersistenceFilter.doFilter(SecurityContextPersistenceFilter.java:105) [spring-security-web-4.2.2.RELEASE.jar:4.2.2.RELEASE]
	at org.springframework.security.web.FilterChainProxy$VirtualFilterChain.doFilter(FilterChainProxy.java:331) [spring-security-web-4.2.2.RELEASE.jar:4.2.2.RELEASE]
	at org.springframework.security.web.context.request.async.WebAsyncManagerIntegrationFilter.doFilterInternal(WebAsyncManagerIntegrationFilter.java:56) [spring-security-web-4.2.2.RELEASE.jar:4.2.2.RELEASE]
	at org.springframework.web.filter.OncePerRequestFilter.doFilter(OncePerRequestFilter.java:107) [spring-web-4.3.5.RELEASE.jar:4.3.5.RELEASE]
	at org.springframework.security.web.FilterChainProxy$VirtualFilterChain.doFilter(FilterChainProxy.java:331) [spring-security-web-4.2.2.RELEASE.jar:4.2.2.RELEASE]
	at org.springframework.security.web.FilterChainProxy.doFilterInternal(FilterChainProxy.java:214) [spring-security-web-4.2.2.RELEASE.jar:4.2.2.RELEASE]
	at org.springframework.security.web.FilterChainProxy.doFilter(FilterChainProxy.java:177) [spring-security-web-4.2.2.RELEASE.jar:4.2.2.RELEASE]
	at org.springframework.mock.web.MockFilterChain.doFilter(MockFilterChain.java:134) [spring-test-4.3.5.RELEASE.jar:4.3.5.RELEASE]
	at org.springframework.test.web.servlet.MockMvc.perform(MockMvc.java:155) [spring-test-4.3.5.RELEASE.jar:4.3.5.RELEASE]
	at org.springframework.security.samples.config.SecurityConfigTests.loginFailure(SecurityConfigTests.java:86) [test/:na]
	at sun.reflect.NativeMethodAccessorImpl.invoke0(Native Method) ~[na:1.8.0_131]
	at sun.reflect.NativeMethodAccessorImpl.invoke(NativeMethodAccessorImpl.java:62) ~[na:1.8.0_131]
	at sun.reflect.DelegatingMethodAccessorImpl.invoke(DelegatingMethodAccessorImpl.java:43) ~[na:1.8.0_131]
	at java.lang.reflect.Method.invoke(Method.java:498) ~[na:1.8.0_131]
	at org.junit.runners.model.FrameworkMethod$1.runReflectiveCall(FrameworkMethod.java:50) [junit-4.12.jar:4.12]
	at org.junit.internal.runners.model.ReflectiveCallable.run(ReflectiveCallable.java:12) [junit-4.12.jar:4.12]
	at org.junit.runners.model.FrameworkMethod.invokeExplosively(FrameworkMethod.java:47) [junit-4.12.jar:4.12]
	at org.junit.internal.runners.statements.InvokeMethod.evaluate(InvokeMethod.java:17) [junit-4.12.jar:4.12]
	at org.junit.internal.runners.statements.RunBefores.evaluate(RunBefores.java:26) [junit-4.12.jar:4.12]
	at org.springframework.test.context.junit4.statements.RunBeforeTestMethodCallbacks.evaluate(RunBeforeTestMethodCallbacks.java:75) [spring-test-4.3.5.RELEASE.jar:4.3.5.RELEASE]
	at org.springframework.test.context.junit4.statements.RunAfterTestMethodCallbacks.evaluate(RunAfterTestMethodCallbacks.java:86) [spring-test-4.3.5.RELEASE.jar:4.3.5.RELEASE]
	at org.springframework.test.context.junit4.statements.SpringRepeat.evaluate(SpringRepeat.java:84) [spring-test-4.3.5.RELEASE.jar:4.3.5.RELEASE]
	at org.junit.runners.ParentRunner.runLeaf(ParentRunner.java:325) [junit-4.12.jar:4.12]
	at org.springframework.test.context.junit4.SpringJUnit4ClassRunner.runChild(SpringJUnit4ClassRunner.java:252) [spring-test-4.3.5.RELEASE.jar:4.3.5.RELEASE]
	at org.springframework.test.context.junit4.SpringJUnit4ClassRunner.runChild(SpringJUnit4ClassRunner.java:94) [spring-test-4.3.5.RELEASE.jar:4.3.5.RELEASE]
	at org.junit.runners.ParentRunner$3.run(ParentRunner.java:290) [junit-4.12.jar:4.12]
	at org.junit.runners.ParentRunner$1.schedule(ParentRunner.java:71) [junit-4.12.jar:4.12]
	at org.junit.runners.ParentRunner.runChildren(ParentRunner.java:288) [junit-4.12.jar:4.12]
	at org.junit.runners.ParentRunner.access$000(ParentRunner.java:58) [junit-4.12.jar:4.12]
	at org.junit.runners.ParentRunner$2.evaluate(ParentRunner.java:268) [junit-4.12.jar:4.12]
	at org.springframework.test.context.junit4.statements.RunBeforeTestClassCallbacks.evaluate(RunBeforeTestClassCallbacks.java:61) [spring-test-4.3.5.RELEASE.jar:4.3.5.RELEASE]
	at org.springframework.test.context.junit4.statements.RunAfterTestClassCallbacks.evaluate(RunAfterTestClassCallbacks.java:70) [spring-test-4.3.5.RELEASE.jar:4.3.5.RELEASE]
	at org.junit.runners.ParentRunner.run(ParentRunner.java:363) [junit-4.12.jar:4.12]
	at org.springframework.test.context.junit4.SpringJUnit4ClassRunner.run(SpringJUnit4ClassRunner.java:191) [spring-test-4.3.5.RELEASE.jar:4.3.5.RELEASE]
	at org.gradle.api.internal.tasks.testing.junit.JUnitTestClassExecuter.runTestClass(JUnitTestClassExecuter.java:114) [gradle-testing-jvm-3.0.jar:3.0]
	at org.gradle.api.internal.tasks.testing.junit.JUnitTestClassExecuter.execute(JUnitTestClassExecuter.java:57) [gradle-testing-jvm-3.0.jar:3.0]
	at org.gradle.api.internal.tasks.testing.junit.JUnitTestClassProcessor.processTestClass(JUnitTestClassProcessor.java:66) [gradle-testing-jvm-3.0.jar:3.0]
	at org.gradle.api.internal.tasks.testing.SuiteTestClassProcessor.processTestClass(SuiteTestClassProcessor.java:51) [gradle-testing-base-3.0.jar:3.0]
	at sun.reflect.NativeMethodAccessorImpl.invoke0(Native Method) ~[na:1.8.0_131]
	at sun.reflect.NativeMethodAccessorImpl.invoke(NativeMethodAccessorImpl.java:62) ~[na:1.8.0_131]
	at sun.reflect.DelegatingMethodAccessorImpl.invoke(DelegatingMethodAccessorImpl.java:43) ~[na:1.8.0_131]
	at java.lang.reflect.Method.invoke(Method.java:498) ~[na:1.8.0_131]
	at org.gradle.internal.dispatch.ReflectionDispatch.dispatch(ReflectionDispatch.java:35) [gradle-messaging-3.0.jar:3.0]
	at org.gradle.internal.dispatch.ReflectionDispatch.dispatch(ReflectionDispatch.java:24) [gradle-messaging-3.0.jar:3.0]
	at org.gradle.internal.dispatch.ContextClassLoaderDispatch.dispatch(ContextClassLoaderDispatch.java:32) [gradle-messaging-3.0.jar:3.0]
	at org.gradle.internal.dispatch.ProxyDispatchAdapter$DispatchingInvocationHandler.invoke(ProxyDispatchAdapter.java:93) [gradle-messaging-3.0.jar:3.0]
	at com.sun.proxy.$Proxy2.processTestClass(Unknown Source) [na:na]
	at org.gradle.api.internal.tasks.testing.worker.TestWorker.processTestClass(TestWorker.java:109) [gradle-testing-base-3.0.jar:3.0]
	at sun.reflect.NativeMethodAccessorImpl.invoke0(Native Method) ~[na:1.8.0_131]
	at sun.reflect.NativeMethodAccessorImpl.invoke(NativeMethodAccessorImpl.java:62) ~[na:1.8.0_131]
	at sun.reflect.DelegatingMethodAccessorImpl.invoke(DelegatingMethodAccessorImpl.java:43) ~[na:1.8.0_131]
	at java.lang.reflect.Method.invoke(Method.java:498) ~[na:1.8.0_131]
	at org.gradle.internal.dispatch.ReflectionDispatch.dispatch(ReflectionDispatch.java:35) [gradle-messaging-3.0.jar:3.0]
	at org.gradle.internal.dispatch.ReflectionDispatch.dispatch(ReflectionDispatch.java:24) [gradle-messaging-3.0.jar:3.0]
	at org.gradle.internal.remote.internal.hub.MessageHub$Handler.run(MessageHub.java:377) [gradle-messaging-3.0.jar:3.0]
	at org.gradle.internal.concurrent.ExecutorPolicy$CatchAndRecordFailures.onExecute(ExecutorPolicy.java:54) [gradle-base-services-3.0.jar:3.0]
	at org.gradle.internal.concurrent.StoppableExecutorImpl$1.run(StoppableExecutorImpl.java:40) [gradle-base-services-3.0.jar:3.0]
	at java.util.concurrent.ThreadPoolExecutor.runWorker(ThreadPoolExecutor.java:1142) [na:1.8.0_131]
	at java.util.concurrent.ThreadPoolExecutor$Worker.run(ThreadPoolExecutor.java:617) [na:1.8.0_131]
	at java.lang.Thread.run(Thread.java:748) [na:1.8.0_131]
21:23:38.025 [Test worker] DEBUG o.s.s.w.a.UsernamePasswordAuthenticationFilter - Updated SecurityContextHolder to contain null Authentication
21:23:38.025 [Test worker] DEBUG o.s.s.w.a.UsernamePasswordAuthenticationFilter - Delegating to authentication failure handler org.springframework.security.web.authentication.SimpleUrlAuthenticationFailureHandler@37b4fae7
21:23:38.025 [Test worker] DEBUG o.s.s.w.a.SimpleUrlAuthenticationFailureHandler - Redirecting to /login?error
21:23:38.025 [Test worker] DEBUG o.s.s.web.DefaultRedirectStrategy - Redirecting to '/login?error'
21:23:38.025 [Test worker] DEBUG o.s.s.w.c.HttpSessionSecurityContextRepository - SecurityContext is empty or contents are anonymous - context will not be stored in HttpSession.
21:23:38.025 [Test worker] DEBUG o.s.s.w.c.SecurityContextPersistenceFilter - SecurityContextHolder now cleared, as request processing completed
21:23:38.025 [Test worker] DEBUG o.s.t.c.s.AbstractDirtiesContextTestExecutionListener - After test method: context [DefaultTestContext@146fbd8 testClass = SecurityConfigTests, testInstance = org.springframework.security.samples.config.SecurityConfigTests@6d7d2290, testMethod = loginFailure@SecurityConfigTests, testException = [null], mergedContextConfiguration = [WebMergedContextConfiguration@1aa0e92b testClass = SecurityConfigTests, locations = '{}', classes = '{class org.springframework.security.samples.config.RootConfiguration, class org.springframework.security.samples.mvc.config.WebMvcConfiguration}', contextInitializerClasses = '[]', activeProfiles = '{}', propertySourceLocations = '{}', propertySourceProperties = '{}', contextCustomizers = set[[empty]], resourceBasePath = 'src/main/webapp', contextLoader = 'org.springframework.test.context.web.WebDelegatingSmartContextLoader', parent = [null]]], class annotated with @DirtiesContext [false] with mode [null], method annotated with @DirtiesContext [false] with mode [null].
21:23:38.026 [Test worker] DEBUG o.s.t.c.w.ServletTestExecutionListener - Resetting RequestContextHolder for test context [DefaultTestContext@146fbd8 testClass = SecurityConfigTests, testInstance = org.springframework.security.samples.config.SecurityConfigTests@6d7d2290, testMethod = loginFailure@SecurityConfigTests, testException = [null], mergedContextConfiguration = [WebMergedContextConfiguration@1aa0e92b testClass = SecurityConfigTests, locations = '{}', classes = '{class org.springframework.security.samples.config.RootConfiguration, class org.springframework.security.samples.mvc.config.WebMvcConfiguration}', contextInitializerClasses = '[]', activeProfiles = '{}', propertySourceLocations = '{}', propertySourceProperties = '{}', contextCustomizers = set[[empty]], resourceBasePath = 'src/main/webapp', contextLoader = 'org.springframework.test.context.web.WebDelegatingSmartContextLoader', parent = [null]]].
21:23:38.026 [Test worker] DEBUG o.s.t.annotation.ProfileValueUtils - Retrieved @ProfileValueSourceConfiguration [null] for test class [org.springframework.security.samples.config.SecurityConfigTests]
21:23:38.026 [Test worker] DEBUG o.s.t.annotation.ProfileValueUtils - Retrieved ProfileValueSource type [class org.springframework.test.annotation.SystemProfileValueSource] for class [org.springframework.security.samples.config.SecurityConfigTests]
21:23:38.026 [Test worker] DEBUG o.s.t.c.c.DefaultCacheAwareContextLoaderDelegate - Retrieved ApplicationContext from cache with key [[WebMergedContextConfiguration@1aa0e92b testClass = SecurityConfigTests, locations = '{}', classes = '{class org.springframework.security.samples.config.RootConfiguration, class org.springframework.security.samples.mvc.config.WebMvcConfiguration}', contextInitializerClasses = '[]', activeProfiles = '{}', propertySourceLocations = '{}', propertySourceProperties = '{}', contextCustomizers = set[[empty]], resourceBasePath = 'src/main/webapp', contextLoader = 'org.springframework.test.context.web.WebDelegatingSmartContextLoader', parent = [null]]]
21:23:38.026 [Test worker] DEBUG o.springframework.test.context.cache - Spring test ApplicationContext cache statistics: [DefaultContextCache@e6081b size = 1, maxSize = 32, parentContextCount = 0, hitCount = 10, missCount = 1]
21:23:38.026 [Test worker] DEBUG o.s.t.c.w.ServletTestExecutionListener - Setting up MockHttpServletRequest, MockHttpServletResponse, ServletWebRequest, and RequestContextHolder for test context [DefaultTestContext@146fbd8 testClass = SecurityConfigTests, testInstance = org.springframework.security.samples.config.SecurityConfigTests@22a98746, testMethod = [null], testException = [null], mergedContextConfiguration = [WebMergedContextConfiguration@1aa0e92b testClass = SecurityConfigTests, locations = '{}', classes = '{class org.springframework.security.samples.config.RootConfiguration, class org.springframework.security.samples.mvc.config.WebMvcConfiguration}', contextInitializerClasses = '[]', activeProfiles = '{}', propertySourceLocations = '{}', propertySourceProperties = '{}', contextCustomizers = set[[empty]], resourceBasePath = 'src/main/webapp', contextLoader = 'org.springframework.test.context.web.WebDelegatingSmartContextLoader', parent = [null]]].
21:23:38.026 [Test worker] DEBUG o.s.t.c.s.DependencyInjectionTestExecutionListener - Performing dependency injection for test context [[DefaultTestContext@146fbd8 testClass = SecurityConfigTests, testInstance = org.springframework.security.samples.config.SecurityConfigTests@22a98746, testMethod = [null], testException = [null], mergedContextConfiguration = [WebMergedContextConfiguration@1aa0e92b testClass = SecurityConfigTests, locations = '{}', classes = '{class org.springframework.security.samples.config.RootConfiguration, class org.springframework.security.samples.mvc.config.WebMvcConfiguration}', contextInitializerClasses = '[]', activeProfiles = '{}', propertySourceLocations = '{}', propertySourceProperties = '{}', contextCustomizers = set[[empty]], resourceBasePath = 'src/main/webapp', contextLoader = 'org.springframework.test.context.web.WebDelegatingSmartContextLoader', parent = [null]]]].
21:23:38.027 [Test worker] DEBUG o.s.t.c.c.DefaultCacheAwareContextLoaderDelegate - Retrieved ApplicationContext from cache with key [[WebMergedContextConfiguration@1aa0e92b testClass = SecurityConfigTests, locations = '{}', classes = '{class org.springframework.security.samples.config.RootConfiguration, class org.springframework.security.samples.mvc.config.WebMvcConfiguration}', contextInitializerClasses = '[]', activeProfiles = '{}', propertySourceLocations = '{}', propertySourceProperties = '{}', contextCustomizers = set[[empty]], resourceBasePath = 'src/main/webapp', contextLoader = 'org.springframework.test.context.web.WebDelegatingSmartContextLoader', parent = [null]]]
21:23:38.027 [Test worker] DEBUG o.springframework.test.context.cache - Spring test ApplicationContext cache statistics: [DefaultContextCache@e6081b size = 1, maxSize = 32, parentContextCount = 0, hitCount = 11, missCount = 1]
21:23:38.027 [Test worker] DEBUG o.s.b.f.annotation.InjectionMetadata - Processing injected element of bean 'org.springframework.security.samples.config.SecurityConfigTests': AutowiredFieldElement for private org.springframework.web.context.WebApplicationContext org.springframework.security.samples.config.SecurityConfigTests.context
21:23:38.027 [Test worker] DEBUG o.s.b.f.annotation.InjectionMetadata - Processing injected element of bean 'org.springframework.security.samples.config.SecurityConfigTests': AutowiredFieldElement for private javax.servlet.Filter org.springframework.security.samples.config.SecurityConfigTests.springSecurityFilterChain
21:23:38.027 [Test worker] DEBUG o.s.b.f.s.DefaultListableBeanFactory - Returning cached instance of singleton bean 'springSecurityFilterChain'
21:23:38.028 [Test worker] DEBUG o.s.t.c.c.DefaultCacheAwareContextLoaderDelegate - Retrieved ApplicationContext from cache with key [[WebMergedContextConfiguration@1aa0e92b testClass = SecurityConfigTests, locations = '{}', classes = '{class org.springframework.security.samples.config.RootConfiguration, class org.springframework.security.samples.mvc.config.WebMvcConfiguration}', contextInitializerClasses = '[]', activeProfiles = '{}', propertySourceLocations = '{}', propertySourceProperties = '{}', contextCustomizers = set[[empty]], resourceBasePath = 'src/main/webapp', contextLoader = 'org.springframework.test.context.web.WebDelegatingSmartContextLoader', parent = [null]]]
21:23:38.028 [Test worker] DEBUG o.springframework.test.context.cache - Spring test ApplicationContext cache statistics: [DefaultContextCache@e6081b size = 1, maxSize = 32, parentContextCount = 0, hitCount = 12, missCount = 1]
21:23:38.028 [Test worker] DEBUG o.s.b.f.s.DefaultListableBeanFactory - Creating instance of bean 'org.springframework.security.test.context.support.WithMockUserSecurityContextFactory'
21:23:38.028 [Test worker] DEBUG o.s.b.f.s.DefaultListableBeanFactory - Finished creating instance of bean 'org.springframework.security.test.context.support.WithMockUserSecurityContextFactory'
21:23:38.028 [Test worker] DEBUG o.s.t.w.s.TestDispatcherServlet - Initializing servlet ''
21:23:38.029 [Test worker] DEBUG o.s.w.c.s.StandardServletEnvironment - Adding [servletConfigInitParams] PropertySource with lowest search precedence
21:23:38.029 [Test worker] DEBUG o.s.w.c.s.StandardServletEnvironment - Adding [servletContextInitParams] PropertySource with lowest search precedence
21:23:38.029 [Test worker] DEBUG o.s.w.c.s.StandardServletEnvironment - Adding [systemProperties] PropertySource with lowest search precedence
21:23:38.029 [Test worker] DEBUG o.s.w.c.s.StandardServletEnvironment - Adding [systemEnvironment] PropertySource with lowest search precedence
21:23:38.029 [Test worker] DEBUG o.s.w.c.s.StandardServletEnvironment - Initialized StandardServletEnvironment with PropertySources [servletConfigInitParams,servletContextInitParams,systemProperties,systemEnvironment]
21:23:38.029 [Test worker] INFO  o.s.mock.web.MockServletContext - Initializing Spring FrameworkServlet ''
21:23:38.029 [Test worker] INFO  o.s.t.w.s.TestDispatcherServlet - FrameworkServlet '': initialization started
21:23:38.029 [Test worker] DEBUG o.s.t.w.s.TestDispatcherServlet - Unable to locate MultipartResolver with name 'multipartResolver': no multipart request handling provided
21:23:38.029 [Test worker] DEBUG o.s.b.f.s.DefaultListableBeanFactory - Creating instance of bean 'org.springframework.web.servlet.i18n.AcceptHeaderLocaleResolver'
21:23:38.029 [Test worker] DEBUG o.s.b.f.s.DefaultListableBeanFactory - Finished creating instance of bean 'org.springframework.web.servlet.i18n.AcceptHeaderLocaleResolver'
21:23:38.029 [Test worker] DEBUG o.s.t.w.s.TestDispatcherServlet - Unable to locate LocaleResolver with name 'localeResolver': using default [org.springframework.web.servlet.i18n.AcceptHeaderLocaleResolver@2b06825]
21:23:38.029 [Test worker] DEBUG o.s.b.f.s.DefaultListableBeanFactory - Creating instance of bean 'org.springframework.web.servlet.theme.FixedThemeResolver'
21:23:38.030 [Test worker] DEBUG o.s.b.f.s.DefaultListableBeanFactory - Finished creating instance of bean 'org.springframework.web.servlet.theme.FixedThemeResolver'
21:23:38.030 [Test worker] DEBUG o.s.t.w.s.TestDispatcherServlet - Unable to locate ThemeResolver with name 'themeResolver': using default [org.springframework.web.servlet.theme.FixedThemeResolver@12c3c956]
21:23:38.030 [Test worker] DEBUG o.s.b.f.s.DefaultListableBeanFactory - Returning cached instance of singleton bean 'resourceHandlerMapping'
21:23:38.030 [Test worker] DEBUG o.s.b.f.s.DefaultListableBeanFactory - Returning cached instance of singleton bean 'beanNameHandlerMapping'
21:23:38.030 [Test worker] DEBUG o.s.b.f.s.DefaultListableBeanFactory - Returning cached instance of singleton bean 'requestMappingHandlerMapping'
21:23:38.030 [Test worker] DEBUG o.s.b.f.s.DefaultListableBeanFactory - Returning cached instance of singleton bean 'defaultServletHandlerMapping'
21:23:38.030 [Test worker] DEBUG o.s.b.f.s.DefaultListableBeanFactory - Returning cached instance of singleton bean 'viewControllerHandlerMapping'
21:23:38.030 [Test worker] DEBUG o.s.b.f.s.DefaultListableBeanFactory - Returning cached instance of singleton bean 'requestMappingHandlerAdapter'
21:23:38.030 [Test worker] DEBUG o.s.b.f.s.DefaultListableBeanFactory - Returning cached instance of singleton bean 'simpleControllerHandlerAdapter'
21:23:38.030 [Test worker] DEBUG o.s.b.f.s.DefaultListableBeanFactory - Returning cached instance of singleton bean 'httpRequestHandlerAdapter'
21:23:38.031 [Test worker] DEBUG o.s.b.f.s.DefaultListableBeanFactory - Returning cached instance of singleton bean 'handlerExceptionResolver'
21:23:38.031 [Test worker] DEBUG o.s.b.f.s.DefaultListableBeanFactory - Creating instance of bean 'org.springframework.web.servlet.view.DefaultRequestToViewNameTranslator'
21:23:38.031 [Test worker] DEBUG o.s.b.f.s.DefaultListableBeanFactory - Finished creating instance of bean 'org.springframework.web.servlet.view.DefaultRequestToViewNameTranslator'
21:23:38.031 [Test worker] DEBUG o.s.t.w.s.TestDispatcherServlet - Unable to locate RequestToViewNameTranslator with name 'viewNameTranslator': using default [org.springframework.web.servlet.view.DefaultRequestToViewNameTranslator@7cbeefff]
21:23:38.031 [Test worker] DEBUG o.s.b.f.s.DefaultListableBeanFactory - Returning cached instance of singleton bean 'mvcViewResolver'
21:23:38.031 [Test worker] DEBUG o.s.b.f.s.DefaultListableBeanFactory - Returning cached instance of singleton bean 'viewResolver'
21:23:38.031 [Test worker] DEBUG o.s.b.f.s.DefaultListableBeanFactory - Creating instance of bean 'org.springframework.web.servlet.support.SessionFlashMapManager'
21:23:38.031 [Test worker] DEBUG o.s.b.f.s.DefaultListableBeanFactory - Finished creating instance of bean 'org.springframework.web.servlet.support.SessionFlashMapManager'
21:23:38.031 [Test worker] DEBUG o.s.t.w.s.TestDispatcherServlet - Unable to locate FlashMapManager with name 'flashMapManager': using default [org.springframework.web.servlet.support.SessionFlashMapManager@382813f9]
21:23:38.031 [Test worker] DEBUG o.s.t.w.s.TestDispatcherServlet - Published WebApplicationContext of servlet '' as ServletContext attribute with name [org.springframework.web.servlet.FrameworkServlet.CONTEXT.]
21:23:38.032 [Test worker] INFO  o.s.t.w.s.TestDispatcherServlet - FrameworkServlet '': initialization completed in 3 ms
21:23:38.032 [Test worker] DEBUG o.s.t.w.s.TestDispatcherServlet - Servlet '' configured successfully
21:23:38.032 [Test worker] DEBUG o.s.b.f.s.DefaultListableBeanFactory - Returning cached instance of singleton bean 'springSecurityFilterChain'
21:23:38.032 [Test worker] DEBUG o.s.test.util.ReflectionTestUtils - Invoking method 'getFilters' on target object [FilterChainProxy[Filter Chains: [[ org.springframework.security.web.util.matcher.AnyRequestMatcher@1, [org.springframework.security.web.context.request.async.WebAsyncManagerIntegrationFilter@3831309b, org.springframework.security.web.context.SecurityContextPersistenceFilter@4dd05ea8, org.springframework.security.web.header.HeaderWriterFilter@229691df, org.springframework.security.web.csrf.CsrfFilter@50007666, org.springframework.security.web.authentication.logout.LogoutFilter@35c323cf, org.springframework.security.web.authentication.UsernamePasswordAuthenticationFilter@20303e8e, org.springframework.security.web.authentication.ui.DefaultLoginPageGeneratingFilter@4db5d11, org.springframework.security.web.authentication.www.BasicAuthenticationFilter@f2fa866, org.springframework.security.web.savedrequest.RequestCacheAwareFilter@574bcc4b, org.springframework.security.web.servletapi.SecurityContextHolderAwareRequestFilter@5681ac1f, org.springframework.security.web.authentication.AnonymousAuthenticationFilter@3b307211, org.springframework.security.web.session.SessionManagementFilter@5ee31201, org.springframework.security.web.access.ExceptionTranslationFilter@f1eacd8, org.springframework.security.web.access.intercept.FilterSecurityInterceptor@4068f181]]]]] with arguments {org.springframework.mock.web.MockHttpServletRequest@3958b599}
21:23:38.032 [Test worker] DEBUG o.s.test.util.ReflectionTestUtils - Getting field 'repo' from target object [org.springframework.security.web.context.SecurityContextPersistenceFilter@4dd05ea8] or target class [class org.springframework.security.web.context.SecurityContextPersistenceFilter]
21:23:38.032 [Test worker] DEBUG o.s.s.w.c.HttpSessionSecurityContextRepository - No HttpSession currently exists
21:23:38.032 [Test worker] DEBUG o.s.s.w.c.HttpSessionSecurityContextRepository - No SecurityContext was available from the HttpSession: null. A new one will be created.
21:23:38.032 [Test worker] DEBUG o.s.s.w.c.HttpSessionSecurityContextRepository - HttpSession being created as SecurityContext is non-default
21:23:38.032 [Test worker] DEBUG o.s.s.w.c.HttpSessionSecurityContextRepository - SecurityContext 'org.springframework.security.core.context.SecurityContextImpl@ca25360: Authentication: org.springframework.security.authentication.UsernamePasswordAuthenticationToken@ca25360: Principal: org.springframework.security.core.userdetails.User@36ebcb: Username: user; Password: [PROTECTED]; Enabled: true; AccountNonExpired: true; credentialsNonExpired: true; AccountNonLocked: true; Granted Authorities: ROLE_USER; Credentials: [PROTECTED]; Authenticated: true; Details: null; Granted Authorities: ROLE_USER' stored to HttpSession: 'org.springframework.mock.web.MockHttpSession@35dd429d
21:23:38.033 [Test worker] DEBUG o.s.security.web.FilterChainProxy - / at position 1 of 14 in additional filter chain; firing Filter: 'WebAsyncManagerIntegrationFilter'
21:23:38.033 [Test worker] DEBUG o.s.security.web.FilterChainProxy - / at position 2 of 14 in additional filter chain; firing Filter: 'SecurityContextPersistenceFilter'
21:23:38.033 [Test worker] DEBUG o.s.s.w.c.HttpSessionSecurityContextRepository - Obtained a valid SecurityContext from SPRING_SECURITY_CONTEXT: 'org.springframework.security.core.context.SecurityContextImpl@ca25360: Authentication: org.springframework.security.authentication.UsernamePasswordAuthenticationToken@ca25360: Principal: org.springframework.security.core.userdetails.User@36ebcb: Username: user; Password: [PROTECTED]; Enabled: true; AccountNonExpired: true; credentialsNonExpired: true; AccountNonLocked: true; Granted Authorities: ROLE_USER; Credentials: [PROTECTED]; Authenticated: true; Details: null; Granted Authorities: ROLE_USER'
21:23:38.033 [Test worker] DEBUG o.s.security.web.FilterChainProxy - / at position 3 of 14 in additional filter chain; firing Filter: 'HeaderWriterFilter'
21:23:38.033 [Test worker] DEBUG o.s.s.w.h.writers.HstsHeaderWriter - Not injecting HSTS header since it did not match the requestMatcher org.springframework.security.web.header.writers.HstsHeaderWriter$SecureRequestMatcher@56aebca5
21:23:38.033 [Test worker] DEBUG o.s.security.web.FilterChainProxy - / at position 4 of 14 in additional filter chain; firing Filter: 'CsrfFilter'
21:23:38.033 [Test worker] DEBUG o.s.security.web.FilterChainProxy - / at position 5 of 14 in additional filter chain; firing Filter: 'LogoutFilter'
21:23:38.033 [Test worker] DEBUG o.s.s.w.u.m.AntPathRequestMatcher - Request 'GET /' doesn't match 'POST /logout
21:23:38.033 [Test worker] DEBUG o.s.security.web.FilterChainProxy - / at position 6 of 14 in additional filter chain; firing Filter: 'UsernamePasswordAuthenticationFilter'
21:23:38.033 [Test worker] DEBUG o.s.s.w.u.m.AntPathRequestMatcher - Request 'GET /' doesn't match 'POST /login
21:23:38.033 [Test worker] DEBUG o.s.security.web.FilterChainProxy - / at position 7 of 14 in additional filter chain; firing Filter: 'DefaultLoginPageGeneratingFilter'
21:23:38.033 [Test worker] DEBUG o.s.security.web.FilterChainProxy - / at position 8 of 14 in additional filter chain; firing Filter: 'BasicAuthenticationFilter'
21:23:38.033 [Test worker] DEBUG o.s.security.web.FilterChainProxy - / at position 9 of 14 in additional filter chain; firing Filter: 'RequestCacheAwareFilter'
21:23:38.033 [Test worker] DEBUG o.s.security.web.FilterChainProxy - / at position 10 of 14 in additional filter chain; firing Filter: 'SecurityContextHolderAwareRequestFilter'
21:23:38.033 [Test worker] DEBUG o.s.security.web.FilterChainProxy - / at position 11 of 14 in additional filter chain; firing Filter: 'AnonymousAuthenticationFilter'
21:23:38.033 [Test worker] DEBUG o.s.s.w.a.AnonymousAuthenticationFilter - SecurityContextHolder not populated with anonymous token, as it already contained: 'org.springframework.security.authentication.UsernamePasswordAuthenticationToken@ca25360: Principal: org.springframework.security.core.userdetails.User@36ebcb: Username: user; Password: [PROTECTED]; Enabled: true; AccountNonExpired: true; credentialsNonExpired: true; AccountNonLocked: true; Granted Authorities: ROLE_USER; Credentials: [PROTECTED]; Authenticated: true; Details: null; Granted Authorities: ROLE_USER'
21:23:38.033 [Test worker] DEBUG o.s.security.web.FilterChainProxy - / at position 12 of 14 in additional filter chain; firing Filter: 'SessionManagementFilter'
21:23:38.034 [Test worker] DEBUG o.s.security.web.FilterChainProxy - / at position 13 of 14 in additional filter chain; firing Filter: 'ExceptionTranslationFilter'
21:23:38.034 [Test worker] DEBUG o.s.security.web.FilterChainProxy - / at position 14 of 14 in additional filter chain; firing Filter: 'FilterSecurityInterceptor'
21:23:38.034 [Test worker] DEBUG o.s.s.w.a.i.FilterSecurityInterceptor - Secure object: FilterInvocation: URL: /; Attributes: [authenticated]
21:23:38.034 [Test worker] DEBUG o.s.s.w.a.i.FilterSecurityInterceptor - Previously Authenticated: org.springframework.security.authentication.UsernamePasswordAuthenticationToken@ca25360: Principal: org.springframework.security.core.userdetails.User@36ebcb: Username: user; Password: [PROTECTED]; Enabled: true; AccountNonExpired: true; credentialsNonExpired: true; AccountNonLocked: true; Granted Authorities: ROLE_USER; Credentials: [PROTECTED]; Authenticated: true; Details: null; Granted Authorities: ROLE_USER
21:23:38.034 [Test worker] DEBUG o.s.s.access.vote.AffirmativeBased - Voter: org.springframework.security.web.access.expression.WebExpressionVoter@12775b53, returned: 1
21:23:38.034 [Test worker] DEBUG o.s.s.w.a.i.FilterSecurityInterceptor - Authorization successful
21:23:38.034 [Test worker] DEBUG o.s.s.w.a.i.FilterSecurityInterceptor - RunAsManager did not change Authentication object
21:23:38.034 [Test worker] DEBUG o.s.security.web.FilterChainProxy - / reached end of additional filter chain; proceeding with original chain
21:23:38.036 [Test worker] DEBUG o.s.t.w.s.TestDispatcherServlet - DispatcherServlet with name '' processing GET request for [/]
21:23:38.037 [Test worker] DEBUG o.s.w.s.m.m.a.RequestMappingHandlerMapping - Looking up handler method for path /
21:23:38.040 [Test worker] DEBUG o.s.w.s.m.m.a.RequestMappingHandlerMapping - Returning handler method [public org.springframework.web.servlet.ModelAndView org.springframework.security.samples.mvc.MessageController.list()]
21:23:38.040 [Test worker] DEBUG o.s.b.f.s.DefaultListableBeanFactory - Returning cached instance of singleton bean 'messageController'
21:23:38.040 [Test worker] DEBUG o.s.t.w.s.TestDispatcherServlet - Last-Modified value for [/] is: -1
21:23:38.069 [Test worker] DEBUG o.s.d.r.c.s.TransactionalRepositoryProxyPostProcessor$CustomAnnotationTransactionAttributeSource - Adding transactional method 'findAll' with attribute: PROPAGATION_REQUIRED,ISOLATION_DEFAULT,readOnly; ''
21:23:38.069 [Test worker] DEBUG o.s.b.f.s.DefaultListableBeanFactory - Returning cached instance of singleton bean 'transactionManager'
21:23:38.069 [Test worker] DEBUG o.s.orm.jpa.JpaTransactionManager - Creating new transaction with name [org.springframework.data.jpa.repository.support.SimpleJpaRepository.findAll]: PROPAGATION_REQUIRED,ISOLATION_DEFAULT,readOnly; ''
21:23:38.069 [Test worker] DEBUG o.s.orm.jpa.JpaTransactionManager - Opened new EntityManager [org.hibernate.jpa.internal.EntityManagerImpl@78a9a79c] for JPA transaction
21:23:38.069 [Test worker] DEBUG o.s.j.d.SimpleDriverDataSource - Creating new JDBC Driver Connection to [jdbc:hsqldb:mem:testdb]
21:23:38.069 [Test worker] DEBUG o.s.jdbc.datasource.DataSourceUtils - Setting JDBC Connection [org.hsqldb.jdbc.JDBCConnection@7a1121cf] read-only
21:23:38.069 [Test worker] DEBUG o.h.e.t.internal.TransactionImpl - begin
21:23:38.069 [Test worker] DEBUG o.s.orm.jpa.JpaTransactionManager - Exposing JPA transaction as JDBC transaction [org.springframework.orm.jpa.vendor.HibernateJpaDialect$HibernateConnectionHandle@3f87f65e]
21:23:38.100 [Test worker] DEBUG o.h.jpa.criteria.CriteriaQueryImpl - Rendered criteria query -> select generatedAlias0 from Message as generatedAlias0
21:23:38.120 [Test worker] DEBUG o.h.h.i.QueryTranslatorFactoryInitiator - QueryTranslatorFactory : org.hibernate.hql.internal.ast.ASTQueryTranslatorFactory@7674940d
21:23:38.120 [Test worker] INFO  o.h.h.i.QueryTranslatorFactoryInitiator - HHH000397: Using ASTQueryTranslatorFactory
21:23:38.163 [Test worker] DEBUG o.h.h.i.ast.QueryTranslatorImpl - parse() - HQL: select generatedAlias0 from org.springframework.security.samples.data.Message as generatedAlias0
21:23:38.177 [Test worker] DEBUG o.h.h.i.ast.QueryTranslatorImpl - --- HQL AST ---
 \-[QUERY] Node: 'query'
    \-[SELECT_FROM] Node: 'SELECT_FROM'
       +-[FROM] Node: 'from'
       |  \-[RANGE] Node: 'RANGE'
       |     +-[DOT] Node: '.'
       |     |  +-[DOT] Node: '.'
       |     |  |  +-[DOT] Node: '.'
       |     |  |  |  +-[DOT] Node: '.'
       |     |  |  |  |  +-[DOT] Node: '.'
       |     |  |  |  |  |  +-[IDENT] Node: 'org'
       |     |  |  |  |  |  \-[IDENT] Node: 'springframework'
       |     |  |  |  |  \-[IDENT] Node: 'security'
       |     |  |  |  \-[IDENT] Node: 'samples'
       |     |  |  \-[IDENT] Node: 'data'
       |     |  \-[IDENT] Node: 'Message'
       |     \-[ALIAS] Node: 'generatedAlias0'
       \-[SELECT] Node: 'select'
          \-[IDENT] Node: 'generatedAlias0'

21:23:38.177 [Test worker] DEBUG o.h.hql.internal.ast.ErrorCounter - throwQueryException() : no errors
21:23:38.211 [Test worker] DEBUG o.h.h.i.antlr.HqlSqlBaseWalker - select << begin [level=1, statement=select]
21:23:38.232 [Test worker] DEBUG o.h.h.internal.ast.tree.FromElement - FromClause{level=1} : org.springframework.security.samples.data.Message (generatedAlias0) -> message0_
21:23:38.233 [Test worker] DEBUG o.h.h.i.ast.tree.FromReferenceNode - Resolved : generatedAlias0 -> message0_.id
21:23:38.236 [Test worker] DEBUG o.h.h.i.antlr.HqlSqlBaseWalker - select : finishing up [level=1, statement=select]
21:23:38.236 [Test worker] DEBUG o.h.hql.internal.ast.HqlSqlWalker - processQuery() :  ( SELECT ( {select clause} message0_.id ) ( FromClause{level=1} Message message0_ ) )
21:23:38.247 [Test worker] DEBUG o.h.h.i.ast.util.JoinProcessor - Using FROM fragment [Message message0_]
21:23:38.248 [Test worker] DEBUG o.h.h.i.antlr.HqlSqlBaseWalker - select >> end [level=1, statement=select]
21:23:38.248 [Test worker] DEBUG o.h.h.i.ast.QueryTranslatorImpl - --- SQL AST ---
 \-[SELECT] QueryNode: 'SELECT'  querySpaces (Message)
    +-[SELECT_CLAUSE] SelectClause: '{select clause}'
    |  +-[ALIAS_REF] IdentNode: 'message0_.id as id1_0_' {alias=generatedAlias0, className=org.springframework.security.samples.data.Message, tableAlias=message0_}
    |  \-[SQL_TOKEN] SqlFragment: 'message0_.created as created2_0_, message0_.summary as summary3_0_, message0_.text as text4_0_'
    \-[FROM] FromClause: 'from' FromClause{level=1, fromElementCounter=1, fromElements=1, fromElementByClassAlias=[generatedAlias0], fromElementByTableAlias=[message0_], fromElementsByPath=[], collectionJoinFromElementsByPath=[], impliedElements=[]}
       \-[FROM_FRAGMENT] FromElement: 'Message message0_' FromElement{explicit,not a collection join,not a fetch join,fetch non-lazy properties,classAlias=generatedAlias0,role=null,tableName=Message,tableAlias=message0_,origin=null,columns={,className=org.springframework.security.samples.data.Message}}

21:23:38.248 [Test worker] DEBUG o.h.hql.internal.ast.ErrorCounter - throwQueryException() : no errors
21:23:38.258 [Test worker] DEBUG o.h.h.i.ast.QueryTranslatorImpl - HQL: select generatedAlias0 from org.springframework.security.samples.data.Message as generatedAlias0
21:23:38.258 [Test worker] DEBUG o.h.h.i.ast.QueryTranslatorImpl - SQL: select message0_.id as id1_0_, message0_.created as created2_0_, message0_.summary as summary3_0_, message0_.text as text4_0_ from Message message0_
21:23:38.258 [Test worker] DEBUG o.h.hql.internal.ast.ErrorCounter - throwQueryException() : no errors
21:23:38.288 [Test worker] DEBUG org.hibernate.SQL - select message0_.id as id1_0_, message0_.created as created2_0_, message0_.summary as summary3_0_, message0_.text as text4_0_ from Message message0_
21:23:38.297 [Test worker] DEBUG org.hibernate.loader.Loader - Result set row: 0
21:23:38.303 [Test worker] DEBUG org.hibernate.loader.Loader - Result row: EntityKey[org.springframework.security.samples.data.Message#1]
21:23:38.317 [Test worker] DEBUG org.hibernate.loader.Loader - Result set row: 1
21:23:38.317 [Test worker] DEBUG org.hibernate.loader.Loader - Result row: EntityKey[org.springframework.security.samples.data.Message#2]
21:23:38.319 [Test worker] DEBUG o.h.engine.internal.TwoPhaseLoad - Resolving associations for [org.springframework.security.samples.data.Message#1]
21:23:38.323 [Test worker] DEBUG o.h.engine.internal.TwoPhaseLoad - Done materializing entity [org.springframework.security.samples.data.Message#1]
21:23:38.323 [Test worker] DEBUG o.h.engine.internal.TwoPhaseLoad - Resolving associations for [org.springframework.security.samples.data.Message#2]
21:23:38.323 [Test worker] DEBUG o.h.engine.internal.TwoPhaseLoad - Done materializing entity [org.springframework.security.samples.data.Message#2]
21:23:38.324 [Test worker] DEBUG o.s.orm.jpa.JpaTransactionManager - Initiating transaction commit
21:23:38.325 [Test worker] DEBUG o.s.orm.jpa.JpaTransactionManager - Committing JPA transaction on EntityManager [org.hibernate.jpa.internal.EntityManagerImpl@78a9a79c]
21:23:38.325 [Test worker] DEBUG o.h.e.t.internal.TransactionImpl - committing
21:23:38.325 [Test worker] DEBUG o.s.jdbc.datasource.DataSourceUtils - Resetting read-only flag of JDBC Connection [org.hsqldb.jdbc.JDBCConnection@7a1121cf]
21:23:38.325 [Test worker] DEBUG o.s.orm.jpa.JpaTransactionManager - Closing JPA EntityManager [org.hibernate.jpa.internal.EntityManagerImpl@78a9a79c] after transaction
21:23:38.325 [Test worker] DEBUG o.s.o.jpa.EntityManagerFactoryUtils - Closing JPA EntityManager
21:23:38.337 [Test worker] DEBUG o.s.t.w.s.TestDispatcherServlet - Rendering view [org.thymeleaf.spring4.view.ThymeleafView@9576232] in DispatcherServlet with name ''
21:23:38.341 [Test worker] DEBUG o.s.b.f.s.DefaultListableBeanFactory - Returning cached instance of singleton bean 'requestDataValueProcessor'
21:23:38.343 [Test worker] DEBUG org.thymeleaf.TemplateEngine - [THYMELEAF] INITIALIZING TEMPLATE ENGINE
21:23:38.552 [Test worker] DEBUG org.thymeleaf.TemplateEngine.CONFIG - Initializing Thymeleaf Template engine configuration...
[THYMELEAF] TEMPLATE ENGINE CONFIGURATION:
[THYMELEAF] * Thymeleaf version: 3.0.2.RELEASE (built 2016-09-28T22:12:42+0000)
[THYMELEAF] * Cache Manager implementation: org.thymeleaf.cache.StandardCacheManager
[THYMELEAF] * Template resolvers:
[THYMELEAF]     * org.thymeleaf.spring4.templateresolver.SpringResourceTemplateResolver
[THYMELEAF] * Message resolvers:
[THYMELEAF]     * org.thymeleaf.messageresolver.StandardMessageResolver
[THYMELEAF] * Link builders:
[THYMELEAF]     * org.thymeleaf.linkbuilder.StandardLinkBuilder
[THYMELEAF] * Dialect: SpringStandard (org.thymeleaf.spring4.dialect.SpringStandardDialect)
[THYMELEAF]     * Prefix: "th"
[THYMELEAF]     * Processors for Template Mode: HTML
[THYMELEAF]         * Element Tag Processors by [matching element and attribute name] [precedence]:
[THYMELEAF]             * [* {th:include,data-th-include}] [100]: org.thymeleaf.standard.processor.StandardIncludeTagProcessor
[THYMELEAF]             * [* {th:insert,data-th-insert}] [100]: org.thymeleaf.standard.processor.StandardInsertTagProcessor
[THYMELEAF]             * [* {th:replace,data-th-replace}] [100]: org.thymeleaf.standard.processor.StandardReplaceTagProcessor
[THYMELEAF]             * [* {th:substituteby,data-th-substituteby}] [100]: org.thymeleaf.standard.processor.StandardSubstituteByTagProcessor
[THYMELEAF]             * [* {th:each,data-th-each}] [200]: org.thymeleaf.standard.processor.StandardEachTagProcessor
[THYMELEAF]             * [* {th:switch,data-th-switch}] [250]: org.thymeleaf.standard.processor.StandardSwitchTagProcessor
[THYMELEAF]             * [* {th:case,data-th-case}] [275]: org.thymeleaf.standard.processor.StandardCaseTagProcessor
[THYMELEAF]             * [* {th:if,data-th-if}] [300]: org.thymeleaf.standard.processor.StandardIfTagProcessor
[THYMELEAF]             * [* {th:unless,data-th-unless}] [400]: org.thymeleaf.standard.processor.StandardUnlessTagProcessor
[THYMELEAF]             * [* {th:object,data-th-object}] [500]: org.thymeleaf.spring4.processor.SpringObjectTagProcessor
[THYMELEAF]             * [* {th:with,data-th-with}] [600]: org.thymeleaf.standard.processor.StandardWithTagProcessor
[THYMELEAF]             * [* {th:attr,data-th-attr}] [700]: org.thymeleaf.standard.processor.StandardAttrTagProcessor
[THYMELEAF]             * [* {th:attrprepend,data-th-attrprepend}] [800]: org.thymeleaf.standard.processor.StandardAttrprependTagProcessor
[THYMELEAF]             * [* {th:attrappend,data-th-attrappend}] [900]: org.thymeleaf.standard.processor.StandardAttrappendTagProcessor
[THYMELEAF]             * [* {th:method,data-th-method}] [990]: org.thymeleaf.spring4.processor.SpringMethodTagProcessor
[THYMELEAF]             * [* {th:alt-title,data-th-alt-title}] [990]: org.thymeleaf.standard.processor.StandardAltTitleTagProcessor
[THYMELEAF]             * [* {th:lang-xmllang,data-th-lang-xmllang}] [990]: org.thymeleaf.standard.processor.StandardLangXmlLangTagProcessor
[THYMELEAF]             * [* {th:action,data-th-action}] [1000]: org.thymeleaf.spring4.processor.SpringActionTagProcessor
[THYMELEAF]             * [* {th:href,data-th-href}] [1000]: org.thymeleaf.spring4.processor.SpringHrefTagProcessor
[THYMELEAF]             * [* {th:src,data-th-src}] [1000]: org.thymeleaf.spring4.processor.SpringSrcTagProcessor
[THYMELEAF]             * [* {th:declare,data-th-declare}] [1000]: org.thymeleaf.standard.processor.StandardConditionalFixedValueTagProcessor
[THYMELEAF]             * [* {th:nowrap,data-th-nowrap}] [1000]: org.thymeleaf.standard.processor.StandardConditionalFixedValueTagProcessor
[THYMELEAF]             * [* {th:reversed,data-th-reversed}] [1000]: org.thymeleaf.standard.processor.StandardConditionalFixedValueTagProcessor
[THYMELEAF]             * [* {th:loop,data-th-loop}] [1000]: org.thymeleaf.standard.processor.StandardConditionalFixedValueTagProcessor
[THYMELEAF]             * [* {th:scoped,data-th-scoped}] [1000]: org.thymeleaf.standard.processor.StandardConditionalFixedValueTagProcessor
[THYMELEAF]             * [* {th:seamless,data-th-seamless}] [1000]: org.thymeleaf.standard.processor.StandardConditionalFixedValueTagProcessor
[THYMELEAF]             * [* {th:hidden,data-th-hidden}] [1000]: org.thymeleaf.standard.processor.StandardConditionalFixedValueTagProcessor
[THYMELEAF]             * [* {th:disabled,data-th-disabled}] [1000]: org.thymeleaf.standard.processor.StandardConditionalFixedValueTagProcessor
[THYMELEAF]             * [* {th:multiple,data-th-multiple}] [1000]: org.thymeleaf.standard.processor.StandardConditionalFixedValueTagProcessor
[THYMELEAF]             * [* {th:autofocus,data-th-autofocus}] [1000]: org.thymeleaf.standard.processor.StandardConditionalFixedValueTagProcessor
[THYMELEAF]             * [* {th:selected,data-th-selected}] [1000]: org.thymeleaf.standard.processor.StandardConditionalFixedValueTagProcessor
[THYMELEAF]             * [* {th:ismap,data-th-ismap}] [1000]: org.thymeleaf.standard.processor.StandardConditionalFixedValueTagProcessor
[THYMELEAF]             * [* {th:readonly,data-th-readonly}] [1000]: org.thymeleaf.standard.processor.StandardConditionalFixedValueTagProcessor
[THYMELEAF]             * [* {th:default,data-th-default}] [1000]: org.thymeleaf.standard.processor.StandardConditionalFixedValueTagProcessor
[THYMELEAF]             * [* {th:autoplay,data-th-autoplay}] [1000]: org.thymeleaf.standard.processor.StandardConditionalFixedValueTagProcessor
[THYMELEAF]             * [* {th:formnovalidate,data-th-formnovalidate}] [1000]: org.thymeleaf.standard.processor.StandardConditionalFixedValueTagProcessor
[THYMELEAF]             * [* {th:checked,data-th-checked}] [1000]: org.thymeleaf.standard.processor.StandardConditionalFixedValueTagProcessor
[THYMELEAF]             * [* {th:defer,data-th-defer}] [1000]: org.thymeleaf.standard.processor.StandardConditionalFixedValueTagProcessor
[THYMELEAF]             * [* {th:async,data-th-async}] [1000]: org.thymeleaf.standard.processor.StandardConditionalFixedValueTagProcessor
[THYMELEAF]             * [* {th:controls,data-th-controls}] [1000]: org.thymeleaf.standard.processor.StandardConditionalFixedValueTagProcessor
[THYMELEAF]             * [* {th:required,data-th-required}] [1000]: org.thymeleaf.standard.processor.StandardConditionalFixedValueTagProcessor
[THYMELEAF]             * [* {th:open,data-th-open}] [1000]: org.thymeleaf.standard.processor.StandardConditionalFixedValueTagProcessor
[THYMELEAF]             * [* {th:pubdate,data-th-pubdate}] [1000]: org.thymeleaf.standard.processor.StandardConditionalFixedValueTagProcessor
[THYMELEAF]             * [* {th:novalidate,data-th-novalidate}] [1000]: org.thymeleaf.standard.processor.StandardConditionalFixedValueTagProcessor
[THYMELEAF]             * [* {th:inline,data-th-inline}] [1000]: org.thymeleaf.standard.processor.StandardInlineHTMLTagProcessor
[THYMELEAF]             * [* {th:type,data-th-type}] [1000]: org.thymeleaf.standard.processor.StandardNonRemovableAttributeTagProcessor
[THYMELEAF]             * [* {th:name,data-th-name}] [1000]: org.thymeleaf.standard.processor.StandardNonRemovableAttributeTagProcessor
[THYMELEAF]             * [* {th:valuetype,data-th-valuetype}] [1000]: org.thymeleaf.standard.processor.StandardRemovableAttributeTagProcessor
[THYMELEAF]             * [* {th:preload,data-th-preload}] [1000]: org.thymeleaf.standard.processor.StandardRemovableAttributeTagProcessor
[THYMELEAF]             * [* {th:onredo,data-th-onredo}] [1000]: org.thymeleaf.standard.processor.StandardRemovableAttributeTagProcessor
[THYMELEAF]             * [* {th:max,data-th-max}] [1000]: org.thymeleaf.standard.processor.StandardRemovableAttributeTagProcessor
[THYMELEAF]             * [* {th:onbeforeprint,data-th-onbeforeprint}] [1000]: org.thymeleaf.standard.processor.StandardRemovableAttributeTagProcessor
[THYMELEAF]             * [* {th:ondragleave,data-th-ondragleave}] [1000]: org.thymeleaf.standard.processor.StandardRemovableAttributeTagProcessor
[THYMELEAF]             * [* {th:list,data-th-list}] [1000]: org.thymeleaf.standard.processor.StandardRemovableAttributeTagProcessor
[THYMELEAF]             * [* {th:onabort,data-th-onabort}] [1000]: org.thymeleaf.standard.processor.StandardRemovableAttributeTagProcessor
[THYMELEAF]             * [* {th:ondragenter,data-th-ondragenter}] [1000]: org.thymeleaf.standard.processor.StandardRemovableAttributeTagProcessor
[THYMELEAF]             * [* {th:pattern,data-th-pattern}] [1000]: org.thymeleaf.standard.processor.StandardRemovableAttributeTagProcessor
[THYMELEAF]             * [* {th:onseeking,data-th-onseeking}] [1000]: org.thymeleaf.standard.processor.StandardRemovableAttributeTagProcessor
[THYMELEAF]             * [* {th:oninvalid,data-th-oninvalid}] [1000]: org.thymeleaf.standard.processor.StandardRemovableAttributeTagProcessor
[THYMELEAF]             * [* {th:contenteditable,data-th-contenteditable}] [1000]: org.thymeleaf.standard.processor.StandardRemovableAttributeTagProcessor
[THYMELEAF]             * [* {th:onshow,data-th-onshow}] [1000]: org.thymeleaf.standard.processor.StandardRemovableAttributeTagProcessor
[THYMELEAF]             * [* {th:autocomplete,data-th-autocomplete}] [1000]: org.thymeleaf.standard.processor.StandardRemovableAttributeTagProcessor
[THYMELEAF]             * [* {th:size,data-th-size}] [1000]: org.thymeleaf.standard.processor.StandardRemovableAttributeTagProcessor
[THYMELEAF]             * [* {th:kind,data-th-kind}] [1000]: org.thymeleaf.standard.processor.StandardRemovableAttributeTagProcessor
[THYMELEAF]             * [* {th:maxlength,data-th-maxlength}] [1000]: org.thymeleaf.standard.processor.StandardRemovableAttributeTagProcessor
[THYMELEAF]             * [* {th:contextmenu,data-th-contextmenu}] [1000]: org.thymeleaf.standard.processor.StandardRemovableAttributeTagProcessor
[THYMELEAF]             * [* {th:onreadystatechange,data-th-onreadystatechange}] [1000]: org.thymeleaf.standard.processor.StandardRemovableAttributeTagProcessor
[THYMELEAF]             * [* {th:onload,data-th-onload}] [1000]: org.thymeleaf.standard.processor.StandardRemovableAttributeTagProcessor
[THYMELEAF]             * [* {th:enctype,data-th-enctype}] [1000]: org.thymeleaf.standard.processor.StandardRemovableAttributeTagProcessor
[THYMELEAF]             * [* {th:accesskey,data-th-accesskey}] [1000]: org.thymeleaf.standard.processor.StandardRemovableAttributeTagProcessor
[THYMELEAF]             * [* {th:onkeydown,data-th-onkeydown}] [1000]: org.thymeleaf.standard.processor.StandardRemovableAttributeTagProcessor
[THYMELEAF]             * [* {th:lang,data-th-lang}] [1000]: org.thymeleaf.standard.processor.StandardRemovableAttributeTagProcessor
[THYMELEAF]             * [* {th:data,data-th-data}] [1000]: org.thymeleaf.standard.processor.StandardRemovableAttributeTagProcessor
[THYMELEAF]             * [* {th:media,data-th-media}] [1000]: org.thymeleaf.standard.processor.StandardRemovableAttributeTagProcessor
[THYMELEAF]             * [* {th:for,data-th-for}] [1000]: org.thymeleaf.standard.processor.StandardRemovableAttributeTagProcessor
[THYMELEAF]             * [* {th:draggable,data-th-draggable}] [1000]: org.thymeleaf.standard.processor.StandardRemovableAttributeTagProcessor
[THYMELEAF]             * [* {th:onbeforeunload,data-th-onbeforeunload}] [1000]: org.thymeleaf.standard.processor.StandardRemovableAttributeTagProcessor
[THYMELEAF]             * [* {th:sandbox,data-th-sandbox}] [1000]: org.thymeleaf.standard.processor.StandardRemovableAttributeTagProcessor
[THYMELEAF]             * [* {th:min,data-th-min}] [1000]: org.thymeleaf.standard.processor.StandardRemovableAttributeTagProcessor
[THYMELEAF]             * [* {th:manifest,data-th-manifest}] [1000]: org.thymeleaf.standard.processor.StandardRemovableAttributeTagProcessor
[THYMELEAF]             * [* {th:height,data-th-height}] [1000]: org.thymeleaf.standard.processor.StandardRemovableAttributeTagProcessor
[THYMELEAF]             * [* {th:onsuspend,data-th-onsuspend}] [1000]: org.thymeleaf.standard.processor.StandardRemovableAttributeTagProcessor
[THYMELEAF]             * [* {th:rowspan,data-th-rowspan}] [1000]: org.thymeleaf.standard.processor.StandardRemovableAttributeTagProcessor
[THYMELEAF]             * [* {th:onfocus,data-th-onfocus}] [1000]: org.thymeleaf.standard.processor.StandardRemovableAttributeTagProcessor
[THYMELEAF]             * [* {th:onmousewheel,data-th-onmousewheel}] [1000]: org.thymeleaf.standard.processor.StandardRemovableAttributeTagProcessor
[THYMELEAF]             * [* {th:hspace,data-th-hspace}] [1000]: org.thymeleaf.standard.processor.StandardRemovableAttributeTagProcessor
[THYMELEAF]             * [* {th:cols,data-th-cols}] [1000]: org.thymeleaf.standard.processor.StandardRemovableAttributeTagProcessor
[THYMELEAF]             * [* {th:onemptied,data-th-onemptied}] [1000]: org.thymeleaf.standard.processor.StandardRemovableAttributeTagProcessor
[THYMELEAF]             * [* {th:onmouseout,data-th-onmouseout}] [1000]: org.thymeleaf.standard.processor.StandardRemovableAttributeTagProcessor
[THYMELEAF]             * [* {th:style,data-th-style}] [1000]: org.thymeleaf.standard.processor.StandardRemovableAttributeTagProcessor
[THYMELEAF]             * [* {th:onmouseover,data-th-onmouseover}] [1000]: org.thymeleaf.standard.processor.StandardRemovableAttributeTagProcessor
[THYMELEAF]             * [* {th:onscroll,data-th-onscroll}] [1000]: org.thymeleaf.standard.processor.StandardRemovableAttributeTagProcessor
[THYMELEAF]             * [* {th:keytype,data-th-keytype}] [1000]: org.thymeleaf.standard.processor.StandardRemovableAttributeTagProcessor
[THYMELEAF]             * [* {th:ondurationchange,data-th-ondurationchange}] [1000]: org.thymeleaf.standard.processor.StandardRemovableAttributeTagProcessor
[THYMELEAF]             * [* {th:optimum,data-th-optimum}] [1000]: org.thymeleaf.standard.processor.StandardRemovableAttributeTagProcessor
[THYMELEAF]             * [* {th:codetype,data-th-codetype}] [1000]: org.thymeleaf.standard.processor.StandardRemovableAttributeTagProcessor
[THYMELEAF]             * [* {th:oncontextmenu,data-th-oncontextmenu}] [1000]: org.thymeleaf.standard.processor.StandardRemovableAttributeTagProcessor
[THYMELEAF]             * [* {th:wrap,data-th-wrap}] [1000]: org.thymeleaf.standard.processor.StandardRemovableAttributeTagProcessor
[THYMELEAF]             * [* {th:formtarget,data-th-formtarget}] [1000]: org.thymeleaf.standard.processor.StandardRemovableAttributeTagProcessor
[THYMELEAF]             * [* {th:frameborder,data-th-frameborder}] [1000]: org.thymeleaf.standard.processor.StandardRemovableAttributeTagProcessor
[THYMELEAF]             * [* {th:onkeyup,data-th-onkeyup}] [1000]: org.thymeleaf.standard.processor.StandardRemovableAttributeTagProcessor
[THYMELEAF]             * [* {th:challenge,data-th-challenge}] [1000]: org.thymeleaf.standard.processor.StandardRemovableAttributeTagProcessor
[THYMELEAF]             * [* {th:onforminput,data-th-onforminput}] [1000]: org.thymeleaf.standard.processor.StandardRemovableAttributeTagProcessor
[THYMELEAF]             * [* {th:http-equiv,data-th-http-equiv}] [1000]: org.thymeleaf.standard.processor.StandardRemovableAttributeTagProcessor
[THYMELEAF]             * [* {th:form,data-th-form}] [1000]: org.thymeleaf.standard.processor.StandardRemovableAttributeTagProcessor
[THYMELEAF]             * [* {th:onloadstart,data-th-onloadstart}] [1000]: org.thymeleaf.standard.processor.StandardRemovableAttributeTagProcessor
[THYMELEAF]             * [* {th:onunload,data-th-onunload}] [1000]: org.thymeleaf.standard.processor.StandardRemovableAttributeTagProcessor
[THYMELEAF]             * [* {th:accept,data-th-accept}] [1000]: org.thymeleaf.standard.processor.StandardRemovableAttributeTagProcessor
[THYMELEAF]             * [* {th:target,data-th-target}] [1000]: org.thymeleaf.standard.processor.StandardRemovableAttributeTagProcessor
[THYMELEAF]             * [* {th:ondrop,data-th-ondrop}] [1000]: org.thymeleaf.standard.processor.StandardRemovableAttributeTagProcessor
[THYMELEAF]             * [* {th:onundo,data-th-onundo}] [1000]: org.thymeleaf.standard.processor.StandardRemovableAttributeTagProcessor
[THYMELEAF]             * [* {th:onprogress,data-th-onprogress}] [1000]: org.thymeleaf.standard.processor.StandardRemovableAttributeTagProcessor
[THYMELEAF]             * [* {th:onwaiting,data-th-onwaiting}] [1000]: org.thymeleaf.standard.processor.StandardRemovableAttributeTagProcessor
[THYMELEAF]             * [* {th:id,data-th-id}] [1000]: org.thymeleaf.standard.processor.StandardRemovableAttributeTagProcessor
[THYMELEAF]             * [* {th:step,data-th-step}] [1000]: org.thymeleaf.standard.processor.StandardRemovableAttributeTagProcessor
[THYMELEAF]             * [* {th:hreflang,data-th-hreflang}] [1000]: org.thymeleaf.standard.processor.StandardRemovableAttributeTagProcessor
[THYMELEAF]             * [* {th:scope,data-th-scope}] [1000]: org.thymeleaf.standard.processor.StandardRemovableAttributeTagProcessor
[THYMELEAF]             * [* {th:onstalled,data-th-onstalled}] [1000]: org.thymeleaf.standard.processor.StandardRemovableAttributeTagProcessor
[THYMELEAF]             * [* {th:ondragend,data-th-ondragend}] [1000]: org.thymeleaf.standard.processor.StandardRemovableAttributeTagProcessor
[THYMELEAF]             * [* {th:poster,data-th-poster}] [1000]: org.thymeleaf.standard.processor.StandardRemovableAttributeTagProcessor
[THYMELEAF]             * [* {th:rel,data-th-rel}] [1000]: org.thymeleaf.standard.processor.StandardRemovableAttributeTagProcessor
[THYMELEAF]             * [* {th:scheme,data-th-scheme}] [1000]: org.thymeleaf.standard.processor.StandardRemovableAttributeTagProcessor
[THYMELEAF]             * [* {th:usemap,data-th-usemap}] [1000]: org.thymeleaf.standard.processor.StandardRemovableAttributeTagProcessor
[THYMELEAF]             * [* {th:classid,data-th-classid}] [1000]: org.thymeleaf.standard.processor.StandardRemovableAttributeTagProcessor
[THYMELEAF]             * [* {th:onpopstate,data-th-onpopstate}] [1000]: org.thymeleaf.standard.processor.StandardRemovableAttributeTagProcessor
[THYMELEAF]             * [* {th:marginheight,data-th-marginheight}] [1000]: org.thymeleaf.standard.processor.StandardRemovableAttributeTagProcessor
[THYMELEAF]             * [* {th:onmousemove,data-th-onmousemove}] [1000]: org.thymeleaf.standard.processor.StandardRemovableAttributeTagProcessor
[THYMELEAF]             * [* {th:tabindex,data-th-tabindex}] [1000]: org.thymeleaf.standard.processor.StandardRemovableAttributeTagProcessor
[THYMELEAF]             * [* {th:accept-charset,data-th-accept-charset}] [1000]: org.thymeleaf.standard.processor.StandardRemovableAttributeTagProcessor
[THYMELEAF]             * [* {th:formenctype,data-th-formenctype}] [1000]: org.thymeleaf.standard.processor.StandardRemovableAttributeTagProcessor
[THYMELEAF]             * [* {th:onchange,data-th-onchange}] [1000]: org.thymeleaf.standard.processor.StandardRemovableAttributeTagProcessor
[THYMELEAF]             * [* {th:onafterprint,data-th-onafterprint}] [1000]: org.thymeleaf.standard.processor.StandardRemovableAttributeTagProcessor
[THYMELEAF]             * [* {th:ononline,data-th-ononline}] [1000]: org.thymeleaf.standard.processor.StandardRemovableAttributeTagProcessor
[THYMELEAF]             * [* {th:rev,data-th-rev}] [1000]: org.thymeleaf.standard.processor.StandardRemovableAttributeTagProcessor
[THYMELEAF]             * [* {th:onblur,data-th-onblur}] [1000]: org.thymeleaf.standard.processor.StandardRemovableAttributeTagProcessor
[THYMELEAF]             * [* {th:class,data-th-class}] [1000]: org.thymeleaf.standard.processor.StandardRemovableAttributeTagProcessor
[THYMELEAF]             * [* {th:marginwidth,data-th-marginwidth}] [1000]: org.thymeleaf.standard.processor.StandardRemovableAttributeTagProcessor
[THYMELEAF]             * [* {th:low,data-th-low}] [1000]: org.thymeleaf.standard.processor.StandardRemovableAttributeTagProcessor
[THYMELEAF]             * [* {th:audio,data-th-audio}] [1000]: org.thymeleaf.standard.processor.StandardRemovableAttributeTagProcessor
[THYMELEAF]             * [* {th:onloadedmetadata,data-th-onloadedmetadata}] [1000]: org.thymeleaf.standard.processor.StandardRemovableAttributeTagProcessor
[THYMELEAF]             * [* {th:onreset,data-th-onreset}] [1000]: org.thymeleaf.standard.processor.StandardRemovableAttributeTagProcessor
[THYMELEAF]             * [* {th:onclick,data-th-onclick}] [1000]: org.thymeleaf.standard.processor.StandardRemovableAttributeTagProcessor
[THYMELEAF]             * [* {th:cite,data-th-cite}] [1000]: org.thymeleaf.standard.processor.StandardRemovableAttributeTagProcessor
[THYMELEAF]             * [* {th:radiogroup,data-th-radiogroup}] [1000]: org.thymeleaf.standard.processor.StandardRemovableAttributeTagProcessor
[THYMELEAF]             * [* {th:summary,data-th-summary}] [1000]: org.thymeleaf.standard.processor.StandardRemovableAttributeTagProcessor
[THYMELEAF]             * [* {th:ontimeupdate,data-th-ontimeupdate}] [1000]: org.thymeleaf.standard.processor.StandardRemovableAttributeTagProcessor
[THYMELEAF]             * [* {th:charset,data-th-charset}] [1000]: org.thymeleaf.standard.processor.StandardRemovableAttributeTagProcessor
[THYMELEAF]             * [* {th:codebase,data-th-codebase}] [1000]: org.thymeleaf.standard.processor.StandardRemovableAttributeTagProcessor
[THYMELEAF]             * [* {th:cellspacing,data-th-cellspacing}] [1000]: org.thymeleaf.standard.processor.StandardRemovableAttributeTagProcessor
[THYMELEAF]             * [* {th:icon,data-th-icon}] [1000]: org.thymeleaf.standard.processor.StandardRemovableAttributeTagProcessor
[THYMELEAF]             * [* {th:onsubmit,data-th-onsubmit}] [1000]: org.thymeleaf.standard.processor.StandardRemovableAttributeTagProcessor
[THYMELEAF]             * [* {th:bgcolor,data-th-bgcolor}] [1000]: org.thymeleaf.standard.processor.StandardRemovableAttributeTagProcessor
[THYMELEAF]             * [* {th:content,data-th-content}] [1000]: org.thymeleaf.standard.processor.StandardRemovableAttributeTagProcessor
[THYMELEAF]             * [* {th:formmethod,data-th-formmethod}] [1000]: org.thymeleaf.standard.processor.StandardRemovableAttributeTagProcessor
[THYMELEAF]             * [* {th:title,data-th-title}] [1000]: org.thymeleaf.standard.processor.StandardRemovableAttributeTagProcessor
[THYMELEAF]             * [* {th:label,data-th-label}] [1000]: org.thymeleaf.standard.processor.StandardRemovableAttributeTagProcessor
[THYMELEAF]             * [* {th:oncanplay,data-th-oncanplay}] [1000]: org.thymeleaf.standard.processor.StandardRemovableAttributeTagProcessor
[THYMELEAF]             * [* {th:formaction,data-th-formaction}] [1000]: org.thymeleaf.standard.processor.StandardRemovableAttributeTagProcessor
[THYMELEAF]             * [* {th:onplay,data-th-onplay}] [1000]: org.thymeleaf.standard.processor.StandardRemovableAttributeTagProcessor
[THYMELEAF]             * [* {th:onloadeddata,data-th-onloadeddata}] [1000]: org.thymeleaf.standard.processor.StandardRemovableAttributeTagProcessor
[THYMELEAF]             * [* {th:longdesc,data-th-longdesc}] [1000]: org.thymeleaf.standard.processor.StandardRemovableAttributeTagProcessor
[THYMELEAF]             * [* {th:start,data-th-start}] [1000]: org.thymeleaf.standard.processor.StandardRemovableAttributeTagProcessor
[THYMELEAF]             * [* {th:onresize,data-th-onresize}] [1000]: org.thymeleaf.standard.processor.StandardRemovableAttributeTagProcessor
[THYMELEAF]             * [* {th:onoffline,data-th-onoffline}] [1000]: org.thymeleaf.standard.processor.StandardRemovableAttributeTagProcessor
[THYMELEAF]             * [* {th:scrolling,data-th-scrolling}] [1000]: org.thymeleaf.standard.processor.StandardRemovableAttributeTagProcessor
[THYMELEAF]             * [* {th:dir,data-th-dir}] [1000]: org.thymeleaf.standard.processor.StandardRemovableAttributeTagProcessor
[THYMELEAF]             * [* {th:width,data-th-width}] [1000]: org.thymeleaf.standard.processor.StandardRemovableAttributeTagProcessor
[THYMELEAF]             * [* {th:ondragstart,data-th-ondragstart}] [1000]: org.thymeleaf.standard.processor.StandardRemovableAttributeTagProcessor
[THYMELEAF]             * [* {th:sizes,data-th-sizes}] [1000]: org.thymeleaf.standard.processor.StandardRemovableAttributeTagProcessor
[THYMELEAF]             * [* {th:span,data-th-span}] [1000]: org.thymeleaf.standard.processor.StandardRemovableAttributeTagProcessor
[THYMELEAF]             * [* {th:srclang,data-th-srclang}] [1000]: org.thymeleaf.standard.processor.StandardRemovableAttributeTagProcessor
[THYMELEAF]             * [* {th:axis,data-th-axis}] [1000]: org.thymeleaf.standard.processor.StandardRemovableAttributeTagProcessor
[THYMELEAF]             * [* {th:onpause,data-th-onpause}] [1000]: org.thymeleaf.standard.processor.StandardRemovableAttributeTagProcessor
[THYMELEAF]             * [* {th:onended,data-th-onended}] [1000]: org.thymeleaf.standard.processor.StandardRemovableAttributeTagProcessor
[THYMELEAF]             * [* {th:dropzone,data-th-dropzone}] [1000]: org.thymeleaf.standard.processor.StandardRemovableAttributeTagProcessor
[THYMELEAF]             * [* {th:high,data-th-high}] [1000]: org.thymeleaf.standard.processor.StandardRemovableAttributeTagProcessor
[THYMELEAF]             * [* {th:oninput,data-th-oninput}] [1000]: org.thymeleaf.standard.processor.StandardRemovableAttributeTagProcessor
[THYMELEAF]             * [* {th:rows,data-th-rows}] [1000]: org.thymeleaf.standard.processor.StandardRemovableAttributeTagProcessor
[THYMELEAF]             * [* {th:standby,data-th-standby}] [1000]: org.thymeleaf.standard.processor.StandardRemovableAttributeTagProcessor
[THYMELEAF]             * [* {th:cellpadding,data-th-cellpadding}] [1000]: org.thymeleaf.standard.processor.StandardRemovableAttributeTagProcessor
[THYMELEAF]             * [* {th:onkeypress,data-th-onkeypress}] [1000]: org.thymeleaf.standard.processor.StandardRemovableAttributeTagProcessor
[THYMELEAF]             * [* {th:frame,data-th-frame}] [1000]: org.thymeleaf.standard.processor.StandardRemovableAttributeTagProcessor
[THYMELEAF]             * [* {th:archive,data-th-archive}] [1000]: org.thymeleaf.standard.processor.StandardRemovableAttributeTagProcessor
[THYMELEAF]             * [* {th:onvolumechange,data-th-onvolumechange}] [1000]: org.thymeleaf.standard.processor.StandardRemovableAttributeTagProcessor
[THYMELEAF]             * [* {th:abbr,data-th-abbr}] [1000]: org.thymeleaf.standard.processor.StandardRemovableAttributeTagProcessor
[THYMELEAF]             * [* {th:border,data-th-border}] [1000]: org.thymeleaf.standard.processor.StandardRemovableAttributeTagProcessor
[THYMELEAF]             * [* {th:ondrag,data-th-ondrag}] [1000]: org.thymeleaf.standard.processor.StandardRemovableAttributeTagProcessor
[THYMELEAF]             * [* {th:vspace,data-th-vspace}] [1000]: org.thymeleaf.standard.processor.StandardRemovableAttributeTagProcessor
[THYMELEAF]             * [* {th:headers,data-th-headers}] [1000]: org.thymeleaf.standard.processor.StandardRemovableAttributeTagProcessor
[THYMELEAF]             * [* {th:onratechange,data-th-onratechange}] [1000]: org.thymeleaf.standard.processor.StandardRemovableAttributeTagProcessor
[THYMELEAF]             * [* {th:onmouseup,data-th-onmouseup}] [1000]: org.thymeleaf.standard.processor.StandardRemovableAttributeTagProcessor
[THYMELEAF]             * [* {th:align,data-th-align}] [1000]: org.thymeleaf.standard.processor.StandardRemovableAttributeTagProcessor
[THYMELEAF]             * [* {th:background,data-th-background}] [1000]: org.thymeleaf.standard.processor.StandardRemovableAttributeTagProcessor
[THYMELEAF]             * [* {th:spellcheck,data-th-spellcheck}] [1000]: org.thymeleaf.standard.processor.StandardRemovableAttributeTagProcessor
[THYMELEAF]             * [* {th:onplaying,data-th-onplaying}] [1000]: org.thymeleaf.standard.processor.StandardRemovableAttributeTagProcessor
[THYMELEAF]             * [* {th:onseeked,data-th-onseeked}] [1000]: org.thymeleaf.standard.processor.StandardRemovableAttributeTagProcessor
[THYMELEAF]             * [* {th:placeholder,data-th-placeholder}] [1000]: org.thymeleaf.standard.processor.StandardRemovableAttributeTagProcessor
[THYMELEAF]             * [* {th:onmousedown,data-th-onmousedown}] [1000]: org.thymeleaf.standard.processor.StandardRemovableAttributeTagProcessor
[THYMELEAF]             * [* {th:oncanplaythrough,data-th-oncanplaythrough}] [1000]: org.thymeleaf.standard.processor.StandardRemovableAttributeTagProcessor
[THYMELEAF]             * [* {th:alt,data-th-alt}] [1000]: org.thymeleaf.standard.processor.StandardRemovableAttributeTagProcessor
[THYMELEAF]             * [* {th:onformchange,data-th-onformchange}] [1000]: org.thymeleaf.standard.processor.StandardRemovableAttributeTagProcessor
[THYMELEAF]             * [* {th:datetime,data-th-datetime}] [1000]: org.thymeleaf.standard.processor.StandardRemovableAttributeTagProcessor
[THYMELEAF]             * [* {th:compact,data-th-compact}] [1000]: org.thymeleaf.standard.processor.StandardRemovableAttributeTagProcessor
[THYMELEAF]             * [* {th:rules,data-th-rules}] [1000]: org.thymeleaf.standard.processor.StandardRemovableAttributeTagProcessor
[THYMELEAF]             * [* {th:onmessage,data-th-onmessage}] [1000]: org.thymeleaf.standard.processor.StandardRemovableAttributeTagProcessor
[THYMELEAF]             * [* {th:onstorage,data-th-onstorage}] [1000]: org.thymeleaf.standard.processor.StandardRemovableAttributeTagProcessor
[THYMELEAF]             * [* {th:colspan,data-th-colspan}] [1000]: org.thymeleaf.standard.processor.StandardRemovableAttributeTagProcessor
[THYMELEAF]             * [* {th:onhashchange,data-th-onhashchange}] [1000]: org.thymeleaf.standard.processor.StandardRemovableAttributeTagProcessor
[THYMELEAF]             * [* {th:onerror,data-th-onerror}] [1000]: org.thymeleaf.standard.processor.StandardRemovableAttributeTagProcessor
[THYMELEAF]             * [* {th:ondragover,data-th-ondragover}] [1000]: org.thymeleaf.standard.processor.StandardRemovableAttributeTagProcessor
[THYMELEAF]             * [* {th:onselect,data-th-onselect}] [1000]: org.thymeleaf.standard.processor.StandardRemovableAttributeTagProcessor
[THYMELEAF]             * [* {th:ondblclick,data-th-ondblclick}] [1000]: org.thymeleaf.standard.processor.StandardRemovableAttributeTagProcessor
[THYMELEAF]             * [* {th:xmlbase,data-th-xmlbase}] [1000]: org.thymeleaf.standard.processor.StandardXmlBaseTagProcessor
[THYMELEAF]             * [* {th:xmllang,data-th-xmllang}] [1000]: org.thymeleaf.standard.processor.StandardXmlLangTagProcessor
[THYMELEAF]             * [* {xmlns:th}] [1000]: org.thymeleaf.standard.processor.StandardXmlNsTagProcessor
[THYMELEAF]             * [* {th:xmlspace,data-th-xmlspace}] [1000]: org.thymeleaf.standard.processor.StandardXmlSpaceTagProcessor
[THYMELEAF]             * [{option} *] [1005]: org.thymeleaf.spring4.processor.SpringOptionInSelectFieldTagProcessor
[THYMELEAF]             * [* {th:value,data-th-value}] [1010]: org.thymeleaf.spring4.processor.SpringValueTagProcessor
[THYMELEAF]             * [* {th:classappend,data-th-classappend}] [1100]: org.thymeleaf.standard.processor.StandardClassappendTagProcessor
[THYMELEAF]             * [* {th:styleappend,data-th-styleappend}] [1100]: org.thymeleaf.standard.processor.StandardStyleappendTagProcessor
[THYMELEAF]             * [* {th:errors,data-th-errors}] [1200]: org.thymeleaf.spring4.processor.SpringErrorsTagProcessor
[THYMELEAF]             * [{input} {th:field,data-th-field}] [1200]: org.thymeleaf.spring4.processor.SpringInputCheckboxFieldTagProcessor
[THYMELEAF]             * [{input} {th:field,data-th-field}] [1200]: org.thymeleaf.spring4.processor.SpringInputFileFieldTagProcessor
[THYMELEAF]             * [{input} {th:field,data-th-field}] [1200]: org.thymeleaf.spring4.processor.SpringInputGeneralFieldTagProcessor
[THYMELEAF]             * [{input} {th:field,data-th-field}] [1200]: org.thymeleaf.spring4.processor.SpringInputPasswordFieldTagProcessor
[THYMELEAF]             * [{input} {th:field,data-th-field}] [1200]: org.thymeleaf.spring4.processor.SpringInputRadioFieldTagProcessor
[THYMELEAF]             * [{option} {th:field,data-th-field}] [1200]: org.thymeleaf.spring4.processor.SpringOptionFieldTagProcessor
[THYMELEAF]             * [{select} {th:field,data-th-field}] [1200]: org.thymeleaf.spring4.processor.SpringSelectFieldTagProcessor
[THYMELEAF]             * [{textarea} {th:field,data-th-field}] [1200]: org.thymeleaf.spring4.processor.SpringTextareaFieldTagProcessor
[THYMELEAF]             * [* {th:text,data-th-text}] [1300]: org.thymeleaf.standard.processor.StandardTextTagProcessor
[THYMELEAF]             * [* {th:utext,data-th-utext}] [1400]: org.thymeleaf.standard.processor.StandardUtextTagProcessor
[THYMELEAF]             * [* {th:errorclass,data-th-errorclass}] [1500]: org.thymeleaf.spring4.processor.SpringErrorClassTagProcessor
[THYMELEAF]             * [* {th:fragment,data-th-fragment}] [1500]: org.thymeleaf.standard.processor.StandardFragmentTagProcessor
[THYMELEAF]             * [* {th:assert,data-th-assert}] [1550]: org.thymeleaf.standard.processor.StandardAssertTagProcessor
[THYMELEAF]             * [* {th:remove,data-th-remove}] [1600]: org.thymeleaf.standard.processor.StandardRemoveTagProcessor
[THYMELEAF]             * [* {th:ref,data-th-ref}] [10000]: org.thymeleaf.standard.processor.StandardRefAttributeTagProcessor
[THYMELEAF]             * [{th:block,th-block} *] [100000]: org.thymeleaf.standard.processor.StandardBlockTagProcessor
[THYMELEAF]             * [* th:*] [2147483647]: org.thymeleaf.standard.processor.StandardDefaultAttributesTagProcessor
[THYMELEAF]         * Text Processors by [precedence]:
[THYMELEAF]             * [1000]: org.thymeleaf.standard.processor.StandardInliningTextProcessor
[THYMELEAF]         * DOCTYPE Processors by [precedence]:
[THYMELEAF]             * [1000]: org.thymeleaf.spring4.processor.SpringTranslationDocTypeProcessor
[THYMELEAF]             * [1000]: org.thymeleaf.standard.processor.StandardTranslationDocTypeProcessor
[THYMELEAF]         * CDATA Section Processors by [precedence]:
[THYMELEAF]             * [1000]: org.thymeleaf.standard.processor.StandardInliningCDATASectionProcessor
[THYMELEAF]         * Comment Processors by [precedence]:
[THYMELEAF]             * [1000]: org.thymeleaf.standard.processor.StandardInliningCommentProcessor
[THYMELEAF]             * [1100]: org.thymeleaf.standard.processor.StandardConditionalCommentProcessor
[THYMELEAF]     * Processors for Template Mode: XML
[THYMELEAF]         * Element Tag Processors by [matching element and attribute name] [precedence]:
[THYMELEAF]             * [* {th:include}] [100]: org.thymeleaf.standard.processor.StandardIncludeTagProcessor
[THYMELEAF]             * [* {th:insert}] [100]: org.thymeleaf.standard.processor.StandardInsertTagProcessor
[THYMELEAF]             * [* {th:replace}] [100]: org.thymeleaf.standard.processor.StandardReplaceTagProcessor
[THYMELEAF]             * [* {th:substituteby}] [100]: org.thymeleaf.standard.processor.StandardSubstituteByTagProcessor
[THYMELEAF]             * [* {th:each}] [200]: org.thymeleaf.standard.processor.StandardEachTagProcessor
[THYMELEAF]             * [* {th:switch}] [250]: org.thymeleaf.standard.processor.StandardSwitchTagProcessor
[THYMELEAF]             * [* {th:case}] [275]: org.thymeleaf.standard.processor.StandardCaseTagProcessor
[THYMELEAF]             * [* {th:if}] [300]: org.thymeleaf.standard.processor.StandardIfTagProcessor
[THYMELEAF]             * [* {th:unless}] [400]: org.thymeleaf.standard.processor.StandardUnlessTagProcessor
[THYMELEAF]             * [* {th:object}] [500]: org.thymeleaf.standard.processor.StandardObjectTagProcessor
[THYMELEAF]             * [* {th:with}] [600]: org.thymeleaf.standard.processor.StandardWithTagProcessor
[THYMELEAF]             * [* {th:attr}] [700]: org.thymeleaf.standard.processor.StandardAttrTagProcessor
[THYMELEAF]             * [* {th:attrprepend}] [800]: org.thymeleaf.standard.processor.StandardAttrprependTagProcessor
[THYMELEAF]             * [* {th:attrappend}] [900]: org.thymeleaf.standard.processor.StandardAttrappendTagProcessor
[THYMELEAF]             * [* {th:inline}] [1000]: org.thymeleaf.standard.processor.StandardInlineXMLTagProcessor
[THYMELEAF]             * [* {xmlns:th}] [1000]: org.thymeleaf.standard.processor.StandardXmlNsTagProcessor
[THYMELEAF]             * [* {th:text}] [1300]: org.thymeleaf.standard.processor.StandardTextTagProcessor
[THYMELEAF]             * [* {th:utext}] [1400]: org.thymeleaf.standard.processor.StandardUtextTagProcessor
[THYMELEAF]             * [* {th:fragment}] [1500]: org.thymeleaf.standard.processor.StandardFragmentTagProcessor
[THYMELEAF]             * [* {th:assert}] [1550]: org.thymeleaf.standard.processor.StandardAssertTagProcessor
[THYMELEAF]             * [* {th:remove}] [1600]: org.thymeleaf.standard.processor.StandardRemoveTagProcessor
[THYMELEAF]             * [* {th:ref}] [10000]: org.thymeleaf.standard.processor.StandardRefAttributeTagProcessor
[THYMELEAF]             * [{th:block} *] [100000]: org.thymeleaf.standard.processor.StandardBlockTagProcessor
[THYMELEAF]             * [* th:*] [2147483647]: org.thymeleaf.standard.processor.StandardDefaultAttributesTagProcessor
[THYMELEAF]         * Text Processors by [precedence]:
[THYMELEAF]             * [1000]: org.thymeleaf.standard.processor.StandardInliningTextProcessor
[THYMELEAF]         * CDATA Section Processors by [precedence]:
[THYMELEAF]             * [1000]: org.thymeleaf.standard.processor.StandardInliningCDATASectionProcessor
[THYMELEAF]         * Comment Processors by [precedence]:
[THYMELEAF]             * [1000]: org.thymeleaf.standard.processor.StandardInliningCommentProcessor
[THYMELEAF]     * Processors for Template Mode: TEXT
[THYMELEAF]         * Element Tag Processors by [matching element and attribute name] [precedence]:
[THYMELEAF]             * [* {th:insert}] [100]: org.thymeleaf.standard.processor.StandardInsertTagProcessor
[THYMELEAF]             * [* {th:replace}] [100]: org.thymeleaf.standard.processor.StandardReplaceTagProcessor
[THYMELEAF]             * [* {th:each}] [200]: org.thymeleaf.standard.processor.StandardEachTagProcessor
[THYMELEAF]             * [* {th:switch}] [250]: org.thymeleaf.standard.processor.StandardSwitchTagProcessor
[THYMELEAF]             * [* {th:case}] [275]: org.thymeleaf.standard.processor.StandardCaseTagProcessor
[THYMELEAF]             * [* {th:if}] [300]: org.thymeleaf.standard.processor.StandardIfTagProcessor
[THYMELEAF]             * [* {th:unless}] [400]: org.thymeleaf.standard.processor.StandardUnlessTagProcessor
[THYMELEAF]             * [* {th:object}] [500]: org.thymeleaf.standard.processor.StandardObjectTagProcessor
[THYMELEAF]             * [* {th:with}] [600]: org.thymeleaf.standard.processor.StandardWithTagProcessor
[THYMELEAF]             * [* {th:inline}] [1000]: org.thymeleaf.standard.processor.StandardInlineTextualTagProcessor
[THYMELEAF]             * [* {th:text}] [1300]: org.thymeleaf.standard.processor.StandardTextTagProcessor
[THYMELEAF]             * [* {th:utext}] [1400]: org.thymeleaf.standard.processor.StandardUtextTagProcessor
[THYMELEAF]             * [* {th:assert}] [1550]: org.thymeleaf.standard.processor.StandardAssertTagProcessor
[THYMELEAF]             * [* {th:remove}] [1600]: org.thymeleaf.standard.processor.StandardRemoveTagProcessor
[THYMELEAF]             * [{th:block} *] [100000]: org.thymeleaf.standard.processor.StandardBlockTagProcessor
[THYMELEAF]             * [* 100000] [org.thymeleaf.standard.processor.StandardBlockTagProcessor]: {}
[THYMELEAF]         * Text Processors by [precedence]:
[THYMELEAF]             * [1000]: org.thymeleaf.standard.processor.StandardInliningTextProcessor
[THYMELEAF]     * Processors for Template Mode: JAVASCRIPT
[THYMELEAF]         * Element Tag Processors by [matching element and attribute name] [precedence]:
[THYMELEAF]             * [* {th:insert}] [100]: org.thymeleaf.standard.processor.StandardInsertTagProcessor
[THYMELEAF]             * [* {th:replace}] [100]: org.thymeleaf.standard.processor.StandardReplaceTagProcessor
[THYMELEAF]             * [* {th:each}] [200]: org.thymeleaf.standard.processor.StandardEachTagProcessor
[THYMELEAF]             * [* {th:switch}] [250]: org.thymeleaf.standard.processor.StandardSwitchTagProcessor
[THYMELEAF]             * [* {th:case}] [275]: org.thymeleaf.standard.processor.StandardCaseTagProcessor
[THYMELEAF]             * [* {th:if}] [300]: org.thymeleaf.standard.processor.StandardIfTagProcessor
[THYMELEAF]             * [* {th:unless}] [400]: org.thymeleaf.standard.processor.StandardUnlessTagProcessor
[THYMELEAF]             * [* {th:object}] [500]: org.thymeleaf.standard.processor.StandardObjectTagProcessor
[THYMELEAF]             * [* {th:with}] [600]: org.thymeleaf.standard.processor.StandardWithTagProcessor
[THYMELEAF]             * [* {th:inline}] [1000]: org.thymeleaf.standard.processor.StandardInlineTextualTagProcessor
[THYMELEAF]             * [* {th:text}] [1300]: org.thymeleaf.standard.processor.StandardTextTagProcessor
[THYMELEAF]             * [* {th:utext}] [1400]: org.thymeleaf.standard.processor.StandardUtextTagProcessor
[THYMELEAF]             * [* {th:assert}] [1550]: org.thymeleaf.standard.processor.StandardAssertTagProcessor
[THYMELEAF]             * [* {th:remove}] [1600]: org.thymeleaf.standard.processor.StandardRemoveTagProcessor
[THYMELEAF]             * [{th:block} *] [100000]: org.thymeleaf.standard.processor.StandardBlockTagProcessor
[THYMELEAF]             * [* 100000] [org.thymeleaf.standard.processor.StandardBlockTagProcessor]: {}
[THYMELEAF]         * Text Processors by [precedence]:
[THYMELEAF]             * [1000]: org.thymeleaf.standard.processor.StandardInliningTextProcessor
[THYMELEAF]     * Processors for Template Mode: CSS
[THYMELEAF]         * Element Tag Processors by [matching element and attribute name] [precedence]:
[THYMELEAF]             * [* {th:insert}] [100]: org.thymeleaf.standard.processor.StandardInsertTagProcessor
[THYMELEAF]             * [* {th:replace}] [100]: org.thymeleaf.standard.processor.StandardReplaceTagProcessor
[THYMELEAF]             * [* {th:each}] [200]: org.thymeleaf.standard.processor.StandardEachTagProcessor
[THYMELEAF]             * [* {th:switch}] [250]: org.thymeleaf.standard.processor.StandardSwitchTagProcessor
[THYMELEAF]             * [* {th:case}] [275]: org.thymeleaf.standard.processor.StandardCaseTagProcessor
[THYMELEAF]             * [* {th:if}] [300]: org.thymeleaf.standard.processor.StandardIfTagProcessor
[THYMELEAF]             * [* {th:unless}] [400]: org.thymeleaf.standard.processor.StandardUnlessTagProcessor
[THYMELEAF]             * [* {th:object}] [500]: org.thymeleaf.standard.processor.StandardObjectTagProcessor
[THYMELEAF]             * [* {th:with}] [600]: org.thymeleaf.standard.processor.StandardWithTagProcessor
[THYMELEAF]             * [* {th:inline}] [1000]: org.thymeleaf.standard.processor.StandardInlineTextualTagProcessor
[THYMELEAF]             * [* {th:text}] [1300]: org.thymeleaf.standard.processor.StandardTextTagProcessor
[THYMELEAF]             * [* {th:utext}] [1400]: org.thymeleaf.standard.processor.StandardUtextTagProcessor
[THYMELEAF]             * [* {th:assert}] [1550]: org.thymeleaf.standard.processor.StandardAssertTagProcessor
[THYMELEAF]             * [* {th:remove}] [1600]: org.thymeleaf.standard.processor.StandardRemoveTagProcessor
[THYMELEAF]             * [* 100000] [org.thymeleaf.standard.processor.StandardBlockTagProcessor]: {}
[THYMELEAF]             * [{th:block} *] [100000]: org.thymeleaf.standard.processor.StandardBlockTagProcessor
[THYMELEAF]         * Text Processors by [precedence]:
[THYMELEAF]             * [1000]: org.thymeleaf.standard.processor.StandardInliningTextProcessor
[THYMELEAF]     * Expression Objects:
[THYMELEAF]         * #ctx
[THYMELEAF]         * #root
[THYMELEAF]         * #vars
[THYMELEAF]         * #object
[THYMELEAF]         * #locale
[THYMELEAF]         * #request
[THYMELEAF]         * #response
[THYMELEAF]         * #session
[THYMELEAF]         * #servletContext
[THYMELEAF]         * #conversions
[THYMELEAF]         * #uris
[THYMELEAF]         * #calendars
[THYMELEAF]         * #dates
[THYMELEAF]         * #bools
[THYMELEAF]         * #numbers
[THYMELEAF]         * #objects
[THYMELEAF]         * #strings
[THYMELEAF]         * #arrays
[THYMELEAF]         * #lists
[THYMELEAF]         * #sets
[THYMELEAF]         * #maps
[THYMELEAF]         * #aggregates
[THYMELEAF]         * #messages
[THYMELEAF]         * #ids
[THYMELEAF]         * #execInfo
[THYMELEAF]         * #httpServletRequest
[THYMELEAF]         * #httpSession
[THYMELEAF]         * #fields
[THYMELEAF]         * #themes
[THYMELEAF]         * #mvc
[THYMELEAF]         * #requestdatavalues
[THYMELEAF]     * Execution Attributes:
[THYMELEAF]         * "StandardExpressionParser": Standard Expression Parser
[THYMELEAF]         * "StandardJavaScriptSerializer": org.thymeleaf.standard.serializer.StandardJavaScriptSerializer@6ff61eb0
[THYMELEAF]         * "StandardCSSSerializer": org.thymeleaf.standard.serializer.StandardCSSSerializer@d128cca
[THYMELEAF]         * "EnableSpringELCompiler": true
[THYMELEAF]         * "StandardVariableExpressionEvaluator": SpringEL
[THYMELEAF]         * "StandardConversionService": org.thymeleaf.spring4.expression.SpringStandardConversionService@11de95c6
[THYMELEAF] TEMPLATE ENGINE CONFIGURED OK
21:23:38.553 [Test worker] DEBUG org.thymeleaf.TemplateEngine - [THYMELEAF] TEMPLATE ENGINE INITIALIZED
21:23:38.869 [Test worker] DEBUG o.s.t.w.s.TestDispatcherServlet - Successfully completed request
21:23:38.870 [Test worker] DEBUG o.s.b.f.s.DefaultListableBeanFactory - Returning cached instance of singleton bean 'delegatingApplicationListener'
21:23:38.870 [Test worker] DEBUG o.s.s.w.a.ExceptionTranslationFilter - Chain processed normally
21:23:38.870 [Test worker] DEBUG o.s.s.w.c.SecurityContextPersistenceFilter - SecurityContextHolder now cleared, as request processing completed
21:23:38.870 [Test worker] DEBUG o.s.t.c.s.AbstractDirtiesContextTestExecutionListener - After test method: context [DefaultTestContext@146fbd8 testClass = SecurityConfigTests, testInstance = org.springframework.security.samples.config.SecurityConfigTests@22a98746, testMethod = requestProtectedResourceWithUser@SecurityConfigTests, testException = [null], mergedContextConfiguration = [WebMergedContextConfiguration@1aa0e92b testClass = SecurityConfigTests, locations = '{}', classes = '{class org.springframework.security.samples.config.RootConfiguration, class org.springframework.security.samples.mvc.config.WebMvcConfiguration}', contextInitializerClasses = '[]', activeProfiles = '{}', propertySourceLocations = '{}', propertySourceProperties = '{}', contextCustomizers = set[[empty]], resourceBasePath = 'src/main/webapp', contextLoader = 'org.springframework.test.context.web.WebDelegatingSmartContextLoader', parent = [null]]], class annotated with @DirtiesContext [false] with mode [null], method annotated with @DirtiesContext [false] with mode [null].
21:23:38.870 [Test worker] DEBUG o.s.t.c.w.ServletTestExecutionListener - Resetting RequestContextHolder for test context [DefaultTestContext@146fbd8 testClass = SecurityConfigTests, testInstance = org.springframework.security.samples.config.SecurityConfigTests@22a98746, testMethod = requestProtectedResourceWithUser@SecurityConfigTests, testException = [null], mergedContextConfiguration = [WebMergedContextConfiguration@1aa0e92b testClass = SecurityConfigTests, locations = '{}', classes = '{class org.springframework.security.samples.config.RootConfiguration, class org.springframework.security.samples.mvc.config.WebMvcConfiguration}', contextInitializerClasses = '[]', activeProfiles = '{}', propertySourceLocations = '{}', propertySourceProperties = '{}', contextCustomizers = set[[empty]], resourceBasePath = 'src/main/webapp', contextLoader = 'org.springframework.test.context.web.WebDelegatingSmartContextLoader', parent = [null]]].
21:23:38.870 [Test worker] DEBUG o.s.t.annotation.ProfileValueUtils - Retrieved @ProfileValueSourceConfiguration [null] for test class [org.springframework.security.samples.config.SecurityConfigTests]
21:23:38.871 [Test worker] DEBUG o.s.t.annotation.ProfileValueUtils - Retrieved ProfileValueSource type [class org.springframework.test.annotation.SystemProfileValueSource] for class [org.springframework.security.samples.config.SecurityConfigTests]
21:23:38.871 [Test worker] DEBUG o.s.t.c.c.DefaultCacheAwareContextLoaderDelegate - Retrieved ApplicationContext from cache with key [[WebMergedContextConfiguration@1aa0e92b testClass = SecurityConfigTests, locations = '{}', classes = '{class org.springframework.security.samples.config.RootConfiguration, class org.springframework.security.samples.mvc.config.WebMvcConfiguration}', contextInitializerClasses = '[]', activeProfiles = '{}', propertySourceLocations = '{}', propertySourceProperties = '{}', contextCustomizers = set[[empty]], resourceBasePath = 'src/main/webapp', contextLoader = 'org.springframework.test.context.web.WebDelegatingSmartContextLoader', parent = [null]]]
21:23:38.871 [Test worker] DEBUG o.springframework.test.context.cache - Spring test ApplicationContext cache statistics: [DefaultContextCache@e6081b size = 1, maxSize = 32, parentContextCount = 0, hitCount = 13, missCount = 1]
21:23:38.871 [Test worker] DEBUG o.s.t.c.w.ServletTestExecutionListener - Setting up MockHttpServletRequest, MockHttpServletResponse, ServletWebRequest, and RequestContextHolder for test context [DefaultTestContext@146fbd8 testClass = SecurityConfigTests, testInstance = org.springframework.security.samples.config.SecurityConfigTests@4aae08b6, testMethod = [null], testException = [null], mergedContextConfiguration = [WebMergedContextConfiguration@1aa0e92b testClass = SecurityConfigTests, locations = '{}', classes = '{class org.springframework.security.samples.config.RootConfiguration, class org.springframework.security.samples.mvc.config.WebMvcConfiguration}', contextInitializerClasses = '[]', activeProfiles = '{}', propertySourceLocations = '{}', propertySourceProperties = '{}', contextCustomizers = set[[empty]], resourceBasePath = 'src/main/webapp', contextLoader = 'org.springframework.test.context.web.WebDelegatingSmartContextLoader', parent = [null]]].
21:23:38.871 [Test worker] DEBUG o.s.t.c.s.DependencyInjectionTestExecutionListener - Performing dependency injection for test context [[DefaultTestContext@146fbd8 testClass = SecurityConfigTests, testInstance = org.springframework.security.samples.config.SecurityConfigTests@4aae08b6, testMethod = [null], testException = [null], mergedContextConfiguration = [WebMergedContextConfiguration@1aa0e92b testClass = SecurityConfigTests, locations = '{}', classes = '{class org.springframework.security.samples.config.RootConfiguration, class org.springframework.security.samples.mvc.config.WebMvcConfiguration}', contextInitializerClasses = '[]', activeProfiles = '{}', propertySourceLocations = '{}', propertySourceProperties = '{}', contextCustomizers = set[[empty]], resourceBasePath = 'src/main/webapp', contextLoader = 'org.springframework.test.context.web.WebDelegatingSmartContextLoader', parent = [null]]]].
21:23:38.871 [Test worker] DEBUG o.s.t.c.c.DefaultCacheAwareContextLoaderDelegate - Retrieved ApplicationContext from cache with key [[WebMergedContextConfiguration@1aa0e92b testClass = SecurityConfigTests, locations = '{}', classes = '{class org.springframework.security.samples.config.RootConfiguration, class org.springframework.security.samples.mvc.config.WebMvcConfiguration}', contextInitializerClasses = '[]', activeProfiles = '{}', propertySourceLocations = '{}', propertySourceProperties = '{}', contextCustomizers = set[[empty]], resourceBasePath = 'src/main/webapp', contextLoader = 'org.springframework.test.context.web.WebDelegatingSmartContextLoader', parent = [null]]]
21:23:38.871 [Test worker] DEBUG o.springframework.test.context.cache - Spring test ApplicationContext cache statistics: [DefaultContextCache@e6081b size = 1, maxSize = 32, parentContextCount = 0, hitCount = 14, missCount = 1]
21:23:38.871 [Test worker] DEBUG o.s.b.f.annotation.InjectionMetadata - Processing injected element of bean 'org.springframework.security.samples.config.SecurityConfigTests': AutowiredFieldElement for private org.springframework.web.context.WebApplicationContext org.springframework.security.samples.config.SecurityConfigTests.context
21:23:38.872 [Test worker] DEBUG o.s.b.f.annotation.InjectionMetadata - Processing injected element of bean 'org.springframework.security.samples.config.SecurityConfigTests': AutowiredFieldElement for private javax.servlet.Filter org.springframework.security.samples.config.SecurityConfigTests.springSecurityFilterChain
21:23:38.872 [Test worker] DEBUG o.s.b.f.s.DefaultListableBeanFactory - Returning cached instance of singleton bean 'springSecurityFilterChain'
21:23:38.872 [Test worker] DEBUG o.s.t.c.c.DefaultCacheAwareContextLoaderDelegate - Retrieved ApplicationContext from cache with key [[WebMergedContextConfiguration@1aa0e92b testClass = SecurityConfigTests, locations = '{}', classes = '{class org.springframework.security.samples.config.RootConfiguration, class org.springframework.security.samples.mvc.config.WebMvcConfiguration}', contextInitializerClasses = '[]', activeProfiles = '{}', propertySourceLocations = '{}', propertySourceProperties = '{}', contextCustomizers = set[[empty]], resourceBasePath = 'src/main/webapp', contextLoader = 'org.springframework.test.context.web.WebDelegatingSmartContextLoader', parent = [null]]]
21:23:38.872 [Test worker] DEBUG o.springframework.test.context.cache - Spring test ApplicationContext cache statistics: [DefaultContextCache@e6081b size = 1, maxSize = 32, parentContextCount = 0, hitCount = 15, missCount = 1]
21:23:38.873 [Test worker] DEBUG o.s.b.f.s.DefaultListableBeanFactory - Creating instance of bean 'org.springframework.security.test.context.support.WithMockUserSecurityContextFactory'
21:23:38.873 [Test worker] DEBUG o.s.b.f.s.DefaultListableBeanFactory - Finished creating instance of bean 'org.springframework.security.test.context.support.WithMockUserSecurityContextFactory'
21:23:38.873 [Test worker] DEBUG o.s.t.w.s.TestDispatcherServlet - Initializing servlet ''
21:23:38.873 [Test worker] DEBUG o.s.w.c.s.StandardServletEnvironment - Adding [servletConfigInitParams] PropertySource with lowest search precedence
21:23:38.873 [Test worker] DEBUG o.s.w.c.s.StandardServletEnvironment - Adding [servletContextInitParams] PropertySource with lowest search precedence
21:23:38.874 [Test worker] DEBUG o.s.w.c.s.StandardServletEnvironment - Adding [systemProperties] PropertySource with lowest search precedence
21:23:38.874 [Test worker] DEBUG o.s.w.c.s.StandardServletEnvironment - Adding [systemEnvironment] PropertySource with lowest search precedence
21:23:38.874 [Test worker] DEBUG o.s.w.c.s.StandardServletEnvironment - Initialized StandardServletEnvironment with PropertySources [servletConfigInitParams,servletContextInitParams,systemProperties,systemEnvironment]
21:23:38.874 [Test worker] INFO  o.s.mock.web.MockServletContext - Initializing Spring FrameworkServlet ''
21:23:38.874 [Test worker] INFO  o.s.t.w.s.TestDispatcherServlet - FrameworkServlet '': initialization started
21:23:38.874 [Test worker] DEBUG o.s.t.w.s.TestDispatcherServlet - Unable to locate MultipartResolver with name 'multipartResolver': no multipart request handling provided
21:23:38.874 [Test worker] DEBUG o.s.b.f.s.DefaultListableBeanFactory - Creating instance of bean 'org.springframework.web.servlet.i18n.AcceptHeaderLocaleResolver'
21:23:38.874 [Test worker] DEBUG o.s.b.f.s.DefaultListableBeanFactory - Finished creating instance of bean 'org.springframework.web.servlet.i18n.AcceptHeaderLocaleResolver'
21:23:38.874 [Test worker] DEBUG o.s.t.w.s.TestDispatcherServlet - Unable to locate LocaleResolver with name 'localeResolver': using default [org.springframework.web.servlet.i18n.AcceptHeaderLocaleResolver@6abbc93b]
21:23:38.874 [Test worker] DEBUG o.s.b.f.s.DefaultListableBeanFactory - Creating instance of bean 'org.springframework.web.servlet.theme.FixedThemeResolver'
21:23:38.874 [Test worker] DEBUG o.s.b.f.s.DefaultListableBeanFactory - Finished creating instance of bean 'org.springframework.web.servlet.theme.FixedThemeResolver'
21:23:38.874 [Test worker] DEBUG o.s.t.w.s.TestDispatcherServlet - Unable to locate ThemeResolver with name 'themeResolver': using default [org.springframework.web.servlet.theme.FixedThemeResolver@751c2826]
21:23:38.875 [Test worker] DEBUG o.s.b.f.s.DefaultListableBeanFactory - Returning cached instance of singleton bean 'resourceHandlerMapping'
21:23:38.875 [Test worker] DEBUG o.s.b.f.s.DefaultListableBeanFactory - Returning cached instance of singleton bean 'beanNameHandlerMapping'
21:23:38.875 [Test worker] DEBUG o.s.b.f.s.DefaultListableBeanFactory - Returning cached instance of singleton bean 'requestMappingHandlerMapping'
21:23:38.875 [Test worker] DEBUG o.s.b.f.s.DefaultListableBeanFactory - Returning cached instance of singleton bean 'defaultServletHandlerMapping'
21:23:38.875 [Test worker] DEBUG o.s.b.f.s.DefaultListableBeanFactory - Returning cached instance of singleton bean 'viewControllerHandlerMapping'
21:23:38.875 [Test worker] DEBUG o.s.b.f.s.DefaultListableBeanFactory - Returning cached instance of singleton bean 'requestMappingHandlerAdapter'
21:23:38.875 [Test worker] DEBUG o.s.b.f.s.DefaultListableBeanFactory - Returning cached instance of singleton bean 'simpleControllerHandlerAdapter'
21:23:38.875 [Test worker] DEBUG o.s.b.f.s.DefaultListableBeanFactory - Returning cached instance of singleton bean 'httpRequestHandlerAdapter'
21:23:38.876 [Test worker] DEBUG o.s.b.f.s.DefaultListableBeanFactory - Returning cached instance of singleton bean 'handlerExceptionResolver'
21:23:38.876 [Test worker] DEBUG o.s.b.f.s.DefaultListableBeanFactory - Creating instance of bean 'org.springframework.web.servlet.view.DefaultRequestToViewNameTranslator'
21:23:38.876 [Test worker] DEBUG o.s.b.f.s.DefaultListableBeanFactory - Finished creating instance of bean 'org.springframework.web.servlet.view.DefaultRequestToViewNameTranslator'
21:23:38.876 [Test worker] DEBUG o.s.t.w.s.TestDispatcherServlet - Unable to locate RequestToViewNameTranslator with name 'viewNameTranslator': using default [org.springframework.web.servlet.view.DefaultRequestToViewNameTranslator@4f4d758b]
21:23:38.876 [Test worker] DEBUG o.s.b.f.s.DefaultListableBeanFactory - Returning cached instance of singleton bean 'mvcViewResolver'
21:23:38.876 [Test worker] DEBUG o.s.b.f.s.DefaultListableBeanFactory - Returning cached instance of singleton bean 'viewResolver'
21:23:38.877 [Test worker] DEBUG o.s.b.f.s.DefaultListableBeanFactory - Creating instance of bean 'org.springframework.web.servlet.support.SessionFlashMapManager'
21:23:38.877 [Test worker] DEBUG o.s.b.f.s.DefaultListableBeanFactory - Finished creating instance of bean 'org.springframework.web.servlet.support.SessionFlashMapManager'
21:23:38.877 [Test worker] DEBUG o.s.t.w.s.TestDispatcherServlet - Unable to locate FlashMapManager with name 'flashMapManager': using default [org.springframework.web.servlet.support.SessionFlashMapManager@35b9a8fa]
21:23:38.877 [Test worker] DEBUG o.s.t.w.s.TestDispatcherServlet - Published WebApplicationContext of servlet '' as ServletContext attribute with name [org.springframework.web.servlet.FrameworkServlet.CONTEXT.]
21:23:38.877 [Test worker] INFO  o.s.t.w.s.TestDispatcherServlet - FrameworkServlet '': initialization completed in 3 ms
21:23:38.877 [Test worker] DEBUG o.s.t.w.s.TestDispatcherServlet - Servlet '' configured successfully
21:23:38.877 [Test worker] DEBUG o.s.b.f.s.DefaultListableBeanFactory - Returning cached instance of singleton bean 'springSecurityFilterChain'
21:23:38.878 [Test worker] DEBUG o.s.test.util.ReflectionTestUtils - Invoking method 'getFilters' on target object [FilterChainProxy[Filter Chains: [[ org.springframework.security.web.util.matcher.AnyRequestMatcher@1, [org.springframework.security.web.context.request.async.WebAsyncManagerIntegrationFilter@3831309b, org.springframework.security.web.context.SecurityContextPersistenceFilter@4dd05ea8, org.springframework.security.web.header.HeaderWriterFilter@229691df, org.springframework.security.web.csrf.CsrfFilter@50007666, org.springframework.security.web.authentication.logout.LogoutFilter@35c323cf, org.springframework.security.web.authentication.UsernamePasswordAuthenticationFilter@20303e8e, org.springframework.security.web.authentication.ui.DefaultLoginPageGeneratingFilter@4db5d11, org.springframework.security.web.authentication.www.BasicAuthenticationFilter@f2fa866, org.springframework.security.web.savedrequest.RequestCacheAwareFilter@574bcc4b, org.springframework.security.web.servletapi.SecurityContextHolderAwareRequestFilter@5681ac1f, org.springframework.security.web.authentication.AnonymousAuthenticationFilter@3b307211, org.springframework.security.web.session.SessionManagementFilter@5ee31201, org.springframework.security.web.access.ExceptionTranslationFilter@f1eacd8, org.springframework.security.web.access.intercept.FilterSecurityInterceptor@4068f181]]]]] with arguments {org.springframework.mock.web.MockHttpServletRequest@17f4d67}
21:23:38.878 [Test worker] DEBUG o.s.test.util.ReflectionTestUtils - Getting field 'repo' from target object [org.springframework.security.web.context.SecurityContextPersistenceFilter@4dd05ea8] or target class [class org.springframework.security.web.context.SecurityContextPersistenceFilter]
21:23:38.878 [Test worker] DEBUG o.s.s.w.c.HttpSessionSecurityContextRepository - No HttpSession currently exists
21:23:38.878 [Test worker] DEBUG o.s.s.w.c.HttpSessionSecurityContextRepository - No SecurityContext was available from the HttpSession: null. A new one will be created.
21:23:38.878 [Test worker] DEBUG o.s.s.w.c.HttpSessionSecurityContextRepository - HttpSession being created as SecurityContext is non-default
21:23:38.878 [Test worker] DEBUG o.s.s.w.c.HttpSessionSecurityContextRepository - SecurityContext 'org.springframework.security.core.context.SecurityContextImpl@ca25360: Authentication: org.springframework.security.authentication.UsernamePasswordAuthenticationToken@ca25360: Principal: org.springframework.security.core.userdetails.User@36ebcb: Username: user; Password: [PROTECTED]; Enabled: true; AccountNonExpired: true; credentialsNonExpired: true; AccountNonLocked: true; Granted Authorities: ROLE_USER; Credentials: [PROTECTED]; Authenticated: true; Details: null; Granted Authorities: ROLE_USER' stored to HttpSession: 'org.springframework.mock.web.MockHttpSession@15b60876
21:23:38.878 [Test worker] DEBUG o.s.b.f.s.DefaultListableBeanFactory - Returning cached instance of singleton bean 'springSecurityFilterChain'
21:23:38.878 [Test worker] DEBUG o.s.test.util.ReflectionTestUtils - Invoking method 'getFilters' on target object [FilterChainProxy[Filter Chains: [[ org.springframework.security.web.util.matcher.AnyRequestMatcher@1, [org.springframework.security.web.context.request.async.WebAsyncManagerIntegrationFilter@3831309b, org.springframework.security.web.context.SecurityContextPersistenceFilter@4dd05ea8, org.springframework.security.web.header.HeaderWriterFilter@229691df, org.springframework.security.web.csrf.CsrfFilter@50007666, org.springframework.security.web.authentication.logout.LogoutFilter@35c323cf, org.springframework.security.web.authentication.UsernamePasswordAuthenticationFilter@20303e8e, org.springframework.security.web.authentication.ui.DefaultLoginPageGeneratingFilter@4db5d11, org.springframework.security.web.authentication.www.BasicAuthenticationFilter@f2fa866, org.springframework.security.web.savedrequest.RequestCacheAwareFilter@574bcc4b, org.springframework.security.web.servletapi.SecurityContextHolderAwareRequestFilter@5681ac1f, org.springframework.security.web.authentication.AnonymousAuthenticationFilter@3b307211, org.springframework.security.web.session.SessionManagementFilter@5ee31201, org.springframework.security.web.access.ExceptionTranslationFilter@f1eacd8, org.springframework.security.web.access.intercept.FilterSecurityInterceptor@4068f181]]]]] with arguments {org.springframework.mock.web.MockHttpServletRequest@17f4d67}
21:23:38.878 [Test worker] DEBUG o.s.test.util.ReflectionTestUtils - Getting field 'tokenRepository' from target object [org.springframework.security.web.csrf.CsrfFilter@50007666] or target class [class org.springframework.security.web.csrf.CsrfFilter]
21:23:38.879 [Test worker] DEBUG o.s.security.web.FilterChainProxy - / at position 1 of 14 in additional filter chain; firing Filter: 'WebAsyncManagerIntegrationFilter'
21:23:38.879 [Test worker] DEBUG o.s.security.web.FilterChainProxy - / at position 2 of 14 in additional filter chain; firing Filter: 'SecurityContextPersistenceFilter'
21:23:38.879 [Test worker] DEBUG o.s.s.w.c.HttpSessionSecurityContextRepository - Obtained a valid SecurityContext from SPRING_SECURITY_CONTEXT: 'org.springframework.security.core.context.SecurityContextImpl@ca25360: Authentication: org.springframework.security.authentication.UsernamePasswordAuthenticationToken@ca25360: Principal: org.springframework.security.core.userdetails.User@36ebcb: Username: user; Password: [PROTECTED]; Enabled: true; AccountNonExpired: true; credentialsNonExpired: true; AccountNonLocked: true; Granted Authorities: ROLE_USER; Credentials: [PROTECTED]; Authenticated: true; Details: null; Granted Authorities: ROLE_USER'
21:23:38.879 [Test worker] DEBUG o.s.security.web.FilterChainProxy - / at position 3 of 14 in additional filter chain; firing Filter: 'HeaderWriterFilter'
21:23:38.879 [Test worker] DEBUG o.s.s.w.h.writers.HstsHeaderWriter - Not injecting HSTS header since it did not match the requestMatcher org.springframework.security.web.header.writers.HstsHeaderWriter$SecureRequestMatcher@56aebca5
21:23:38.879 [Test worker] DEBUG o.s.security.web.FilterChainProxy - / at position 4 of 14 in additional filter chain; firing Filter: 'CsrfFilter'
21:23:38.879 [Test worker] DEBUG o.s.security.web.FilterChainProxy - / at position 5 of 14 in additional filter chain; firing Filter: 'LogoutFilter'
21:23:38.879 [Test worker] DEBUG o.s.s.w.u.m.AntPathRequestMatcher - Checking match of request : '/'; against '/logout'
21:23:38.879 [Test worker] DEBUG o.s.security.web.FilterChainProxy - / at position 6 of 14 in additional filter chain; firing Filter: 'UsernamePasswordAuthenticationFilter'
21:23:38.879 [Test worker] DEBUG o.s.s.w.u.m.AntPathRequestMatcher - Checking match of request : '/'; against '/login'
21:23:38.879 [Test worker] DEBUG o.s.security.web.FilterChainProxy - / at position 7 of 14 in additional filter chain; firing Filter: 'DefaultLoginPageGeneratingFilter'
21:23:38.879 [Test worker] DEBUG o.s.security.web.FilterChainProxy - / at position 8 of 14 in additional filter chain; firing Filter: 'BasicAuthenticationFilter'
21:23:38.879 [Test worker] DEBUG o.s.security.web.FilterChainProxy - / at position 9 of 14 in additional filter chain; firing Filter: 'RequestCacheAwareFilter'
21:23:38.879 [Test worker] DEBUG o.s.security.web.FilterChainProxy - / at position 10 of 14 in additional filter chain; firing Filter: 'SecurityContextHolderAwareRequestFilter'
21:23:38.880 [Test worker] DEBUG o.s.security.web.FilterChainProxy - / at position 11 of 14 in additional filter chain; firing Filter: 'AnonymousAuthenticationFilter'
21:23:38.880 [Test worker] DEBUG o.s.s.w.a.AnonymousAuthenticationFilter - SecurityContextHolder not populated with anonymous token, as it already contained: 'org.springframework.security.authentication.UsernamePasswordAuthenticationToken@ca25360: Principal: org.springframework.security.core.userdetails.User@36ebcb: Username: user; Password: [PROTECTED]; Enabled: true; AccountNonExpired: true; credentialsNonExpired: true; AccountNonLocked: true; Granted Authorities: ROLE_USER; Credentials: [PROTECTED]; Authenticated: true; Details: null; Granted Authorities: ROLE_USER'
21:23:38.880 [Test worker] DEBUG o.s.security.web.FilterChainProxy - / at position 12 of 14 in additional filter chain; firing Filter: 'SessionManagementFilter'
21:23:38.880 [Test worker] DEBUG o.s.security.web.FilterChainProxy - / at position 13 of 14 in additional filter chain; firing Filter: 'ExceptionTranslationFilter'
21:23:38.880 [Test worker] DEBUG o.s.security.web.FilterChainProxy - / at position 14 of 14 in additional filter chain; firing Filter: 'FilterSecurityInterceptor'
21:23:38.880 [Test worker] DEBUG o.s.s.w.a.i.FilterSecurityInterceptor - Secure object: FilterInvocation: URL: /; Attributes: [authenticated]
21:23:38.880 [Test worker] DEBUG o.s.s.w.a.i.FilterSecurityInterceptor - Previously Authenticated: org.springframework.security.authentication.UsernamePasswordAuthenticationToken@ca25360: Principal: org.springframework.security.core.userdetails.User@36ebcb: Username: user; Password: [PROTECTED]; Enabled: true; AccountNonExpired: true; credentialsNonExpired: true; AccountNonLocked: true; Granted Authorities: ROLE_USER; Credentials: [PROTECTED]; Authenticated: true; Details: null; Granted Authorities: ROLE_USER
21:23:38.880 [Test worker] DEBUG o.s.s.access.vote.AffirmativeBased - Voter: org.springframework.security.web.access.expression.WebExpressionVoter@12775b53, returned: 1
21:23:38.880 [Test worker] DEBUG o.s.s.w.a.i.FilterSecurityInterceptor - Authorization successful
21:23:38.880 [Test worker] DEBUG o.s.s.w.a.i.FilterSecurityInterceptor - RunAsManager did not change Authentication object
21:23:38.880 [Test worker] DEBUG o.s.security.web.FilterChainProxy - / reached end of additional filter chain; proceeding with original chain
21:23:38.880 [Test worker] DEBUG o.s.t.w.s.TestDispatcherServlet - DispatcherServlet with name '' processing POST request for [/]
21:23:38.880 [Test worker] DEBUG o.s.w.s.m.m.a.RequestMappingHandlerMapping - Looking up handler method for path /
21:23:38.882 [Test worker] DEBUG o.s.w.s.m.m.a.RequestMappingHandlerMapping - Returning handler method [public org.springframework.web.servlet.ModelAndView org.springframework.security.samples.mvc.MessageController.create(org.springframework.security.samples.data.Message,org.springframework.validation.BindingResult,org.springframework.web.servlet.mvc.support.RedirectAttributes)]
21:23:38.882 [Test worker] DEBUG o.s.b.f.s.DefaultListableBeanFactory - Returning cached instance of singleton bean 'messageController'
21:23:38.902 [Test worker] DEBUG o.h.v.i.m.d.ConstraintDescriptorImpl - Adding composing constraint: ConstraintDescriptorImpl{annotation=javax.validation.constraints.NotNull, payloads=[], hasComposingConstraints=true, isReportAsSingleInvalidConstraint=false, elementType=FIELD, definedOn=DEFINED_LOCALLY, groups=[interface javax.validation.groups.Default], attributes={message={javax.validation.constraints.NotNull.message}, groups=[Ljava.lang.Class;@df672bf, payload=[Ljava.lang.Class;@251c5884}, constraintType=GENERIC}.
21:23:38.903 [Test worker] DEBUG o.h.v.i.m.d.ConstraintDescriptorImpl - Adding composing constraint: ConstraintDescriptorImpl{annotation=javax.validation.constraints.Size, payloads=[], hasComposingConstraints=true, isReportAsSingleInvalidConstraint=false, elementType=FIELD, definedOn=DEFINED_LOCALLY, groups=[interface javax.validation.groups.Default], attributes={groups=[Ljava.lang.Class;@27bc3c08, min=1, message={javax.validation.constraints.Size.message}, max=2147483647, payload=[Ljava.lang.Class;@4c44d177}, constraintType=GENERIC}.
21:23:38.903 [Test worker] DEBUG o.h.v.i.m.d.ConstraintDescriptorImpl - Adding composing constraint: ConstraintDescriptorImpl{annotation=javax.validation.constraints.NotNull, payloads=[], hasComposingConstraints=true, isReportAsSingleInvalidConstraint=false, elementType=FIELD, definedOn=DEFINED_LOCALLY, groups=[interface javax.validation.groups.Default], attributes={message={javax.validation.constraints.NotNull.message}, groups=[Ljava.lang.Class;@721931ca, payload=[Ljava.lang.Class;@35069f75}, constraintType=GENERIC}.
21:23:38.904 [Test worker] DEBUG o.h.v.i.m.d.ConstraintDescriptorImpl - Adding composing constraint: ConstraintDescriptorImpl{annotation=javax.validation.constraints.Size, payloads=[], hasComposingConstraints=true, isReportAsSingleInvalidConstraint=false, elementType=FIELD, definedOn=DEFINED_LOCALLY, groups=[interface javax.validation.groups.Default], attributes={groups=[Ljava.lang.Class;@731ca9a1, min=1, message={javax.validation.constraints.Size.message}, max=2147483647, payload=[Ljava.lang.Class;@19b911dc}, constraintType=GENERIC}.
21:23:38.939 [Test worker] DEBUG o.s.b.f.s.DefaultListableBeanFactory - Creating instance of bean 'org.hibernate.validator.internal.constraintvalidators.bv.NotNullValidator'
21:23:38.942 [Test worker] DEBUG o.s.b.f.s.DefaultListableBeanFactory - Finished creating instance of bean 'org.hibernate.validator.internal.constraintvalidators.bv.NotNullValidator'
21:23:38.948 [Test worker] DEBUG o.s.b.f.s.DefaultListableBeanFactory - Creating instance of bean 'org.hibernate.validator.internal.constraintvalidators.bv.size.SizeValidatorForCharSequence'
21:23:38.953 [Test worker] DEBUG o.s.b.f.s.DefaultListableBeanFactory - Finished creating instance of bean 'org.hibernate.validator.internal.constraintvalidators.bv.size.SizeValidatorForCharSequence'
21:23:38.959 [Test worker] DEBUG o.s.d.r.c.s.TransactionalRepositoryProxyPostProcessor$CustomAnnotationTransactionAttributeSource - Adding transactional method 'save' with attribute: PROPAGATION_REQUIRED,ISOLATION_DEFAULT; ''
21:23:38.959 [Test worker] DEBUG o.s.orm.jpa.JpaTransactionManager - Creating new transaction with name [org.springframework.data.jpa.repository.support.SimpleJpaRepository.save]: PROPAGATION_REQUIRED,ISOLATION_DEFAULT; ''
21:23:38.960 [Test worker] DEBUG o.s.orm.jpa.JpaTransactionManager - Opened new EntityManager [org.hibernate.jpa.internal.EntityManagerImpl@79918edc] for JPA transaction
21:23:38.960 [Test worker] DEBUG o.h.e.t.internal.TransactionImpl - begin
21:23:38.960 [Test worker] DEBUG o.s.j.d.SimpleDriverDataSource - Creating new JDBC Driver Connection to [jdbc:hsqldb:mem:testdb]
21:23:38.960 [Test worker] DEBUG o.s.orm.jpa.JpaTransactionManager - Exposing JPA transaction as JDBC transaction [org.springframework.orm.jpa.vendor.HibernateJpaDialect$HibernateConnectionHandle@489515b7]
21:23:38.972 [Test worker] DEBUG org.hibernate.engine.spi.ActionQueue - Executing identity-insert immediately
21:23:38.983 [Test worker] DEBUG org.hibernate.SQL - insert into Message (id, created, summary, text) values (default, ?, ?, ?)
21:23:38.990 [Test worker] DEBUG o.h.id.IdentifierGeneratorHelper - Natively generated identity: 3
21:23:38.990 [Test worker] DEBUG o.h.r.j.i.ResourceRegistryStandardImpl - HHH000387: ResultSet's statement was not registered
21:23:38.993 [Test worker] DEBUG o.s.orm.jpa.JpaTransactionManager - Initiating transaction commit
21:23:38.993 [Test worker] DEBUG o.s.orm.jpa.JpaTransactionManager - Committing JPA transaction on EntityManager [org.hibernate.jpa.internal.EntityManagerImpl@79918edc]
21:23:38.993 [Test worker] DEBUG o.h.e.t.internal.TransactionImpl - committing
21:23:38.994 [Test worker] DEBUG o.h.e.i.AbstractFlushingEventListener - Processing flush-time cascades
21:23:38.994 [Test worker] DEBUG o.h.e.i.AbstractFlushingEventListener - Dirty checking collections
21:23:38.998 [Test worker] DEBUG o.h.e.i.AbstractFlushingEventListener - Flushed: 0 insertions, 0 updates, 0 deletions to 1 objects
21:23:38.999 [Test worker] DEBUG o.h.e.i.AbstractFlushingEventListener - Flushed: 0 (re)creations, 0 updates, 0 removals to 0 collections
21:23:39.000 [Test worker] DEBUG o.h.internal.util.EntityPrinter - Listing entities:
21:23:39.001 [Test worker] DEBUG o.h.internal.util.EntityPrinter - org.springframework.security.samples.data.Message{summary=New Message, created=java.util.GregorianCalendar[time=1509456218891,areFieldsSet=true,areAllFieldsSet=true,lenient=true,zone=sun.util.calendar.ZoneInfo[id="Asia/Shanghai",offset=28800000,dstSavings=0,useDaylight=false,transitions=19,lastRule=null],firstDayOfWeek=1,minimalDaysInFirstWeek=1,ERA=1,YEAR=2017,MONTH=9,WEEK_OF_YEAR=44,WEEK_OF_MONTH=5,DAY_OF_MONTH=31,DAY_OF_YEAR=304,DAY_OF_WEEK=3,DAY_OF_WEEK_IN_MONTH=5,AM_PM=1,HOUR=9,HOUR_OF_DAY=21,MINUTE=23,SECOND=38,MILLISECOND=891,ZONE_OFFSET=28800000,DST_OFFSET=0], id=3, text=This is a new message}
21:23:39.003 [Test worker] DEBUG o.s.orm.jpa.JpaTransactionManager - Closing JPA EntityManager [org.hibernate.jpa.internal.EntityManagerImpl@79918edc] after transaction
21:23:39.003 [Test worker] DEBUG o.s.o.jpa.EntityManagerFactoryUtils - Closing JPA EntityManager
21:23:39.007 [Test worker] DEBUG o.s.b.f.s.DefaultListableBeanFactory - Invoking afterPropertiesSet() on bean with name 'redirect:/{message.id}'
21:23:39.007 [Test worker] DEBUG o.s.t.w.s.TestDispatcherServlet - Rendering view [org.springframework.web.servlet.view.RedirectView: name 'redirect:/{message.id}'; URL [/{message.id}]] in DispatcherServlet with name ''
21:23:39.008 [Test worker] DEBUG o.s.b.f.s.DefaultListableBeanFactory - Returning cached instance of singleton bean 'requestDataValueProcessor'
21:23:39.008 [Test worker] DEBUG o.s.w.s.s.SessionFlashMapManager - Saving FlashMap=FlashMap [attributes={globalMessage=Successfully created a new message}, targetRequestPath=/3, targetRequestParams={}]
21:23:39.009 [Test worker] DEBUG o.s.t.w.s.TestDispatcherServlet - Successfully completed request
21:23:39.009 [Test worker] DEBUG o.s.s.w.a.ExceptionTranslationFilter - Chain processed normally
21:23:39.009 [Test worker] DEBUG o.s.s.w.c.SecurityContextPersistenceFilter - SecurityContextHolder now cleared, as request processing completed
21:23:39.010 [Test worker] DEBUG o.s.t.c.s.AbstractDirtiesContextTestExecutionListener - After test method: context [DefaultTestContext@146fbd8 testClass = SecurityConfigTests, testInstance = org.springframework.security.samples.config.SecurityConfigTests@4aae08b6, testMethod = composeMessage@SecurityConfigTests, testException = [null], mergedContextConfiguration = [WebMergedContextConfiguration@1aa0e92b testClass = SecurityConfigTests, locations = '{}', classes = '{class org.springframework.security.samples.config.RootConfiguration, class org.springframework.security.samples.mvc.config.WebMvcConfiguration}', contextInitializerClasses = '[]', activeProfiles = '{}', propertySourceLocations = '{}', propertySourceProperties = '{}', contextCustomizers = set[[empty]], resourceBasePath = 'src/main/webapp', contextLoader = 'org.springframework.test.context.web.WebDelegatingSmartContextLoader', parent = [null]]], class annotated with @DirtiesContext [false] with mode [null], method annotated with @DirtiesContext [false] with mode [null].
21:23:39.010 [Test worker] DEBUG o.s.t.c.w.ServletTestExecutionListener - Resetting RequestContextHolder for test context [DefaultTestContext@146fbd8 testClass = SecurityConfigTests, testInstance = org.springframework.security.samples.config.SecurityConfigTests@4aae08b6, testMethod = composeMessage@SecurityConfigTests, testException = [null], mergedContextConfiguration = [WebMergedContextConfiguration@1aa0e92b testClass = SecurityConfigTests, locations = '{}', classes = '{class org.springframework.security.samples.config.RootConfiguration, class org.springframework.security.samples.mvc.config.WebMvcConfiguration}', contextInitializerClasses = '[]', activeProfiles = '{}', propertySourceLocations = '{}', propertySourceProperties = '{}', contextCustomizers = set[[empty]], resourceBasePath = 'src/main/webapp', contextLoader = 'org.springframework.test.context.web.WebDelegatingSmartContextLoader', parent = [null]]].
21:23:39.011 [Test worker] DEBUG o.s.t.annotation.ProfileValueUtils - Retrieved @ProfileValueSourceConfiguration [null] for test class [org.springframework.security.samples.config.SecurityConfigTests]
21:23:39.011 [Test worker] DEBUG o.s.t.annotation.ProfileValueUtils - Retrieved ProfileValueSource type [class org.springframework.test.annotation.SystemProfileValueSource] for class [org.springframework.security.samples.config.SecurityConfigTests]
21:23:39.011 [Test worker] DEBUG o.s.t.c.c.DefaultCacheAwareContextLoaderDelegate - Retrieved ApplicationContext from cache with key [[WebMergedContextConfiguration@1aa0e92b testClass = SecurityConfigTests, locations = '{}', classes = '{class org.springframework.security.samples.config.RootConfiguration, class org.springframework.security.samples.mvc.config.WebMvcConfiguration}', contextInitializerClasses = '[]', activeProfiles = '{}', propertySourceLocations = '{}', propertySourceProperties = '{}', contextCustomizers = set[[empty]], resourceBasePath = 'src/main/webapp', contextLoader = 'org.springframework.test.context.web.WebDelegatingSmartContextLoader', parent = [null]]]
21:23:39.011 [Test worker] DEBUG o.springframework.test.context.cache - Spring test ApplicationContext cache statistics: [DefaultContextCache@e6081b size = 1, maxSize = 32, parentContextCount = 0, hitCount = 16, missCount = 1]
21:23:39.011 [Test worker] DEBUG o.s.t.c.w.ServletTestExecutionListener - Setting up MockHttpServletRequest, MockHttpServletResponse, ServletWebRequest, and RequestContextHolder for test context [DefaultTestContext@146fbd8 testClass = SecurityConfigTests, testInstance = org.springframework.security.samples.config.SecurityConfigTests@617e70fc, testMethod = [null], testException = [null], mergedContextConfiguration = [WebMergedContextConfiguration@1aa0e92b testClass = SecurityConfigTests, locations = '{}', classes = '{class org.springframework.security.samples.config.RootConfiguration, class org.springframework.security.samples.mvc.config.WebMvcConfiguration}', contextInitializerClasses = '[]', activeProfiles = '{}', propertySourceLocations = '{}', propertySourceProperties = '{}', contextCustomizers = set[[empty]], resourceBasePath = 'src/main/webapp', contextLoader = 'org.springframework.test.context.web.WebDelegatingSmartContextLoader', parent = [null]]].
21:23:39.011 [Test worker] DEBUG o.s.t.c.s.DependencyInjectionTestExecutionListener - Performing dependency injection for test context [[DefaultTestContext@146fbd8 testClass = SecurityConfigTests, testInstance = org.springframework.security.samples.config.SecurityConfigTests@617e70fc, testMethod = [null], testException = [null], mergedContextConfiguration = [WebMergedContextConfiguration@1aa0e92b testClass = SecurityConfigTests, locations = '{}', classes = '{class org.springframework.security.samples.config.RootConfiguration, class org.springframework.security.samples.mvc.config.WebMvcConfiguration}', contextInitializerClasses = '[]', activeProfiles = '{}', propertySourceLocations = '{}', propertySourceProperties = '{}', contextCustomizers = set[[empty]], resourceBasePath = 'src/main/webapp', contextLoader = 'org.springframework.test.context.web.WebDelegatingSmartContextLoader', parent = [null]]]].
21:23:39.012 [Test worker] DEBUG o.s.t.c.c.DefaultCacheAwareContextLoaderDelegate - Retrieved ApplicationContext from cache with key [[WebMergedContextConfiguration@1aa0e92b testClass = SecurityConfigTests, locations = '{}', classes = '{class org.springframework.security.samples.config.RootConfiguration, class org.springframework.security.samples.mvc.config.WebMvcConfiguration}', contextInitializerClasses = '[]', activeProfiles = '{}', propertySourceLocations = '{}', propertySourceProperties = '{}', contextCustomizers = set[[empty]], resourceBasePath = 'src/main/webapp', contextLoader = 'org.springframework.test.context.web.WebDelegatingSmartContextLoader', parent = [null]]]
21:23:39.012 [Test worker] DEBUG o.springframework.test.context.cache - Spring test ApplicationContext cache statistics: [DefaultContextCache@e6081b size = 1, maxSize = 32, parentContextCount = 0, hitCount = 17, missCount = 1]
21:23:39.012 [Test worker] DEBUG o.s.b.f.annotation.InjectionMetadata - Processing injected element of bean 'org.springframework.security.samples.config.SecurityConfigTests': AutowiredFieldElement for private org.springframework.web.context.WebApplicationContext org.springframework.security.samples.config.SecurityConfigTests.context
21:23:39.012 [Test worker] DEBUG o.s.b.f.annotation.InjectionMetadata - Processing injected element of bean 'org.springframework.security.samples.config.SecurityConfigTests': AutowiredFieldElement for private javax.servlet.Filter org.springframework.security.samples.config.SecurityConfigTests.springSecurityFilterChain
21:23:39.012 [Test worker] DEBUG o.s.b.f.s.DefaultListableBeanFactory - Returning cached instance of singleton bean 'springSecurityFilterChain'
21:23:39.013 [Test worker] DEBUG o.s.t.c.c.DefaultCacheAwareContextLoaderDelegate - Retrieved ApplicationContext from cache with key [[WebMergedContextConfiguration@1aa0e92b testClass = SecurityConfigTests, locations = '{}', classes = '{class org.springframework.security.samples.config.RootConfiguration, class org.springframework.security.samples.mvc.config.WebMvcConfiguration}', contextInitializerClasses = '[]', activeProfiles = '{}', propertySourceLocations = '{}', propertySourceProperties = '{}', contextCustomizers = set[[empty]], resourceBasePath = 'src/main/webapp', contextLoader = 'org.springframework.test.context.web.WebDelegatingSmartContextLoader', parent = [null]]]
21:23:39.013 [Test worker] DEBUG o.springframework.test.context.cache - Spring test ApplicationContext cache statistics: [DefaultContextCache@e6081b size = 1, maxSize = 32, parentContextCount = 0, hitCount = 18, missCount = 1]
21:23:39.013 [Test worker] DEBUG o.s.b.f.s.DefaultListableBeanFactory - Creating instance of bean 'org.springframework.security.test.context.support.WithMockUserSecurityContextFactory'
21:23:39.013 [Test worker] DEBUG o.s.b.f.s.DefaultListableBeanFactory - Finished creating instance of bean 'org.springframework.security.test.context.support.WithMockUserSecurityContextFactory'
21:23:39.013 [Test worker] DEBUG o.s.t.w.s.TestDispatcherServlet - Initializing servlet ''
21:23:39.014 [Test worker] DEBUG o.s.w.c.s.StandardServletEnvironment - Adding [servletConfigInitParams] PropertySource with lowest search precedence
21:23:39.014 [Test worker] DEBUG o.s.w.c.s.StandardServletEnvironment - Adding [servletContextInitParams] PropertySource with lowest search precedence
21:23:39.014 [Test worker] DEBUG o.s.w.c.s.StandardServletEnvironment - Adding [systemProperties] PropertySource with lowest search precedence
21:23:39.014 [Test worker] DEBUG o.s.w.c.s.StandardServletEnvironment - Adding [systemEnvironment] PropertySource with lowest search precedence
21:23:39.014 [Test worker] DEBUG o.s.w.c.s.StandardServletEnvironment - Initialized StandardServletEnvironment with PropertySources [servletConfigInitParams,servletContextInitParams,systemProperties,systemEnvironment]
21:23:39.014 [Test worker] INFO  o.s.mock.web.MockServletContext - Initializing Spring FrameworkServlet ''
21:23:39.014 [Test worker] INFO  o.s.t.w.s.TestDispatcherServlet - FrameworkServlet '': initialization started
21:23:39.014 [Test worker] DEBUG o.s.t.w.s.TestDispatcherServlet - Unable to locate MultipartResolver with name 'multipartResolver': no multipart request handling provided
21:23:39.014 [Test worker] DEBUG o.s.b.f.s.DefaultListableBeanFactory - Creating instance of bean 'org.springframework.web.servlet.i18n.AcceptHeaderLocaleResolver'
21:23:39.014 [Test worker] DEBUG o.s.b.f.s.DefaultListableBeanFactory - Finished creating instance of bean 'org.springframework.web.servlet.i18n.AcceptHeaderLocaleResolver'
21:23:39.014 [Test worker] DEBUG o.s.t.w.s.TestDispatcherServlet - Unable to locate LocaleResolver with name 'localeResolver': using default [org.springframework.web.servlet.i18n.AcceptHeaderLocaleResolver@319e1989]
21:23:39.014 [Test worker] DEBUG o.s.b.f.s.DefaultListableBeanFactory - Creating instance of bean 'org.springframework.web.servlet.theme.FixedThemeResolver'
21:23:39.015 [Test worker] DEBUG o.s.b.f.s.DefaultListableBeanFactory - Finished creating instance of bean 'org.springframework.web.servlet.theme.FixedThemeResolver'
21:23:39.015 [Test worker] DEBUG o.s.t.w.s.TestDispatcherServlet - Unable to locate ThemeResolver with name 'themeResolver': using default [org.springframework.web.servlet.theme.FixedThemeResolver@27c5fee]
21:23:39.015 [Test worker] DEBUG o.s.b.f.s.DefaultListableBeanFactory - Returning cached instance of singleton bean 'resourceHandlerMapping'
21:23:39.015 [Test worker] DEBUG o.s.b.f.s.DefaultListableBeanFactory - Returning cached instance of singleton bean 'beanNameHandlerMapping'
21:23:39.015 [Test worker] DEBUG o.s.b.f.s.DefaultListableBeanFactory - Returning cached instance of singleton bean 'requestMappingHandlerMapping'
21:23:39.015 [Test worker] DEBUG o.s.b.f.s.DefaultListableBeanFactory - Returning cached instance of singleton bean 'defaultServletHandlerMapping'
21:23:39.015 [Test worker] DEBUG o.s.b.f.s.DefaultListableBeanFactory - Returning cached instance of singleton bean 'viewControllerHandlerMapping'
21:23:39.015 [Test worker] DEBUG o.s.b.f.s.DefaultListableBeanFactory - Returning cached instance of singleton bean 'requestMappingHandlerAdapter'
21:23:39.015 [Test worker] DEBUG o.s.b.f.s.DefaultListableBeanFactory - Returning cached instance of singleton bean 'simpleControllerHandlerAdapter'
21:23:39.015 [Test worker] DEBUG o.s.b.f.s.DefaultListableBeanFactory - Returning cached instance of singleton bean 'httpRequestHandlerAdapter'
21:23:39.015 [Test worker] DEBUG o.s.b.f.s.DefaultListableBeanFactory - Returning cached instance of singleton bean 'handlerExceptionResolver'
21:23:39.016 [Test worker] DEBUG o.s.b.f.s.DefaultListableBeanFactory - Creating instance of bean 'org.springframework.web.servlet.view.DefaultRequestToViewNameTranslator'
21:23:39.016 [Test worker] DEBUG o.s.b.f.s.DefaultListableBeanFactory - Finished creating instance of bean 'org.springframework.web.servlet.view.DefaultRequestToViewNameTranslator'
21:23:39.016 [Test worker] DEBUG o.s.t.w.s.TestDispatcherServlet - Unable to locate RequestToViewNameTranslator with name 'viewNameTranslator': using default [org.springframework.web.servlet.view.DefaultRequestToViewNameTranslator@101736cd]
21:23:39.016 [Test worker] DEBUG o.s.b.f.s.DefaultListableBeanFactory - Returning cached instance of singleton bean 'mvcViewResolver'
21:23:39.016 [Test worker] DEBUG o.s.b.f.s.DefaultListableBeanFactory - Returning cached instance of singleton bean 'viewResolver'
21:23:39.016 [Test worker] DEBUG o.s.b.f.s.DefaultListableBeanFactory - Creating instance of bean 'org.springframework.web.servlet.support.SessionFlashMapManager'
21:23:39.016 [Test worker] DEBUG o.s.b.f.s.DefaultListableBeanFactory - Finished creating instance of bean 'org.springframework.web.servlet.support.SessionFlashMapManager'
21:23:39.016 [Test worker] DEBUG o.s.t.w.s.TestDispatcherServlet - Unable to locate FlashMapManager with name 'flashMapManager': using default [org.springframework.web.servlet.support.SessionFlashMapManager@69b4cdaf]
21:23:39.016 [Test worker] DEBUG o.s.t.w.s.TestDispatcherServlet - Published WebApplicationContext of servlet '' as ServletContext attribute with name [org.springframework.web.servlet.FrameworkServlet.CONTEXT.]
21:23:39.016 [Test worker] INFO  o.s.t.w.s.TestDispatcherServlet - FrameworkServlet '': initialization completed in 2 ms
21:23:39.016 [Test worker] DEBUG o.s.t.w.s.TestDispatcherServlet - Servlet '' configured successfully
21:23:39.017 [Test worker] DEBUG o.s.b.f.s.DefaultListableBeanFactory - Returning cached instance of singleton bean 'springSecurityFilterChain'
21:23:39.017 [Test worker] DEBUG o.s.test.util.ReflectionTestUtils - Invoking method 'getFilters' on target object [FilterChainProxy[Filter Chains: [[ org.springframework.security.web.util.matcher.AnyRequestMatcher@1, [org.springframework.security.web.context.request.async.WebAsyncManagerIntegrationFilter@3831309b, org.springframework.security.web.context.SecurityContextPersistenceFilter@4dd05ea8, org.springframework.security.web.header.HeaderWriterFilter@229691df, org.springframework.security.web.csrf.CsrfFilter@50007666, org.springframework.security.web.authentication.logout.LogoutFilter@35c323cf, org.springframework.security.web.authentication.UsernamePasswordAuthenticationFilter@20303e8e, org.springframework.security.web.authentication.ui.DefaultLoginPageGeneratingFilter@4db5d11, org.springframework.security.web.authentication.www.BasicAuthenticationFilter@f2fa866, org.springframework.security.web.savedrequest.RequestCacheAwareFilter@574bcc4b, org.springframework.security.web.servletapi.SecurityContextHolderAwareRequestFilter@5681ac1f, org.springframework.security.web.authentication.AnonymousAuthenticationFilter@3b307211, org.springframework.security.web.session.SessionManagementFilter@5ee31201, org.springframework.security.web.access.ExceptionTranslationFilter@f1eacd8, org.springframework.security.web.access.intercept.FilterSecurityInterceptor@4068f181]]]]] with arguments {org.springframework.mock.web.MockHttpServletRequest@2827d341}
21:23:39.017 [Test worker] DEBUG o.s.test.util.ReflectionTestUtils - Getting field 'repo' from target object [org.springframework.security.web.context.SecurityContextPersistenceFilter@4dd05ea8] or target class [class org.springframework.security.web.context.SecurityContextPersistenceFilter]
21:23:39.017 [Test worker] DEBUG o.s.s.w.c.HttpSessionSecurityContextRepository - No HttpSession currently exists
21:23:39.017 [Test worker] DEBUG o.s.s.w.c.HttpSessionSecurityContextRepository - No SecurityContext was available from the HttpSession: null. A new one will be created.
21:23:39.017 [Test worker] DEBUG o.s.s.w.c.HttpSessionSecurityContextRepository - HttpSession being created as SecurityContext is non-default
21:23:39.017 [Test worker] DEBUG o.s.s.w.c.HttpSessionSecurityContextRepository - SecurityContext 'org.springframework.security.core.context.SecurityContextImpl@ca25360: Authentication: org.springframework.security.authentication.UsernamePasswordAuthenticationToken@ca25360: Principal: org.springframework.security.core.userdetails.User@36ebcb: Username: user; Password: [PROTECTED]; Enabled: true; AccountNonExpired: true; credentialsNonExpired: true; AccountNonLocked: true; Granted Authorities: ROLE_USER; Credentials: [PROTECTED]; Authenticated: true; Details: null; Granted Authorities: ROLE_USER' stored to HttpSession: 'org.springframework.mock.web.MockHttpSession@48447a84
21:23:39.017 [Test worker] DEBUG o.s.security.web.FilterChainProxy - /logout at position 1 of 14 in additional filter chain; firing Filter: 'WebAsyncManagerIntegrationFilter'
21:23:39.017 [Test worker] DEBUG o.s.security.web.FilterChainProxy - /logout at position 2 of 14 in additional filter chain; firing Filter: 'SecurityContextPersistenceFilter'
21:23:39.018 [Test worker] DEBUG o.s.s.w.c.HttpSessionSecurityContextRepository - Obtained a valid SecurityContext from SPRING_SECURITY_CONTEXT: 'org.springframework.security.core.context.SecurityContextImpl@ca25360: Authentication: org.springframework.security.authentication.UsernamePasswordAuthenticationToken@ca25360: Principal: org.springframework.security.core.userdetails.User@36ebcb: Username: user; Password: [PROTECTED]; Enabled: true; AccountNonExpired: true; credentialsNonExpired: true; AccountNonLocked: true; Granted Authorities: ROLE_USER; Credentials: [PROTECTED]; Authenticated: true; Details: null; Granted Authorities: ROLE_USER'
21:23:39.018 [Test worker] DEBUG o.s.security.web.FilterChainProxy - /logout at position 3 of 14 in additional filter chain; firing Filter: 'HeaderWriterFilter'
21:23:39.018 [Test worker] DEBUG o.s.s.w.h.writers.HstsHeaderWriter - Not injecting HSTS header since it did not match the requestMatcher org.springframework.security.web.header.writers.HstsHeaderWriter$SecureRequestMatcher@56aebca5
21:23:39.018 [Test worker] DEBUG o.s.security.web.FilterChainProxy - /logout at position 4 of 14 in additional filter chain; firing Filter: 'CsrfFilter'
21:23:39.018 [Test worker] DEBUG o.s.security.web.csrf.CsrfFilter - Invalid CSRF token found for http://localhost/logout
21:23:39.018 [Test worker] DEBUG o.s.s.w.c.SecurityContextPersistenceFilter - SecurityContextHolder now cleared, as request processing completed
21:23:39.019 [Test worker] DEBUG o.s.t.c.s.AbstractDirtiesContextTestExecutionListener - After test method: context [DefaultTestContext@146fbd8 testClass = SecurityConfigTests, testInstance = org.springframework.security.samples.config.SecurityConfigTests@617e70fc, testMethod = logoutRequiresCsrfToken@SecurityConfigTests, testException = [null], mergedContextConfiguration = [WebMergedContextConfiguration@1aa0e92b testClass = SecurityConfigTests, locations = '{}', classes = '{class org.springframework.security.samples.config.RootConfiguration, class org.springframework.security.samples.mvc.config.WebMvcConfiguration}', contextInitializerClasses = '[]', activeProfiles = '{}', propertySourceLocations = '{}', propertySourceProperties = '{}', contextCustomizers = set[[empty]], resourceBasePath = 'src/main/webapp', contextLoader = 'org.springframework.test.context.web.WebDelegatingSmartContextLoader', parent = [null]]], class annotated with @DirtiesContext [false] with mode [null], method annotated with @DirtiesContext [false] with mode [null].
21:23:39.019 [Test worker] DEBUG o.s.t.c.w.ServletTestExecutionListener - Resetting RequestContextHolder for test context [DefaultTestContext@146fbd8 testClass = SecurityConfigTests, testInstance = org.springframework.security.samples.config.SecurityConfigTests@617e70fc, testMethod = logoutRequiresCsrfToken@SecurityConfigTests, testException = [null], mergedContextConfiguration = [WebMergedContextConfiguration@1aa0e92b testClass = SecurityConfigTests, locations = '{}', classes = '{class org.springframework.security.samples.config.RootConfiguration, class org.springframework.security.samples.mvc.config.WebMvcConfiguration}', contextInitializerClasses = '[]', activeProfiles = '{}', propertySourceLocations = '{}', propertySourceProperties = '{}', contextCustomizers = set[[empty]], resourceBasePath = 'src/main/webapp', contextLoader = 'org.springframework.test.context.web.WebDelegatingSmartContextLoader', parent = [null]]].
21:23:39.019 [Test worker] DEBUG o.s.t.annotation.ProfileValueUtils - Retrieved @ProfileValueSourceConfiguration [null] for test class [org.springframework.security.samples.config.SecurityConfigTests]
21:23:39.019 [Test worker] DEBUG o.s.t.annotation.ProfileValueUtils - Retrieved ProfileValueSource type [class org.springframework.test.annotation.SystemProfileValueSource] for class [org.springframework.security.samples.config.SecurityConfigTests]
21:23:39.019 [Test worker] DEBUG o.s.t.c.c.DefaultCacheAwareContextLoaderDelegate - Retrieved ApplicationContext from cache with key [[WebMergedContextConfiguration@1aa0e92b testClass = SecurityConfigTests, locations = '{}', classes = '{class org.springframework.security.samples.config.RootConfiguration, class org.springframework.security.samples.mvc.config.WebMvcConfiguration}', contextInitializerClasses = '[]', activeProfiles = '{}', propertySourceLocations = '{}', propertySourceProperties = '{}', contextCustomizers = set[[empty]], resourceBasePath = 'src/main/webapp', contextLoader = 'org.springframework.test.context.web.WebDelegatingSmartContextLoader', parent = [null]]]
21:23:39.019 [Test worker] DEBUG o.springframework.test.context.cache - Spring test ApplicationContext cache statistics: [DefaultContextCache@e6081b size = 1, maxSize = 32, parentContextCount = 0, hitCount = 19, missCount = 1]
21:23:39.020 [Test worker] DEBUG o.s.t.c.w.ServletTestExecutionListener - Setting up MockHttpServletRequest, MockHttpServletResponse, ServletWebRequest, and RequestContextHolder for test context [DefaultTestContext@146fbd8 testClass = SecurityConfigTests, testInstance = org.springframework.security.samples.config.SecurityConfigTests@61cc9c1f, testMethod = [null], testException = [null], mergedContextConfiguration = [WebMergedContextConfiguration@1aa0e92b testClass = SecurityConfigTests, locations = '{}', classes = '{class org.springframework.security.samples.config.RootConfiguration, class org.springframework.security.samples.mvc.config.WebMvcConfiguration}', contextInitializerClasses = '[]', activeProfiles = '{}', propertySourceLocations = '{}', propertySourceProperties = '{}', contextCustomizers = set[[empty]], resourceBasePath = 'src/main/webapp', contextLoader = 'org.springframework.test.context.web.WebDelegatingSmartContextLoader', parent = [null]]].
21:23:39.020 [Test worker] DEBUG o.s.t.c.s.DependencyInjectionTestExecutionListener - Performing dependency injection for test context [[DefaultTestContext@146fbd8 testClass = SecurityConfigTests, testInstance = org.springframework.security.samples.config.SecurityConfigTests@61cc9c1f, testMethod = [null], testException = [null], mergedContextConfiguration = [WebMergedContextConfiguration@1aa0e92b testClass = SecurityConfigTests, locations = '{}', classes = '{class org.springframework.security.samples.config.RootConfiguration, class org.springframework.security.samples.mvc.config.WebMvcConfiguration}', contextInitializerClasses = '[]', activeProfiles = '{}', propertySourceLocations = '{}', propertySourceProperties = '{}', contextCustomizers = set[[empty]], resourceBasePath = 'src/main/webapp', contextLoader = 'org.springframework.test.context.web.WebDelegatingSmartContextLoader', parent = [null]]]].
21:23:39.020 [Test worker] DEBUG o.s.t.c.c.DefaultCacheAwareContextLoaderDelegate - Retrieved ApplicationContext from cache with key [[WebMergedContextConfiguration@1aa0e92b testClass = SecurityConfigTests, locations = '{}', classes = '{class org.springframework.security.samples.config.RootConfiguration, class org.springframework.security.samples.mvc.config.WebMvcConfiguration}', contextInitializerClasses = '[]', activeProfiles = '{}', propertySourceLocations = '{}', propertySourceProperties = '{}', contextCustomizers = set[[empty]], resourceBasePath = 'src/main/webapp', contextLoader = 'org.springframework.test.context.web.WebDelegatingSmartContextLoader', parent = [null]]]
21:23:39.020 [Test worker] DEBUG o.springframework.test.context.cache - Spring test ApplicationContext cache statistics: [DefaultContextCache@e6081b size = 1, maxSize = 32, parentContextCount = 0, hitCount = 20, missCount = 1]
21:23:39.020 [Test worker] DEBUG o.s.b.f.annotation.InjectionMetadata - Processing injected element of bean 'org.springframework.security.samples.config.SecurityConfigTests': AutowiredFieldElement for private org.springframework.web.context.WebApplicationContext org.springframework.security.samples.config.SecurityConfigTests.context
21:23:39.020 [Test worker] DEBUG o.s.b.f.annotation.InjectionMetadata - Processing injected element of bean 'org.springframework.security.samples.config.SecurityConfigTests': AutowiredFieldElement for private javax.servlet.Filter org.springframework.security.samples.config.SecurityConfigTests.springSecurityFilterChain
21:23:39.020 [Test worker] DEBUG o.s.b.f.s.DefaultListableBeanFactory - Returning cached instance of singleton bean 'springSecurityFilterChain'
21:23:39.021 [Test worker] DEBUG o.s.t.w.s.TestDispatcherServlet - Initializing servlet ''
21:23:39.021 [Test worker] DEBUG o.s.w.c.s.StandardServletEnvironment - Adding [servletConfigInitParams] PropertySource with lowest search precedence
21:23:39.021 [Test worker] DEBUG o.s.w.c.s.StandardServletEnvironment - Adding [servletContextInitParams] PropertySource with lowest search precedence
21:23:39.021 [Test worker] DEBUG o.s.w.c.s.StandardServletEnvironment - Adding [systemProperties] PropertySource with lowest search precedence
21:23:39.021 [Test worker] DEBUG o.s.w.c.s.StandardServletEnvironment - Adding [systemEnvironment] PropertySource with lowest search precedence
21:23:39.022 [Test worker] DEBUG o.s.w.c.s.StandardServletEnvironment - Initialized StandardServletEnvironment with PropertySources [servletConfigInitParams,servletContextInitParams,systemProperties,systemEnvironment]
21:23:39.022 [Test worker] INFO  o.s.mock.web.MockServletContext - Initializing Spring FrameworkServlet ''
21:23:39.022 [Test worker] INFO  o.s.t.w.s.TestDispatcherServlet - FrameworkServlet '': initialization started
21:23:39.022 [Test worker] DEBUG o.s.t.w.s.TestDispatcherServlet - Unable to locate MultipartResolver with name 'multipartResolver': no multipart request handling provided
21:23:39.022 [Test worker] DEBUG o.s.b.f.s.DefaultListableBeanFactory - Creating instance of bean 'org.springframework.web.servlet.i18n.AcceptHeaderLocaleResolver'
21:23:39.022 [Test worker] DEBUG o.s.b.f.s.DefaultListableBeanFactory - Finished creating instance of bean 'org.springframework.web.servlet.i18n.AcceptHeaderLocaleResolver'
21:23:39.022 [Test worker] DEBUG o.s.t.w.s.TestDispatcherServlet - Unable to locate LocaleResolver with name 'localeResolver': using default [org.springframework.web.servlet.i18n.AcceptHeaderLocaleResolver@38f19f6d]
21:23:39.022 [Test worker] DEBUG o.s.b.f.s.DefaultListableBeanFactory - Creating instance of bean 'org.springframework.web.servlet.theme.FixedThemeResolver'
21:23:39.022 [Test worker] DEBUG o.s.b.f.s.DefaultListableBeanFactory - Finished creating instance of bean 'org.springframework.web.servlet.theme.FixedThemeResolver'
21:23:39.022 [Test worker] DEBUG o.s.t.w.s.TestDispatcherServlet - Unable to locate ThemeResolver with name 'themeResolver': using default [org.springframework.web.servlet.theme.FixedThemeResolver@538a42ad]
21:23:39.023 [Test worker] DEBUG o.s.b.f.s.DefaultListableBeanFactory - Returning cached instance of singleton bean 'resourceHandlerMapping'
21:23:39.023 [Test worker] DEBUG o.s.b.f.s.DefaultListableBeanFactory - Returning cached instance of singleton bean 'beanNameHandlerMapping'
21:23:39.023 [Test worker] DEBUG o.s.b.f.s.DefaultListableBeanFactory - Returning cached instance of singleton bean 'requestMappingHandlerMapping'
21:23:39.023 [Test worker] DEBUG o.s.b.f.s.DefaultListableBeanFactory - Returning cached instance of singleton bean 'defaultServletHandlerMapping'
21:23:39.023 [Test worker] DEBUG o.s.b.f.s.DefaultListableBeanFactory - Returning cached instance of singleton bean 'viewControllerHandlerMapping'
21:23:39.023 [Test worker] DEBUG o.s.b.f.s.DefaultListableBeanFactory - Returning cached instance of singleton bean 'requestMappingHandlerAdapter'
21:23:39.023 [Test worker] DEBUG o.s.b.f.s.DefaultListableBeanFactory - Returning cached instance of singleton bean 'simpleControllerHandlerAdapter'
21:23:39.023 [Test worker] DEBUG o.s.b.f.s.DefaultListableBeanFactory - Returning cached instance of singleton bean 'httpRequestHandlerAdapter'
21:23:39.024 [Test worker] DEBUG o.s.b.f.s.DefaultListableBeanFactory - Returning cached instance of singleton bean 'handlerExceptionResolver'
21:23:39.024 [Test worker] DEBUG o.s.b.f.s.DefaultListableBeanFactory - Creating instance of bean 'org.springframework.web.servlet.view.DefaultRequestToViewNameTranslator'
21:23:39.024 [Test worker] DEBUG o.s.b.f.s.DefaultListableBeanFactory - Finished creating instance of bean 'org.springframework.web.servlet.view.DefaultRequestToViewNameTranslator'
21:23:39.024 [Test worker] DEBUG o.s.t.w.s.TestDispatcherServlet - Unable to locate RequestToViewNameTranslator with name 'viewNameTranslator': using default [org.springframework.web.servlet.view.DefaultRequestToViewNameTranslator@562300a7]
21:23:39.024 [Test worker] DEBUG o.s.b.f.s.DefaultListableBeanFactory - Returning cached instance of singleton bean 'mvcViewResolver'
21:23:39.024 [Test worker] DEBUG o.s.b.f.s.DefaultListableBeanFactory - Returning cached instance of singleton bean 'viewResolver'
21:23:39.024 [Test worker] DEBUG o.s.b.f.s.DefaultListableBeanFactory - Creating instance of bean 'org.springframework.web.servlet.support.SessionFlashMapManager'
21:23:39.024 [Test worker] DEBUG o.s.b.f.s.DefaultListableBeanFactory - Finished creating instance of bean 'org.springframework.web.servlet.support.SessionFlashMapManager'
21:23:39.024 [Test worker] DEBUG o.s.t.w.s.TestDispatcherServlet - Unable to locate FlashMapManager with name 'flashMapManager': using default [org.springframework.web.servlet.support.SessionFlashMapManager@2f612d53]
21:23:39.024 [Test worker] DEBUG o.s.t.w.s.TestDispatcherServlet - Published WebApplicationContext of servlet '' as ServletContext attribute with name [org.springframework.web.servlet.FrameworkServlet.CONTEXT.]
21:23:39.024 [Test worker] INFO  o.s.t.w.s.TestDispatcherServlet - FrameworkServlet '': initialization completed in 2 ms
21:23:39.024 [Test worker] DEBUG o.s.t.w.s.TestDispatcherServlet - Servlet '' configured successfully
21:23:39.025 [Test worker] DEBUG o.s.b.f.s.DefaultListableBeanFactory - Returning cached instance of singleton bean 'springSecurityFilterChain'
21:23:39.025 [Test worker] DEBUG o.s.test.util.ReflectionTestUtils - Invoking method 'getFilters' on target object [FilterChainProxy[Filter Chains: [[ org.springframework.security.web.util.matcher.AnyRequestMatcher@1, [org.springframework.security.web.context.request.async.WebAsyncManagerIntegrationFilter@3831309b, org.springframework.security.web.context.SecurityContextPersistenceFilter@4dd05ea8, org.springframework.security.web.header.HeaderWriterFilter@229691df, org.springframework.security.web.csrf.CsrfFilter@50007666, org.springframework.security.web.authentication.logout.LogoutFilter@35c323cf, org.springframework.security.web.authentication.UsernamePasswordAuthenticationFilter@20303e8e, org.springframework.security.web.authentication.ui.DefaultLoginPageGeneratingFilter@4db5d11, org.springframework.security.web.authentication.www.BasicAuthenticationFilter@f2fa866, org.springframework.security.web.savedrequest.RequestCacheAwareFilter@574bcc4b, org.springframework.security.web.servletapi.SecurityContextHolderAwareRequestFilter@5681ac1f, org.springframework.security.web.authentication.AnonymousAuthenticationFilter@3b307211, org.springframework.security.web.session.SessionManagementFilter@5ee31201, org.springframework.security.web.access.ExceptionTranslationFilter@f1eacd8, org.springframework.security.web.access.intercept.FilterSecurityInterceptor@4068f181]]]]] with arguments {org.springframework.mock.web.MockHttpServletRequest@1b5fc525}
21:23:39.025 [Test worker] DEBUG o.s.test.util.ReflectionTestUtils - Getting field 'tokenRepository' from target object [org.springframework.security.web.csrf.CsrfFilter@50007666] or target class [class org.springframework.security.web.csrf.CsrfFilter]
21:23:39.025 [Test worker] DEBUG o.s.security.web.FilterChainProxy - /login at position 1 of 14 in additional filter chain; firing Filter: 'WebAsyncManagerIntegrationFilter'
21:23:39.025 [Test worker] DEBUG o.s.security.web.FilterChainProxy - /login at position 2 of 14 in additional filter chain; firing Filter: 'SecurityContextPersistenceFilter'
21:23:39.025 [Test worker] DEBUG o.s.s.w.c.HttpSessionSecurityContextRepository - No HttpSession currently exists
21:23:39.026 [Test worker] DEBUG o.s.s.w.c.HttpSessionSecurityContextRepository - No SecurityContext was available from the HttpSession: null. A new one will be created.
21:23:39.026 [Test worker] DEBUG o.s.security.web.FilterChainProxy - /login at position 3 of 14 in additional filter chain; firing Filter: 'HeaderWriterFilter'
21:23:39.026 [Test worker] DEBUG o.s.s.w.h.writers.HstsHeaderWriter - Not injecting HSTS header since it did not match the requestMatcher org.springframework.security.web.header.writers.HstsHeaderWriter$SecureRequestMatcher@56aebca5
21:23:39.026 [Test worker] DEBUG o.s.security.web.FilterChainProxy - /login at position 4 of 14 in additional filter chain; firing Filter: 'CsrfFilter'
21:23:39.026 [Test worker] DEBUG o.s.security.web.FilterChainProxy - /login at position 5 of 14 in additional filter chain; firing Filter: 'LogoutFilter'
21:23:39.026 [Test worker] DEBUG o.s.s.w.u.m.AntPathRequestMatcher - Checking match of request : '/login'; against '/logout'
21:23:39.026 [Test worker] DEBUG o.s.security.web.FilterChainProxy - /login at position 6 of 14 in additional filter chain; firing Filter: 'UsernamePasswordAuthenticationFilter'
21:23:39.026 [Test worker] DEBUG o.s.s.w.u.m.AntPathRequestMatcher - Checking match of request : '/login'; against '/login'
21:23:39.026 [Test worker] DEBUG o.s.s.w.a.UsernamePasswordAuthenticationFilter - Request is to process authentication
21:23:39.026 [Test worker] DEBUG o.s.s.authentication.ProviderManager - Authentication attempt using org.springframework.security.authentication.dao.DaoAuthenticationProvider
21:23:39.026 [Test worker] DEBUG o.s.s.w.a.s.CompositeSessionAuthenticationStrategy - Delegating to org.springframework.security.web.authentication.session.SessionFixationProtectionStrategy@2d3a0699
21:23:39.026 [Test worker] DEBUG o.s.s.w.a.s.CompositeSessionAuthenticationStrategy - Delegating to org.springframework.security.web.csrf.CsrfAuthenticationStrategy@1ac163c9
21:23:39.026 [Test worker] DEBUG o.s.s.w.a.UsernamePasswordAuthenticationFilter - Authentication success. Updating SecurityContextHolder to contain: org.springframework.security.authentication.UsernamePasswordAuthenticationToken@442b7c85: Principal: org.springframework.security.core.userdetails.User@36ebcb: Username: user; Password: [PROTECTED]; Enabled: true; AccountNonExpired: true; credentialsNonExpired: true; AccountNonLocked: true; Granted Authorities: ROLE_USER; Credentials: [PROTECTED]; Authenticated: true; Details: org.springframework.security.web.authentication.WebAuthenticationDetails@957e: RemoteIpAddress: 127.0.0.1; SessionId: null; Granted Authorities: ROLE_USER
21:23:39.027 [Test worker] DEBUG o.s.b.f.s.DefaultListableBeanFactory - Returning cached instance of singleton bean 'delegatingApplicationListener'
21:23:39.027 [Test worker] DEBUG o.s.s.w.a.SavedRequestAwareAuthenticationSuccessHandler - Using default Url: /
21:23:39.027 [Test worker] DEBUG o.s.s.web.DefaultRedirectStrategy - Redirecting to '/'
21:23:39.027 [Test worker] DEBUG o.s.s.w.c.HttpSessionSecurityContextRepository - HttpSession being created as SecurityContext is non-default
21:23:39.027 [Test worker] DEBUG o.s.s.w.c.HttpSessionSecurityContextRepository - SecurityContext 'org.springframework.security.core.context.SecurityContextImpl@442b7c85: Authentication: org.springframework.security.authentication.UsernamePasswordAuthenticationToken@442b7c85: Principal: org.springframework.security.core.userdetails.User@36ebcb: Username: user; Password: [PROTECTED]; Enabled: true; AccountNonExpired: true; credentialsNonExpired: true; AccountNonLocked: true; Granted Authorities: ROLE_USER; Credentials: [PROTECTED]; Authenticated: true; Details: org.springframework.security.web.authentication.WebAuthenticationDetails@957e: RemoteIpAddress: 127.0.0.1; SessionId: null; Granted Authorities: ROLE_USER' stored to HttpSession: 'org.springframework.mock.web.MockHttpSession@17975ff5
21:23:39.027 [Test worker] DEBUG o.s.s.w.c.SecurityContextPersistenceFilter - SecurityContextHolder now cleared, as request processing completed
21:23:39.027 [Test worker] DEBUG o.s.t.c.s.AbstractDirtiesContextTestExecutionListener - After test method: context [DefaultTestContext@146fbd8 testClass = SecurityConfigTests, testInstance = org.springframework.security.samples.config.SecurityConfigTests@61cc9c1f, testMethod = loginSuccess@SecurityConfigTests, testException = [null], mergedContextConfiguration = [WebMergedContextConfiguration@1aa0e92b testClass = SecurityConfigTests, locations = '{}', classes = '{class org.springframework.security.samples.config.RootConfiguration, class org.springframework.security.samples.mvc.config.WebMvcConfiguration}', contextInitializerClasses = '[]', activeProfiles = '{}', propertySourceLocations = '{}', propertySourceProperties = '{}', contextCustomizers = set[[empty]], resourceBasePath = 'src/main/webapp', contextLoader = 'org.springframework.test.context.web.WebDelegatingSmartContextLoader', parent = [null]]], class annotated with @DirtiesContext [false] with mode [null], method annotated with @DirtiesContext [false] with mode [null].
21:23:39.027 [Test worker] DEBUG o.s.t.c.w.ServletTestExecutionListener - Resetting RequestContextHolder for test context [DefaultTestContext@146fbd8 testClass = SecurityConfigTests, testInstance = org.springframework.security.samples.config.SecurityConfigTests@61cc9c1f, testMethod = loginSuccess@SecurityConfigTests, testException = [null], mergedContextConfiguration = [WebMergedContextConfiguration@1aa0e92b testClass = SecurityConfigTests, locations = '{}', classes = '{class org.springframework.security.samples.config.RootConfiguration, class org.springframework.security.samples.mvc.config.WebMvcConfiguration}', contextInitializerClasses = '[]', activeProfiles = '{}', propertySourceLocations = '{}', propertySourceProperties = '{}', contextCustomizers = set[[empty]], resourceBasePath = 'src/main/webapp', contextLoader = 'org.springframework.test.context.web.WebDelegatingSmartContextLoader', parent = [null]]].
21:23:39.028 [Test worker] DEBUG o.s.t.c.s.AbstractDirtiesContextTestExecutionListener - After test class: context [DefaultTestContext@146fbd8 testClass = SecurityConfigTests, testInstance = [null], testMethod = [null], testException = [null], mergedContextConfiguration = [WebMergedContextConfiguration@1aa0e92b testClass = SecurityConfigTests, locations = '{}', classes = '{class org.springframework.security.samples.config.RootConfiguration, class org.springframework.security.samples.mvc.config.WebMvcConfiguration}', contextInitializerClasses = '[]', activeProfiles = '{}', propertySourceLocations = '{}', propertySourceProperties = '{}', contextCustomizers = set[[empty]], resourceBasePath = 'src/main/webapp', contextLoader = 'org.springframework.test.context.web.WebDelegatingSmartContextLoader', parent = [null]]], class annotated with @DirtiesContext [false] with mode [null].
]]></system-out>
  <system-err><![CDATA[]]></system-err>
</testsuite>
